<?xml version="1.0" encoding="UTF-8"?>
<coverage generated="1765068015741" clover="3.2.0">
  <project timestamp="1765068015742" name="All files">
    <metrics statements="1525" coveredstatements="585" conditionals="1002" coveredconditionals="252" methods="530" coveredmethods="124" elements="3057" coveredelements="961" complexity="0" loc="1525" ncloc="1525" packages="15" files="55" classes="55"/>
    <package name="src">
      <metrics statements="2" coveredstatements="2" conditionals="2" coveredconditionals="1" methods="0" coveredmethods="0"/>
      <file name="env.ts" path="/Users/thomasbcox/Projects/thomas-writing-assistant/src/env.ts">
        <metrics statements="2" coveredstatements="2" conditionals="2" coveredconditionals="1" methods="0" coveredmethods="0"/>
        <line num="3" count="17" type="stmt"/>
        <line num="12" count="17" type="stmt"/>
      </file>
    </package>
    <package name="src.app">
      <metrics statements="8" coveredstatements="0" conditionals="16" coveredconditionals="0" methods="5" coveredmethods="0"/>
      <file name="layout.tsx" path="/Users/thomasbcox/Projects/thomas-writing-assistant/src/app/layout.tsx">
        <metrics statements="2" coveredstatements="0" conditionals="0" coveredconditionals="0" methods="1" coveredmethods="0"/>
        <line num="4" count="0" type="stmt"/>
        <line num="15" count="0" type="stmt"/>
      </file>
      <file name="page.tsx" path="/Users/thomasbcox/Projects/thomas-writing-assistant/src/app/page.tsx">
        <metrics statements="6" coveredstatements="0" conditionals="16" coveredconditionals="0" methods="4" coveredmethods="0"/>
        <line num="16" count="0" type="stmt"/>
        <line num="18" count="0" type="stmt"/>
        <line num="28" count="0" type="stmt"/>
        <line num="42" count="0" type="stmt"/>
        <line num="45" count="0" type="stmt"/>
        <line num="60" count="0" type="stmt"/>
      </file>
    </package>
    <package name="src.app.api.trpc.[trpc]">
      <metrics statements="4" coveredstatements="0" conditionals="4" coveredconditionals="0" methods="3" coveredmethods="0"/>
      <file name="route.ts" path="/Users/thomasbcox/Projects/thomas-writing-assistant/src/app/api/trpc/[trpc]/route.ts">
        <metrics statements="4" coveredstatements="0" conditionals="4" coveredconditionals="0" methods="3" coveredmethods="0"/>
        <line num="8" count="0" type="stmt"/>
        <line num="9" count="0" type="stmt"/>
        <line num="13" count="0" type="stmt"/>
        <line num="16" count="0" type="stmt"/>
      </file>
    </package>
    <package name="src.components">
      <metrics statements="712" coveredstatements="13" conditionals="511" coveredconditionals="16" methods="327" coveredmethods="7"/>
      <file name="AnchorEditor.tsx" path="/Users/thomasbcox/Projects/thomas-writing-assistant/src/components/AnchorEditor.tsx">
        <metrics statements="44" coveredstatements="0" conditionals="16" coveredconditionals="0" methods="23" coveredmethods="0"/>
        <line num="14" count="0" type="stmt"/>
        <line num="15" count="0" type="stmt"/>
        <line num="16" count="0" type="stmt"/>
        <line num="17" count="0" type="stmt"/>
        <line num="19" count="0" type="stmt"/>
        <line num="21" count="0" type="stmt"/>
        <line num="22" count="0" type="stmt"/>
        <line num="26" count="0" type="stmt"/>
        <line num="34" count="0" type="stmt"/>
        <line num="35" count="0" type="cond" truecount="0" falsecount="2"/>
        <line num="36" count="0" type="stmt"/>
        <line num="46" count="0" type="stmt"/>
        <line num="47" count="0" type="stmt"/>
        <line num="48" count="0" type="stmt"/>
        <line num="54" count="0" type="stmt"/>
        <line num="55" count="0" type="stmt"/>
        <line num="61" count="0" type="stmt"/>
        <line num="62" count="0" type="stmt"/>
        <line num="64" count="0" type="stmt"/>
        <line num="68" count="0" type="stmt"/>
        <line num="69" count="0" type="stmt"/>
        <line num="70" count="0" type="stmt"/>
        <line num="71" count="0" type="stmt"/>
        <line num="74" count="0" type="stmt"/>
        <line num="75" count="0" type="stmt"/>
        <line num="81" count="0" type="stmt"/>
        <line num="82" count="0" type="stmt"/>
        <line num="84" count="0" type="stmt"/>
        <line num="88" count="0" type="stmt"/>
        <line num="89" count="0" type="stmt"/>
        <line num="90" count="0" type="stmt"/>
        <line num="91" count="0" type="stmt"/>
        <line num="94" count="0" type="cond" truecount="0" falsecount="2"/>
        <line num="95" count="0" type="stmt"/>
        <line num="98" count="0" type="stmt"/>
        <line num="112" count="0" type="stmt"/>
        <line num="126" count="0" type="stmt"/>
        <line num="148" count="0" type="stmt"/>
        <line num="152" count="0" type="stmt"/>
        <line num="158" count="0" type="stmt"/>
        <line num="186" count="0" type="stmt"/>
        <line num="190" count="0" type="stmt"/>
        <line num="196" count="0" type="stmt"/>
        <line num="216" count="0" type="stmt"/>
      </file>
      <file name="CapsulesTab.tsx" path="/Users/thomasbcox/Projects/thomas-writing-assistant/src/components/CapsulesTab.tsx">
        <metrics statements="190" coveredstatements="0" conditionals="119" coveredconditionals="0" methods="87" coveredmethods="0"/>
        <line num="18" count="0" type="stmt"/>
        <line num="19" count="0" type="stmt"/>
        <line num="21" count="0" type="stmt"/>
        <line num="22" count="0" type="stmt"/>
        <line num="23" count="0" type="stmt"/>
        <line num="26" count="0" type="stmt"/>
        <line num="27" count="0" type="stmt"/>
        <line num="30" count="0" type="stmt"/>
        <line num="32" count="0" type="stmt"/>
        <line num="36" count="0" type="stmt"/>
        <line num="38" count="0" type="stmt"/>
        <line num="39" count="0" type="stmt"/>
        <line num="40" count="0" type="stmt"/>
        <line num="41" count="0" type="stmt"/>
        <line num="45" count="0" type="stmt"/>
        <line num="52" count="0" type="stmt"/>
        <line num="53" count="0" type="stmt"/>
        <line num="54" count="0" type="stmt"/>
        <line num="55" count="0" type="stmt"/>
        <line num="60" count="0" type="stmt"/>
        <line num="74" count="0" type="stmt"/>
        <line num="75" count="0" type="stmt"/>
        <line num="76" count="0" type="stmt"/>
        <line num="77" count="0" type="stmt"/>
        <line num="78" count="0" type="stmt"/>
        <line num="79" count="0" type="stmt"/>
        <line num="92" count="0" type="stmt"/>
        <line num="94" count="0" type="stmt"/>
        <line num="95" count="0" type="stmt"/>
        <line num="96" count="0" type="stmt"/>
        <line num="99" count="0" type="cond" truecount="0" falsecount="2"/>
        <line num="103" count="0" type="stmt"/>
        <line num="105" count="0" type="stmt"/>
        <line num="106" count="0" type="stmt"/>
        <line num="107" count="0" type="stmt"/>
        <line num="110" count="0" type="cond" truecount="0" falsecount="2"/>
        <line num="114" count="0" type="stmt"/>
        <line num="116" count="0" type="stmt"/>
        <line num="117" count="0" type="stmt"/>
        <line num="118" count="0" type="stmt"/>
        <line num="121" count="0" type="cond" truecount="0" falsecount="2"/>
        <line num="125" count="0" type="stmt"/>
        <line num="127" count="0" type="stmt"/>
        <line num="128" count="0" type="stmt"/>
        <line num="129" count="0" type="stmt"/>
        <line num="130" count="0" type="stmt"/>
        <line num="133" count="0" type="cond" truecount="0" falsecount="2"/>
        <line num="137" count="0" type="stmt"/>
        <line num="139" count="0" type="stmt"/>
        <line num="140" count="0" type="stmt"/>
        <line num="143" count="0" type="cond" truecount="0" falsecount="2"/>
        <line num="147" count="0" type="stmt"/>
        <line num="148" count="0" type="stmt"/>
        <line num="149" count="0" type="stmt"/>
        <line num="155" count="0" type="stmt"/>
        <line num="158" count="0" type="stmt"/>
        <line num="159" count="0" type="stmt"/>
        <line num="160" count="0" type="cond" truecount="0" falsecount="4"/>
        <line num="161" count="0" type="stmt"/>
        <line num="162" count="0" type="stmt"/>
        <line num="164" count="0" type="stmt"/>
        <line num="168" count="0" type="stmt"/>
        <line num="169" count="0" type="cond" truecount="0" falsecount="2"/>
        <line num="170" count="0" type="stmt"/>
        <line num="171" count="0" type="stmt"/>
        <line num="174" count="0" type="stmt"/>
        <line num="177" count="0" type="cond" truecount="0" falsecount="2"/>
        <line num="178" count="0" type="cond" truecount="0" falsecount="5"/>
        <line num="179" count="0" type="stmt"/>
        <line num="180" count="0" type="stmt"/>
        <line num="183" count="0" type="stmt"/>
        <line num="185" count="0" type="stmt"/>
        <line num="186" count="0" type="stmt"/>
        <line num="187" count="0" type="stmt"/>
        <line num="196" count="0" type="stmt"/>
        <line num="199" count="0" type="stmt"/>
        <line num="204" count="0" type="stmt"/>
        <line num="206" count="0" type="stmt"/>
        <line num="207" count="0" type="cond" truecount="0" falsecount="2"/>
        <line num="208" count="0" type="stmt"/>
        <line num="211" count="0" type="cond" truecount="0" falsecount="2"/>
        <line num="212" count="0" type="stmt"/>
        <line num="213" count="0" type="stmt"/>
        <line num="217" count="0" type="stmt"/>
        <line num="219" count="0" type="stmt"/>
        <line num="221" count="0" type="stmt"/>
        <line num="222" count="0" type="stmt"/>
        <line num="223" count="0" type="stmt"/>
        <line num="224" count="0" type="stmt"/>
        <line num="226" count="0" type="stmt"/>
        <line num="228" count="0" type="stmt"/>
        <line num="237" count="0" type="stmt"/>
        <line num="246" count="0" type="cond" truecount="0" falsecount="2"/>
        <line num="247" count="0" type="stmt"/>
        <line num="248" count="0" type="stmt"/>
        <line num="252" count="0" type="stmt"/>
        <line num="255" count="0" type="stmt"/>
        <line num="260" count="0" type="stmt"/>
        <line num="262" count="0" type="stmt"/>
        <line num="263" count="0" type="cond" truecount="0" falsecount="2"/>
        <line num="267" count="0" type="stmt"/>
        <line num="282" count="0" type="stmt"/>
        <line num="283" count="0" type="stmt"/>
        <line num="295" count="0" type="stmt"/>
        <line num="296" count="0" type="stmt"/>
        <line num="307" count="0" type="stmt"/>
        <line num="312" count="0" type="stmt"/>
        <line num="328" count="0" type="stmt"/>
        <line num="342" count="0" type="stmt"/>
        <line num="358" count="0" type="stmt"/>
        <line num="419" count="0" type="stmt"/>
        <line num="429" count="0" type="stmt"/>
        <line num="441" count="0" type="stmt"/>
        <line num="474" count="0" type="stmt"/>
        <line num="487" count="0" type="stmt"/>
        <line num="502" count="0" type="stmt"/>
        <line num="515" count="0" type="stmt"/>
        <line num="533" count="0" type="stmt"/>
        <line num="534" count="0" type="stmt"/>
        <line num="547" count="0" type="stmt"/>
        <line num="548" count="0" type="cond" truecount="0" falsecount="2"/>
        <line num="549" count="0" type="stmt"/>
        <line num="550" count="0" type="stmt"/>
        <line num="552" count="0" type="stmt"/>
        <line num="554" count="0" type="stmt"/>
        <line num="568" count="0" type="stmt"/>
        <line num="569" count="0" type="cond" truecount="0" falsecount="2"/>
        <line num="570" count="0" type="cond" truecount="0" falsecount="2"/>
        <line num="572" count="0" type="cond" truecount="0" falsecount="2"/>
        <line num="573" count="0" type="stmt"/>
        <line num="574" count="0" type="stmt"/>
        <line num="579" count="0" type="stmt"/>
        <line num="589" count="0" type="stmt"/>
        <line num="600" count="0" type="cond" truecount="0" falsecount="2"/>
        <line num="606" count="0" type="stmt"/>
        <line num="613" count="0" type="stmt"/>
        <line num="619" count="0" type="stmt"/>
        <line num="620" count="0" type="stmt"/>
        <line num="632" count="0" type="stmt"/>
        <line num="638" count="0" type="stmt"/>
        <line num="639" count="0" type="stmt"/>
        <line num="659" count="0" type="stmt"/>
        <line num="665" count="0" type="stmt"/>
        <line num="666" count="0" type="stmt"/>
        <line num="686" count="0" type="stmt"/>
        <line num="691" count="0" type="stmt"/>
        <line num="698" count="0" type="stmt"/>
        <line num="710" count="0" type="stmt"/>
        <line num="711" count="0" type="stmt"/>
        <line num="725" count="0" type="stmt"/>
        <line num="726" count="0" type="stmt"/>
        <line num="734" count="0" type="stmt"/>
        <line num="740" count="0" type="stmt"/>
        <line num="741" count="0" type="stmt"/>
        <line num="764" count="0" type="stmt"/>
        <line num="769" count="0" type="stmt"/>
        <line num="776" count="0" type="stmt"/>
        <line num="788" count="0" type="stmt"/>
        <line num="789" count="0" type="stmt"/>
        <line num="803" count="0" type="stmt"/>
        <line num="804" count="0" type="stmt"/>
        <line num="812" count="0" type="stmt"/>
        <line num="818" count="0" type="stmt"/>
        <line num="819" count="0" type="stmt"/>
        <line num="841" count="0" type="stmt"/>
        <line num="846" count="0" type="stmt"/>
        <line num="853" count="0" type="stmt"/>
        <line num="865" count="0" type="stmt"/>
        <line num="866" count="0" type="stmt"/>
        <line num="880" count="0" type="stmt"/>
        <line num="881" count="0" type="stmt"/>
        <line num="889" count="0" type="stmt"/>
        <line num="895" count="0" type="stmt"/>
        <line num="896" count="0" type="stmt"/>
        <line num="921" count="0" type="stmt"/>
        <line num="926" count="0" type="stmt"/>
        <line num="933" count="0" type="stmt"/>
        <line num="945" count="0" type="stmt"/>
        <line num="946" count="0" type="stmt"/>
        <line num="960" count="0" type="stmt"/>
        <line num="961" count="0" type="stmt"/>
        <line num="969" count="0" type="stmt"/>
        <line num="975" count="0" type="stmt"/>
        <line num="976" count="0" type="stmt"/>
        <line num="1015" count="0" type="stmt"/>
        <line num="1016" count="0" type="stmt"/>
        <line num="1018" count="0" type="stmt"/>
        <line num="1024" count="0" type="stmt"/>
        <line num="1026" count="0" type="stmt"/>
        <line num="1027" count="0" type="stmt"/>
      </file>
      <file name="ConceptActions.tsx" path="/Users/thomasbcox/Projects/thomas-writing-assistant/src/components/ConceptActions.tsx">
        <metrics statements="6" coveredstatements="0" conditionals="2" coveredconditionals="0" methods="5" coveredmethods="0"/>
        <line num="22" count="0" type="stmt"/>
        <line num="28" count="0" type="stmt"/>
        <line num="35" count="0" type="stmt"/>
        <line num="48" count="0" type="stmt"/>
        <line num="49" count="0" type="stmt"/>
        <line num="51" count="0" type="stmt"/>
      </file>
      <file name="ConceptCandidateList.tsx" path="/Users/thomasbcox/Projects/thomas-writing-assistant/src/components/ConceptCandidateList.tsx">
        <metrics statements="31" coveredstatements="0" conditionals="16" coveredconditionals="0" methods="17" coveredmethods="0"/>
        <line num="25" count="0" type="stmt"/>
        <line num="26" count="0" type="stmt"/>
        <line num="27" count="0" type="stmt"/>
        <line num="42" count="0" type="stmt"/>
        <line num="43" count="0" type="stmt"/>
        <line num="45" count="0" type="stmt"/>
        <line num="47" count="0" type="stmt"/>
        <line num="48" count="0" type="stmt"/>
        <line num="50" count="0" type="stmt"/>
        <line num="54" count="0" type="stmt"/>
        <line num="55" count="0" type="cond" truecount="0" falsecount="2"/>
        <line num="56" count="0" type="stmt"/>
        <line num="60" count="0" type="stmt"/>
        <line num="61" count="0" type="stmt"/>
        <line num="62" count="0" type="stmt"/>
        <line num="72" count="0" type="stmt"/>
        <line num="73" count="0" type="stmt"/>
        <line num="74" count="0" type="stmt"/>
        <line num="78" count="0" type="stmt"/>
        <line num="88" count="0" type="stmt"/>
        <line num="113" count="0" type="stmt"/>
        <line num="126" count="0" type="stmt"/>
        <line num="138" count="0" type="stmt"/>
        <line num="153" count="0" type="stmt"/>
        <line num="166" count="0" type="stmt"/>
        <line num="179" count="0" type="stmt"/>
        <line num="187" count="0" type="stmt"/>
        <line num="193" count="0" type="stmt"/>
        <line num="203" count="0" type="stmt"/>
        <line num="209" count="0" type="stmt"/>
        <line num="228" count="0" type="stmt"/>
      </file>
      <file name="ConceptCreateForm.tsx" path="/Users/thomasbcox/Projects/thomas-writing-assistant/src/components/ConceptCreateForm.tsx">
        <metrics statements="14" coveredstatements="0" conditionals="8" coveredconditionals="0" methods="8" coveredmethods="0"/>
        <line num="19" count="0" type="stmt"/>
        <line num="28" count="0" type="stmt"/>
        <line num="29" count="0" type="stmt"/>
        <line num="30" count="0" type="cond" truecount="0" falsecount="4"/>
        <line num="31" count="0" type="stmt"/>
        <line num="33" count="0" type="stmt"/>
        <line num="35" count="0" type="stmt"/>
        <line num="45" count="0" type="stmt"/>
        <line num="58" count="0" type="stmt"/>
        <line num="72" count="0" type="stmt"/>
        <line num="86" count="0" type="stmt"/>
        <line num="103" count="0" type="stmt"/>
        <line num="118" count="0" type="stmt"/>
        <line num="133" count="0" type="stmt"/>
      </file>
      <file name="ConceptEditor.tsx" path="/Users/thomasbcox/Projects/thomas-writing-assistant/src/components/ConceptEditor.tsx">
        <metrics statements="20" coveredstatements="0" conditionals="6" coveredconditionals="0" methods="10" coveredmethods="0"/>
        <line num="13" count="0" type="stmt"/>
        <line num="18" count="0" type="stmt"/>
        <line num="20" count="0" type="stmt"/>
        <line num="21" count="0" type="stmt"/>
        <line num="25" count="0" type="stmt"/>
        <line num="34" count="0" type="stmt"/>
        <line num="35" count="0" type="cond" truecount="0" falsecount="2"/>
        <line num="36" count="0" type="stmt"/>
        <line num="47" count="0" type="stmt"/>
        <line num="48" count="0" type="stmt"/>
        <line num="49" count="0" type="stmt"/>
        <line num="55" count="0" type="cond" truecount="0" falsecount="2"/>
        <line num="56" count="0" type="stmt"/>
        <line num="63" count="0" type="stmt"/>
        <line num="77" count="0" type="stmt"/>
        <line num="90" count="0" type="stmt"/>
        <line num="103" count="0" type="stmt"/>
        <line num="119" count="0" type="stmt"/>
        <line num="133" count="0" type="stmt"/>
        <line num="147" count="0" type="stmt"/>
      </file>
      <file name="ConceptGenerationStatus.tsx" path="/Users/thomasbcox/Projects/thomas-writing-assistant/src/components/ConceptGenerationStatus.tsx">
        <metrics statements="2" coveredstatements="2" conditionals="7" coveredconditionals="7" methods="1" coveredmethods="1"/>
        <line num="14" count="4" type="cond" truecount="2" falsecount="0"/>
        <line num="16" count="3" type="stmt"/>
      </file>
      <file name="ConceptList.tsx" path="/Users/thomasbcox/Projects/thomas-writing-assistant/src/components/ConceptList.tsx">
        <metrics statements="12" coveredstatements="0" conditionals="22" coveredconditionals="0" methods="6" coveredmethods="0"/>
        <line num="28" count="0" type="cond" truecount="0" falsecount="2"/>
        <line num="29" count="0" type="stmt"/>
        <line num="36" count="0" type="cond" truecount="0" falsecount="2"/>
        <line num="37" count="0" type="stmt"/>
        <line num="46" count="0" type="cond" truecount="0" falsecount="4"/>
        <line num="47" count="0" type="stmt"/>
        <line num="59" count="0" type="stmt"/>
        <line num="62" count="0" type="stmt"/>
        <line num="91" count="0" type="stmt"/>
        <line num="98" count="0" type="stmt"/>
        <line num="105" count="0" type="stmt"/>
        <line num="112" count="0" type="stmt"/>
      </file>
      <file name="ConceptViewer.tsx" path="/Users/thomasbcox/Projects/thomas-writing-assistant/src/components/ConceptViewer.tsx">
        <metrics statements="1" coveredstatements="0" conditionals="2" coveredconditionals="0" methods="1" coveredmethods="0"/>
        <line num="19" count="0" type="stmt"/>
      </file>
      <file name="ConceptsTab.tsx" path="/Users/thomasbcox/Projects/thomas-writing-assistant/src/components/ConceptsTab.tsx">
        <metrics statements="52" coveredstatements="0" conditionals="20" coveredconditionals="0" methods="28" coveredmethods="0"/>
        <line num="22" count="0" type="stmt"/>
        <line num="23" count="0" type="stmt"/>
        <line num="24" count="0" type="stmt"/>
        <line num="25" count="0" type="stmt"/>
        <line num="26" count="0" type="stmt"/>
        <line num="27" count="0" type="stmt"/>
        <line num="28" count="0" type="stmt"/>
        <line num="30" count="0" type="stmt"/>
        <line num="31" count="0" type="stmt"/>
        <line num="32" count="0" type="stmt"/>
        <line num="35" count="0" type="stmt"/>
        <line num="36" count="0" type="stmt"/>
        <line num="44" count="0" type="stmt"/>
        <line num="49" count="0" type="stmt"/>
        <line num="51" count="0" type="stmt"/>
        <line num="52" count="0" type="stmt"/>
        <line num="55" count="0" type="cond" truecount="0" falsecount="2"/>
        <line num="59" count="0" type="stmt"/>
        <line num="61" count="0" type="stmt"/>
        <line num="62" count="0" type="stmt"/>
        <line num="63" count="0" type="stmt"/>
        <line num="66" count="0" type="cond" truecount="0" falsecount="2"/>
        <line num="67" count="0" type="stmt"/>
        <line num="71" count="0" type="stmt"/>
        <line num="73" count="0" type="stmt"/>
        <line num="74" count="0" type="stmt"/>
        <line num="77" count="0" type="cond" truecount="0" falsecount="2"/>
        <line num="81" count="0" type="stmt"/>
        <line num="83" count="0" type="stmt"/>
        <line num="84" count="0" type="stmt"/>
        <line num="85" count="0" type="stmt"/>
        <line num="88" count="0" type="cond" truecount="0" falsecount="2"/>
        <line num="89" count="0" type="stmt"/>
        <line num="93" count="0" type="stmt"/>
        <line num="98" count="0" type="stmt"/>
        <line num="106" count="0" type="stmt"/>
        <line num="109" count="0" type="stmt"/>
        <line num="139" count="0" type="stmt"/>
        <line num="146" count="0" type="stmt"/>
        <line num="159" count="0" type="stmt"/>
        <line num="160" count="0" type="stmt"/>
        <line num="161" count="0" type="stmt"/>
        <line num="162" count="0" type="stmt"/>
        <line num="169" count="0" type="stmt"/>
        <line num="171" count="0" type="stmt"/>
        <line num="172" count="0" type="stmt"/>
        <line num="180" count="0" type="stmt"/>
        <line num="192" count="0" type="cond" truecount="0" falsecount="2"/>
        <line num="193" count="0" type="stmt"/>
        <line num="196" count="0" type="stmt"/>
        <line num="207" count="0" type="stmt"/>
        <line num="209" count="0" type="stmt"/>
      </file>
      <file name="ConfigTab.tsx" path="/Users/thomasbcox/Projects/thomas-writing-assistant/src/components/ConfigTab.tsx">
        <metrics statements="58" coveredstatements="0" conditionals="48" coveredconditionals="0" methods="30" coveredmethods="0"/>
        <line num="15" count="0" type="stmt"/>
        <line num="16" count="0" type="stmt"/>
        <line num="18" count="0" type="stmt"/>
        <line num="19" count="0" type="stmt"/>
        <line num="20" count="0" type="stmt"/>
        <line num="21" count="0" type="stmt"/>
        <line num="22" count="0" type="stmt"/>
        <line num="26" count="0" type="stmt"/>
        <line num="27" count="0" type="stmt"/>
        <line num="30" count="0" type="stmt"/>
        <line num="40" count="0" type="stmt"/>
        <line num="50" count="0" type="stmt"/>
        <line num="60" count="0" type="stmt"/>
        <line num="83" count="0" type="stmt"/>
        <line num="84" count="0" type="stmt"/>
        <line num="86" count="0" type="stmt"/>
        <line num="87" count="0" type="stmt"/>
        <line num="90" count="0" type="cond" truecount="0" falsecount="2"/>
        <line num="94" count="0" type="stmt"/>
        <line num="96" count="0" type="stmt"/>
        <line num="97" count="0" type="cond" truecount="0" falsecount="2"/>
        <line num="98" count="0" type="stmt"/>
        <line num="102" count="0" type="stmt"/>
        <line num="103" count="0" type="stmt"/>
        <line num="106" count="0" type="cond" truecount="0" falsecount="2"/>
        <line num="107" count="0" type="stmt"/>
        <line num="114" count="0" type="stmt"/>
        <line num="125" count="0" type="stmt"/>
        <line num="146" count="0" type="stmt"/>
        <line num="147" count="0" type="stmt"/>
        <line num="149" count="0" type="stmt"/>
        <line num="150" count="0" type="stmt"/>
        <line num="153" count="0" type="cond" truecount="0" falsecount="2"/>
        <line num="157" count="0" type="stmt"/>
        <line num="159" count="0" type="stmt"/>
        <line num="160" count="0" type="cond" truecount="0" falsecount="2"/>
        <line num="161" count="0" type="stmt"/>
        <line num="165" count="0" type="stmt"/>
        <line num="166" count="0" type="stmt"/>
        <line num="169" count="0" type="cond" truecount="0" falsecount="2"/>
        <line num="170" count="0" type="stmt"/>
        <line num="177" count="0" type="stmt"/>
        <line num="188" count="0" type="stmt"/>
        <line num="209" count="0" type="stmt"/>
        <line num="210" count="0" type="stmt"/>
        <line num="212" count="0" type="stmt"/>
        <line num="213" count="0" type="stmt"/>
        <line num="216" count="0" type="cond" truecount="0" falsecount="2"/>
        <line num="220" count="0" type="stmt"/>
        <line num="222" count="0" type="stmt"/>
        <line num="223" count="0" type="cond" truecount="0" falsecount="2"/>
        <line num="224" count="0" type="stmt"/>
        <line num="228" count="0" type="stmt"/>
        <line num="229" count="0" type="stmt"/>
        <line num="232" count="0" type="cond" truecount="0" falsecount="2"/>
        <line num="233" count="0" type="stmt"/>
        <line num="240" count="0" type="stmt"/>
        <line num="251" count="0" type="stmt"/>
      </file>
      <file name="Dashboard.tsx" path="/Users/thomasbcox/Projects/thomas-writing-assistant/src/components/Dashboard.tsx">
        <metrics statements="41" coveredstatements="0" conditionals="75" coveredconditionals="0" methods="18" coveredmethods="0"/>
        <line num="12" count="0" type="stmt"/>
        <line num="16" count="0" type="stmt"/>
        <line num="18" count="0" type="stmt"/>
        <line num="20" count="0" type="cond" truecount="0" falsecount="2"/>
        <line num="21" count="0" type="cond" truecount="0" falsecount="2"/>
        <line num="22" count="0" type="cond" truecount="0" falsecount="2"/>
        <line num="23" count="0" type="cond" truecount="0" falsecount="2"/>
        <line num="24" count="0" type="cond" truecount="0" falsecount="4"/>
        <line num="26" count="0" type="cond" truecount="0" falsecount="3"/>
        <line num="28" count="0" type="cond" truecount="0" falsecount="2"/>
        <line num="29" count="0" type="stmt"/>
        <line num="30" count="0" type="stmt"/>
        <line num="31" count="0" type="cond" truecount="0" falsecount="2"/>
        <line num="34" count="0" type="cond" truecount="0" falsecount="2"/>
        <line num="37" count="0" type="stmt"/>
        <line num="38" count="0" type="cond" truecount="0" falsecount="2"/>
        <line num="39" count="0" type="cond" truecount="0" falsecount="2"/>
        <line num="40" count="0" type="cond" truecount="0" falsecount="2"/>
        <line num="41" count="0" type="stmt"/>
        <line num="44" count="0" type="stmt"/>
        <line num="45" count="0" type="cond" truecount="0" falsecount="2"/>
        <line num="46" count="0" type="cond" truecount="0" falsecount="2"/>
        <line num="47" count="0" type="cond" truecount="0" falsecount="2"/>
        <line num="48" count="0" type="stmt"/>
        <line num="51" count="0" type="stmt"/>
        <line num="52" count="0" type="cond" truecount="0" falsecount="2"/>
        <line num="53" count="0" type="cond" truecount="0" falsecount="2"/>
        <line num="54" count="0" type="cond" truecount="0" falsecount="2"/>
        <line num="55" count="0" type="cond" truecount="0" falsecount="2"/>
        <line num="56" count="0" type="stmt"/>
        <line num="59" count="0" type="stmt"/>
        <line num="72" count="0" type="stmt"/>
        <line num="78" count="0" type="stmt"/>
        <line num="135" count="0" type="stmt"/>
        <line num="171" count="0" type="stmt"/>
        <line num="180" count="0" type="stmt"/>
        <line num="182" count="0" type="stmt"/>
        <line num="209" count="0" type="stmt"/>
        <line num="218" count="0" type="stmt"/>
        <line num="227" count="0" type="stmt"/>
        <line num="236" count="0" type="stmt"/>
      </file>
      <file name="ErrorBoundary.tsx" path="/Users/thomasbcox/Projects/thomas-writing-assistant/src/components/ErrorBoundary.tsx">
        <metrics statements="11" coveredstatements="10" conditionals="6" coveredconditionals="6" methods="6" coveredmethods="5"/>
        <line num="17" count="6" type="stmt"/>
        <line num="18" count="5" type="stmt"/>
        <line num="22" count="4" type="stmt"/>
        <line num="26" count="2" type="stmt"/>
        <line num="30" count="5" type="stmt"/>
        <line num="31" count="0" type="stmt"/>
        <line num="35" count="9" type="cond" truecount="4" falsecount="0"/>
        <line num="36" count="4" type="cond" truecount="2" falsecount="0"/>
        <line num="37" count="4" type="stmt"/>
        <line num="40" count="5" type="stmt"/>
        <line num="45" count="4" type="stmt"/>
      </file>
      <file name="LinkNameManager.tsx" path="/Users/thomasbcox/Projects/thomas-writing-assistant/src/components/LinkNameManager.tsx">
        <metrics statements="51" coveredstatements="0" conditionals="28" coveredconditionals="0" methods="21" coveredmethods="0"/>
        <line num="9" count="0" type="stmt"/>
        <line num="10" count="0" type="stmt"/>
        <line num="11" count="0" type="stmt"/>
        <line num="12" count="0" type="stmt"/>
        <line num="13" count="0" type="stmt"/>
        <line num="15" count="0" type="stmt"/>
        <line num="17" count="0" type="stmt"/>
        <line num="19" count="0" type="stmt"/>
        <line num="20" count="0" type="stmt"/>
        <line num="24" count="0" type="stmt"/>
        <line num="26" count="0" type="stmt"/>
        <line num="30" count="0" type="stmt"/>
        <line num="32" count="0" type="stmt"/>
        <line num="36" count="0" type="stmt"/>
        <line num="37" count="0" type="cond" truecount="0" falsecount="2"/>
        <line num="38" count="0" type="stmt"/>
        <line num="42" count="0" type="stmt"/>
        <line num="43" count="0" type="stmt"/>
        <line num="46" count="0" type="stmt"/>
        <line num="47" count="0" type="stmt"/>
        <line num="48" count="0" type="cond" truecount="0" falsecount="2"/>
        <line num="50" count="0" type="cond" truecount="0" falsecount="2"/>
        <line num="51" count="0" type="stmt"/>
        <line num="53" count="0" type="stmt"/>
        <line num="57" count="0" type="stmt"/>
        <line num="58" count="0" type="cond" truecount="0" falsecount="4"/>
        <line num="59" count="0" type="stmt"/>
        <line num="64" count="0" type="stmt"/>
        <line num="67" count="0" type="stmt"/>
        <line num="68" count="0" type="cond" truecount="0" falsecount="2"/>
        <line num="69" count="0" type="stmt"/>
        <line num="70" count="0" type="stmt"/>
        <line num="74" count="0" type="stmt"/>
        <line num="75" count="0" type="cond" truecount="0" falsecount="4"/>
        <line num="76" count="0" type="stmt"/>
        <line num="81" count="0" type="stmt"/>
        <line num="84" count="0" type="stmt"/>
        <line num="85" count="0" type="stmt"/>
        <line num="88" count="0" type="stmt"/>
        <line num="94" count="0" type="stmt"/>
        <line num="98" count="0" type="cond" truecount="0" falsecount="2"/>
        <line num="99" count="0" type="stmt"/>
        <line num="115" count="0" type="stmt"/>
        <line num="123" count="0" type="stmt"/>
        <line num="141" count="0" type="stmt"/>
        <line num="152" count="0" type="stmt"/>
        <line num="165" count="0" type="stmt"/>
        <line num="179" count="0" type="stmt"/>
        <line num="181" count="0" type="stmt"/>
        <line num="193" count="0" type="stmt"/>
        <line num="199" count="0" type="stmt"/>
      </file>
      <file name="LinkProposer.tsx" path="/Users/thomasbcox/Projects/thomas-writing-assistant/src/components/LinkProposer.tsx">
        <metrics statements="20" coveredstatements="0" conditionals="13" coveredconditionals="0" methods="11" coveredmethods="0"/>
        <line num="12" count="0" type="stmt"/>
        <line num="14" count="0" type="stmt"/>
        <line num="16" count="0" type="stmt"/>
        <line num="22" count="0" type="stmt"/>
        <line num="27" count="0" type="stmt"/>
        <line num="28" count="0" type="stmt"/>
        <line num="29" count="0" type="stmt"/>
        <line num="30" count="0" type="stmt"/>
        <line num="33" count="0" type="stmt"/>
        <line num="38" count="0" type="stmt"/>
        <line num="46" count="0" type="stmt"/>
        <line num="60" count="0" type="stmt"/>
        <line num="91" count="0" type="stmt"/>
        <line num="92" count="0" type="stmt"/>
        <line num="94" count="0" type="stmt"/>
        <line num="119" count="0" type="stmt"/>
        <line num="123" count="0" type="stmt"/>
        <line num="136" count="0" type="stmt"/>
        <line num="141" count="0" type="stmt"/>
        <line num="157" count="0" type="cond" truecount="0" falsecount="2"/>
      </file>
      <file name="LinksTab.tsx" path="/Users/thomasbcox/Projects/thomas-writing-assistant/src/components/LinksTab.tsx">
        <metrics statements="44" coveredstatements="0" conditionals="43" coveredconditionals="0" methods="23" coveredmethods="0"/>
        <line num="12" count="0" type="stmt"/>
        <line num="13" count="0" type="stmt"/>
        <line num="14" count="0" type="stmt"/>
        <line num="15" count="0" type="stmt"/>
        <line num="22" count="0" type="stmt"/>
        <line num="24" count="0" type="stmt"/>
        <line num="28" count="0" type="stmt"/>
        <line num="33" count="0" type="stmt"/>
        <line num="35" count="0" type="stmt"/>
        <line num="36" count="0" type="stmt"/>
        <line num="37" count="0" type="stmt"/>
        <line num="40" count="0" type="cond" truecount="0" falsecount="2"/>
        <line num="44" count="0" type="stmt"/>
        <line num="46" count="0" type="stmt"/>
        <line num="47" count="0" type="stmt"/>
        <line num="54" count="0" type="stmt"/>
        <line num="55" count="0" type="stmt"/>
        <line num="56" count="0" type="stmt"/>
        <line num="59" count="0" type="cond" truecount="0" falsecount="2"/>
        <line num="63" count="0" type="stmt"/>
        <line num="65" count="0" type="stmt"/>
        <line num="67" count="0" type="stmt"/>
        <line num="68" count="0" type="cond" truecount="0" falsecount="5"/>
        <line num="69" count="0" type="stmt"/>
        <line num="70" count="0" type="stmt"/>
        <line num="72" count="0" type="stmt"/>
        <line num="81" count="0" type="stmt"/>
        <line num="89" count="0" type="stmt"/>
        <line num="102" count="0" type="stmt"/>
        <line num="114" count="0" type="cond" truecount="0" falsecount="2"/>
        <line num="121" count="0" type="stmt"/>
        <line num="129" count="0" type="stmt"/>
        <line num="130" count="0" type="stmt"/>
        <line num="137" count="0" type="stmt"/>
        <line num="151" count="0" type="stmt"/>
        <line num="165" count="0" type="stmt"/>
        <line num="179" count="0" type="stmt"/>
        <line num="196" count="0" type="stmt"/>
        <line num="197" count="0" type="stmt"/>
        <line num="220" count="0" type="cond" truecount="0" falsecount="2"/>
        <line num="249" count="0" type="stmt"/>
        <line num="262" count="0" type="stmt"/>
        <line num="284" count="0" type="stmt"/>
        <line num="297" count="0" type="stmt"/>
      </file>
      <file name="PDFUploader.tsx" path="/Users/thomasbcox/Projects/thomas-writing-assistant/src/components/PDFUploader.tsx">
        <metrics statements="44" coveredstatements="0" conditionals="22" coveredconditionals="0" methods="7" coveredmethods="0"/>
        <line num="19" count="0" type="stmt"/>
        <line num="20" count="0" type="stmt"/>
        <line num="21" count="0" type="stmt"/>
        <line num="23" count="0" type="stmt"/>
        <line num="24" count="0" type="stmt"/>
        <line num="25" count="0" type="cond" truecount="0" falsecount="2"/>
        <line num="28" count="0" type="cond" truecount="0" falsecount="4"/>
        <line num="29" count="0" type="stmt"/>
        <line num="30" count="0" type="stmt"/>
        <line num="31" count="0" type="stmt"/>
        <line num="33" count="0" type="stmt"/>
        <line num="34" count="0" type="stmt"/>
        <line num="35" count="0" type="stmt"/>
        <line num="36" count="0" type="stmt"/>
        <line num="37" count="0" type="stmt"/>
        <line num="39" count="0" type="stmt"/>
        <line num="45" count="0" type="stmt"/>
        <line num="50" count="0" type="stmt"/>
        <line num="51" count="0" type="stmt"/>
        <line num="52" count="0" type="stmt"/>
        <line num="57" count="0" type="stmt"/>
        <line num="58" count="0" type="stmt"/>
        <line num="63" count="0" type="stmt"/>
        <line num="66" count="0" type="stmt"/>
        <line num="67" count="0" type="stmt"/>
        <line num="68" count="0" type="stmt"/>
        <line num="70" count="0" type="stmt"/>
        <line num="72" count="0" type="stmt"/>
        <line num="73" count="0" type="stmt"/>
        <line num="74" count="0" type="stmt"/>
        <line num="76" count="0" type="stmt"/>
        <line num="80" count="0" type="cond" truecount="0" falsecount="4"/>
        <line num="81" count="0" type="stmt"/>
        <line num="82" count="0" type="stmt"/>
        <line num="83" count="0" type="stmt"/>
        <line num="84" count="0" type="stmt"/>
        <line num="85" count="0" type="stmt"/>
        <line num="86" count="0" type="stmt"/>
        <line num="88" count="0" type="stmt"/>
        <line num="89" count="0" type="stmt"/>
        <line num="91" count="0" type="stmt"/>
        <line num="92" count="0" type="stmt"/>
        <line num="95" count="0" type="stmt"/>
        <line num="98" count="0" type="stmt"/>
      </file>
      <file name="SettingsTab.tsx" path="/Users/thomasbcox/Projects/thomas-writing-assistant/src/components/SettingsTab.tsx">
        <metrics statements="24" coveredstatements="0" conditionals="23" coveredconditionals="0" methods="8" coveredmethods="0"/>
        <line num="8" count="0" type="stmt"/>
        <line num="9" count="0" type="stmt"/>
        <line num="10" count="0" type="stmt"/>
        <line num="12" count="0" type="stmt"/>
        <line num="16" count="0" type="stmt"/>
        <line num="17" count="0" type="stmt"/>
        <line num="18" count="0" type="stmt"/>
        <line num="20" count="0" type="stmt"/>
        <line num="21" count="0" type="cond" truecount="0" falsecount="2"/>
        <line num="22" count="0" type="stmt"/>
        <line num="23" count="0" type="stmt"/>
        <line num="24" count="0" type="stmt"/>
        <line num="28" count="0" type="stmt"/>
        <line num="29" count="0" type="stmt"/>
        <line num="36" count="0" type="cond" truecount="0" falsecount="2"/>
        <line num="37" count="0" type="stmt"/>
        <line num="46" count="0" type="stmt"/>
        <line num="57" count="0" type="stmt"/>
        <line num="59" count="0" type="cond" truecount="0" falsecount="2"/>
        <line num="60" count="0" type="stmt"/>
        <line num="61" count="0" type="cond" truecount="0" falsecount="2"/>
        <line num="86" count="0" type="stmt"/>
        <line num="91" count="0" type="stmt"/>
        <line num="108" count="0" type="stmt"/>
      </file>
      <file name="TextInputForm.tsx" path="/Users/thomasbcox/Projects/thomas-writing-assistant/src/components/TextInputForm.tsx">
        <metrics statements="6" coveredstatements="1" conditionals="5" coveredconditionals="3" methods="6" coveredmethods="1"/>
        <line num="30" count="3" type="stmt"/>
        <line num="38" count="0" type="stmt"/>
        <line num="57" count="0" type="stmt"/>
        <line num="75" count="0" type="cond" truecount="0" falsecount="2"/>
        <line num="87" count="0" type="stmt"/>
        <line num="100" count="0" type="stmt"/>
      </file>
      <file name="TextInputTab.tsx" path="/Users/thomasbcox/Projects/thomas-writing-assistant/src/components/TextInputTab.tsx">
        <metrics statements="41" coveredstatements="0" conditionals="30" coveredconditionals="0" methods="11" coveredmethods="0"/>
        <line num="14" count="0" type="stmt"/>
        <line num="15" count="0" type="stmt"/>
        <line num="16" count="0" type="stmt"/>
        <line num="17" count="0" type="stmt"/>
        <line num="18" count="0" type="stmt"/>
        <line num="19" count="0" type="stmt"/>
        <line num="27" count="0" type="stmt"/>
        <line num="28" count="0" type="stmt"/>
        <line num="29" count="0" type="stmt"/>
        <line num="30" count="0" type="stmt"/>
        <line num="32" count="0" type="stmt"/>
        <line num="34" count="0" type="stmt"/>
        <line num="35" count="0" type="stmt"/>
        <line num="41" count="0" type="stmt"/>
        <line num="48" count="0" type="stmt"/>
        <line num="50" count="0" type="cond" truecount="0" falsecount="4"/>
        <line num="51" count="0" type="stmt"/>
        <line num="52" count="0" type="stmt"/>
        <line num="55" count="0" type="stmt"/>
        <line num="58" count="0" type="stmt"/>
        <line num="59" count="0" type="stmt"/>
        <line num="62" count="0" type="stmt"/>
        <line num="63" count="0" type="cond" truecount="0" falsecount="2"/>
        <line num="64" count="0" type="stmt"/>
        <line num="65" count="0" type="stmt"/>
        <line num="68" count="0" type="stmt"/>
        <line num="69" count="0" type="stmt"/>
        <line num="70" count="0" type="stmt"/>
        <line num="72" count="0" type="stmt"/>
        <line num="74" count="0" type="stmt"/>
        <line num="75" count="0" type="stmt"/>
        <line num="77" count="0" type="stmt"/>
        <line num="87" count="0" type="stmt"/>
        <line num="99" count="0" type="stmt"/>
        <line num="100" count="0" type="cond" truecount="0" falsecount="4"/>
        <line num="101" count="0" type="stmt"/>
        <line num="104" count="0" type="stmt"/>
        <line num="105" count="0" type="stmt"/>
        <line num="106" count="0" type="stmt"/>
        <line num="110" count="0" type="stmt"/>
        <line num="131" count="0" type="stmt"/>
      </file>
    </package>
    <package name="src.components.ui">
      <metrics statements="75" coveredstatements="2" conditionals="65" coveredconditionals="0" methods="40" coveredmethods="1"/>
      <file name="ConfirmDialog.tsx" path="/Users/thomasbcox/Projects/thomas-writing-assistant/src/components/ui/ConfirmDialog.tsx">
        <metrics statements="3" coveredstatements="0" conditionals="7" coveredconditionals="0" methods="1" coveredmethods="0"/>
        <line num="24" count="0" type="cond" truecount="0" falsecount="2"/>
        <line num="27" count="0" type="cond" truecount="0" falsecount="2"/>
        <line num="31" count="0" type="stmt"/>
      </file>
      <file name="ContextualHelp.tsx" path="/Users/thomasbcox/Projects/thomas-writing-assistant/src/components/ui/ContextualHelp.tsx">
        <metrics statements="6" coveredstatements="0" conditionals="3" coveredconditionals="0" methods="4" coveredmethods="0"/>
        <line num="12" count="0" type="stmt"/>
        <line num="14" count="0" type="stmt"/>
        <line num="21" count="0" type="stmt"/>
        <line num="25" count="0" type="stmt"/>
        <line num="35" count="0" type="stmt"/>
        <line num="43" count="0" type="stmt"/>
      </file>
      <file name="EmptyState.tsx" path="/Users/thomasbcox/Projects/thomas-writing-assistant/src/components/ui/EmptyState.tsx">
        <metrics statements="1" coveredstatements="0" conditionals="3" coveredconditionals="0" methods="1" coveredmethods="0"/>
        <line num="16" count="0" type="stmt"/>
      </file>
      <file name="InputDialog.tsx" path="/Users/thomasbcox/Projects/thomas-writing-assistant/src/components/ui/InputDialog.tsx">
        <metrics statements="15" coveredstatements="0" conditionals="14" coveredconditionals="0" methods="5" coveredmethods="0"/>
        <line num="28" count="0" type="stmt"/>
        <line num="30" count="0" type="stmt"/>
        <line num="31" count="0" type="cond" truecount="0" falsecount="2"/>
        <line num="32" count="0" type="stmt"/>
        <line num="36" count="0" type="cond" truecount="0" falsecount="2"/>
        <line num="38" count="0" type="stmt"/>
        <line num="39" count="0" type="cond" truecount="0" falsecount="2"/>
        <line num="40" count="0" type="stmt"/>
        <line num="44" count="0" type="stmt"/>
        <line num="45" count="0" type="cond" truecount="0" falsecount="2"/>
        <line num="46" count="0" type="stmt"/>
        <line num="47" count="0" type="cond" truecount="0" falsecount="2"/>
        <line num="48" count="0" type="stmt"/>
        <line num="52" count="0" type="stmt"/>
        <line num="60" count="0" type="stmt"/>
      </file>
      <file name="LoadingSpinner.tsx" path="/Users/thomasbcox/Projects/thomas-writing-assistant/src/components/ui/LoadingSpinner.tsx">
        <metrics statements="3" coveredstatements="2" conditionals="1" coveredconditionals="0" methods="2" coveredmethods="1"/>
        <line num="4" count="3" type="stmt"/>
        <line num="10" count="3" type="stmt"/>
        <line num="20" count="0" type="stmt"/>
      </file>
      <file name="SearchableSelect.tsx" path="/Users/thomasbcox/Projects/thomas-writing-assistant/src/components/ui/SearchableSelect.tsx">
        <metrics statements="31" coveredstatements="0" conditionals="32" coveredconditionals="0" methods="14" coveredmethods="0"/>
        <line num="29" count="0" type="stmt"/>
        <line num="30" count="0" type="stmt"/>
        <line num="31" count="0" type="stmt"/>
        <line num="32" count="0" type="stmt"/>
        <line num="34" count="0" type="stmt"/>
        <line num="37" count="0" type="stmt"/>
        <line num="38" count="0" type="stmt"/>
        <line num="41" count="0" type="cond" truecount="0" falsecount="2"/>
        <line num="43" count="0" type="cond" truecount="0" falsecount="2"/>
        <line num="44" count="0" type="stmt"/>
        <line num="48" count="0" type="stmt"/>
        <line num="49" count="0" type="stmt"/>
        <line num="50" count="0" type="cond" truecount="0" falsecount="4"/>
        <line num="51" count="0" type="stmt"/>
        <line num="52" count="0" type="stmt"/>
        <line num="56" count="0" type="cond" truecount="0" falsecount="2"/>
        <line num="57" count="0" type="stmt"/>
        <line num="58" count="0" type="stmt"/>
        <line num="63" count="0" type="stmt"/>
        <line num="64" count="0" type="cond" truecount="0" falsecount="4"/>
        <line num="65" count="0" type="stmt"/>
        <line num="69" count="0" type="stmt"/>
        <line num="70" count="0" type="stmt"/>
        <line num="71" count="0" type="stmt"/>
        <line num="72" count="0" type="stmt"/>
        <line num="75" count="0" type="stmt"/>
        <line num="85" count="0" type="cond" truecount="0" falsecount="2"/>
        <line num="114" count="0" type="stmt"/>
        <line num="117" count="0" type="stmt"/>
        <line num="127" count="0" type="stmt"/>
        <line num="130" count="0" type="stmt"/>
      </file>
      <file name="Toast.tsx" path="/Users/thomasbcox/Projects/thomas-writing-assistant/src/components/ui/Toast.tsx">
        <metrics statements="16" coveredstatements="0" conditionals="5" coveredconditionals="0" methods="13" coveredmethods="0"/>
        <line num="15" count="0" type="stmt"/>
        <line num="16" count="0" type="stmt"/>
        <line num="17" count="0" type="stmt"/>
        <line num="19" count="0" type="stmt"/>
        <line num="23" count="0" type="cond" truecount="0" falsecount="2"/>
        <line num="29" count="0" type="stmt"/>
        <line num="45" count="0" type="stmt"/>
        <line num="48" count="0" type="stmt"/>
        <line num="52" count="0" type="stmt"/>
        <line num="61" count="0" type="stmt"/>
        <line num="63" count="0" type="stmt"/>
        <line num="64" count="0" type="stmt"/>
        <line num="65" count="0" type="stmt"/>
        <line num="68" count="0" type="stmt"/>
        <line num="69" count="0" type="stmt"/>
        <line num="72" count="0" type="stmt"/>
      </file>
    </package>
    <package name="src.lib">
      <metrics statements="7" coveredstatements="6" conditionals="10" coveredconditionals="8" methods="4" coveredmethods="3"/>
      <file name="logger.ts" path="/Users/thomasbcox/Projects/thomas-writing-assistant/src/lib/logger.ts">
        <metrics statements="6" coveredstatements="6" conditionals="10" coveredconditionals="8" methods="3" coveredmethods="3"/>
        <line num="14" count="16" type="stmt"/>
        <line num="56" count="2" type="stmt"/>
        <line num="71" count="9" type="cond" truecount="2" falsecount="0"/>
        <line num="73" count="9" type="stmt"/>
        <line num="98" count="17" type="cond" truecount="2" falsecount="0"/>
        <line num="100" count="17" type="stmt"/>
      </file>
      <file name="utils.ts" path="/Users/thomasbcox/Projects/thomas-writing-assistant/src/lib/utils.ts">
        <metrics statements="1" coveredstatements="0" conditionals="0" coveredconditionals="0" methods="1" coveredmethods="0"/>
        <line num="5" count="0" type="stmt"/>
      </file>
    </package>
    <package name="src.lib.trpc">
      <metrics statements="14" coveredstatements="0" conditionals="9" coveredconditionals="0" methods="6" coveredmethods="0"/>
      <file name="react.tsx" path="/Users/thomasbcox/Projects/thomas-writing-assistant/src/lib/trpc/react.tsx">
        <metrics statements="14" coveredstatements="0" conditionals="9" coveredconditionals="0" methods="6" coveredmethods="0"/>
        <line num="12" count="0" type="stmt"/>
        <line num="13" count="0" type="cond" truecount="0" falsecount="2"/>
        <line num="14" count="0" type="cond" truecount="0" falsecount="2"/>
        <line num="15" count="0" type="cond" truecount="0" falsecount="2"/>
        <line num="18" count="0" type="stmt"/>
        <line num="35" count="0" type="stmt"/>
        <line num="37" count="0" type="stmt"/>
        <line num="46" count="0" type="stmt"/>
        <line num="47" count="0" type="stmt"/>
        <line num="51" count="0" type="cond" truecount="0" falsecount="3"/>
        <line num="58" count="0" type="stmt"/>
        <line num="59" count="0" type="stmt"/>
        <line num="60" count="0" type="stmt"/>
        <line num="67" count="0" type="stmt"/>
      </file>
    </package>
    <package name="src.server">
      <metrics statements="5" coveredstatements="5" conditionals="6" coveredconditionals="4" methods="0" coveredmethods="0"/>
      <file name="db.ts" path="/Users/thomasbcox/Projects/thomas-writing-assistant/src/server/db.ts">
        <metrics statements="5" coveredstatements="5" conditionals="6" coveredconditionals="4" methods="0" coveredmethods="0"/>
        <line num="5" count="11" type="stmt"/>
        <line num="11" count="11" type="stmt"/>
        <line num="12" count="11" type="stmt"/>
        <line num="15" count="11" type="cond" truecount="2" falsecount="0"/>
        <line num="22" count="11" type="cond" truecount="1" falsecount="1"/>
      </file>
    </package>
    <package name="src.server.api">
      <metrics statements="9" coveredstatements="8" conditionals="2" coveredconditionals="0" methods="2" coveredmethods="1"/>
      <file name="root.ts" path="/Users/thomasbcox/Projects/thomas-writing-assistant/src/server/api/root.ts">
        <metrics statements="2" coveredstatements="2" conditionals="0" coveredconditionals="0" methods="0" coveredmethods="0"/>
        <line num="15" count="10" type="stmt"/>
        <line num="35" count="10" type="stmt"/>
      </file>
      <file name="trpc.ts" path="/Users/thomasbcox/Projects/thomas-writing-assistant/src/server/api/trpc.ts">
        <metrics statements="7" coveredstatements="6" conditionals="2" coveredconditionals="0" methods="2" coveredmethods="1"/>
        <line num="28" count="11" type="stmt"/>
        <line num="29" count="1" type="stmt"/>
        <line num="42" count="11" type="stmt"/>
        <line num="45" count="0" type="stmt"/>
        <line num="61" count="11" type="stmt"/>
        <line num="75" count="11" type="stmt"/>
        <line num="84" count="11" type="stmt"/>
      </file>
    </package>
    <package name="src.server.api.routers">
      <metrics statements="277" coveredstatements="231" conditionals="143" coveredconditionals="91" methods="47" coveredmethods="43"/>
      <file name="ai.ts" path="/Users/thomasbcox/Projects/thomas-writing-assistant/src/server/api/routers/ai.ts">
        <metrics statements="16" coveredstatements="10" conditionals="8" coveredconditionals="5" methods="3" coveredmethods="2"/>
        <line num="6" count="10" type="stmt"/>
        <line num="8" count="1" type="stmt"/>
        <line num="9" count="1" type="stmt"/>
        <line num="29" count="3" type="stmt"/>
        <line num="31" count="3" type="cond" truecount="1" falsecount="1"/>
        <line num="32" count="0" type="stmt"/>
        <line num="35" count="3" type="cond" truecount="2" falsecount="0"/>
        <line num="36" count="2" type="stmt"/>
        <line num="39" count="3" type="cond" truecount="2" falsecount="0"/>
        <line num="40" count="2" type="stmt"/>
        <line num="43" count="3" type="stmt"/>
        <line num="51" count="0" type="stmt"/>
        <line num="52" count="0" type="stmt"/>
        <line num="54" count="0" type="cond" truecount="0" falsecount="2"/>
        <line num="55" count="0" type="stmt"/>
        <line num="67" count="0" type="stmt"/>
      </file>
      <file name="capsule.ts" path="/Users/thomasbcox/Projects/thomas-writing-assistant/src/server/api/routers/capsule.ts">
        <metrics statements="79" coveredstatements="50" conditionals="59" coveredconditionals="25" methods="11" coveredmethods="10"/>
        <line num="10" count="10" type="stmt"/>
        <line num="12" count="1" type="stmt"/>
        <line num="23" count="1" type="stmt"/>
        <line num="29" count="3" type="stmt"/>
        <line num="40" count="3" type="cond" truecount="2" falsecount="0"/>
        <line num="41" count="1" type="stmt"/>
        <line num="47" count="2" type="stmt"/>
        <line num="60" count="15" type="stmt"/>
        <line num="69" count="15" type="stmt"/>
        <line num="84" count="11" type="stmt"/>
        <line num="97" count="11" type="stmt"/>
        <line num="109" count="9" type="stmt"/>
        <line num="117" count="9" type="stmt"/>
        <line num="130" count="0" type="stmt"/>
        <line num="132" count="0" type="stmt"/>
        <line num="146" count="0" type="stmt"/>
        <line num="147" count="0" type="cond" truecount="0" falsecount="3"/>
        <line num="149" count="0" type="stmt"/>
        <line num="150" count="0" type="stmt"/>
        <line num="151" count="0" type="stmt"/>
        <line num="152" count="0" type="stmt"/>
        <line num="154" count="0" type="cond" truecount="0" falsecount="4"/>
        <line num="155" count="0" type="stmt"/>
        <line num="162" count="0" type="stmt"/>
        <line num="166" count="0" type="cond" truecount="0" falsecount="2"/>
        <line num="167" count="0" type="stmt"/>
        <line num="174" count="0" type="stmt"/>
        <line num="175" count="0" type="stmt"/>
        <line num="176" count="0" type="stmt"/>
        <line num="179" count="0" type="stmt"/>
        <line num="191" count="0" type="stmt"/>
        <line num="192" count="0" type="cond" truecount="0" falsecount="2"/>
        <line num="193" count="0" type="stmt"/>
        <line num="203" count="0" type="stmt"/>
        <line num="204" count="0" type="stmt"/>
        <line num="211" count="0" type="stmt"/>
        <line num="216" count="0" type="stmt"/>
        <line num="227" count="0" type="stmt"/>
        <line num="234" count="0" type="cond" truecount="0" falsecount="2"/>
        <line num="235" count="0" type="stmt"/>
        <line num="238" count="0" type="stmt"/>
        <line num="257" count="2" type="stmt"/>
        <line num="265" count="2" type="stmt"/>
        <line num="267" count="2" type="cond" truecount="1" falsecount="1"/>
        <line num="268" count="2" type="cond" truecount="2" falsecount="0"/>
        <line num="269" count="2" type="cond" truecount="2" falsecount="0"/>
        <line num="270" count="1" type="cond" truecount="1" falsecount="1"/>
        <line num="272" count="2" type="cond" truecount="2" falsecount="0"/>
        <line num="273" count="1" type="cond" truecount="1" falsecount="1"/>
        <line num="275" count="2" type="cond" truecount="3" falsecount="1"/>
        <line num="277" count="2" type="stmt"/>
        <line num="282" count="2" type="stmt"/>
        <line num="289" count="1" type="stmt"/>
        <line num="294" count="1" type="stmt"/>
        <line num="298" count="1" type="stmt"/>
        <line num="310" count="2" type="stmt"/>
        <line num="312" count="2" type="stmt"/>
        <line num="317" count="2" type="stmt"/>
        <line num="323" count="1" type="stmt"/>
        <line num="327" count="1" type="stmt"/>
        <line num="337" count="2" type="stmt"/>
        <line num="339" count="2" type="stmt"/>
        <line num="343" count="2" type="cond" truecount="2" falsecount="0"/>
        <line num="344" count="1" type="stmt"/>
        <line num="351" count="1" type="cond" truecount="1" falsecount="1"/>
        <line num="352" count="1" type="cond" truecount="1" falsecount="1"/>
        <line num="355" count="1" type="stmt"/>
        <line num="356" count="1" type="stmt"/>
        <line num="357" count="1" type="stmt"/>
        <line num="367" count="1" type="stmt"/>
        <line num="372" count="1" type="stmt"/>
        <line num="373" count="1" type="stmt"/>
        <line num="374" count="11" type="stmt"/>
        <line num="381" count="11" type="stmt"/>
        <line num="384" count="1" type="stmt"/>
        <line num="386" count="1" type="stmt"/>
        <line num="390" count="1" type="cond" truecount="1" falsecount="1"/>
        <line num="391" count="1" type="stmt"/>
        <line num="394" count="0" type="stmt"/>
      </file>
      <file name="concept.ts" path="/Users/thomasbcox/Projects/thomas-writing-assistant/src/server/api/routers/concept.ts">
        <metrics statements="34" coveredstatements="26" conditionals="12" coveredconditionals="9" methods="9" coveredmethods="7"/>
        <line num="9" count="10" type="stmt"/>
        <line num="18" count="3" type="stmt"/>
        <line num="20" count="3" type="cond" truecount="2" falsecount="0"/>
        <line num="21" count="2" type="stmt"/>
        <line num="24" count="3" type="cond" truecount="2" falsecount="0"/>
        <line num="25" count="1" type="stmt"/>
        <line num="31" count="3" type="stmt"/>
        <line num="36" count="3" type="stmt"/>
        <line num="42" count="8" type="stmt"/>
        <line num="54" count="8" type="cond" truecount="2" falsecount="0"/>
        <line num="55" count="3" type="stmt"/>
        <line num="61" count="5" type="stmt"/>
        <line num="76" count="48" type="stmt"/>
        <line num="78" count="48" type="stmt"/>
        <line num="91" count="48" type="stmt"/>
        <line num="107" count="1" type="stmt"/>
        <line num="109" count="1" type="stmt"/>
        <line num="114" count="1" type="stmt"/>
        <line num="120" count="6" type="stmt"/>
        <line num="128" count="6" type="stmt"/>
        <line num="134" count="1" type="stmt"/>
        <line num="142" count="1" type="stmt"/>
        <line num="148" count="2" type="stmt"/>
        <line num="149" count="2" type="stmt"/>
        <line num="151" count="2" type="stmt"/>
        <line num="160" count="2" type="stmt"/>
        <line num="171" count="0" type="stmt"/>
        <line num="174" count="0" type="stmt"/>
        <line num="175" count="0" type="stmt"/>
        <line num="176" count="0" type="stmt"/>
        <line num="196" count="0" type="stmt"/>
        <line num="199" count="0" type="stmt"/>
        <line num="200" count="0" type="stmt"/>
        <line num="201" count="0" type="stmt"/>
      </file>
      <file name="config.ts" path="/Users/thomasbcox/Projects/thomas-writing-assistant/src/server/api/routers/config.ts">
        <metrics statements="52" coveredstatements="49" conditionals="12" coveredconditionals="6" methods="9" coveredmethods="9"/>
        <line num="9" count="10" type="stmt"/>
        <line num="11" count="2" type="stmt"/>
        <line num="12" count="2" type="stmt"/>
        <line num="16" count="1" type="stmt"/>
        <line num="17" count="1" type="stmt"/>
        <line num="21" count="1" type="stmt"/>
        <line num="22" count="1" type="stmt"/>
        <line num="26" count="2" type="stmt"/>
        <line num="27" count="2" type="stmt"/>
        <line num="29" count="2" type="cond" truecount="1" falsecount="1"/>
        <line num="30" count="0" type="stmt"/>
        <line num="36" count="2" type="stmt"/>
        <line num="37" count="2" type="stmt"/>
        <line num="41" count="1" type="stmt"/>
        <line num="42" count="1" type="stmt"/>
        <line num="44" count="1" type="cond" truecount="1" falsecount="1"/>
        <line num="45" count="0" type="stmt"/>
        <line num="51" count="1" type="stmt"/>
        <line num="52" count="1" type="stmt"/>
        <line num="56" count="1" type="stmt"/>
        <line num="57" count="1" type="stmt"/>
        <line num="59" count="1" type="cond" truecount="1" falsecount="1"/>
        <line num="60" count="0" type="stmt"/>
        <line num="66" count="1" type="stmt"/>
        <line num="67" count="1" type="stmt"/>
        <line num="73" count="3" type="stmt"/>
        <line num="74" count="3" type="stmt"/>
        <line num="76" count="3" type="stmt"/>
        <line num="78" count="3" type="stmt"/>
        <line num="81" count="2" type="stmt"/>
        <line num="84" count="2" type="stmt"/>
        <line num="85" count="2" type="stmt"/>
        <line num="87" count="2" type="stmt"/>
        <line num="89" count="1" type="stmt"/>
        <line num="99" count="2" type="stmt"/>
        <line num="100" count="2" type="stmt"/>
        <line num="102" count="2" type="stmt"/>
        <line num="104" count="2" type="stmt"/>
        <line num="107" count="1" type="stmt"/>
        <line num="110" count="1" type="stmt"/>
        <line num="111" count="1" type="stmt"/>
        <line num="113" count="1" type="stmt"/>
        <line num="115" count="1" type="stmt"/>
        <line num="125" count="2" type="stmt"/>
        <line num="126" count="2" type="stmt"/>
        <line num="128" count="2" type="stmt"/>
        <line num="130" count="2" type="stmt"/>
        <line num="133" count="1" type="stmt"/>
        <line num="136" count="1" type="stmt"/>
        <line num="137" count="1" type="stmt"/>
        <line num="139" count="1" type="stmt"/>
        <line num="141" count="1" type="stmt"/>
      </file>
      <file name="link.ts" path="/Users/thomasbcox/Projects/thomas-writing-assistant/src/server/api/routers/link.ts">
        <metrics statements="20" coveredstatements="20" conditionals="12" coveredconditionals="12" methods="5" coveredmethods="5"/>
        <line num="5" count="10" type="stmt"/>
        <line num="7" count="9" type="stmt"/>
        <line num="15" count="9" type="stmt"/>
        <line num="21" count="1" type="stmt"/>
        <line num="29" count="1" type="stmt"/>
        <line num="37" count="1" type="stmt"/>
        <line num="52" count="19" type="stmt"/>
        <line num="61" count="19" type="cond" truecount="2" falsecount="0"/>
        <line num="63" count="2" type="stmt"/>
        <line num="72" count="2" type="stmt"/>
        <line num="76" count="17" type="stmt"/>
        <line num="91" count="17" type="stmt"/>
        <line num="92" count="17" type="stmt"/>
        <line num="94" count="17" type="cond" truecount="2" falsecount="0"/>
        <line num="95" count="10" type="stmt"/>
        <line num="103" count="17" type="cond" truecount="4" falsecount="0"/>
        <line num="104" count="1" type="stmt"/>
        <line num="112" count="17" type="stmt"/>
        <line num="123" count="1" type="stmt"/>
        <line num="132" count="1" type="stmt"/>
      </file>
      <file name="linkName.ts" path="/Users/thomasbcox/Projects/thomas-writing-assistant/src/server/api/routers/linkName.ts">
        <metrics statements="64" coveredstatements="64" conditionals="35" coveredconditionals="31" methods="9" coveredmethods="9"/>
        <line num="7" count="10" type="stmt"/>
        <line num="24" count="10" type="stmt"/>
        <line num="27" count="7" type="stmt"/>
        <line num="34" count="7" type="stmt"/>
        <line num="41" count="7" type="stmt"/>
        <line num="43" count="7" type="stmt"/>
        <line num="44" count="98" type="stmt"/>
        <line num="47" count="7" type="stmt"/>
        <line num="49" count="3" type="stmt"/>
        <line num="52" count="7" type="stmt"/>
        <line num="58" count="21" type="stmt"/>
        <line num="60" count="21" type="cond" truecount="2" falsecount="0"/>
        <line num="61" count="1" type="stmt"/>
        <line num="68" count="20" type="stmt"/>
        <line num="72" count="20" type="cond" truecount="2" falsecount="0"/>
        <line num="73" count="1" type="stmt"/>
        <line num="76" count="19" type="stmt"/>
        <line num="83" count="19" type="stmt"/>
        <line num="94" count="8" type="stmt"/>
        <line num="96" count="8" type="cond" truecount="2" falsecount="0"/>
        <line num="97" count="1" type="stmt"/>
        <line num="104" count="7" type="stmt"/>
        <line num="113" count="7" type="stmt"/>
        <line num="115" count="7" type="stmt"/>
        <line num="116" count="4" type="stmt"/>
        <line num="118" count="4" type="cond" truecount="2" falsecount="0"/>
        <line num="119" count="3" type="stmt"/>
        <line num="122" count="4" type="cond" truecount="2" falsecount="0"/>
        <line num="123" count="3" type="stmt"/>
        <line num="126" count="4" type="cond" truecount="1" falsecount="1"/>
        <line num="127" count="4" type="stmt"/>
        <line num="131" count="4" type="stmt"/>
        <line num="136" count="7" type="stmt"/>
        <line num="140" count="7" type="cond" truecount="2" falsecount="0"/>
        <line num="141" count="6" type="stmt"/>
        <line num="147" count="7" type="stmt"/>
        <line num="151" count="7" type="cond" truecount="2" falsecount="0"/>
        <line num="152" count="6" type="stmt"/>
        <line num="160" count="7" type="stmt"/>
        <line num="171" count="7" type="stmt"/>
        <line num="174" count="7" type="stmt"/>
        <line num="183" count="7" type="cond" truecount="5" falsecount="0"/>
        <line num="184" count="1" type="stmt"/>
        <line num="190" count="6" type="cond" truecount="4" falsecount="0"/>
        <line num="192" count="3" type="stmt"/>
        <line num="201" count="3" type="stmt"/>
        <line num="202" count="3" type="stmt"/>
        <line num="204" count="3" type="cond" truecount="1" falsecount="1"/>
        <line num="205" count="3" type="stmt"/>
        <line num="208" count="3" type="cond" truecount="1" falsecount="1"/>
        <line num="209" count="3" type="stmt"/>
        <line num="212" count="3" type="cond" truecount="1" falsecount="1"/>
        <line num="213" count="3" type="stmt"/>
        <line num="222" count="6" type="cond" truecount="2" falsecount="0"/>
        <line num="224" count="3" type="stmt"/>
        <line num="228" count="3" type="cond" truecount="2" falsecount="0"/>
        <line num="229" count="1" type="stmt"/>
        <line num="234" count="2" type="stmt"/>
        <line num="244" count="3" type="stmt"/>
        <line num="249" count="6" type="stmt"/>
        <line num="255" count="1" type="stmt"/>
        <line num="268" count="1" type="stmt"/>
        <line num="270" count="1" type="stmt"/>
        <line num="273" count="1" type="stmt"/>
      </file>
      <file name="pdf.ts" path="/Users/thomasbcox/Projects/thomas-writing-assistant/src/server/api/routers/pdf.ts">
        <metrics statements="12" coveredstatements="12" conditionals="5" coveredconditionals="3" methods="1" coveredmethods="1"/>
        <line num="5" count="10" type="stmt"/>
        <line num="14" count="4" type="stmt"/>
        <line num="17" count="4" type="stmt"/>
        <line num="32" count="4" type="stmt"/>
        <line num="33" count="4" type="cond" truecount="2" falsecount="1"/>
        <line num="36" count="4" type="stmt"/>
        <line num="39" count="4" type="stmt"/>
        <line num="42" count="4" type="stmt"/>
        <line num="45" count="1" type="stmt"/>
        <line num="47" count="1" type="stmt"/>
        <line num="55" count="3" type="stmt"/>
        <line num="59" count="3" type="stmt"/>
      </file>
    </package>
    <package name="src.server.services">
      <metrics statements="215" coveredstatements="204" conditionals="123" coveredconditionals="91" methods="34" coveredmethods="31"/>
      <file name="anchorExtractor.ts" path="/Users/thomasbcox/Projects/thomas-writing-assistant/src/server/services/anchorExtractor.ts">
        <metrics statements="29" coveredstatements="29" conditionals="24" coveredconditionals="21" methods="5" coveredmethods="5"/>
        <line num="19" count="8" type="stmt"/>
        <line num="21" count="8" type="cond" truecount="1" falsecount="1"/>
        <line num="22" count="8" type="cond" truecount="1" falsecount="1"/>
        <line num="24" count="8" type="stmt"/>
        <line num="30" count="8" type="stmt"/>
        <line num="35" count="8" type="stmt"/>
        <line num="36" count="8" type="stmt"/>
        <line num="38" count="8" type="stmt"/>
        <line num="56" count="8" type="stmt"/>
        <line num="57" count="8" type="stmt"/>
        <line num="66" count="8" type="stmt"/>
        <line num="67" count="8" type="stmt"/>
        <line num="68" count="6" type="stmt"/>
        <line num="70" count="6" type="stmt"/>
        <line num="78" count="6" type="cond" truecount="4" falsecount="0"/>
        <line num="82" count="6" type="cond" truecount="2" falsecount="0"/>
        <line num="84" count="8" type="cond" truecount="2" falsecount="0"/>
        <line num="85" count="6" type="stmt"/>
        <line num="88" count="6" type="cond" truecount="2" falsecount="0"/>
        <line num="90" count="8" type="cond" truecount="2" falsecount="0"/>
        <line num="91" count="6" type="stmt"/>
        <line num="95" count="6" type="cond" truecount="4" falsecount="0"/>
        <line num="99" count="6" type="stmt"/>
        <line num="100" count="6" type="stmt"/>
        <line num="111" count="6" type="stmt"/>
        <line num="118" count="2" type="stmt"/>
        <line num="119" count="2" type="cond" truecount="1" falsecount="1"/>
        <line num="121" count="2" type="stmt"/>
        <line num="129" count="2" type="stmt"/>
      </file>
      <file name="conceptProposer.ts" path="/Users/thomasbcox/Projects/thomas-writing-assistant/src/server/services/conceptProposer.ts">
        <metrics statements="44" coveredstatements="40" conditionals="28" coveredconditionals="19" methods="6" coveredmethods="5"/>
        <line num="23" count="6" type="stmt"/>
        <line num="25" count="6" type="cond" truecount="1" falsecount="1"/>
        <line num="26" count="6" type="cond" truecount="1" falsecount="1"/>
        <line num="28" count="6" type="stmt"/>
        <line num="45" count="6" type="cond" truecount="2" falsecount="0"/>
        <line num="46" count="5" type="stmt"/>
        <line num="47" count="5" type="stmt"/>
        <line num="54" count="1" type="stmt"/>
        <line num="55" count="1" type="stmt"/>
        <line num="56" count="1" type="stmt"/>
        <line num="57" count="1" type="stmt"/>
        <line num="58" count="1" type="stmt"/>
        <line num="59" count="1" type="stmt"/>
        <line num="69" count="6" type="stmt"/>
        <line num="73" count="6" type="cond" truecount="2" falsecount="0"/>
        <line num="77" count="6" type="stmt"/>
        <line num="103" count="6" type="stmt"/>
        <line num="104" count="6" type="stmt"/>
        <line num="112" count="6" type="stmt"/>
        <line num="113" count="6" type="stmt"/>
        <line num="114" count="5" type="stmt"/>
        <line num="116" count="5" type="stmt"/>
        <line num="123" count="5" type="cond" truecount="1" falsecount="1"/>
        <line num="125" count="5" type="stmt"/>
        <line num="129" count="6" type="stmt"/>
        <line num="141" count="5" type="cond" truecount="4" falsecount="0"/>
        <line num="142" count="1" type="stmt"/>
        <line num="148" count="1" type="stmt"/>
        <line num="160" count="1" type="stmt"/>
        <line num="164" count="4" type="stmt"/>
        <line num="165" count="6" type="cond" truecount="3" falsecount="0"/>
        <line num="168" count="4" type="cond" truecount="1" falsecount="1"/>
        <line num="169" count="0" type="stmt"/>
        <line num="173" count="0" type="stmt"/>
        <line num="181" count="0" type="stmt"/>
        <line num="192" count="0" type="stmt"/>
        <line num="195" count="4" type="stmt"/>
        <line num="196" count="4" type="stmt"/>
        <line num="202" count="5" type="stmt"/>
        <line num="206" count="5" type="stmt"/>
        <line num="211" count="1" type="stmt"/>
        <line num="212" count="1" type="stmt"/>
        <line num="218" count="1" type="stmt"/>
        <line num="227" count="1" type="stmt"/>
      </file>
      <file name="config.ts" path="/Users/thomasbcox/Projects/thomas-writing-assistant/src/server/services/config.ts">
        <metrics statements="51" coveredstatements="48" conditionals="22" coveredconditionals="13" methods="8" coveredmethods="8"/>
        <line num="36" count="3" type="stmt"/>
        <line num="37" count="3" type="stmt"/>
        <line num="38" count="3" type="stmt"/>
        <line num="41" count="3" type="stmt"/>
        <line num="49" count="5" type="stmt"/>
        <line num="50" count="5" type="stmt"/>
        <line num="54" count="8" type="stmt"/>
        <line num="56" count="8" type="stmt"/>
        <line num="58" count="8" type="stmt"/>
        <line num="59" count="8" type="cond" truecount="1" falsecount="1"/>
        <line num="60" count="8" type="stmt"/>
        <line num="61" count="8" type="cond" truecount="1" falsecount="1"/>
        <line num="64" count="0" type="stmt"/>
        <line num="67" count="8" type="stmt"/>
        <line num="69" count="8" type="stmt"/>
        <line num="70" count="8" type="cond" truecount="1" falsecount="1"/>
        <line num="71" count="8" type="stmt"/>
        <line num="72" count="8" type="cond" truecount="1" falsecount="1"/>
        <line num="75" count="0" type="stmt"/>
        <line num="78" count="8" type="stmt"/>
        <line num="80" count="8" type="stmt"/>
        <line num="81" count="8" type="cond" truecount="1" falsecount="1"/>
        <line num="82" count="8" type="stmt"/>
        <line num="83" count="8" type="cond" truecount="1" falsecount="1"/>
        <line num="86" count="0" type="stmt"/>
        <line num="91" count="7" type="stmt"/>
        <line num="95" count="4" type="stmt"/>
        <line num="99" count="4" type="stmt"/>
        <line num="103" count="5" type="stmt"/>
        <line num="106" count="5" type="cond" truecount="1" falsecount="1"/>
        <line num="107" count="5" type="stmt"/>
        <line num="108" count="5" type="stmt"/>
        <line num="109" count="5" type="stmt"/>
        <line num="110" count="5" type="stmt"/>
        <line num="114" count="5" type="cond" truecount="1" falsecount="1"/>
        <line num="115" count="5" type="stmt"/>
        <line num="116" count="5" type="stmt"/>
        <line num="117" count="5" type="stmt"/>
        <line num="118" count="5" type="stmt"/>
        <line num="122" count="5" type="cond" truecount="1" falsecount="1"/>
        <line num="123" count="5" type="stmt"/>
        <line num="124" count="5" type="stmt"/>
        <line num="125" count="5" type="stmt"/>
        <line num="126" count="5" type="stmt"/>
        <line num="129" count="5" type="cond" truecount="2" falsecount="0"/>
        <line num="130" count="2" type="stmt"/>
        <line num="133" count="5" type="stmt"/>
        <line num="138" count="14" type="stmt"/>
        <line num="141" count="20" type="cond" truecount="2" falsecount="0"/>
        <line num="142" count="3" type="stmt"/>
        <line num="144" count="20" type="stmt"/>
      </file>
      <file name="linkProposer.ts" path="/Users/thomasbcox/Projects/thomas-writing-assistant/src/server/services/linkProposer.ts">
        <metrics statements="51" coveredstatements="47" conditionals="23" coveredconditionals="15" methods="9" coveredmethods="7"/>
        <line num="25" count="5" type="stmt"/>
        <line num="27" count="5" type="cond" truecount="1" falsecount="1"/>
        <line num="28" count="5" type="cond" truecount="1" falsecount="1"/>
        <line num="29" count="5" type="cond" truecount="1" falsecount="1"/>
        <line num="31" count="5" type="stmt"/>
        <line num="38" count="5" type="stmt"/>
        <line num="42" count="5" type="cond" truecount="2" falsecount="0"/>
        <line num="43" count="1" type="stmt"/>
        <line num="48" count="1" type="stmt"/>
        <line num="51" count="4" type="stmt"/>
        <line num="59" count="4" type="stmt"/>
        <line num="65" count="4" type="stmt"/>
        <line num="69" count="4" type="stmt"/>
        <line num="71" count="4" type="stmt"/>
        <line num="79" count="4" type="stmt"/>
        <line num="80" count="4" type="stmt"/>
        <line num="91" count="4" type="stmt"/>
        <line num="98" count="4" type="cond" truecount="2" falsecount="0"/>
        <line num="99" count="1" type="stmt"/>
        <line num="104" count="1" type="stmt"/>
        <line num="108" count="3" type="stmt"/>
        <line num="117" count="3" type="stmt"/>
        <line num="118" count="3" type="stmt"/>
        <line num="124" count="2" type="stmt"/>
        <line num="132" count="3" type="stmt"/>
        <line num="154" count="3" type="stmt"/>
        <line num="161" count="3" type="stmt"/>
        <line num="165" count="3" type="stmt"/>
        <line num="182" count="3" type="stmt"/>
        <line num="184" count="0" type="stmt"/>
        <line num="187" count="3" type="stmt"/>
        <line num="191" count="3" type="stmt"/>
        <line num="201" count="3" type="stmt"/>
        <line num="229" count="3" type="stmt"/>
        <line num="230" count="3" type="stmt"/>
        <line num="242" count="3" type="stmt"/>
        <line num="243" count="3" type="stmt"/>
        <line num="244" count="3" type="stmt"/>
        <line num="246" count="3" type="stmt"/>
        <line num="253" count="3" type="cond" truecount="1" falsecount="1"/>
        <line num="260" count="3" type="stmt"/>
        <line num="267" count="3" type="stmt"/>
        <line num="269" count="3" type="stmt"/>
        <line num="270" count="3" type="stmt"/>
        <line num="272" count="3" type="cond" truecount="4" falsecount="0"/>
        <line num="273" count="2" type="stmt"/>
        <line num="284" count="3" type="stmt"/>
        <line num="291" count="3" type="stmt"/>
        <line num="293" count="0" type="stmt"/>
        <line num="299" count="0" type="stmt"/>
        <line num="305" count="0" type="stmt"/>
      </file>
      <file name="repurposer.ts" path="/Users/thomasbcox/Projects/thomas-writing-assistant/src/server/services/repurposer.ts">
        <metrics statements="40" coveredstatements="40" conditionals="26" coveredconditionals="23" methods="6" coveredmethods="6"/>
        <line num="20" count="6" type="stmt"/>
        <line num="22" count="6" type="cond" truecount="1" falsecount="1"/>
        <line num="23" count="6" type="cond" truecount="1" falsecount="1"/>
        <line num="25" count="6" type="stmt"/>
        <line num="36" count="6" type="stmt"/>
        <line num="40" count="6" type="cond" truecount="2" falsecount="0"/>
        <line num="41" count="6" type="stmt"/>
        <line num="44" count="6" type="cond" truecount="2" falsecount="0"/>
        <line num="45" count="6" type="stmt"/>
        <line num="48" count="6" type="stmt"/>
        <line num="70" count="6" type="stmt"/>
        <line num="71" count="6" type="stmt"/>
        <line num="80" count="6" type="stmt"/>
        <line num="81" count="6" type="stmt"/>
        <line num="82" count="5" type="stmt"/>
        <line num="84" count="5" type="stmt"/>
        <line num="91" count="5" type="stmt"/>
        <line num="94" count="5" type="cond" truecount="4" falsecount="0"/>
        <line num="95" count="4" type="stmt"/>
        <line num="96" count="11" type="stmt"/>
        <line num="101" count="4" type="stmt"/>
        <line num="109" count="5" type="cond" truecount="2" falsecount="0"/>
        <line num="110" count="3" type="stmt"/>
        <line num="114" count="3" type="stmt"/>
        <line num="121" count="5" type="cond" truecount="2" falsecount="0"/>
        <line num="122" count="3" type="stmt"/>
        <line num="126" count="3" type="stmt"/>
        <line num="133" count="5" type="cond" truecount="4" falsecount="0"/>
        <line num="134" count="3" type="stmt"/>
        <line num="135" count="6" type="stmt"/>
        <line num="140" count="3" type="stmt"/>
        <line num="147" count="5" type="stmt"/>
        <line num="148" count="5" type="stmt"/>
        <line num="154" count="23" type="stmt"/>
        <line num="157" count="5" type="stmt"/>
        <line num="159" count="1" type="stmt"/>
        <line num="160" count="1" type="cond" truecount="1" falsecount="1"/>
        <line num="162" count="1" type="stmt"/>
        <line num="168" count="1" type="stmt"/>
        <line num="177" count="1" type="stmt"/>
      </file>
    </package>
    <package name="src.server.services.llm">
      <metrics statements="48" coveredstatements="31" conditionals="36" coveredconditionals="21" methods="13" coveredmethods="11"/>
      <file name="client.ts" path="/Users/thomasbcox/Projects/thomas-writing-assistant/src/server/services/llm/client.ts">
        <metrics statements="48" coveredstatements="31" conditionals="36" coveredconditionals="21" methods="13" coveredmethods="11"/>
        <line num="16" count="4" type="cond" truecount="2" falsecount="0"/>
        <line num="17" count="4" type="cond" truecount="2" falsecount="0"/>
        <line num="18" count="4" type="cond" truecount="2" falsecount="0"/>
        <line num="20" count="4" type="stmt"/>
        <line num="21" count="4" type="stmt"/>
        <line num="22" count="4" type="stmt"/>
        <line num="25" count="4" type="cond" truecount="2" falsecount="0"/>
        <line num="26" count="3" type="cond" truecount="1" falsecount="1"/>
        <line num="27" count="0" type="stmt"/>
        <line num="29" count="3" type="stmt"/>
        <line num="32" count="1" type="cond" truecount="1" falsecount="1"/>
        <line num="33" count="0" type="stmt"/>
        <line num="35" count="1" type="stmt"/>
        <line num="44" count="2" type="cond" truecount="1" falsecount="1"/>
        <line num="45" count="2" type="stmt"/>
        <line num="47" count="0" type="cond" truecount="0" falsecount="2"/>
        <line num="48" count="0" type="stmt"/>
        <line num="50" count="0" type="stmt"/>
        <line num="57" count="4" type="cond" truecount="2" falsecount="0"/>
        <line num="59" count="3" type="stmt"/>
        <line num="61" count="1" type="stmt"/>
        <line num="65" count="2" type="stmt"/>
        <line num="66" count="2" type="cond" truecount="3" falsecount="1"/>
        <line num="67" count="2" type="stmt"/>
        <line num="72" count="2" type="stmt"/>
        <line num="73" count="2" type="cond" truecount="3" falsecount="1"/>
        <line num="74" count="2" type="stmt"/>
        <line num="79" count="0" type="cond" truecount="0" falsecount="2"/>
        <line num="80" count="0" type="stmt"/>
        <line num="83" count="0" type="stmt"/>
        <line num="84" count="0" type="stmt"/>
        <line num="86" count="0" type="cond" truecount="0" falsecount="2"/>
        <line num="87" count="0" type="cond" truecount="0" falsecount="2"/>
        <line num="88" count="0" type="stmt"/>
        <line num="90" count="0" type="stmt"/>
        <line num="92" count="0" type="cond" truecount="0" falsecount="2"/>
        <line num="93" count="0" type="stmt"/>
        <line num="95" count="0" type="stmt"/>
        <line num="100" count="7" type="stmt"/>
        <line num="104" count="5" type="stmt"/>
        <line num="108" count="4" type="stmt"/>
        <line num="117" count="0" type="stmt"/>
        <line num="124" count="1" type="stmt"/>
        <line num="129" count="14" type="stmt"/>
        <line num="132" count="5" type="cond" truecount="2" falsecount="0"/>
        <line num="133" count="2" type="stmt"/>
        <line num="135" count="5" type="stmt"/>
        <line num="142" count="4" type="stmt"/>
      </file>
    </package>
    <package name="src.server.services.llm.providers">
      <metrics statements="91" coveredstatements="44" conditionals="62" coveredconditionals="15" methods="20" coveredmethods="11"/>
      <file name="gemini.ts" path="/Users/thomasbcox/Projects/thomas-writing-assistant/src/server/services/llm/providers/gemini.ts">
        <metrics statements="69" coveredstatements="40" conditionals="48" coveredconditionals="14" methods="13" coveredmethods="10"/>
        <line num="9" count="3" type="stmt"/>
        <line num="12" count="3" type="cond" truecount="1" falsecount="1"/>
        <line num="13" count="0" type="stmt"/>
        <line num="16" count="3" type="stmt"/>
        <line num="17" count="3" type="stmt"/>
        <line num="18" count="3" type="stmt"/>
        <line num="19" count="3" type="stmt"/>
        <line num="27" count="1" type="cond" truecount="1" falsecount="1"/>
        <line num="28" count="0" type="stmt"/>
        <line num="31" count="1" type="stmt"/>
        <line num="32" count="1" type="stmt"/>
        <line num="35" count="1" type="cond" truecount="1" falsecount="1"/>
        <line num="36" count="0" type="stmt"/>
        <line num="38" count="1" type="stmt"/>
        <line num="39" count="1" type="cond" truecount="1" falsecount="1"/>
        <line num="40" count="1" type="stmt"/>
        <line num="41" count="50" type="stmt"/>
        <line num="42" count="50" type="stmt"/>
        <line num="43" count="1" type="stmt"/>
        <line num="47" count="0" type="stmt"/>
        <line num="51" count="0" type="stmt"/>
        <line num="59" count="0" type="stmt"/>
        <line num="68" count="1" type="stmt"/>
        <line num="78" count="1" type="stmt"/>
        <line num="79" count="1" type="stmt"/>
        <line num="80" count="1" type="stmt"/>
        <line num="83" count="0" type="stmt"/>
        <line num="87" count="1" type="stmt"/>
        <line num="88" count="6" type="cond" truecount="2" falsecount="0"/>
        <line num="90" count="30" type="stmt"/>
        <line num="96" count="1" type="cond" truecount="1" falsecount="1"/>
        <line num="100" count="2" type="stmt"/>
        <line num="104" count="2" type="stmt"/>
        <line num="114" count="0" type="cond" truecount="0" falsecount="2"/>
        <line num="119" count="0" type="stmt"/>
        <line num="120" count="0" type="stmt"/>
        <line num="128" count="0" type="stmt"/>
        <line num="129" count="0" type="stmt"/>
        <line num="130" count="0" type="cond" truecount="0" falsecount="2"/>
        <line num="133" count="0" type="cond" truecount="0" falsecount="2"/>
        <line num="134" count="0" type="cond" truecount="0" falsecount="4"/>
        <line num="135" count="0" type="stmt"/>
        <line num="136" count="0" type="cond" truecount="0" falsecount="2"/>
        <line num="137" count="0" type="stmt"/>
        <line num="138" count="0" type="stmt"/>
        <line num="145" count="0" type="stmt"/>
        <line num="146" count="0" type="stmt"/>
        <line num="147" count="0" type="cond" truecount="0" falsecount="2"/>
        <line num="151" count="0" type="stmt"/>
        <line num="160" count="1" type="cond" truecount="1" falsecount="1"/>
        <line num="165" count="1" type="stmt"/>
        <line num="166" count="1" type="stmt"/>
        <line num="174" count="1" type="stmt"/>
        <line num="175" count="0" type="stmt"/>
        <line num="176" count="0" type="cond" truecount="0" falsecount="2"/>
        <line num="177" count="0" type="stmt"/>
        <line num="180" count="1" type="cond" truecount="1" falsecount="1"/>
        <line num="181" count="1" type="cond" truecount="2" falsecount="2"/>
        <line num="182" count="1" type="stmt"/>
        <line num="183" count="1" type="cond" truecount="1" falsecount="1"/>
        <line num="184" count="1" type="stmt"/>
        <line num="185" count="1" type="stmt"/>
        <line num="192" count="1" type="stmt"/>
        <line num="193" count="1" type="stmt"/>
        <line num="194" count="1" type="cond" truecount="1" falsecount="1"/>
        <line num="195" count="1" type="stmt"/>
        <line num="199" count="0" type="stmt"/>
        <line num="204" count="0" type="stmt"/>
        <line num="208" count="0" type="stmt"/>
      </file>
      <file name="openai.ts" path="/Users/thomasbcox/Projects/thomas-writing-assistant/src/server/services/llm/providers/openai.ts">
        <metrics statements="22" coveredstatements="4" conditionals="14" coveredconditionals="1" methods="7" coveredmethods="1"/>
        <line num="10" count="1" type="cond" truecount="1" falsecount="1"/>
        <line num="11" count="0" type="stmt"/>
        <line num="14" count="1" type="stmt"/>
        <line num="15" count="1" type="stmt"/>
        <line num="16" count="1" type="stmt"/>
        <line num="20" count="0" type="stmt"/>
        <line num="24" count="0" type="stmt"/>
        <line num="33" count="0" type="stmt"/>
        <line num="35" count="0" type="cond" truecount="0" falsecount="2"/>
        <line num="36" count="0" type="stmt"/>
        <line num="39" count="0" type="stmt"/>
        <line num="41" count="0" type="stmt"/>
        <line num="48" count="0" type="cond" truecount="0" falsecount="2"/>
        <line num="55" count="0" type="stmt"/>
        <line num="57" count="0" type="cond" truecount="0" falsecount="2"/>
        <line num="58" count="0" type="stmt"/>
        <line num="61" count="0" type="stmt"/>
        <line num="63" count="0" type="stmt"/>
        <line num="70" count="0" type="cond" truecount="0" falsecount="2"/>
        <line num="71" count="0" type="stmt"/>
        <line num="75" count="0" type="stmt"/>
        <line num="79" count="0" type="stmt"/>
      </file>
    </package>
    <package name="src.test">
      <metrics statements="28" coveredstatements="25" conditionals="3" coveredconditionals="2" methods="9" coveredmethods="8"/>
      <file name="test-utils.ts" path="/Users/thomasbcox/Projects/thomas-writing-assistant/src/test/test-utils.ts">
        <metrics statements="28" coveredstatements="25" conditionals="3" coveredconditionals="2" methods="9" coveredmethods="8"/>
        <line num="14" count="14" type="stmt"/>
        <line num="15" count="14" type="stmt"/>
        <line num="20" count="14" type="stmt"/>
        <line num="28" count="3" type="cond" truecount="2" falsecount="0"/>
        <line num="29" count="1" type="stmt"/>
        <line num="32" count="3" type="stmt"/>
        <line num="33" count="3" type="stmt"/>
        <line num="38" count="3" type="stmt"/>
        <line num="46" count="8" type="stmt"/>
        <line num="47" count="214" type="stmt"/>
        <line num="53" count="8" type="stmt"/>
        <line num="54" count="8" type="stmt"/>
        <line num="62" count="91" type="stmt"/>
        <line num="63" count="91" type="stmt"/>
        <line num="64" count="91" type="stmt"/>
        <line num="65" count="91" type="stmt"/>
        <line num="66" count="91" type="stmt"/>
        <line num="67" count="91" type="stmt"/>
        <line num="68" count="91" type="stmt"/>
        <line num="84" count="0" type="stmt"/>
        <line num="85" count="0" type="stmt"/>
        <line num="89" count="0" type="stmt"/>
        <line num="104" count="16" type="stmt"/>
        <line num="198" count="16" type="stmt"/>
        <line num="200" count="288" type="stmt"/>
        <line num="201" count="288" type="stmt"/>
        <line num="203" count="16" type="stmt"/>
        <line num="204" count="272" type="stmt"/>
      </file>
    </package>
    <package name="src.test.mocks">
      <metrics statements="30" coveredstatements="14" conditionals="10" coveredconditionals="3" methods="20" coveredmethods="8"/>
      <file name="config-loader.ts" path="/Users/thomasbcox/Projects/thomas-writing-assistant/src/test/mocks/config-loader.ts">
        <metrics statements="13" coveredstatements="6" conditionals="6" coveredconditionals="2" methods="9" coveredmethods="3"/>
        <line num="10" count="24" type="stmt"/>
        <line num="11" count="24" type="stmt"/>
        <line num="12" count="24" type="stmt"/>
        <line num="15" count="24" type="stmt"/>
        <line num="19" count="0" type="stmt"/>
        <line num="23" count="0" type="stmt"/>
        <line num="27" count="0" type="stmt"/>
        <line num="31" count="22" type="cond" truecount="1" falsecount="1"/>
        <line num="32" count="22" type="cond" truecount="1" falsecount="1"/>
        <line num="34" count="0" type="cond" truecount="0" falsecount="2"/>
        <line num="38" count="0" type="stmt"/>
        <line num="42" count="0" type="stmt"/>
        <line num="46" count="0" type="stmt"/>
      </file>
      <file name="llm-client.ts" path="/Users/thomasbcox/Projects/thomas-writing-assistant/src/test/mocks/llm-client.ts">
        <metrics statements="17" coveredstatements="8" conditionals="4" coveredconditionals="1" methods="11" coveredmethods="5"/>
        <line num="18" count="24" type="stmt"/>
        <line num="19" count="24" type="stmt"/>
        <line num="20" count="24" type="stmt"/>
        <line num="25" count="24" type="stmt"/>
        <line num="36" count="0" type="stmt"/>
        <line num="40" count="0" type="stmt"/>
        <line num="44" count="0" type="stmt"/>
        <line num="48" count="0" type="stmt"/>
        <line num="55" count="22" type="cond" truecount="1" falsecount="1"/>
        <line num="56" count="22" type="stmt"/>
        <line num="59" count="0" type="stmt"/>
        <line num="68" count="0" type="cond" truecount="0" falsecount="2"/>
        <line num="69" count="0" type="stmt"/>
        <line num="71" count="0" type="stmt"/>
        <line num="75" count="23" type="stmt"/>
        <line num="79" count="24" type="stmt"/>
        <line num="83" count="0" type="stmt"/>
      </file>
    </package>
  </project>
</coverage>
