{"total": {"lines":{"total":3791,"covered":2108,"skipped":0,"pct":55.6},"statements":{"total":3969,"covered":2191,"skipped":0,"pct":55.2},"functions":{"total":1229,"covered":527,"skipped":0,"pct":42.88},"branches":{"total":3027,"covered":1423,"skipped":0,"pct":47.01},"branchesTrue":{"total":0,"covered":0,"skipped":0,"pct":100}}
,"/Users/thomasbcox/Projects/thomas-writing-assistant/src/App.tsx": {"lines":{"total":8,"covered":0,"skipped":0,"pct":0},"functions":{"total":5,"covered":0,"skipped":0,"pct":0},"statements":{"total":8,"covered":0,"skipped":0,"pct":0},"branches":{"total":4,"covered":0,"skipped":0,"pct":0}}
,"/Users/thomasbcox/Projects/thomas-writing-assistant/src/env.ts": {"lines":{"total":6,"covered":6,"skipped":0,"pct":100},"functions":{"total":2,"covered":2,"skipped":0,"pct":100},"statements":{"total":6,"covered":6,"skipped":0,"pct":100},"branches":{"total":6,"covered":3,"skipped":0,"pct":50}}
,"/Users/thomasbcox/Projects/thomas-writing-assistant/src/main.tsx": {"lines":{"total":1,"covered":0,"skipped":0,"pct":0},"functions":{"total":0,"covered":0,"skipped":0,"pct":100},"statements":{"total":1,"covered":0,"skipped":0,"pct":0},"branches":{"total":0,"covered":0,"skipped":0,"pct":100}}
,"/Users/thomasbcox/Projects/thomas-writing-assistant/src/components/AnchorEditor.tsx": {"lines":{"total":44,"covered":33,"skipped":0,"pct":75},"functions":{"total":23,"covered":17,"skipped":0,"pct":73.91},"statements":{"total":44,"covered":33,"skipped":0,"pct":75},"branches":{"total":16,"covered":13,"skipped":0,"pct":81.25}}
,"/Users/thomasbcox/Projects/thomas-writing-assistant/src/components/BlogPostsTab.tsx": {"lines":{"total":60,"covered":30,"skipped":0,"pct":50},"functions":{"total":26,"covered":10,"skipped":0,"pct":38.46},"statements":{"total":65,"covered":30,"skipped":0,"pct":46.15},"branches":{"total":46,"covered":25,"skipped":0,"pct":54.34}}
,"/Users/thomasbcox/Projects/thomas-writing-assistant/src/components/CapsulesTab.tsx": {"lines":{"total":75,"covered":34,"skipped":0,"pct":45.33},"functions":{"total":33,"covered":6,"skipped":0,"pct":18.18},"statements":{"total":79,"covered":35,"skipped":0,"pct":44.3},"branches":{"total":20,"covered":4,"skipped":0,"pct":20}}
,"/Users/thomasbcox/Projects/thomas-writing-assistant/src/components/ConceptActions.tsx": {"lines":{"total":6,"covered":6,"skipped":0,"pct":100},"functions":{"total":5,"covered":5,"skipped":0,"pct":100},"statements":{"total":6,"covered":6,"skipped":0,"pct":100},"branches":{"total":6,"covered":6,"skipped":0,"pct":100}}
,"/Users/thomasbcox/Projects/thomas-writing-assistant/src/components/ConceptCandidateList.tsx": {"lines":{"total":34,"covered":10,"skipped":0,"pct":29.41},"functions":{"total":19,"covered":2,"skipped":0,"pct":10.52},"statements":{"total":34,"covered":10,"skipped":0,"pct":29.41},"branches":{"total":38,"covered":19,"skipped":0,"pct":50}}
,"/Users/thomasbcox/Projects/thomas-writing-assistant/src/components/ConceptCreateForm.tsx": {"lines":{"total":14,"covered":13,"skipped":0,"pct":92.85},"functions":{"total":8,"covered":8,"skipped":0,"pct":100},"statements":{"total":14,"covered":13,"skipped":0,"pct":92.85},"branches":{"total":8,"covered":7,"skipped":0,"pct":87.5}}
,"/Users/thomasbcox/Projects/thomas-writing-assistant/src/components/ConceptEditor.tsx": {"lines":{"total":20,"covered":0,"skipped":0,"pct":0},"functions":{"total":10,"covered":0,"skipped":0,"pct":0},"statements":{"total":20,"covered":0,"skipped":0,"pct":0},"branches":{"total":9,"covered":0,"skipped":0,"pct":0}}
,"/Users/thomasbcox/Projects/thomas-writing-assistant/src/components/ConceptGenerationStatus.tsx": {"lines":{"total":2,"covered":2,"skipped":0,"pct":100},"functions":{"total":1,"covered":1,"skipped":0,"pct":100},"statements":{"total":3,"covered":3,"skipped":0,"pct":100},"branches":{"total":7,"covered":7,"skipped":0,"pct":100}}
,"/Users/thomasbcox/Projects/thomas-writing-assistant/src/components/ConceptList.tsx": {"lines":{"total":15,"covered":0,"skipped":0,"pct":0},"functions":{"total":8,"covered":0,"skipped":0,"pct":0},"statements":{"total":16,"covered":0,"skipped":0,"pct":0},"branches":{"total":27,"covered":0,"skipped":0,"pct":0}}
,"/Users/thomasbcox/Projects/thomas-writing-assistant/src/components/ConceptViewer.tsx": {"lines":{"total":1,"covered":0,"skipped":0,"pct":0},"functions":{"total":1,"covered":0,"skipped":0,"pct":0},"statements":{"total":1,"covered":0,"skipped":0,"pct":0},"branches":{"total":2,"covered":0,"skipped":0,"pct":0}}
,"/Users/thomasbcox/Projects/thomas-writing-assistant/src/components/ConceptsTab.tsx": {"lines":{"total":174,"covered":71,"skipped":0,"pct":40.8},"functions":{"total":67,"covered":18,"skipped":0,"pct":26.86},"statements":{"total":190,"covered":78,"skipped":0,"pct":41.05},"branches":{"total":113,"covered":50,"skipped":0,"pct":44.24}}
,"/Users/thomasbcox/Projects/thomas-writing-assistant/src/components/ConfigTab.tsx": {"lines":{"total":58,"covered":46,"skipped":0,"pct":79.31},"functions":{"total":30,"covered":17,"skipped":0,"pct":56.66},"statements":{"total":63,"covered":47,"skipped":0,"pct":74.6},"branches":{"total":57,"covered":39,"skipped":0,"pct":68.42}}
,"/Users/thomasbcox/Projects/thomas-writing-assistant/src/components/Dashboard.tsx": {"lines":{"total":51,"covered":38,"skipped":0,"pct":74.5},"functions":{"total":22,"covered":9,"skipped":0,"pct":40.9},"statements":{"total":63,"covered":40,"skipped":0,"pct":63.49},"branches":{"total":118,"covered":70,"skipped":0,"pct":59.32}}
,"/Users/thomasbcox/Projects/thomas-writing-assistant/src/components/ErrorBoundary.tsx": {"lines":{"total":11,"covered":11,"skipped":0,"pct":100},"functions":{"total":6,"covered":6,"skipped":0,"pct":100},"statements":{"total":11,"covered":11,"skipped":0,"pct":100},"branches":{"total":6,"covered":6,"skipped":0,"pct":100}}
,"/Users/thomasbcox/Projects/thomas-writing-assistant/src/components/LinkList.tsx": {"lines":{"total":46,"covered":25,"skipped":0,"pct":54.34},"functions":{"total":23,"covered":8,"skipped":0,"pct":34.78},"statements":{"total":48,"covered":27,"skipped":0,"pct":56.25},"branches":{"total":77,"covered":47,"skipped":0,"pct":61.03}}
,"/Users/thomasbcox/Projects/thomas-writing-assistant/src/components/LinkNameManager.tsx": {"lines":{"total":88,"covered":0,"skipped":0,"pct":0},"functions":{"total":32,"covered":0,"skipped":0,"pct":0},"statements":{"total":88,"covered":0,"skipped":0,"pct":0},"branches":{"total":100,"covered":0,"skipped":0,"pct":0}}
,"/Users/thomasbcox/Projects/thomas-writing-assistant/src/components/LinkProposer.tsx": {"lines":{"total":73,"covered":0,"skipped":0,"pct":0},"functions":{"total":18,"covered":0,"skipped":0,"pct":0},"statements":{"total":76,"covered":0,"skipped":0,"pct":0},"branches":{"total":124,"covered":0,"skipped":0,"pct":0}}
,"/Users/thomasbcox/Projects/thomas-writing-assistant/src/components/LinksTab.tsx": {"lines":{"total":61,"covered":38,"skipped":0,"pct":62.29},"functions":{"total":20,"covered":10,"skipped":0,"pct":50},"statements":{"total":65,"covered":41,"skipped":0,"pct":63.07},"branches":{"total":53,"covered":24,"skipped":0,"pct":45.28}}
,"/Users/thomasbcox/Projects/thomas-writing-assistant/src/components/ManualLinkForm.tsx": {"lines":{"total":25,"covered":17,"skipped":0,"pct":68},"functions":{"total":14,"covered":8,"skipped":0,"pct":57.14},"statements":{"total":25,"covered":17,"skipped":0,"pct":68},"branches":{"total":37,"covered":16,"skipped":0,"pct":43.24}}
,"/Users/thomasbcox/Projects/thomas-writing-assistant/src/components/OfferManager.tsx": {"lines":{"total":65,"covered":0,"skipped":0,"pct":0},"functions":{"total":31,"covered":0,"skipped":0,"pct":0},"statements":{"total":66,"covered":0,"skipped":0,"pct":0},"branches":{"total":61,"covered":0,"skipped":0,"pct":0}}
,"/Users/thomasbcox/Projects/thomas-writing-assistant/src/components/PDFUploader.tsx": {"lines":{"total":42,"covered":0,"skipped":0,"pct":0},"functions":{"total":7,"covered":0,"skipped":0,"pct":0},"statements":{"total":43,"covered":0,"skipped":0,"pct":0},"branches":{"total":22,"covered":0,"skipped":0,"pct":0}}
,"/Users/thomasbcox/Projects/thomas-writing-assistant/src/components/SettingsTab.tsx": {"lines":{"total":47,"covered":24,"skipped":0,"pct":51.06},"functions":{"total":21,"covered":5,"skipped":0,"pct":23.8},"statements":{"total":53,"covered":24,"skipped":0,"pct":45.28},"branches":{"total":45,"covered":21,"skipped":0,"pct":46.66}}
,"/Users/thomasbcox/Projects/thomas-writing-assistant/src/components/TextInputForm.tsx": {"lines":{"total":6,"covered":1,"skipped":0,"pct":16.66},"functions":{"total":6,"covered":1,"skipped":0,"pct":16.66},"statements":{"total":6,"covered":1,"skipped":0,"pct":16.66},"branches":{"total":5,"covered":3,"skipped":0,"pct":60}}
,"/Users/thomasbcox/Projects/thomas-writing-assistant/src/components/TextInputTab.tsx": {"lines":{"total":52,"covered":0,"skipped":0,"pct":0},"functions":{"total":15,"covered":0,"skipped":0,"pct":0},"statements":{"total":55,"covered":0,"skipped":0,"pct":0},"branches":{"total":31,"covered":0,"skipped":0,"pct":0}}
,"/Users/thomasbcox/Projects/thomas-writing-assistant/src/components/capsules/AnchorCard.tsx": {"lines":{"total":22,"covered":0,"skipped":0,"pct":0},"functions":{"total":13,"covered":0,"skipped":0,"pct":0},"statements":{"total":22,"covered":0,"skipped":0,"pct":0},"branches":{"total":35,"covered":0,"skipped":0,"pct":0}}
,"/Users/thomasbcox/Projects/thomas-writing-assistant/src/components/capsules/CapsuleCard.tsx": {"lines":{"total":3,"covered":0,"skipped":0,"pct":0},"functions":{"total":3,"covered":0,"skipped":0,"pct":0},"statements":{"total":3,"covered":0,"skipped":0,"pct":0},"branches":{"total":18,"covered":0,"skipped":0,"pct":0}}
,"/Users/thomasbcox/Projects/thomas-writing-assistant/src/components/capsules/CapsuleInfoSection.tsx": {"lines":{"total":3,"covered":0,"skipped":0,"pct":0},"functions":{"total":2,"covered":0,"skipped":0,"pct":0},"statements":{"total":3,"covered":0,"skipped":0,"pct":0},"branches":{"total":4,"covered":0,"skipped":0,"pct":0}}
,"/Users/thomasbcox/Projects/thomas-writing-assistant/src/components/capsules/CapsuleList.tsx": {"lines":{"total":2,"covered":0,"skipped":0,"pct":0},"functions":{"total":2,"covered":0,"skipped":0,"pct":0},"statements":{"total":2,"covered":0,"skipped":0,"pct":0},"branches":{"total":6,"covered":0,"skipped":0,"pct":0}}
,"/Users/thomasbcox/Projects/thomas-writing-assistant/src/components/capsules/CreateCapsuleForm.tsx": {"lines":{"total":41,"covered":29,"skipped":0,"pct":70.73},"functions":{"total":13,"covered":9,"skipped":0,"pct":69.23},"statements":{"total":43,"covered":29,"skipped":0,"pct":67.44},"branches":{"total":27,"covered":15,"skipped":0,"pct":55.55}}
,"/Users/thomasbcox/Projects/thomas-writing-assistant/src/components/capsules/DerivativeItem.tsx": {"lines":{"total":18,"covered":0,"skipped":0,"pct":0},"functions":{"total":8,"covered":0,"skipped":0,"pct":0},"statements":{"total":18,"covered":0,"skipped":0,"pct":0},"branches":{"total":7,"covered":0,"skipped":0,"pct":0}}
,"/Users/thomasbcox/Projects/thomas-writing-assistant/src/components/capsules/DerivativeList.tsx": {"lines":{"total":13,"covered":0,"skipped":0,"pct":0},"functions":{"total":6,"covered":0,"skipped":0,"pct":0},"statements":{"total":14,"covered":0,"skipped":0,"pct":0},"branches":{"total":16,"covered":0,"skipped":0,"pct":0}}
,"/Users/thomasbcox/Projects/thomas-writing-assistant/src/components/capsules/PDFProcessingStatus.tsx": {"lines":{"total":5,"covered":0,"skipped":0,"pct":0},"functions":{"total":4,"covered":0,"skipped":0,"pct":0},"statements":{"total":6,"covered":0,"skipped":0,"pct":0},"branches":{"total":19,"covered":0,"skipped":0,"pct":0}}
,"/Users/thomasbcox/Projects/thomas-writing-assistant/src/components/capsules/PDFUploadSection.tsx": {"lines":{"total":71,"covered":0,"skipped":0,"pct":0},"functions":{"total":16,"covered":0,"skipped":0,"pct":0},"statements":{"total":71,"covered":0,"skipped":0,"pct":0},"branches":{"total":46,"covered":0,"skipped":0,"pct":0}}
,"/Users/thomasbcox/Projects/thomas-writing-assistant/src/components/enrichment/ConceptEnrichmentStudio.tsx": {"lines":{"total":118,"covered":0,"skipped":0,"pct":0},"functions":{"total":35,"covered":0,"skipped":0,"pct":0},"statements":{"total":139,"covered":0,"skipped":0,"pct":0},"branches":{"total":124,"covered":0,"skipped":0,"pct":0}}
,"/Users/thomasbcox/Projects/thomas-writing-assistant/src/components/enrichment/EnrichmentChatPanel.tsx": {"lines":{"total":16,"covered":0,"skipped":0,"pct":0},"functions":{"total":8,"covered":0,"skipped":0,"pct":0},"statements":{"total":16,"covered":0,"skipped":0,"pct":0},"branches":{"total":20,"covered":0,"skipped":0,"pct":0}}
,"/Users/thomasbcox/Projects/thomas-writing-assistant/src/components/enrichment/EnrichmentEditorPanel.tsx": {"lines":{"total":21,"covered":0,"skipped":0,"pct":0},"functions":{"total":19,"covered":0,"skipped":0,"pct":0},"statements":{"total":22,"covered":0,"skipped":0,"pct":0},"branches":{"total":44,"covered":0,"skipped":0,"pct":0}}
,"/Users/thomasbcox/Projects/thomas-writing-assistant/src/components/ui/ConfirmDialog.tsx": {"lines":{"total":3,"covered":3,"skipped":0,"pct":100},"functions":{"total":1,"covered":1,"skipped":0,"pct":100},"statements":{"total":4,"covered":4,"skipped":0,"pct":100},"branches":{"total":7,"covered":7,"skipped":0,"pct":100}}
,"/Users/thomasbcox/Projects/thomas-writing-assistant/src/components/ui/ContextualHelp.tsx": {"lines":{"total":6,"covered":0,"skipped":0,"pct":0},"functions":{"total":4,"covered":0,"skipped":0,"pct":0},"statements":{"total":6,"covered":0,"skipped":0,"pct":0},"branches":{"total":3,"covered":0,"skipped":0,"pct":0}}
,"/Users/thomasbcox/Projects/thomas-writing-assistant/src/components/ui/DataQualityIndicator.tsx": {"lines":{"total":11,"covered":0,"skipped":0,"pct":0},"functions":{"total":1,"covered":0,"skipped":0,"pct":0},"statements":{"total":11,"covered":0,"skipped":0,"pct":0},"branches":{"total":49,"covered":0,"skipped":0,"pct":0}}
,"/Users/thomasbcox/Projects/thomas-writing-assistant/src/components/ui/EmptyState.tsx": {"lines":{"total":1,"covered":1,"skipped":0,"pct":100},"functions":{"total":1,"covered":1,"skipped":0,"pct":100},"statements":{"total":1,"covered":1,"skipped":0,"pct":100},"branches":{"total":3,"covered":3,"skipped":0,"pct":100}}
,"/Users/thomasbcox/Projects/thomas-writing-assistant/src/components/ui/HealthStatusCard.tsx": {"lines":{"total":50,"covered":33,"skipped":0,"pct":66},"functions":{"total":10,"covered":7,"skipped":0,"pct":70},"statements":{"total":54,"covered":35,"skipped":0,"pct":64.81},"branches":{"total":61,"covered":25,"skipped":0,"pct":40.98}}
,"/Users/thomasbcox/Projects/thomas-writing-assistant/src/components/ui/InputDialog.tsx": {"lines":{"total":15,"covered":15,"skipped":0,"pct":100},"functions":{"total":5,"covered":5,"skipped":0,"pct":100},"statements":{"total":16,"covered":16,"skipped":0,"pct":100},"branches":{"total":14,"covered":12,"skipped":0,"pct":85.71}}
,"/Users/thomasbcox/Projects/thomas-writing-assistant/src/components/ui/LoadingSpinner.tsx": {"lines":{"total":3,"covered":2,"skipped":0,"pct":66.66},"functions":{"total":2,"covered":1,"skipped":0,"pct":50},"statements":{"total":3,"covered":2,"skipped":0,"pct":66.66},"branches":{"total":1,"covered":1,"skipped":0,"pct":100}}
,"/Users/thomasbcox/Projects/thomas-writing-assistant/src/components/ui/SearchableSelect.tsx": {"lines":{"total":31,"covered":0,"skipped":0,"pct":0},"functions":{"total":14,"covered":0,"skipped":0,"pct":0},"statements":{"total":33,"covered":0,"skipped":0,"pct":0},"branches":{"total":32,"covered":0,"skipped":0,"pct":0}}
,"/Users/thomasbcox/Projects/thomas-writing-assistant/src/components/ui/Toast.tsx": {"lines":{"total":16,"covered":16,"skipped":0,"pct":100},"functions":{"total":13,"covered":13,"skipped":0,"pct":100},"statements":{"total":20,"covered":20,"skipped":0,"pct":100},"branches":{"total":7,"covered":7,"skipped":0,"pct":100}}
,"/Users/thomasbcox/Projects/thomas-writing-assistant/src/hooks/useDatabaseToggle.ts": {"lines":{"total":7,"covered":7,"skipped":0,"pct":100},"functions":{"total":2,"covered":2,"skipped":0,"pct":100},"statements":{"total":7,"covered":7,"skipped":0,"pct":100},"branches":{"total":2,"covered":2,"skipped":0,"pct":100}}
,"/Users/thomasbcox/Projects/thomas-writing-assistant/src/hooks/useErrorHandler.ts": {"lines":{"total":32,"covered":32,"skipped":0,"pct":100},"functions":{"total":15,"covered":15,"skipped":0,"pct":100},"statements":{"total":37,"covered":37,"skipped":0,"pct":100},"branches":{"total":13,"covered":13,"skipped":0,"pct":100}}
,"/Users/thomasbcox/Projects/thomas-writing-assistant/src/hooks/useIPC.ts": {"lines":{"total":176,"covered":80,"skipped":0,"pct":45.45},"functions":{"total":110,"covered":25,"skipped":0,"pct":22.72},"statements":{"total":176,"covered":80,"skipped":0,"pct":45.45},"branches":{"total":47,"covered":24,"skipped":0,"pct":51.06}}
,"/Users/thomasbcox/Projects/thomas-writing-assistant/src/hooks/useTimer.ts": {"lines":{"total":21,"covered":21,"skipped":0,"pct":100},"functions":{"total":5,"covered":5,"skipped":0,"pct":100},"statements":{"total":21,"covered":21,"skipped":0,"pct":100},"branches":{"total":6,"covered":5,"skipped":0,"pct":83.33}}
,"/Users/thomasbcox/Projects/thomas-writing-assistant/src/lib/data-validation.ts": {"lines":{"total":47,"covered":43,"skipped":0,"pct":91.48},"functions":{"total":12,"covered":9,"skipped":0,"pct":75},"statements":{"total":50,"covered":46,"skipped":0,"pct":92},"branches":{"total":46,"covered":45,"skipped":0,"pct":97.82}}
,"/Users/thomasbcox/Projects/thomas-writing-assistant/src/lib/error-messages.ts": {"lines":{"total":38,"covered":38,"skipped":0,"pct":100},"functions":{"total":2,"covered":2,"skipped":0,"pct":100},"statements":{"total":38,"covered":38,"skipped":0,"pct":100},"branches":{"total":71,"covered":71,"skipped":0,"pct":100}}
,"/Users/thomasbcox/Projects/thomas-writing-assistant/src/lib/ipc-client.ts": {"lines":{"total":251,"covered":178,"skipped":0,"pct":70.91},"functions":{"total":61,"covered":56,"skipped":0,"pct":91.8},"statements":{"total":253,"covered":179,"skipped":0,"pct":70.75},"branches":{"total":252,"covered":177,"skipped":0,"pct":70.23}}
,"/Users/thomasbcox/Projects/thomas-writing-assistant/src/lib/json-utils.ts": {"lines":{"total":21,"covered":21,"skipped":0,"pct":100},"functions":{"total":3,"covered":3,"skipped":0,"pct":100},"statements":{"total":23,"covered":23,"skipped":0,"pct":100},"branches":{"total":10,"covered":8,"skipped":0,"pct":80}}
,"/Users/thomasbcox/Projects/thomas-writing-assistant/src/lib/logger.ts": {"lines":{"total":57,"covered":23,"skipped":0,"pct":40.35},"functions":{"total":13,"covered":9,"skipped":0,"pct":69.23},"statements":{"total":57,"covered":23,"skipped":0,"pct":40.35},"branches":{"total":53,"covered":18,"skipped":0,"pct":33.96}}
,"/Users/thomasbcox/Projects/thomas-writing-assistant/src/lib/serializers.ts": {"lines":{"total":14,"covered":0,"skipped":0,"pct":0},"functions":{"total":14,"covered":0,"skipped":0,"pct":0},"statements":{"total":14,"covered":0,"skipped":0,"pct":0},"branches":{"total":18,"covered":0,"skipped":0,"pct":0}}
,"/Users/thomasbcox/Projects/thomas-writing-assistant/src/lib/text-processing.ts": {"lines":{"total":35,"covered":30,"skipped":0,"pct":85.71},"functions":{"total":1,"covered":1,"skipped":0,"pct":100},"statements":{"total":35,"covered":30,"skipped":0,"pct":85.71},"branches":{"total":28,"covered":20,"skipped":0,"pct":71.42}}
,"/Users/thomasbcox/Projects/thomas-writing-assistant/src/lib/utils.ts": {"lines":{"total":1,"covered":0,"skipped":0,"pct":0},"functions":{"total":1,"covered":0,"skipped":0,"pct":0},"statements":{"total":1,"covered":0,"skipped":0,"pct":0},"branches":{"total":0,"covered":0,"skipped":0,"pct":100}}
,"/Users/thomasbcox/Projects/thomas-writing-assistant/src/lib/vector-utils.ts": {"lines":{"total":15,"covered":12,"skipped":0,"pct":80},"functions":{"total":1,"covered":1,"skipped":0,"pct":100},"statements":{"total":16,"covered":13,"skipped":0,"pct":81.25},"branches":{"total":6,"covered":3,"skipped":0,"pct":50}}
,"/Users/thomasbcox/Projects/thomas-writing-assistant/src/lib/api/blog-posts.ts": {"lines":{"total":2,"covered":0,"skipped":0,"pct":0},"functions":{"total":2,"covered":0,"skipped":0,"pct":0},"statements":{"total":2,"covered":0,"skipped":0,"pct":0},"branches":{"total":0,"covered":0,"skipped":0,"pct":100}}
,"/Users/thomasbcox/Projects/thomas-writing-assistant/src/lib/api/concepts.ts": {"lines":{"total":5,"covered":0,"skipped":0,"pct":0},"functions":{"total":5,"covered":0,"skipped":0,"pct":0},"statements":{"total":5,"covered":0,"skipped":0,"pct":0},"branches":{"total":2,"covered":0,"skipped":0,"pct":0}}
,"/Users/thomasbcox/Projects/thomas-writing-assistant/src/lib/api/enrichment.ts": {"lines":{"total":4,"covered":0,"skipped":0,"pct":0},"functions":{"total":4,"covered":0,"skipped":0,"pct":0},"statements":{"total":4,"covered":0,"skipped":0,"pct":0},"branches":{"total":0,"covered":0,"skipped":0,"pct":100}}
,"/Users/thomasbcox/Projects/thomas-writing-assistant/src/lib/api/health.ts": {"lines":{"total":23,"covered":0,"skipped":0,"pct":0},"functions":{"total":3,"covered":0,"skipped":0,"pct":0},"statements":{"total":24,"covered":0,"skipped":0,"pct":0},"branches":{"total":20,"covered":0,"skipped":0,"pct":0}}
,"/Users/thomasbcox/Projects/thomas-writing-assistant/src/server/db.ts": {"lines":{"total":70,"covered":33,"skipped":0,"pct":47.14},"functions":{"total":5,"covered":4,"skipped":0,"pct":80},"statements":{"total":71,"covered":34,"skipped":0,"pct":47.88},"branches":{"total":42,"covered":22,"skipped":0,"pct":52.38}}
,"/Users/thomasbcox/Projects/thomas-writing-assistant/src/server/dependencies.ts": {"lines":{"total":8,"covered":8,"skipped":0,"pct":100},"functions":{"total":5,"covered":5,"skipped":0,"pct":100},"statements":{"total":8,"covered":8,"skipped":0,"pct":100},"branches":{"total":2,"covered":2,"skipped":0,"pct":100}}
,"/Users/thomasbcox/Projects/thomas-writing-assistant/src/server/schema.ts": {"lines":{"total":88,"covered":53,"skipped":0,"pct":60.22},"functions":{"total":74,"covered":39,"skipped":0,"pct":52.7},"statements":{"total":101,"covered":66,"skipped":0,"pct":65.34},"branches":{"total":0,"covered":0,"skipped":0,"pct":100}}
,"/Users/thomasbcox/Projects/thomas-writing-assistant/src/server/services/anchorExtractor.ts": {"lines":{"total":34,"covered":30,"skipped":0,"pct":88.23},"functions":{"total":5,"covered":5,"skipped":0,"pct":100},"statements":{"total":34,"covered":30,"skipped":0,"pct":88.23},"branches":{"total":24,"covered":18,"skipped":0,"pct":75}}
,"/Users/thomasbcox/Projects/thomas-writing-assistant/src/server/services/blogPostGenerator.ts": {"lines":{"total":36,"covered":33,"skipped":0,"pct":91.66},"functions":{"total":2,"covered":2,"skipped":0,"pct":100},"statements":{"total":36,"covered":33,"skipped":0,"pct":91.66},"branches":{"total":46,"covered":36,"skipped":0,"pct":78.26}}
,"/Users/thomasbcox/Projects/thomas-writing-assistant/src/server/services/conceptEnricher.ts": {"lines":{"total":73,"covered":65,"skipped":0,"pct":89.04},"functions":{"total":11,"covered":11,"skipped":0,"pct":100},"statements":{"total":75,"covered":67,"skipped":0,"pct":89.33},"branches":{"total":70,"covered":55,"skipped":0,"pct":78.57}}
,"/Users/thomasbcox/Projects/thomas-writing-assistant/src/server/services/conceptProposer.ts": {"lines":{"total":71,"covered":62,"skipped":0,"pct":87.32},"functions":{"total":7,"covered":6,"skipped":0,"pct":85.71},"statements":{"total":74,"covered":65,"skipped":0,"pct":87.83},"branches":{"total":32,"covered":21,"skipped":0,"pct":65.62}}
,"/Users/thomasbcox/Projects/thomas-writing-assistant/src/server/services/config.ts": {"lines":{"total":109,"covered":90,"skipped":0,"pct":82.56},"functions":{"total":16,"covered":13,"skipped":0,"pct":81.25},"statements":{"total":109,"covered":90,"skipped":0,"pct":82.56},"branches":{"total":61,"covered":45,"skipped":0,"pct":73.77}}
,"/Users/thomasbcox/Projects/thomas-writing-assistant/src/server/services/db-preference.ts": {"lines":{"total":22,"covered":16,"skipped":0,"pct":72.72},"functions":{"total":3,"covered":3,"skipped":0,"pct":100},"statements":{"total":22,"covered":16,"skipped":0,"pct":72.72},"branches":{"total":18,"covered":10,"skipped":0,"pct":55.55}}
,"/Users/thomasbcox/Projects/thomas-writing-assistant/src/server/services/embeddingOrchestrator.ts": {"lines":{"total":110,"covered":74,"skipped":0,"pct":67.27},"functions":{"total":10,"covered":7,"skipped":0,"pct":70},"statements":{"total":112,"covered":75,"skipped":0,"pct":66.96},"branches":{"total":49,"covered":24,"skipped":0,"pct":48.97}}
,"/Users/thomasbcox/Projects/thomas-writing-assistant/src/server/services/linkProposer.ts": {"lines":{"total":75,"covered":66,"skipped":0,"pct":88},"functions":{"total":12,"covered":10,"skipped":0,"pct":83.33},"statements":{"total":81,"covered":71,"skipped":0,"pct":87.65},"branches":{"total":25,"covered":15,"skipped":0,"pct":60}}
,"/Users/thomasbcox/Projects/thomas-writing-assistant/src/server/services/pdfExtractor.ts": {"lines":{"total":4,"covered":4,"skipped":0,"pct":100},"functions":{"total":1,"covered":1,"skipped":0,"pct":100},"statements":{"total":4,"covered":4,"skipped":0,"pct":100},"branches":{"total":0,"covered":0,"skipped":0,"pct":100}}
,"/Users/thomasbcox/Projects/thomas-writing-assistant/src/server/services/promptUtils.ts": {"lines":{"total":4,"covered":4,"skipped":0,"pct":100},"functions":{"total":2,"covered":2,"skipped":0,"pct":100},"statements":{"total":4,"covered":4,"skipped":0,"pct":100},"branches":{"total":2,"covered":2,"skipped":0,"pct":100}}
,"/Users/thomasbcox/Projects/thomas-writing-assistant/src/server/services/repurposer.ts": {"lines":{"total":45,"covered":43,"skipped":0,"pct":95.55},"functions":{"total":6,"covered":6,"skipped":0,"pct":100},"statements":{"total":45,"covered":43,"skipped":0,"pct":95.55},"branches":{"total":26,"covered":23,"skipped":0,"pct":88.46}}
,"/Users/thomasbcox/Projects/thomas-writing-assistant/src/server/services/vectorIndex.ts": {"lines":{"total":74,"covered":54,"skipped":0,"pct":72.97},"functions":{"total":16,"covered":15,"skipped":0,"pct":93.75},"statements":{"total":80,"covered":60,"skipped":0,"pct":75},"branches":{"total":35,"covered":23,"skipped":0,"pct":65.71}}
,"/Users/thomasbcox/Projects/thomas-writing-assistant/src/server/services/llm/client.ts": {"lines":{"total":88,"covered":81,"skipped":0,"pct":92.04},"functions":{"total":16,"covered":14,"skipped":0,"pct":87.5},"statements":{"total":88,"covered":81,"skipped":0,"pct":92.04},"branches":{"total":90,"covered":83,"skipped":0,"pct":92.22}}
,"/Users/thomasbcox/Projects/thomas-writing-assistant/src/server/services/llm/contextSession.ts": {"lines":{"total":98,"covered":78,"skipped":0,"pct":79.59},"functions":{"total":12,"covered":11,"skipped":0,"pct":91.66},"statements":{"total":102,"covered":81,"skipped":0,"pct":79.41},"branches":{"total":83,"covered":48,"skipped":0,"pct":57.83}}
,"/Users/thomasbcox/Projects/thomas-writing-assistant/src/server/services/llm/semanticCache.ts": {"lines":{"total":46,"covered":38,"skipped":0,"pct":82.6},"functions":{"total":7,"covered":6,"skipped":0,"pct":85.71},"statements":{"total":46,"covered":38,"skipped":0,"pct":82.6},"branches":{"total":21,"covered":17,"skipped":0,"pct":80.95}}
,"/Users/thomasbcox/Projects/thomas-writing-assistant/src/server/services/llm/providers/gemini.ts": {"lines":{"total":148,"covered":138,"skipped":0,"pct":93.24},"functions":{"total":24,"covered":23,"skipped":0,"pct":95.83},"statements":{"total":153,"covered":142,"skipped":0,"pct":92.81},"branches":{"total":119,"covered":95,"skipped":0,"pct":79.83}}
,"/Users/thomasbcox/Projects/thomas-writing-assistant/src/server/services/llm/providers/openai.ts": {"lines":{"total":52,"covered":46,"skipped":0,"pct":88.46},"functions":{"total":12,"covered":9,"skipped":0,"pct":75},"statements":{"total":57,"covered":48,"skipped":0,"pct":84.21},"branches":{"total":44,"covered":37,"skipped":0,"pct":84.09}}
,"/Users/thomasbcox/Projects/thomas-writing-assistant/src/test/polyfills.ts": {"lines":{"total":9,"covered":0,"skipped":0,"pct":0},"functions":{"total":2,"covered":0,"skipped":0,"pct":0},"statements":{"total":9,"covered":0,"skipped":0,"pct":0},"branches":{"total":6,"covered":0,"skipped":0,"pct":0}}
,"/Users/thomasbcox/Projects/thomas-writing-assistant/src/test/setup.ts": {"lines":{"total":18,"covered":0,"skipped":0,"pct":0},"functions":{"total":11,"covered":0,"skipped":0,"pct":0},"statements":{"total":19,"covered":0,"skipped":0,"pct":0},"branches":{"total":4,"covered":0,"skipped":0,"pct":0}}
,"/Users/thomasbcox/Projects/thomas-writing-assistant/src/test/mocks/config-loader.ts": {"lines":{"total":24,"covered":15,"skipped":0,"pct":62.5},"functions":{"total":14,"covered":6,"skipped":0,"pct":42.85},"statements":{"total":24,"covered":15,"skipped":0,"pct":62.5},"branches":{"total":12,"covered":9,"skipped":0,"pct":75}}
,"/Users/thomasbcox/Projects/thomas-writing-assistant/src/test/mocks/llm-client.ts": {"lines":{"total":51,"covered":38,"skipped":0,"pct":74.5},"functions":{"total":18,"covered":15,"skipped":0,"pct":83.33},"statements":{"total":53,"covered":40,"skipped":0,"pct":75.47},"branches":{"total":20,"covered":8,"skipped":0,"pct":40}}
,"/Users/thomasbcox/Projects/thomas-writing-assistant/src/test/utils/components.tsx": {"lines":{"total":25,"covered":0,"skipped":0,"pct":0},"functions":{"total":14,"covered":0,"skipped":0,"pct":0},"statements":{"total":33,"covered":0,"skipped":0,"pct":0},"branches":{"total":6,"covered":0,"skipped":0,"pct":0}}
,"/Users/thomasbcox/Projects/thomas-writing-assistant/src/test/utils/db.ts": {"lines":{"total":37,"covered":18,"skipped":0,"pct":48.64},"functions":{"total":9,"covered":7,"skipped":0,"pct":77.77},"statements":{"total":39,"covered":20,"skipped":0,"pct":51.28},"branches":{"total":10,"covered":5,"skipped":0,"pct":50}}
,"/Users/thomasbcox/Projects/thomas-writing-assistant/src/test/utils/dependencies.ts": {"lines":{"total":14,"covered":8,"skipped":0,"pct":57.14},"functions":{"total":5,"covered":2,"skipped":0,"pct":40},"statements":{"total":14,"covered":8,"skipped":0,"pct":57.14},"branches":{"total":20,"covered":7,"skipped":0,"pct":35}}
,"/Users/thomasbcox/Projects/thomas-writing-assistant/src/test/utils/factories.ts": {"lines":{"total":30,"covered":18,"skipped":0,"pct":60},"functions":{"total":12,"covered":5,"skipped":0,"pct":41.66},"statements":{"total":32,"covered":20,"skipped":0,"pct":62.5},"branches":{"total":1,"covered":1,"skipped":0,"pct":100}}
,"/Users/thomasbcox/Projects/thomas-writing-assistant/src/test/utils/integration.ts": {"lines":{"total":10,"covered":0,"skipped":0,"pct":0},"functions":{"total":5,"covered":0,"skipped":0,"pct":0},"statements":{"total":10,"covered":0,"skipped":0,"pct":0},"branches":{"total":2,"covered":0,"skipped":0,"pct":0}}
,"/Users/thomasbcox/Projects/thomas-writing-assistant/src/test/utils/ipc.ts": {"lines":{"total":15,"covered":6,"skipped":0,"pct":40},"functions":{"total":6,"covered":2,"skipped":0,"pct":33.33},"statements":{"total":15,"covered":6,"skipped":0,"pct":40},"branches":{"total":2,"covered":1,"skipped":0,"pct":50}}
}
