{"total": {"lines":{"total":3991,"covered":1247,"skipped":0,"pct":31.24},"statements":{"total":4207,"covered":1276,"skipped":0,"pct":30.33},"functions":{"total":1151,"covered":247,"skipped":0,"pct":21.45},"branches":{"total":2857,"covered":671,"skipped":0,"pct":23.48},"branchesTrue":{"total":0,"covered":0,"skipped":0,"pct":100}}
,"/Users/thomasbcox/Projects/thomas-writing-assistant/src/env.ts": {"lines":{"total":2,"covered":2,"skipped":0,"pct":100},"functions":{"total":0,"covered":0,"skipped":0,"pct":100},"statements":{"total":2,"covered":2,"skipped":0,"pct":100},"branches":{"total":2,"covered":1,"skipped":0,"pct":50}}
,"/Users/thomasbcox/Projects/thomas-writing-assistant/src/app/layout.tsx": {"lines":{"total":2,"covered":0,"skipped":0,"pct":0},"functions":{"total":1,"covered":0,"skipped":0,"pct":0},"statements":{"total":2,"covered":0,"skipped":0,"pct":0},"branches":{"total":0,"covered":0,"skipped":0,"pct":100}}
,"/Users/thomasbcox/Projects/thomas-writing-assistant/src/app/page.tsx": {"lines":{"total":8,"covered":0,"skipped":0,"pct":0},"functions":{"total":5,"covered":0,"skipped":0,"pct":0},"statements":{"total":8,"covered":0,"skipped":0,"pct":0},"branches":{"total":4,"covered":0,"skipped":0,"pct":0}}
,"/Users/thomasbcox/Projects/thomas-writing-assistant/src/app/api/admin/db-stats/route.ts": {"lines":{"total":9,"covered":8,"skipped":0,"pct":88.88},"functions":{"total":2,"covered":2,"skipped":0,"pct":100},"statements":{"total":10,"covered":9,"skipped":0,"pct":90},"branches":{"total":6,"covered":3,"skipped":0,"pct":50}}
,"/Users/thomasbcox/Projects/thomas-writing-assistant/src/app/api/ai/models/route.ts": {"lines":{"total":7,"covered":5,"skipped":0,"pct":71.42},"functions":{"total":1,"covered":1,"skipped":0,"pct":100},"statements":{"total":7,"covered":5,"skipped":0,"pct":71.42},"branches":{"total":2,"covered":1,"skipped":0,"pct":50}}
,"/Users/thomasbcox/Projects/thomas-writing-assistant/src/app/api/ai/settings/route.ts": {"lines":{"total":17,"covered":16,"skipped":0,"pct":94.11},"functions":{"total":2,"covered":2,"skipped":0,"pct":100},"statements":{"total":17,"covered":16,"skipped":0,"pct":94.11},"branches":{"total":6,"covered":3,"skipped":0,"pct":50}}
,"/Users/thomasbcox/Projects/thomas-writing-assistant/src/app/api/blog-posts/generate/route.ts": {"lines":{"total":18,"covered":0,"skipped":0,"pct":0},"functions":{"total":4,"covered":0,"skipped":0,"pct":0},"statements":{"total":21,"covered":0,"skipped":0,"pct":0},"branches":{"total":12,"covered":0,"skipped":0,"pct":0}}
,"/Users/thomasbcox/Projects/thomas-writing-assistant/src/app/api/capsules/route.ts": {"lines":{"total":31,"covered":23,"skipped":0,"pct":74.19},"functions":{"total":6,"covered":4,"skipped":0,"pct":66.66},"statements":{"total":34,"covered":25,"skipped":0,"pct":73.52},"branches":{"total":14,"covered":7,"skipped":0,"pct":50}}
,"/Users/thomasbcox/Projects/thomas-writing-assistant/src/app/api/capsules/[id]/route.ts": {"lines":{"total":18,"covered":0,"skipped":0,"pct":0},"functions":{"total":3,"covered":0,"skipped":0,"pct":0},"statements":{"total":19,"covered":0,"skipped":0,"pct":0},"branches":{"total":8,"covered":0,"skipped":0,"pct":0}}
,"/Users/thomasbcox/Projects/thomas-writing-assistant/src/app/api/capsules/[id]/anchors/route.ts": {"lines":{"total":12,"covered":12,"skipped":0,"pct":100},"functions":{"total":1,"covered":1,"skipped":0,"pct":100},"statements":{"total":12,"covered":12,"skipped":0,"pct":100},"branches":{"total":8,"covered":6,"skipped":0,"pct":75}}
,"/Users/thomasbcox/Projects/thomas-writing-assistant/src/app/api/capsules/[id]/anchors/[anchorId]/route.ts": {"lines":{"total":30,"covered":0,"skipped":0,"pct":0},"functions":{"total":2,"covered":0,"skipped":0,"pct":0},"statements":{"total":33,"covered":0,"skipped":0,"pct":0},"branches":{"total":20,"covered":0,"skipped":0,"pct":0}}
,"/Users/thomasbcox/Projects/thomas-writing-assistant/src/app/api/capsules/[id]/anchors/[anchorId]/repurposed/route.ts": {"lines":{"total":12,"covered":12,"skipped":0,"pct":100},"functions":{"total":1,"covered":1,"skipped":0,"pct":100},"statements":{"total":12,"covered":12,"skipped":0,"pct":100},"branches":{"total":4,"covered":4,"skipped":0,"pct":100}}
,"/Users/thomasbcox/Projects/thomas-writing-assistant/src/app/api/capsules/[id]/anchors/[anchorId]/repurposed/[repurposedId]/route.ts": {"lines":{"total":25,"covered":0,"skipped":0,"pct":0},"functions":{"total":2,"covered":0,"skipped":0,"pct":0},"statements":{"total":28,"covered":0,"skipped":0,"pct":0},"branches":{"total":10,"covered":0,"skipped":0,"pct":0}}
,"/Users/thomasbcox/Projects/thomas-writing-assistant/src/app/api/capsules/[id]/anchors/[anchorId]/repurposed/regenerate-all/route.ts": {"lines":{"total":19,"covered":0,"skipped":0,"pct":0},"functions":{"total":1,"covered":0,"skipped":0,"pct":0},"statements":{"total":19,"covered":0,"skipped":0,"pct":0},"branches":{"total":12,"covered":0,"skipped":0,"pct":0}}
,"/Users/thomasbcox/Projects/thomas-writing-assistant/src/app/api/capsules/[id]/anchors/from-pdf/route.ts": {"lines":{"total":32,"covered":0,"skipped":0,"pct":0},"functions":{"total":1,"covered":0,"skipped":0,"pct":0},"statements":{"total":32,"covered":0,"skipped":0,"pct":0},"branches":{"total":23,"covered":0,"skipped":0,"pct":0}}
,"/Users/thomasbcox/Projects/thomas-writing-assistant/src/app/api/concepts/route.ts": {"lines":{"total":27,"covered":25,"skipped":0,"pct":92.59},"functions":{"total":2,"covered":2,"skipped":0,"pct":100},"statements":{"total":27,"covered":25,"skipped":0,"pct":92.59},"branches":{"total":22,"covered":12,"skipped":0,"pct":54.54}}
,"/Users/thomasbcox/Projects/thomas-writing-assistant/src/app/api/concepts/[id]/route.ts": {"lines":{"total":30,"covered":27,"skipped":0,"pct":90},"functions":{"total":3,"covered":3,"skipped":0,"pct":100},"statements":{"total":30,"covered":27,"skipped":0,"pct":90},"branches":{"total":6,"covered":6,"skipped":0,"pct":100}}
,"/Users/thomasbcox/Projects/thomas-writing-assistant/src/app/api/concepts/[id]/propose-links/route.ts": {"lines":{"total":9,"covered":0,"skipped":0,"pct":0},"functions":{"total":1,"covered":0,"skipped":0,"pct":0},"statements":{"total":9,"covered":0,"skipped":0,"pct":0},"branches":{"total":2,"covered":0,"skipped":0,"pct":0}}
,"/Users/thomasbcox/Projects/thomas-writing-assistant/src/app/api/concepts/[id]/restore/route.ts": {"lines":{"total":9,"covered":0,"skipped":0,"pct":0},"functions":{"total":1,"covered":0,"skipped":0,"pct":0},"statements":{"total":9,"covered":0,"skipped":0,"pct":0},"branches":{"total":2,"covered":0,"skipped":0,"pct":0}}
,"/Users/thomasbcox/Projects/thomas-writing-assistant/src/app/api/concepts/generate-candidates/route.ts": {"lines":{"total":12,"covered":0,"skipped":0,"pct":0},"functions":{"total":1,"covered":0,"skipped":0,"pct":0},"statements":{"total":12,"covered":0,"skipped":0,"pct":0},"branches":{"total":2,"covered":0,"skipped":0,"pct":0}}
,"/Users/thomasbcox/Projects/thomas-writing-assistant/src/app/api/concepts/purge-trash/route.ts": {"lines":{"total":10,"covered":0,"skipped":0,"pct":0},"functions":{"total":1,"covered":0,"skipped":0,"pct":0},"statements":{"total":10,"covered":0,"skipped":0,"pct":0},"branches":{"total":0,"covered":0,"skipped":0,"pct":100}}
,"/Users/thomasbcox/Projects/thomas-writing-assistant/src/app/api/config/constraints/route.ts": {"lines":{"total":26,"covered":22,"skipped":0,"pct":84.61},"functions":{"total":2,"covered":2,"skipped":0,"pct":100},"statements":{"total":26,"covered":22,"skipped":0,"pct":84.61},"branches":{"total":8,"covered":5,"skipped":0,"pct":62.5}}
,"/Users/thomasbcox/Projects/thomas-writing-assistant/src/app/api/config/credo/route.ts": {"lines":{"total":26,"covered":22,"skipped":0,"pct":84.61},"functions":{"total":2,"covered":2,"skipped":0,"pct":100},"statements":{"total":26,"covered":22,"skipped":0,"pct":84.61},"branches":{"total":8,"covered":5,"skipped":0,"pct":62.5}}
,"/Users/thomasbcox/Projects/thomas-writing-assistant/src/app/api/config/status/route.ts": {"lines":{"total":4,"covered":3,"skipped":0,"pct":75},"functions":{"total":1,"covered":1,"skipped":0,"pct":100},"statements":{"total":4,"covered":3,"skipped":0,"pct":75},"branches":{"total":0,"covered":0,"skipped":0,"pct":100}}
,"/Users/thomasbcox/Projects/thomas-writing-assistant/src/app/api/config/style-guide/route.ts": {"lines":{"total":26,"covered":22,"skipped":0,"pct":84.61},"functions":{"total":2,"covered":2,"skipped":0,"pct":100},"statements":{"total":26,"covered":22,"skipped":0,"pct":84.61},"branches":{"total":8,"covered":5,"skipped":0,"pct":62.5}}
,"/Users/thomasbcox/Projects/thomas-writing-assistant/src/app/api/database/toggle/route.ts": {"lines":{"total":18,"covered":0,"skipped":0,"pct":0},"functions":{"total":2,"covered":0,"skipped":0,"pct":0},"statements":{"total":18,"covered":0,"skipped":0,"pct":0},"branches":{"total":19,"covered":0,"skipped":0,"pct":0}}
,"/Users/thomasbcox/Projects/thomas-writing-assistant/src/app/api/enrichment/analyze/route.ts": {"lines":{"total":10,"covered":0,"skipped":0,"pct":0},"functions":{"total":1,"covered":0,"skipped":0,"pct":0},"statements":{"total":10,"covered":0,"skipped":0,"pct":0},"branches":{"total":4,"covered":0,"skipped":0,"pct":0}}
,"/Users/thomasbcox/Projects/thomas-writing-assistant/src/app/api/enrichment/chat/route.ts": {"lines":{"total":11,"covered":0,"skipped":0,"pct":0},"functions":{"total":2,"covered":0,"skipped":0,"pct":0},"statements":{"total":12,"covered":0,"skipped":0,"pct":0},"branches":{"total":8,"covered":0,"skipped":0,"pct":0}}
,"/Users/thomasbcox/Projects/thomas-writing-assistant/src/app/api/enrichment/enrich-metadata/route.ts": {"lines":{"total":10,"covered":0,"skipped":0,"pct":0},"functions":{"total":1,"covered":0,"skipped":0,"pct":0},"statements":{"total":10,"covered":0,"skipped":0,"pct":0},"branches":{"total":2,"covered":0,"skipped":0,"pct":0}}
,"/Users/thomasbcox/Projects/thomas-writing-assistant/src/app/api/enrichment/expand-definition/route.ts": {"lines":{"total":10,"covered":0,"skipped":0,"pct":0},"functions":{"total":1,"covered":0,"skipped":0,"pct":0},"statements":{"total":10,"covered":0,"skipped":0,"pct":0},"branches":{"total":4,"covered":0,"skipped":0,"pct":0}}
,"/Users/thomasbcox/Projects/thomas-writing-assistant/src/app/api/health/route.ts": {"lines":{"total":67,"covered":36,"skipped":0,"pct":53.73},"functions":{"total":3,"covered":1,"skipped":0,"pct":33.33},"statements":{"total":68,"covered":36,"skipped":0,"pct":52.94},"branches":{"total":46,"covered":17,"skipped":0,"pct":36.95}}
,"/Users/thomasbcox/Projects/thomas-writing-assistant/src/app/api/link-names/route.ts": {"lines":{"total":19,"covered":17,"skipped":0,"pct":89.47},"functions":{"total":3,"covered":3,"skipped":0,"pct":100},"statements":{"total":19,"covered":17,"skipped":0,"pct":89.47},"branches":{"total":4,"covered":4,"skipped":0,"pct":100}}
,"/Users/thomasbcox/Projects/thomas-writing-assistant/src/app/api/link-names/[name]/route.ts": {"lines":{"total":38,"covered":0,"skipped":0,"pct":0},"functions":{"total":2,"covered":0,"skipped":0,"pct":0},"statements":{"total":38,"covered":0,"skipped":0,"pct":0},"branches":{"total":25,"covered":0,"skipped":0,"pct":0}}
,"/Users/thomasbcox/Projects/thomas-writing-assistant/src/app/api/link-names/[name]/usage/route.ts": {"lines":{"total":13,"covered":0,"skipped":0,"pct":0},"functions":{"total":3,"covered":0,"skipped":0,"pct":0},"statements":{"total":13,"covered":0,"skipped":0,"pct":0},"branches":{"total":6,"covered":0,"skipped":0,"pct":0}}
,"/Users/thomasbcox/Projects/thomas-writing-assistant/src/app/api/links/route.ts": {"lines":{"total":27,"covered":24,"skipped":0,"pct":88.88},"functions":{"total":2,"covered":2,"skipped":0,"pct":100},"statements":{"total":27,"covered":24,"skipped":0,"pct":88.88},"branches":{"total":12,"covered":10,"skipped":0,"pct":83.33}}
,"/Users/thomasbcox/Projects/thomas-writing-assistant/src/app/api/links/[sourceId]/[targetId]/route.ts": {"lines":{"total":10,"covered":8,"skipped":0,"pct":80},"functions":{"total":1,"covered":1,"skipped":0,"pct":100},"statements":{"total":10,"covered":8,"skipped":0,"pct":80},"branches":{"total":2,"covered":1,"skipped":0,"pct":50}}
,"/Users/thomasbcox/Projects/thomas-writing-assistant/src/app/api/pdf/extract-text/route.ts": {"lines":{"total":15,"covered":13,"skipped":0,"pct":86.66},"functions":{"total":1,"covered":1,"skipped":0,"pct":100},"statements":{"total":15,"covered":13,"skipped":0,"pct":86.66},"branches":{"total":5,"covered":4,"skipped":0,"pct":80}}
,"/Users/thomasbcox/Projects/thomas-writing-assistant/src/app/api/trpc/[trpc]/route.ts": {"lines":{"total":4,"covered":0,"skipped":0,"pct":0},"functions":{"total":3,"covered":0,"skipped":0,"pct":0},"statements":{"total":4,"covered":0,"skipped":0,"pct":0},"branches":{"total":4,"covered":0,"skipped":0,"pct":0}}
,"/Users/thomasbcox/Projects/thomas-writing-assistant/src/app/concepts/enrich/[conceptId]/page.tsx": {"lines":{"total":3,"covered":0,"skipped":0,"pct":0},"functions":{"total":1,"covered":0,"skipped":0,"pct":0},"statements":{"total":3,"covered":0,"skipped":0,"pct":0},"branches":{"total":0,"covered":0,"skipped":0,"pct":100}}
,"/Users/thomasbcox/Projects/thomas-writing-assistant/src/app/concepts/enrich/new/page.tsx": {"lines":{"total":8,"covered":0,"skipped":0,"pct":0},"functions":{"total":2,"covered":0,"skipped":0,"pct":0},"statements":{"total":8,"covered":0,"skipped":0,"pct":0},"branches":{"total":21,"covered":0,"skipped":0,"pct":0}}
,"/Users/thomasbcox/Projects/thomas-writing-assistant/src/components/AnchorEditor.tsx": {"lines":{"total":44,"covered":0,"skipped":0,"pct":0},"functions":{"total":23,"covered":0,"skipped":0,"pct":0},"statements":{"total":44,"covered":0,"skipped":0,"pct":0},"branches":{"total":12,"covered":0,"skipped":0,"pct":0}}
,"/Users/thomasbcox/Projects/thomas-writing-assistant/src/components/BlogPostsTab.tsx": {"lines":{"total":59,"covered":0,"skipped":0,"pct":0},"functions":{"total":28,"covered":0,"skipped":0,"pct":0},"statements":{"total":64,"covered":0,"skipped":0,"pct":0},"branches":{"total":45,"covered":0,"skipped":0,"pct":0}}
,"/Users/thomasbcox/Projects/thomas-writing-assistant/src/components/CapsulesTab.tsx": {"lines":{"total":69,"covered":0,"skipped":0,"pct":0},"functions":{"total":30,"covered":0,"skipped":0,"pct":0},"statements":{"total":72,"covered":0,"skipped":0,"pct":0},"branches":{"total":14,"covered":0,"skipped":0,"pct":0}}
,"/Users/thomasbcox/Projects/thomas-writing-assistant/src/components/ConceptActions.tsx": {"lines":{"total":6,"covered":0,"skipped":0,"pct":0},"functions":{"total":5,"covered":0,"skipped":0,"pct":0},"statements":{"total":6,"covered":0,"skipped":0,"pct":0},"branches":{"total":6,"covered":0,"skipped":0,"pct":0}}
,"/Users/thomasbcox/Projects/thomas-writing-assistant/src/components/ConceptCandidateList.tsx": {"lines":{"total":30,"covered":15,"skipped":0,"pct":50},"functions":{"total":17,"covered":6,"skipped":0,"pct":35.29},"statements":{"total":30,"covered":15,"skipped":0,"pct":50},"branches":{"total":20,"covered":15,"skipped":0,"pct":75}}
,"/Users/thomasbcox/Projects/thomas-writing-assistant/src/components/ConceptCreateForm.tsx": {"lines":{"total":14,"covered":0,"skipped":0,"pct":0},"functions":{"total":8,"covered":0,"skipped":0,"pct":0},"statements":{"total":14,"covered":0,"skipped":0,"pct":0},"branches":{"total":8,"covered":0,"skipped":0,"pct":0}}
,"/Users/thomasbcox/Projects/thomas-writing-assistant/src/components/ConceptEditor.tsx": {"lines":{"total":20,"covered":0,"skipped":0,"pct":0},"functions":{"total":10,"covered":0,"skipped":0,"pct":0},"statements":{"total":20,"covered":0,"skipped":0,"pct":0},"branches":{"total":6,"covered":0,"skipped":0,"pct":0}}
,"/Users/thomasbcox/Projects/thomas-writing-assistant/src/components/ConceptGenerationStatus.tsx": {"lines":{"total":2,"covered":2,"skipped":0,"pct":100},"functions":{"total":1,"covered":1,"skipped":0,"pct":100},"statements":{"total":3,"covered":3,"skipped":0,"pct":100},"branches":{"total":7,"covered":7,"skipped":0,"pct":100}}
,"/Users/thomasbcox/Projects/thomas-writing-assistant/src/components/ConceptList.tsx": {"lines":{"total":12,"covered":5,"skipped":0,"pct":41.66},"functions":{"total":6,"covered":1,"skipped":0,"pct":16.66},"statements":{"total":12,"covered":5,"skipped":0,"pct":41.66},"branches":{"total":23,"covered":9,"skipped":0,"pct":39.13}}
,"/Users/thomasbcox/Projects/thomas-writing-assistant/src/components/ConceptViewer.tsx": {"lines":{"total":1,"covered":0,"skipped":0,"pct":0},"functions":{"total":1,"covered":0,"skipped":0,"pct":0},"statements":{"total":1,"covered":0,"skipped":0,"pct":0},"branches":{"total":2,"covered":0,"skipped":0,"pct":0}}
,"/Users/thomasbcox/Projects/thomas-writing-assistant/src/components/ConceptsTab.tsx": {"lines":{"total":64,"covered":0,"skipped":0,"pct":0},"functions":{"total":30,"covered":0,"skipped":0,"pct":0},"statements":{"total":67,"covered":0,"skipped":0,"pct":0},"branches":{"total":24,"covered":0,"skipped":0,"pct":0}}
,"/Users/thomasbcox/Projects/thomas-writing-assistant/src/components/ConfigTab.tsx": {"lines":{"total":58,"covered":0,"skipped":0,"pct":0},"functions":{"total":30,"covered":0,"skipped":0,"pct":0},"statements":{"total":63,"covered":0,"skipped":0,"pct":0},"branches":{"total":48,"covered":0,"skipped":0,"pct":0}}
,"/Users/thomasbcox/Projects/thomas-writing-assistant/src/components/Dashboard.tsx": {"lines":{"total":51,"covered":0,"skipped":0,"pct":0},"functions":{"total":22,"covered":0,"skipped":0,"pct":0},"statements":{"total":63,"covered":0,"skipped":0,"pct":0},"branches":{"total":107,"covered":0,"skipped":0,"pct":0}}
,"/Users/thomasbcox/Projects/thomas-writing-assistant/src/components/ErrorBoundary.tsx": {"lines":{"total":11,"covered":10,"skipped":0,"pct":90.9},"functions":{"total":6,"covered":5,"skipped":0,"pct":83.33},"statements":{"total":11,"covered":10,"skipped":0,"pct":90.9},"branches":{"total":6,"covered":6,"skipped":0,"pct":100}}
,"/Users/thomasbcox/Projects/thomas-writing-assistant/src/components/LinkNameManager.tsx": {"lines":{"total":87,"covered":0,"skipped":0,"pct":0},"functions":{"total":32,"covered":0,"skipped":0,"pct":0},"statements":{"total":87,"covered":0,"skipped":0,"pct":0},"branches":{"total":94,"covered":0,"skipped":0,"pct":0}}
,"/Users/thomasbcox/Projects/thomas-writing-assistant/src/components/LinkProposer.tsx": {"lines":{"total":48,"covered":0,"skipped":0,"pct":0},"functions":{"total":14,"covered":0,"skipped":0,"pct":0},"statements":{"total":49,"covered":0,"skipped":0,"pct":0},"branches":{"total":98,"covered":0,"skipped":0,"pct":0}}
,"/Users/thomasbcox/Projects/thomas-writing-assistant/src/components/LinksTab.tsx": {"lines":{"total":69,"covered":0,"skipped":0,"pct":0},"functions":{"total":30,"covered":0,"skipped":0,"pct":0},"statements":{"total":72,"covered":0,"skipped":0,"pct":0},"branches":{"total":117,"covered":0,"skipped":0,"pct":0}}
,"/Users/thomasbcox/Projects/thomas-writing-assistant/src/components/PDFUploader.tsx": {"lines":{"total":42,"covered":0,"skipped":0,"pct":0},"functions":{"total":7,"covered":0,"skipped":0,"pct":0},"statements":{"total":43,"covered":0,"skipped":0,"pct":0},"branches":{"total":22,"covered":0,"skipped":0,"pct":0}}
,"/Users/thomasbcox/Projects/thomas-writing-assistant/src/components/SettingsTab.tsx": {"lines":{"total":39,"covered":0,"skipped":0,"pct":0},"functions":{"total":17,"covered":0,"skipped":0,"pct":0},"statements":{"total":45,"covered":0,"skipped":0,"pct":0},"branches":{"total":25,"covered":0,"skipped":0,"pct":0}}
,"/Users/thomasbcox/Projects/thomas-writing-assistant/src/components/TextInputForm.tsx": {"lines":{"total":6,"covered":1,"skipped":0,"pct":16.66},"functions":{"total":6,"covered":1,"skipped":0,"pct":16.66},"statements":{"total":6,"covered":1,"skipped":0,"pct":16.66},"branches":{"total":5,"covered":3,"skipped":0,"pct":60}}
,"/Users/thomasbcox/Projects/thomas-writing-assistant/src/components/TextInputTab.tsx": {"lines":{"total":51,"covered":0,"skipped":0,"pct":0},"functions":{"total":12,"covered":0,"skipped":0,"pct":0},"statements":{"total":52,"covered":0,"skipped":0,"pct":0},"branches":{"total":31,"covered":0,"skipped":0,"pct":0}}
,"/Users/thomasbcox/Projects/thomas-writing-assistant/src/components/capsules/AnchorCard.tsx": {"lines":{"total":21,"covered":0,"skipped":0,"pct":0},"functions":{"total":13,"covered":0,"skipped":0,"pct":0},"statements":{"total":21,"covered":0,"skipped":0,"pct":0},"branches":{"total":29,"covered":0,"skipped":0,"pct":0}}
,"/Users/thomasbcox/Projects/thomas-writing-assistant/src/components/capsules/CapsuleCard.tsx": {"lines":{"total":3,"covered":0,"skipped":0,"pct":0},"functions":{"total":3,"covered":0,"skipped":0,"pct":0},"statements":{"total":3,"covered":0,"skipped":0,"pct":0},"branches":{"total":18,"covered":0,"skipped":0,"pct":0}}
,"/Users/thomasbcox/Projects/thomas-writing-assistant/src/components/capsules/CapsuleInfoSection.tsx": {"lines":{"total":3,"covered":0,"skipped":0,"pct":0},"functions":{"total":2,"covered":0,"skipped":0,"pct":0},"statements":{"total":3,"covered":0,"skipped":0,"pct":0},"branches":{"total":4,"covered":0,"skipped":0,"pct":0}}
,"/Users/thomasbcox/Projects/thomas-writing-assistant/src/components/capsules/CapsuleList.tsx": {"lines":{"total":2,"covered":0,"skipped":0,"pct":0},"functions":{"total":2,"covered":0,"skipped":0,"pct":0},"statements":{"total":2,"covered":0,"skipped":0,"pct":0},"branches":{"total":6,"covered":0,"skipped":0,"pct":0}}
,"/Users/thomasbcox/Projects/thomas-writing-assistant/src/components/capsules/CreateCapsuleForm.tsx": {"lines":{"total":15,"covered":0,"skipped":0,"pct":0},"functions":{"total":8,"covered":0,"skipped":0,"pct":0},"statements":{"total":15,"covered":0,"skipped":0,"pct":0},"branches":{"total":8,"covered":0,"skipped":0,"pct":0}}
,"/Users/thomasbcox/Projects/thomas-writing-assistant/src/components/capsules/DerivativeItem.tsx": {"lines":{"total":18,"covered":0,"skipped":0,"pct":0},"functions":{"total":8,"covered":0,"skipped":0,"pct":0},"statements":{"total":18,"covered":0,"skipped":0,"pct":0},"branches":{"total":7,"covered":0,"skipped":0,"pct":0}}
,"/Users/thomasbcox/Projects/thomas-writing-assistant/src/components/capsules/DerivativeList.tsx": {"lines":{"total":13,"covered":0,"skipped":0,"pct":0},"functions":{"total":6,"covered":0,"skipped":0,"pct":0},"statements":{"total":14,"covered":0,"skipped":0,"pct":0},"branches":{"total":16,"covered":0,"skipped":0,"pct":0}}
,"/Users/thomasbcox/Projects/thomas-writing-assistant/src/components/capsules/PDFProcessingStatus.tsx": {"lines":{"total":5,"covered":0,"skipped":0,"pct":0},"functions":{"total":4,"covered":0,"skipped":0,"pct":0},"statements":{"total":6,"covered":0,"skipped":0,"pct":0},"branches":{"total":19,"covered":0,"skipped":0,"pct":0}}
,"/Users/thomasbcox/Projects/thomas-writing-assistant/src/components/capsules/PDFUploadSection.tsx": {"lines":{"total":72,"covered":0,"skipped":0,"pct":0},"functions":{"total":19,"covered":0,"skipped":0,"pct":0},"statements":{"total":72,"covered":0,"skipped":0,"pct":0},"branches":{"total":43,"covered":0,"skipped":0,"pct":0}}
,"/Users/thomasbcox/Projects/thomas-writing-assistant/src/components/enrichment/ConceptEnrichmentStudio.tsx": {"lines":{"total":89,"covered":0,"skipped":0,"pct":0},"functions":{"total":30,"covered":0,"skipped":0,"pct":0},"statements":{"total":106,"covered":0,"skipped":0,"pct":0},"branches":{"total":82,"covered":0,"skipped":0,"pct":0}}
,"/Users/thomasbcox/Projects/thomas-writing-assistant/src/components/enrichment/EnrichmentChatPanel.tsx": {"lines":{"total":16,"covered":0,"skipped":0,"pct":0},"functions":{"total":8,"covered":0,"skipped":0,"pct":0},"statements":{"total":16,"covered":0,"skipped":0,"pct":0},"branches":{"total":20,"covered":0,"skipped":0,"pct":0}}
,"/Users/thomasbcox/Projects/thomas-writing-assistant/src/components/enrichment/EnrichmentEditorPanel.tsx": {"lines":{"total":21,"covered":0,"skipped":0,"pct":0},"functions":{"total":19,"covered":0,"skipped":0,"pct":0},"statements":{"total":22,"covered":0,"skipped":0,"pct":0},"branches":{"total":44,"covered":0,"skipped":0,"pct":0}}
,"/Users/thomasbcox/Projects/thomas-writing-assistant/src/components/ui/ConfirmDialog.tsx": {"lines":{"total":3,"covered":0,"skipped":0,"pct":0},"functions":{"total":1,"covered":0,"skipped":0,"pct":0},"statements":{"total":4,"covered":0,"skipped":0,"pct":0},"branches":{"total":7,"covered":0,"skipped":0,"pct":0}}
,"/Users/thomasbcox/Projects/thomas-writing-assistant/src/components/ui/ContextualHelp.tsx": {"lines":{"total":6,"covered":0,"skipped":0,"pct":0},"functions":{"total":4,"covered":0,"skipped":0,"pct":0},"statements":{"total":6,"covered":0,"skipped":0,"pct":0},"branches":{"total":3,"covered":0,"skipped":0,"pct":0}}
,"/Users/thomasbcox/Projects/thomas-writing-assistant/src/components/ui/DataQualityIndicator.tsx": {"lines":{"total":11,"covered":0,"skipped":0,"pct":0},"functions":{"total":1,"covered":0,"skipped":0,"pct":0},"statements":{"total":11,"covered":0,"skipped":0,"pct":0},"branches":{"total":49,"covered":0,"skipped":0,"pct":0}}
,"/Users/thomasbcox/Projects/thomas-writing-assistant/src/components/ui/EmptyState.tsx": {"lines":{"total":1,"covered":1,"skipped":0,"pct":100},"functions":{"total":1,"covered":1,"skipped":0,"pct":100},"statements":{"total":1,"covered":1,"skipped":0,"pct":100},"branches":{"total":3,"covered":3,"skipped":0,"pct":100}}
,"/Users/thomasbcox/Projects/thomas-writing-assistant/src/components/ui/HealthStatusCard.tsx": {"lines":{"total":48,"covered":0,"skipped":0,"pct":0},"functions":{"total":11,"covered":0,"skipped":0,"pct":0},"statements":{"total":52,"covered":0,"skipped":0,"pct":0},"branches":{"total":59,"covered":0,"skipped":0,"pct":0}}
,"/Users/thomasbcox/Projects/thomas-writing-assistant/src/components/ui/InputDialog.tsx": {"lines":{"total":15,"covered":0,"skipped":0,"pct":0},"functions":{"total":5,"covered":0,"skipped":0,"pct":0},"statements":{"total":16,"covered":0,"skipped":0,"pct":0},"branches":{"total":14,"covered":0,"skipped":0,"pct":0}}
,"/Users/thomasbcox/Projects/thomas-writing-assistant/src/components/ui/LoadingSpinner.tsx": {"lines":{"total":3,"covered":2,"skipped":0,"pct":66.66},"functions":{"total":2,"covered":1,"skipped":0,"pct":50},"statements":{"total":3,"covered":2,"skipped":0,"pct":66.66},"branches":{"total":1,"covered":1,"skipped":0,"pct":100}}
,"/Users/thomasbcox/Projects/thomas-writing-assistant/src/components/ui/SearchableSelect.tsx": {"lines":{"total":31,"covered":0,"skipped":0,"pct":0},"functions":{"total":14,"covered":0,"skipped":0,"pct":0},"statements":{"total":33,"covered":0,"skipped":0,"pct":0},"branches":{"total":32,"covered":0,"skipped":0,"pct":0}}
,"/Users/thomasbcox/Projects/thomas-writing-assistant/src/components/ui/Toast.tsx": {"lines":{"total":16,"covered":5,"skipped":0,"pct":31.25},"functions":{"total":13,"covered":2,"skipped":0,"pct":15.38},"statements":{"total":20,"covered":5,"skipped":0,"pct":25},"branches":{"total":7,"covered":0,"skipped":0,"pct":0}}
,"/Users/thomasbcox/Projects/thomas-writing-assistant/src/hooks/useDatabaseToggle.ts": {"lines":{"total":33,"covered":0,"skipped":0,"pct":0},"functions":{"total":5,"covered":0,"skipped":0,"pct":0},"statements":{"total":33,"covered":0,"skipped":0,"pct":0},"branches":{"total":14,"covered":0,"skipped":0,"pct":0}}
,"/Users/thomasbcox/Projects/thomas-writing-assistant/src/hooks/useErrorHandler.ts": {"lines":{"total":32,"covered":0,"skipped":0,"pct":0},"functions":{"total":15,"covered":0,"skipped":0,"pct":0},"statements":{"total":37,"covered":0,"skipped":0,"pct":0},"branches":{"total":13,"covered":0,"skipped":0,"pct":0}}
,"/Users/thomasbcox/Projects/thomas-writing-assistant/src/hooks/useTimer.ts": {"lines":{"total":21,"covered":0,"skipped":0,"pct":0},"functions":{"total":5,"covered":0,"skipped":0,"pct":0},"statements":{"total":21,"covered":0,"skipped":0,"pct":0},"branches":{"total":6,"covered":0,"skipped":0,"pct":0}}
,"/Users/thomasbcox/Projects/thomas-writing-assistant/src/lib/data-validation.ts": {"lines":{"total":47,"covered":43,"skipped":0,"pct":91.48},"functions":{"total":12,"covered":9,"skipped":0,"pct":75},"statements":{"total":50,"covered":46,"skipped":0,"pct":92},"branches":{"total":46,"covered":45,"skipped":0,"pct":97.82}}
,"/Users/thomasbcox/Projects/thomas-writing-assistant/src/lib/error-messages.ts": {"lines":{"total":38,"covered":38,"skipped":0,"pct":100},"functions":{"total":2,"covered":2,"skipped":0,"pct":100},"statements":{"total":38,"covered":38,"skipped":0,"pct":100},"branches":{"total":71,"covered":70,"skipped":0,"pct":98.59}}
,"/Users/thomasbcox/Projects/thomas-writing-assistant/src/lib/json-utils.ts": {"lines":{"total":18,"covered":18,"skipped":0,"pct":100},"functions":{"total":3,"covered":3,"skipped":0,"pct":100},"statements":{"total":20,"covered":20,"skipped":0,"pct":100},"branches":{"total":8,"covered":6,"skipped":0,"pct":75}}
,"/Users/thomasbcox/Projects/thomas-writing-assistant/src/lib/logger.ts": {"lines":{"total":7,"covered":7,"skipped":0,"pct":100},"functions":{"total":3,"covered":3,"skipped":0,"pct":100},"statements":{"total":7,"covered":7,"skipped":0,"pct":100},"branches":{"total":16,"covered":11,"skipped":0,"pct":68.75}}
,"/Users/thomasbcox/Projects/thomas-writing-assistant/src/lib/utils.ts": {"lines":{"total":1,"covered":0,"skipped":0,"pct":0},"functions":{"total":1,"covered":0,"skipped":0,"pct":0},"statements":{"total":1,"covered":0,"skipped":0,"pct":0},"branches":{"total":0,"covered":0,"skipped":0,"pct":100}}
,"/Users/thomasbcox/Projects/thomas-writing-assistant/src/lib/api/ai.ts": {"lines":{"total":16,"covered":0,"skipped":0,"pct":0},"functions":{"total":7,"covered":0,"skipped":0,"pct":0},"statements":{"total":18,"covered":0,"skipped":0,"pct":0},"branches":{"total":8,"covered":0,"skipped":0,"pct":0}}
,"/Users/thomasbcox/Projects/thomas-writing-assistant/src/lib/api/blog-posts.ts": {"lines":{"total":6,"covered":0,"skipped":0,"pct":0},"functions":{"total":2,"covered":0,"skipped":0,"pct":0},"statements":{"total":6,"covered":0,"skipped":0,"pct":0},"branches":{"total":4,"covered":0,"skipped":0,"pct":0}}
,"/Users/thomasbcox/Projects/thomas-writing-assistant/src/lib/api/capsules.ts": {"lines":{"total":89,"covered":0,"skipped":0,"pct":0},"functions":{"total":31,"covered":0,"skipped":0,"pct":0},"statements":{"total":92,"covered":0,"skipped":0,"pct":0},"branches":{"total":42,"covered":0,"skipped":0,"pct":0}}
,"/Users/thomasbcox/Projects/thomas-writing-assistant/src/lib/api/concepts.ts": {"lines":{"total":69,"covered":0,"skipped":0,"pct":0},"functions":{"total":23,"covered":0,"skipped":0,"pct":0},"statements":{"total":76,"covered":0,"skipped":0,"pct":0},"branches":{"total":48,"covered":0,"skipped":0,"pct":0}}
,"/Users/thomasbcox/Projects/thomas-writing-assistant/src/lib/api/config.ts": {"lines":{"total":52,"covered":0,"skipped":0,"pct":0},"functions":{"total":23,"covered":0,"skipped":0,"pct":0},"statements":{"total":59,"covered":0,"skipped":0,"pct":0},"branches":{"total":26,"covered":0,"skipped":0,"pct":0}}
,"/Users/thomasbcox/Projects/thomas-writing-assistant/src/lib/api/enrichment.ts": {"lines":{"total":25,"covered":0,"skipped":0,"pct":0},"functions":{"total":9,"covered":0,"skipped":0,"pct":0},"statements":{"total":25,"covered":0,"skipped":0,"pct":0},"branches":{"total":18,"covered":0,"skipped":0,"pct":0}}
,"/Users/thomasbcox/Projects/thomas-writing-assistant/src/lib/api/health.ts": {"lines":{"total":16,"covered":0,"skipped":0,"pct":0},"functions":{"total":3,"covered":0,"skipped":0,"pct":0},"statements":{"total":17,"covered":0,"skipped":0,"pct":0},"branches":{"total":10,"covered":0,"skipped":0,"pct":0}}
,"/Users/thomasbcox/Projects/thomas-writing-assistant/src/lib/api/link-names.ts": {"lines":{"total":36,"covered":0,"skipped":0,"pct":0},"functions":{"total":13,"covered":0,"skipped":0,"pct":0},"statements":{"total":39,"covered":0,"skipped":0,"pct":0},"branches":{"total":20,"covered":0,"skipped":0,"pct":0}}
,"/Users/thomasbcox/Projects/thomas-writing-assistant/src/lib/api/links.ts": {"lines":{"total":33,"covered":0,"skipped":0,"pct":0},"functions":{"total":10,"covered":0,"skipped":0,"pct":0},"statements":{"total":36,"covered":0,"skipped":0,"pct":0},"branches":{"total":14,"covered":0,"skipped":0,"pct":0}}
,"/Users/thomasbcox/Projects/thomas-writing-assistant/src/lib/api/pdf.ts": {"lines":{"total":6,"covered":0,"skipped":0,"pct":0},"functions":{"total":2,"covered":0,"skipped":0,"pct":0},"statements":{"total":6,"covered":0,"skipped":0,"pct":0},"branches":{"total":4,"covered":0,"skipped":0,"pct":0}}
,"/Users/thomasbcox/Projects/thomas-writing-assistant/src/lib/react-query/provider.tsx": {"lines":{"total":3,"covered":0,"skipped":0,"pct":0},"functions":{"total":2,"covered":0,"skipped":0,"pct":0},"statements":{"total":3,"covered":0,"skipped":0,"pct":0},"branches":{"total":0,"covered":0,"skipped":0,"pct":100}}
,"/Users/thomasbcox/Projects/thomas-writing-assistant/src/lib/trpc/react.tsx": {"lines":{"total":14,"covered":2,"skipped":0,"pct":14.28},"functions":{"total":6,"covered":0,"skipped":0,"pct":0},"statements":{"total":16,"covered":2,"skipped":0,"pct":12.5},"branches":{"total":9,"covered":0,"skipped":0,"pct":0}}
,"/Users/thomasbcox/Projects/thomas-writing-assistant/src/server/db.ts": {"lines":{"total":63,"covered":27,"skipped":0,"pct":42.85},"functions":{"total":5,"covered":4,"skipped":0,"pct":80},"statements":{"total":64,"covered":28,"skipped":0,"pct":43.75},"branches":{"total":36,"covered":21,"skipped":0,"pct":58.33}}
,"/Users/thomasbcox/Projects/thomas-writing-assistant/src/server/schema.ts": {"lines":{"total":42,"covered":35,"skipped":0,"pct":83.33},"functions":{"total":35,"covered":28,"skipped":0,"pct":80},"statements":{"total":48,"covered":41,"skipped":0,"pct":85.41},"branches":{"total":0,"covered":0,"skipped":0,"pct":100}}
,"/Users/thomasbcox/Projects/thomas-writing-assistant/src/server/api/config-helpers.ts": {"lines":{"total":44,"covered":31,"skipped":0,"pct":70.45},"functions":{"total":4,"covered":4,"skipped":0,"pct":100},"statements":{"total":44,"covered":31,"skipped":0,"pct":70.45},"branches":{"total":30,"covered":14,"skipped":0,"pct":46.66}}
,"/Users/thomasbcox/Projects/thomas-writing-assistant/src/server/api/helpers.ts": {"lines":{"total":18,"covered":16,"skipped":0,"pct":88.88},"functions":{"total":5,"covered":5,"skipped":0,"pct":100},"statements":{"total":19,"covered":17,"skipped":0,"pct":89.47},"branches":{"total":17,"covered":11,"skipped":0,"pct":64.7}}
,"/Users/thomasbcox/Projects/thomas-writing-assistant/src/server/api/root.ts": {"lines":{"total":2,"covered":2,"skipped":0,"pct":100},"functions":{"total":0,"covered":0,"skipped":0,"pct":100},"statements":{"total":2,"covered":2,"skipped":0,"pct":100},"branches":{"total":0,"covered":0,"skipped":0,"pct":100}}
,"/Users/thomasbcox/Projects/thomas-writing-assistant/src/server/api/trpc.ts": {"lines":{"total":7,"covered":6,"skipped":0,"pct":85.71},"functions":{"total":2,"covered":1,"skipped":0,"pct":50},"statements":{"total":7,"covered":6,"skipped":0,"pct":85.71},"branches":{"total":2,"covered":0,"skipped":0,"pct":0}}
,"/Users/thomasbcox/Projects/thomas-writing-assistant/src/server/api/routers/ai.ts": {"lines":{"total":16,"covered":10,"skipped":0,"pct":62.5},"functions":{"total":3,"covered":2,"skipped":0,"pct":66.66},"statements":{"total":16,"covered":10,"skipped":0,"pct":62.5},"branches":{"total":8,"covered":5,"skipped":0,"pct":62.5}}
,"/Users/thomasbcox/Projects/thomas-writing-assistant/src/server/api/routers/capsule.ts": {"lines":{"total":94,"covered":52,"skipped":0,"pct":55.31},"functions":{"total":11,"covered":10,"skipped":0,"pct":90.9},"statements":{"total":97,"covered":55,"skipped":0,"pct":56.7},"branches":{"total":83,"covered":38,"skipped":0,"pct":45.78}}
,"/Users/thomasbcox/Projects/thomas-writing-assistant/src/server/api/routers/concept.ts": {"lines":{"total":41,"covered":30,"skipped":0,"pct":73.17},"functions":{"total":9,"covered":7,"skipped":0,"pct":77.77},"statements":{"total":41,"covered":30,"skipped":0,"pct":73.17},"branches":{"total":20,"covered":14,"skipped":0,"pct":70}}
,"/Users/thomasbcox/Projects/thomas-writing-assistant/src/server/api/routers/config.ts": {"lines":{"total":52,"covered":49,"skipped":0,"pct":94.23},"functions":{"total":9,"covered":9,"skipped":0,"pct":100},"statements":{"total":52,"covered":49,"skipped":0,"pct":94.23},"branches":{"total":12,"covered":6,"skipped":0,"pct":50}}
,"/Users/thomasbcox/Projects/thomas-writing-assistant/src/server/api/routers/dataQuality.ts": {"lines":{"total":9,"covered":8,"skipped":0,"pct":88.88},"functions":{"total":3,"covered":2,"skipped":0,"pct":66.66},"statements":{"total":10,"covered":9,"skipped":0,"pct":90},"branches":{"total":0,"covered":0,"skipped":0,"pct":100}}
,"/Users/thomasbcox/Projects/thomas-writing-assistant/src/server/api/routers/enrichment.ts": {"lines":{"total":32,"covered":3,"skipped":0,"pct":9.37},"functions":{"total":5,"covered":0,"skipped":0,"pct":0},"statements":{"total":33,"covered":3,"skipped":0,"pct":9.09},"branches":{"total":10,"covered":0,"skipped":0,"pct":0}}
,"/Users/thomasbcox/Projects/thomas-writing-assistant/src/server/api/routers/link.ts": {"lines":{"total":87,"covered":30,"skipped":0,"pct":34.48},"functions":{"total":20,"covered":5,"skipped":0,"pct":25},"statements":{"total":101,"covered":30,"skipped":0,"pct":29.7},"branches":{"total":86,"covered":14,"skipped":0,"pct":16.27}}
,"/Users/thomasbcox/Projects/thomas-writing-assistant/src/server/api/routers/linkName.ts": {"lines":{"total":60,"covered":53,"skipped":0,"pct":88.33},"functions":{"total":8,"covered":7,"skipped":0,"pct":87.5},"statements":{"total":60,"covered":53,"skipped":0,"pct":88.33},"branches":{"total":41,"covered":32,"skipped":0,"pct":78.04}}
,"/Users/thomasbcox/Projects/thomas-writing-assistant/src/server/api/routers/pdf.ts": {"lines":{"total":12,"covered":12,"skipped":0,"pct":100},"functions":{"total":1,"covered":1,"skipped":0,"pct":100},"statements":{"total":12,"covered":12,"skipped":0,"pct":100},"branches":{"total":5,"covered":3,"skipped":0,"pct":60}}
,"/Users/thomasbcox/Projects/thomas-writing-assistant/src/server/services/anchorExtractor.ts": {"lines":{"total":29,"covered":29,"skipped":0,"pct":100},"functions":{"total":5,"covered":5,"skipped":0,"pct":100},"statements":{"total":29,"covered":29,"skipped":0,"pct":100},"branches":{"total":24,"covered":21,"skipped":0,"pct":87.5}}
,"/Users/thomasbcox/Projects/thomas-writing-assistant/src/server/services/blogPostGenerator.ts": {"lines":{"total":31,"covered":30,"skipped":0,"pct":96.77},"functions":{"total":2,"covered":2,"skipped":0,"pct":100},"statements":{"total":31,"covered":30,"skipped":0,"pct":96.77},"branches":{"total":46,"covered":36,"skipped":0,"pct":78.26}}
,"/Users/thomasbcox/Projects/thomas-writing-assistant/src/server/services/conceptEnricher.ts": {"lines":{"total":53,"covered":49,"skipped":0,"pct":92.45},"functions":{"total":11,"covered":11,"skipped":0,"pct":100},"statements":{"total":55,"covered":51,"skipped":0,"pct":92.72},"branches":{"total":68,"covered":45,"skipped":0,"pct":66.17}}
,"/Users/thomasbcox/Projects/thomas-writing-assistant/src/server/services/conceptProposer.ts": {"lines":{"total":44,"covered":40,"skipped":0,"pct":90.9},"functions":{"total":6,"covered":5,"skipped":0,"pct":83.33},"statements":{"total":45,"covered":41,"skipped":0,"pct":91.11},"branches":{"total":28,"covered":19,"skipped":0,"pct":67.85}}
,"/Users/thomasbcox/Projects/thomas-writing-assistant/src/server/services/config.ts": {"lines":{"total":65,"covered":62,"skipped":0,"pct":95.38},"functions":{"total":9,"covered":9,"skipped":0,"pct":100},"statements":{"total":65,"covered":62,"skipped":0,"pct":95.38},"branches":{"total":34,"covered":25,"skipped":0,"pct":73.52}}
,"/Users/thomasbcox/Projects/thomas-writing-assistant/src/server/services/db-preference.ts": {"lines":{"total":15,"covered":1,"skipped":0,"pct":6.66},"functions":{"total":3,"covered":0,"skipped":0,"pct":0},"statements":{"total":15,"covered":1,"skipped":0,"pct":6.66},"branches":{"total":12,"covered":0,"skipped":0,"pct":0}}
,"/Users/thomasbcox/Projects/thomas-writing-assistant/src/server/services/linkProposer.ts": {"lines":{"total":55,"covered":52,"skipped":0,"pct":94.54},"functions":{"total":9,"covered":9,"skipped":0,"pct":100},"statements":{"total":59,"covered":56,"skipped":0,"pct":94.91},"branches":{"total":23,"covered":14,"skipped":0,"pct":60.86}}
,"/Users/thomasbcox/Projects/thomas-writing-assistant/src/server/services/repurposer.ts": {"lines":{"total":40,"covered":40,"skipped":0,"pct":100},"functions":{"total":6,"covered":6,"skipped":0,"pct":100},"statements":{"total":40,"covered":40,"skipped":0,"pct":100},"branches":{"total":26,"covered":23,"skipped":0,"pct":88.46}}
,"/Users/thomasbcox/Projects/thomas-writing-assistant/src/server/services/llm/client.ts": {"lines":{"total":48,"covered":33,"skipped":0,"pct":68.75},"functions":{"total":13,"covered":12,"skipped":0,"pct":92.3},"statements":{"total":48,"covered":33,"skipped":0,"pct":68.75},"branches":{"total":36,"covered":22,"skipped":0,"pct":61.11}}
,"/Users/thomasbcox/Projects/thomas-writing-assistant/src/server/services/llm/providers/gemini.ts": {"lines":{"total":79,"covered":16,"skipped":0,"pct":20.25},"functions":{"total":15,"covered":5,"skipped":0,"pct":33.33},"statements":{"total":81,"covered":17,"skipped":0,"pct":20.98},"branches":{"total":54,"covered":2,"skipped":0,"pct":3.7}}
,"/Users/thomasbcox/Projects/thomas-writing-assistant/src/server/services/llm/providers/openai.ts": {"lines":{"total":24,"covered":6,"skipped":0,"pct":25},"functions":{"total":7,"covered":3,"skipped":0,"pct":42.85},"statements":{"total":24,"covered":6,"skipped":0,"pct":25},"branches":{"total":16,"covered":3,"skipped":0,"pct":18.75}}
,"/Users/thomasbcox/Projects/thomas-writing-assistant/src/test/polyfills.ts": {"lines":{"total":9,"covered":0,"skipped":0,"pct":0},"functions":{"total":2,"covered":0,"skipped":0,"pct":0},"statements":{"total":9,"covered":0,"skipped":0,"pct":0},"branches":{"total":6,"covered":0,"skipped":0,"pct":0}}
,"/Users/thomasbcox/Projects/thomas-writing-assistant/src/test/setup.ts": {"lines":{"total":2,"covered":0,"skipped":0,"pct":0},"functions":{"total":0,"covered":0,"skipped":0,"pct":100},"statements":{"total":2,"covered":0,"skipped":0,"pct":0},"branches":{"total":2,"covered":0,"skipped":0,"pct":0}}
,"/Users/thomasbcox/Projects/thomas-writing-assistant/src/test/test-utils.ts": {"lines":{"total":36,"covered":35,"skipped":0,"pct":97.22},"functions":{"total":10,"covered":10,"skipped":0,"pct":100},"statements":{"total":36,"covered":35,"skipped":0,"pct":97.22},"branches":{"total":11,"covered":7,"skipped":0,"pct":63.63}}
,"/Users/thomasbcox/Projects/thomas-writing-assistant/src/test/api/drizzle-mock-helper.ts": {"lines":{"total":112,"covered":0,"skipped":0,"pct":0},"functions":{"total":35,"covered":0,"skipped":0,"pct":0},"statements":{"total":120,"covered":0,"skipped":0,"pct":0},"branches":{"total":44,"covered":0,"skipped":0,"pct":0}}
,"/Users/thomasbcox/Projects/thomas-writing-assistant/src/test/mocks/config-loader.ts": {"lines":{"total":13,"covered":6,"skipped":0,"pct":46.15},"functions":{"total":9,"covered":3,"skipped":0,"pct":33.33},"statements":{"total":13,"covered":6,"skipped":0,"pct":46.15},"branches":{"total":6,"covered":2,"skipped":0,"pct":33.33}}
,"/Users/thomasbcox/Projects/thomas-writing-assistant/src/test/mocks/db-helpers.ts": {"lines":{"total":1,"covered":0,"skipped":0,"pct":0},"functions":{"total":1,"covered":0,"skipped":0,"pct":0},"statements":{"total":1,"covered":0,"skipped":0,"pct":0},"branches":{"total":0,"covered":0,"skipped":0,"pct":100}}
,"/Users/thomasbcox/Projects/thomas-writing-assistant/src/test/mocks/db.ts": {"lines":{"total":2,"covered":0,"skipped":0,"pct":0},"functions":{"total":1,"covered":0,"skipped":0,"pct":0},"statements":{"total":2,"covered":0,"skipped":0,"pct":0},"branches":{"total":0,"covered":0,"skipped":0,"pct":100}}
,"/Users/thomasbcox/Projects/thomas-writing-assistant/src/test/mocks/handlers.ts": {"lines":{"total":10,"covered":0,"skipped":0,"pct":0},"functions":{"total":9,"covered":0,"skipped":0,"pct":0},"statements":{"total":10,"covered":0,"skipped":0,"pct":0},"branches":{"total":0,"covered":0,"skipped":0,"pct":100}}
,"/Users/thomasbcox/Projects/thomas-writing-assistant/src/test/mocks/llm-client.ts": {"lines":{"total":17,"covered":11,"skipped":0,"pct":64.7},"functions":{"total":11,"covered":7,"skipped":0,"pct":63.63},"statements":{"total":17,"covered":11,"skipped":0,"pct":64.7},"branches":{"total":4,"covered":2,"skipped":0,"pct":50}}
,"/Users/thomasbcox/Projects/thomas-writing-assistant/src/test/mocks/server.ts": {"lines":{"total":1,"covered":0,"skipped":0,"pct":0},"functions":{"total":0,"covered":0,"skipped":0,"pct":100},"statements":{"total":1,"covered":0,"skipped":0,"pct":0},"branches":{"total":0,"covered":0,"skipped":0,"pct":100}}
,"/Users/thomasbcox/Projects/thomas-writing-assistant/src/test/utils/api-route-test-setup.ts": {"lines":{"total":27,"covered":0,"skipped":0,"pct":0},"functions":{"total":12,"covered":0,"skipped":0,"pct":0},"statements":{"total":30,"covered":0,"skipped":0,"pct":0},"branches":{"total":8,"covered":0,"skipped":0,"pct":0}}
,"/Users/thomasbcox/Projects/thomas-writing-assistant/src/test/utils/api-route-test-utils.ts": {"lines":{"total":20,"covered":0,"skipped":0,"pct":0},"functions":{"total":8,"covered":0,"skipped":0,"pct":0},"statements":{"total":20,"covered":0,"skipped":0,"pct":0},"branches":{"total":4,"covered":0,"skipped":0,"pct":0}}
,"/Users/thomasbcox/Projects/thomas-writing-assistant/src/test/utils/in-memory-db-setup.ts": {"lines":{"total":49,"covered":11,"skipped":0,"pct":22.44},"functions":{"total":14,"covered":3,"skipped":0,"pct":21.42},"statements":{"total":51,"covered":11,"skipped":0,"pct":21.56},"branches":{"total":23,"covered":1,"skipped":0,"pct":4.34}}
,"/Users/thomasbcox/Projects/thomas-writing-assistant/src/test/utils/mock-trpc-hooks.ts": {"lines":{"total":149,"covered":0,"skipped":0,"pct":0},"functions":{"total":43,"covered":0,"skipped":0,"pct":0},"statements":{"total":182,"covered":0,"skipped":0,"pct":0},"branches":{"total":71,"covered":0,"skipped":0,"pct":0}}
,"/Users/thomasbcox/Projects/thomas-writing-assistant/src/test/utils/mock-trpc.ts": {"lines":{"total":5,"covered":0,"skipped":0,"pct":0},"functions":{"total":6,"covered":0,"skipped":0,"pct":0},"statements":{"total":8,"covered":0,"skipped":0,"pct":0},"branches":{"total":10,"covered":0,"skipped":0,"pct":0}}
,"/Users/thomasbcox/Projects/thomas-writing-assistant/src/test/utils/test-factories.ts": {"lines":{"total":7,"covered":0,"skipped":0,"pct":0},"functions":{"total":6,"covered":0,"skipped":0,"pct":0},"statements":{"total":7,"covered":0,"skipped":0,"pct":0},"branches":{"total":6,"covered":0,"skipped":0,"pct":0}}
,"/Users/thomasbcox/Projects/thomas-writing-assistant/src/test/utils/test-wrapper.tsx": {"lines":{"total":5,"covered":5,"skipped":0,"pct":100},"functions":{"total":3,"covered":3,"skipped":0,"pct":100},"statements":{"total":5,"covered":5,"skipped":0,"pct":100},"branches":{"total":0,"covered":0,"skipped":0,"pct":100}}
,"/Users/thomasbcox/Projects/thomas-writing-assistant/src/test/utils/trpc-test-utils.tsx": {"lines":{"total":23,"covered":11,"skipped":0,"pct":47.82},"functions":{"total":13,"covered":3,"skipped":0,"pct":23.07},"statements":{"total":27,"covered":11,"skipped":0,"pct":40.74},"branches":{"total":26,"covered":21,"skipped":0,"pct":80.76}}
}
