{"/Users/thomasbcox/Projects/thomas-writing-assistant/src/server/services/llm/providers/gemini.ts": {"path":"/Users/thomasbcox/Projects/thomas-writing-assistant/src/server/services/llm/providers/gemini.ts","statementMap":{"0":{"start":{"line":12,"column":10},"end":{"line":12,"column":50}},"1":{"start":{"line":15,"column":4},"end":{"line":17,"column":5}},"2":{"start":{"line":16,"column":6},"end":{"line":16,"column":69}},"3":{"start":{"line":19,"column":4},"end":{"line":19,"column":25}},"4":{"start":{"line":20,"column":4},"end":{"line":20,"column":48}},"5":{"start":{"line":21,"column":4},"end":{"line":21,"column":57}},"6":{"start":{"line":22,"column":4},"end":{"line":22,"column":23}},"7":{"start":{"line":23,"column":4},"end":{"line":23,"column":35}},"8":{"start":{"line":31,"column":4},"end":{"line":33,"column":5}},"9":{"start":{"line":32,"column":6},"end":{"line":32,"column":34}},"10":{"start":{"line":35,"column":4},"end":{"line":52,"column":5}},"11":{"start":{"line":36,"column":23},"end":{"line":37,"column":null}},"12":{"start":{"line":39,"column":6},"end":{"line":41,"column":7}},"13":{"start":{"line":40,"column":8},"end":{"line":40,"column":69}},"14":{"start":{"line":42,"column":20},"end":{"line":42,"column":41}},"15":{"start":{"line":43,"column":6},"end":{"line":48,"column":7}},"16":{"start":{"line":44,"column":8},"end":{"line":46,"column":56}},"17":{"start":{"line":45,"column":22},"end":{"line":45,"column":51}},"18":{"start":{"line":46,"column":28},"end":{"line":46,"column":54}},"19":{"start":{"line":47,"column":8},"end":{"line":47,"column":36}},"20":{"start":{"line":51,"column":6},"end":{"line":51,"column":84}},"21":{"start":{"line":56,"column":4},"end":{"line":64,"column":6}},"22":{"start":{"line":65,"column":4},"end":{"line":65,"column":32}},"23":{"start":{"line":74,"column":27},"end":{"line":81,"column":6}},"24":{"start":{"line":84,"column":36},"end":{"line":84,"column":38}},"25":{"start":{"line":85,"column":4},"end":{"line":90,"column":5}},"26":{"start":{"line":86,"column":6},"end":{"line":86,"column":57}},"27":{"start":{"line":89,"column":6},"end":{"line":89,"column":86}},"28":{"start":{"line":93,"column":24},"end":{"line":98,"column":6}},"29":{"start":{"line":94,"column":38},"end":{"line":94,"column":97}},"30":{"start":{"line":96,"column":40},"end":{"line":96,"column":67}},"31":{"start":{"line":102,"column":4},"end":{"line":102,"column":34}},"32":{"start":{"line":106,"column":4},"end":{"line":106,"column":23}},"33":{"start":{"line":110,"column":4},"end":{"line":110,"column":35}},"34":{"start":{"line":119,"column":47},"end":{"line":125,"column":6}},"35":{"start":{"line":128,"column":4},"end":{"line":130,"column":5}},"36":{"start":{"line":129,"column":6},"end":{"line":129,"column":19}},"37":{"start":{"line":132,"column":4},"end":{"line":132,"column":55}},"38":{"start":{"line":146,"column":27},"end":{"line":146,"column":61}},"39":{"start":{"line":148,"column":4},"end":{"line":165,"column":5}},"40":{"start":{"line":149,"column":20},"end":{"line":159,"column":8}},"41":{"start":{"line":161,"column":6},"end":{"line":161,"column":30}},"42":{"start":{"line":163,"column":6},"end":{"line":163,"column":87}},"43":{"start":{"line":164,"column":6},"end":{"line":164,"column":18}},"44":{"start":{"line":177,"column":4},"end":{"line":184,"column":5}},"45":{"start":{"line":179,"column":6},"end":{"line":179,"column":73}},"46":{"start":{"line":180,"column":6},"end":{"line":180,"column":69}},"47":{"start":{"line":182,"column":6},"end":{"line":182,"column":71}},"48":{"start":{"line":191,"column":4},"end":{"line":197,"column":5}},"49":{"start":{"line":192,"column":6},"end":{"line":192,"column":48}},"50":{"start":{"line":193,"column":6},"end":{"line":193,"column":59}},"51":{"start":{"line":195,"column":6},"end":{"line":195,"column":66}},"52":{"start":{"line":210,"column":22},"end":{"line":210,"column":24}},"53":{"start":{"line":211,"column":4},"end":{"line":222,"column":5}},"54":{"start":{"line":212,"column":6},"end":{"line":221,"column":22}},"55":{"start":{"line":214,"column":29},"end":{"line":218,"column":27}},"56":{"start":{"line":219,"column":10},"end":{"line":219,"column":49}},"57":{"start":{"line":227,"column":21},"end":{"line":227,"column":23}},"58":{"start":{"line":228,"column":4},"end":{"line":236,"column":5}},"59":{"start":{"line":229,"column":6},"end":{"line":231,"column":48}},"60":{"start":{"line":233,"column":6},"end":{"line":235,"column":17}},"61":{"start":{"line":246,"column":27},"end":{"line":254,"column":6}},"62":{"start":{"line":257,"column":24},"end":{"line":257,"column":87}},"63":{"start":{"line":257,"column":69},"end":{"line":257,"column":85}},"64":{"start":{"line":259,"column":34},"end":{"line":259,"column":38}},"65":{"start":{"line":261,"column":4},"end":{"line":305,"column":5}},"66":{"start":{"line":262,"column":6},"end":{"line":304,"column":7}},"67":{"start":{"line":263,"column":31},"end":{"line":263,"column":77}},"68":{"start":{"line":266,"column":33},"end":{"line":272,"column":10}},"69":{"start":{"line":275,"column":8},"end":{"line":277,"column":9}},"70":{"start":{"line":276,"column":10},"end":{"line":276,"column":80}},"71":{"start":{"line":279,"column":22},"end":{"line":279,"column":64}},"72":{"start":{"line":281,"column":23},"end":{"line":281,"column":62}},"73":{"start":{"line":282,"column":25},"end":{"line":282,"column":46}},"74":{"start":{"line":283,"column":21},"end":{"line":283,"column":42}},"75":{"start":{"line":286,"column":8},"end":{"line":289,"column":9}},"76":{"start":{"line":287,"column":10},"end":{"line":287,"column":105}},"77":{"start":{"line":288,"column":10},"end":{"line":288,"column":33}},"78":{"start":{"line":291,"column":8},"end":{"line":291,"column":20}},"79":{"start":{"line":293,"column":29},"end":{"line":293,"column":83}},"80":{"start":{"line":294,"column":8},"end":{"line":294,"column":78}},"81":{"start":{"line":297,"column":8},"end":{"line":300,"column":9}},"82":{"start":{"line":298,"column":10},"end":{"line":298,"column":110}},"83":{"start":{"line":299,"column":10},"end":{"line":299,"column":19}},"84":{"start":{"line":303,"column":8},"end":{"line":303,"column":20}},"85":{"start":{"line":308,"column":4},"end":{"line":308,"column":102}},"86":{"start":{"line":320,"column":22},"end":{"line":320,"column":24}},"87":{"start":{"line":321,"column":4},"end":{"line":332,"column":5}},"88":{"start":{"line":322,"column":6},"end":{"line":331,"column":22}},"89":{"start":{"line":324,"column":29},"end":{"line":328,"column":27}},"90":{"start":{"line":329,"column":10},"end":{"line":329,"column":49}},"91":{"start":{"line":337,"column":21},"end":{"line":337,"column":23}},"92":{"start":{"line":338,"column":4},"end":{"line":346,"column":5}},"93":{"start":{"line":339,"column":6},"end":{"line":341,"column":48}},"94":{"start":{"line":343,"column":6},"end":{"line":345,"column":17}},"95":{"start":{"line":356,"column":27},"end":{"line":364,"column":6}},"96":{"start":{"line":367,"column":24},"end":{"line":367,"column":87}},"97":{"start":{"line":367,"column":69},"end":{"line":367,"column":85}},"98":{"start":{"line":369,"column":34},"end":{"line":369,"column":38}},"99":{"start":{"line":371,"column":4},"end":{"line":470,"column":5}},"100":{"start":{"line":373,"column":6},"end":{"line":469,"column":7}},"101":{"start":{"line":373,"column":25},"end":{"line":373,"column":26}},"102":{"start":{"line":374,"column":8},"end":{"line":468,"column":9}},"103":{"start":{"line":375,"column":33},"end":{"line":375,"column":79}},"104":{"start":{"line":378,"column":35},"end":{"line":384,"column":12}},"105":{"start":{"line":387,"column":10},"end":{"line":389,"column":11}},"106":{"start":{"line":388,"column":12},"end":{"line":388,"column":82}},"107":{"start":{"line":391,"column":24},"end":{"line":391,"column":66}},"108":{"start":{"line":393,"column":25},"end":{"line":393,"column":64}},"109":{"start":{"line":394,"column":27},"end":{"line":394,"column":48}},"110":{"start":{"line":395,"column":26},"end":{"line":395,"column":49}},"111":{"start":{"line":398,"column":10},"end":{"line":401,"column":11}},"112":{"start":{"line":399,"column":12},"end":{"line":399,"column":107}},"113":{"start":{"line":400,"column":12},"end":{"line":400,"column":35}},"114":{"start":{"line":404,"column":10},"end":{"line":441,"column":11}},"115":{"start":{"line":405,"column":27},"end":{"line":405,"column":73}},"116":{"start":{"line":408,"column":12},"end":{"line":410,"column":13}},"117":{"start":{"line":409,"column":14},"end":{"line":409,"column":81}},"118":{"start":{"line":412,"column":12},"end":{"line":412,"column":26}},"119":{"start":{"line":414,"column":29},"end":{"line":414,"column":101}},"120":{"start":{"line":417,"column":12},"end":{"line":429,"column":13}},"121":{"start":{"line":419,"column":14},"end":{"line":425,"column":15}},"122":{"start":{"line":420,"column":16},"end":{"line":424,"column":18}},"123":{"start":{"line":427,"column":14},"end":{"line":427,"column":35}},"124":{"start":{"line":428,"column":14},"end":{"line":428,"column":20}},"125":{"start":{"line":432,"column":12},"end":{"line":435,"column":14}},"126":{"start":{"line":436,"column":12},"end":{"line":436,"column":33}},"127":{"start":{"line":439,"column":12},"end":{"line":439,"column":93}},"128":{"start":{"line":439,"column":43},"end":{"line":439,"column":91}},"129":{"start":{"line":440,"column":12},"end":{"line":440,"column":21}},"130":{"start":{"line":443,"column":31},"end":{"line":443,"column":85}},"131":{"start":{"line":444,"column":10},"end":{"line":444,"column":80}},"132":{"start":{"line":447,"column":10},"end":{"line":450,"column":11}},"133":{"start":{"line":448,"column":12},"end":{"line":448,"column":112}},"134":{"start":{"line":449,"column":12},"end":{"line":449,"column":18}},"135":{"start":{"line":453,"column":10},"end":{"line":461,"column":11}},"136":{"start":{"line":454,"column":12},"end":{"line":457,"column":14}},"137":{"start":{"line":459,"column":12},"end":{"line":459,"column":93}},"138":{"start":{"line":459,"column":43},"end":{"line":459,"column":91}},"139":{"start":{"line":460,"column":12},"end":{"line":460,"column":21}},"140":{"start":{"line":464,"column":10},"end":{"line":466,"column":11}},"141":{"start":{"line":465,"column":12},"end":{"line":465,"column":24}},"142":{"start":{"line":467,"column":10},"end":{"line":467,"column":16}},"143":{"start":{"line":473,"column":4},"end":{"line":476,"column":6}},"144":{"start":{"line":480,"column":4},"end":{"line":480,"column":22}},"145":{"start":{"line":484,"column":4},"end":{"line":484,"column":28}},"146":{"start":{"line":489,"column":16},"end":{"line":489,"column":124}},"147":{"start":{"line":491,"column":21},"end":{"line":502,"column":6}},"148":{"start":{"line":504,"column":4},"end":{"line":507,"column":5}},"149":{"start":{"line":505,"column":24},"end":{"line":505,"column":45}},"150":{"start":{"line":506,"column":6},"end":{"line":506,"column":86}},"151":{"start":{"line":509,"column":18},"end":{"line":509,"column":39}},"152":{"start":{"line":510,"column":4},"end":{"line":510,"column":40}}},"fnMap":{"0":{"name":"(anonymous_0)","decl":{"start":{"line":14,"column":2},"end":{"line":14,"column":14}},"loc":{"start":{"line":14,"column":95},"end":{"line":24,"column":3}}},"1":{"name":"(anonymous_1)","decl":{"start":{"line":30,"column":2},"end":{"line":30,"column":7}},"loc":{"start":{"line":30,"column":27},"end":{"line":66,"column":3}}},"2":{"name":"(anonymous_2)","decl":{"start":{"line":45,"column":15},"end":{"line":45,"column":16}},"loc":{"start":{"line":45,"column":22},"end":{"line":45,"column":51}}},"3":{"name":"(anonymous_3)","decl":{"start":{"line":46,"column":18},"end":{"line":46,"column":19}},"loc":{"start":{"line":46,"column":28},"end":{"line":46,"column":54}}},"4":{"name":"(anonymous_4)","decl":{"start":{"line":72,"column":2},"end":{"line":72,"column":7}},"loc":{"start":{"line":72,"column":24},"end":{"line":103,"column":3}}},"5":{"name":"(anonymous_5)","decl":{"start":{"line":94,"column":31},"end":{"line":94,"column":32}},"loc":{"start":{"line":94,"column":38},"end":{"line":94,"column":97}}},"6":{"name":"(anonymous_6)","decl":{"start":{"line":96,"column":33},"end":{"line":96,"column":34}},"loc":{"start":{"line":96,"column":40},"end":{"line":96,"column":67}}},"7":{"name":"(anonymous_7)","decl":{"start":{"line":105,"column":2},"end":{"line":105,"column":10}},"loc":{"start":{"line":105,"column":24},"end":{"line":107,"column":3}}},"8":{"name":"(anonymous_8)","decl":{"start":{"line":109,"column":2},"end":{"line":109,"column":16}},"loc":{"start":{"line":109,"column":36},"end":{"line":111,"column":3}}},"9":{"name":"(anonymous_9)","decl":{"start":{"line":117,"column":10},"end":{"line":117,"column":27}},"loc":{"start":{"line":117,"column":41},"end":{"line":133,"column":3}}},"10":{"name":"(anonymous_10)","decl":{"start":{"line":141,"column":2},"end":{"line":141,"column":7}},"loc":{"start":{"line":143,"column":29},"end":{"line":166,"column":3}}},"11":{"name":"(anonymous_11)","decl":{"start":{"line":173,"column":2},"end":{"line":173,"column":7}},"loc":{"start":{"line":175,"column":29},"end":{"line":185,"column":3}}},"12":{"name":"(anonymous_12)","decl":{"start":{"line":190,"column":2},"end":{"line":190,"column":7}},"loc":{"start":{"line":190,"column":37},"end":{"line":198,"column":3}}},"13":{"name":"(anonymous_13)","decl":{"start":{"line":200,"column":2},"end":{"line":200,"column":7}},"loc":{"start":{"line":206,"column":30},"end":{"line":309,"column":3}}},"14":{"name":"(anonymous_14)","decl":{"start":{"line":213,"column":13},"end":{"line":213,"column":14}},"loc":{"start":{"line":213,"column":21},"end":{"line":220,"column":9}}},"15":{"name":"(anonymous_15)","decl":{"start":{"line":257,"column":62},"end":{"line":257,"column":63}},"loc":{"start":{"line":257,"column":69},"end":{"line":257,"column":85}}},"16":{"name":"(anonymous_16)","decl":{"start":{"line":311,"column":2},"end":{"line":311,"column":7}},"loc":{"start":{"line":316,"column":30},"end":{"line":477,"column":3}}},"17":{"name":"(anonymous_17)","decl":{"start":{"line":323,"column":13},"end":{"line":323,"column":14}},"loc":{"start":{"line":323,"column":21},"end":{"line":330,"column":9}}},"18":{"name":"(anonymous_18)","decl":{"start":{"line":367,"column":62},"end":{"line":367,"column":63}},"loc":{"start":{"line":367,"column":69},"end":{"line":367,"column":85}}},"19":{"name":"(anonymous_19)","decl":{"start":{"line":439,"column":30},"end":{"line":439,"column":31}},"loc":{"start":{"line":439,"column":43},"end":{"line":439,"column":91}}},"20":{"name":"(anonymous_20)","decl":{"start":{"line":459,"column":30},"end":{"line":459,"column":31}},"loc":{"start":{"line":459,"column":43},"end":{"line":459,"column":91}}},"21":{"name":"(anonymous_21)","decl":{"start":{"line":479,"column":2},"end":{"line":479,"column":10}},"loc":{"start":{"line":479,"column":10},"end":{"line":481,"column":3}}},"22":{"name":"(anonymous_22)","decl":{"start":{"line":483,"column":2},"end":{"line":483,"column":16}},"loc":{"start":{"line":483,"column":16},"end":{"line":485,"column":3}}},"23":{"name":"(anonymous_23)","decl":{"start":{"line":487,"column":2},"end":{"line":487,"column":7}},"loc":{"start":{"line":487,"column":26},"end":{"line":511,"column":3}}}},"branchMap":{"0":{"loc":{"start":{"line":14,"column":30},"end":{"line":14,"column":68}},"type":"default-arg","locations":[{"start":{"line":14,"column":46},"end":{"line":14,"column":68}}]},"1":{"loc":{"start":{"line":14,"column":70},"end":{"line":14,"column":95}},"type":"default-arg","locations":[{"start":{"line":14,"column":92},"end":{"line":14,"column":95}}]},"2":{"loc":{"start":{"line":15,"column":4},"end":{"line":17,"column":5}},"type":"if","locations":[{"start":{"line":15,"column":4},"end":{"line":17,"column":5}},{"start":{},"end":{}}]},"3":{"loc":{"start":{"line":31,"column":4},"end":{"line":33,"column":5}},"type":"if","locations":[{"start":{"line":31,"column":4},"end":{"line":33,"column":5}},{"start":{},"end":{}}]},"4":{"loc":{"start":{"line":39,"column":6},"end":{"line":41,"column":7}},"type":"if","locations":[{"start":{"line":39,"column":6},"end":{"line":41,"column":7}},{"start":{},"end":{}}]},"5":{"loc":{"start":{"line":43,"column":6},"end":{"line":48,"column":7}},"type":"if","locations":[{"start":{"line":43,"column":6},"end":{"line":48,"column":7}},{"start":{},"end":{}}]},"6":{"loc":{"start":{"line":94,"column":38},"end":{"line":94,"column":97}},"type":"binary-expr","locations":[{"start":{"line":94,"column":38},"end":{"line":94,"column":66}},{"start":{"line":94,"column":70},"end":{"line":94,"column":97}}]},"7":{"loc":{"start":{"line":95,"column":10},"end":{"line":97,"column":12}},"type":"cond-expr","locations":[{"start":{"line":96,"column":10},"end":{"line":96,"column":68}},{"start":{"line":97,"column":10},"end":{"line":97,"column":12}}]},"8":{"loc":{"start":{"line":102,"column":11},"end":{"line":102,"column":33}},"type":"binary-expr","locations":[{"start":{"line":102,"column":11},"end":{"line":102,"column":25}},{"start":{"line":102,"column":29},"end":{"line":102,"column":33}}]},"9":{"loc":{"start":{"line":128,"column":4},"end":{"line":130,"column":5}},"type":"if","locations":[{"start":{"line":128,"column":4},"end":{"line":130,"column":5}},{"start":{},"end":{}}]},"10":{"loc":{"start":{"line":128,"column":8},"end":{"line":128,"column":56}},"type":"binary-expr","locations":[{"start":{"line":128,"column":8},"end":{"line":128,"column":30}},{"start":{"line":128,"column":34},"end":{"line":128,"column":56}}]},"11":{"loc":{"start":{"line":132,"column":11},"end":{"line":132,"column":54}},"type":"binary-expr","locations":[{"start":{"line":132,"column":11},"end":{"line":132,"column":28}},{"start":{"line":132,"column":32},"end":{"line":132,"column":54}}]},"12":{"loc":{"start":{"line":143,"column":4},"end":{"line":143,"column":29}},"type":"default-arg","locations":[{"start":{"line":143,"column":25},"end":{"line":143,"column":29}}]},"13":{"loc":{"start":{"line":161,"column":13},"end":{"line":161,"column":29}},"type":"binary-expr","locations":[{"start":{"line":161,"column":13},"end":{"line":161,"column":23}},{"start":{"line":161,"column":27},"end":{"line":161,"column":29}}]},"14":{"loc":{"start":{"line":175,"column":4},"end":{"line":175,"column":29}},"type":"default-arg","locations":[{"start":{"line":175,"column":25},"end":{"line":175,"column":29}}]},"15":{"loc":{"start":{"line":211,"column":4},"end":{"line":222,"column":5}},"type":"if","locations":[{"start":{"line":211,"column":4},"end":{"line":222,"column":5}},{"start":{},"end":{}}]},"16":{"loc":{"start":{"line":211,"column":8},"end":{"line":211,"column":61}},"type":"binary-expr","locations":[{"start":{"line":211,"column":8},"end":{"line":211,"column":27}},{"start":{"line":211,"column":31},"end":{"line":211,"column":61}}]},"17":{"loc":{"start":{"line":214,"column":29},"end":{"line":218,"column":27}},"type":"cond-expr","locations":[{"start":{"line":215,"column":14},"end":{"line":215,"column":24}},{"start":{"line":216,"column":14},"end":{"line":218,"column":27}}]},"18":{"loc":{"start":{"line":216,"column":14},"end":{"line":218,"column":27}},"type":"cond-expr","locations":[{"start":{"line":217,"column":14},"end":{"line":217,"column":22}},{"start":{"line":218,"column":14},"end":{"line":218,"column":27}}]},"19":{"loc":{"start":{"line":228,"column":4},"end":{"line":236,"column":5}},"type":"if","locations":[{"start":{"line":228,"column":4},"end":{"line":236,"column":5}},{"start":{"line":232,"column":11},"end":{"line":236,"column":5}}]},"20":{"loc":{"start":{"line":229,"column":19},"end":{"line":231,"column":47}},"type":"cond-expr","locations":[{"start":{"line":230,"column":10},"end":{"line":230,"column":76}},{"start":{"line":231,"column":10},"end":{"line":231,"column":47}}]},"21":{"loc":{"start":{"line":233,"column":19},"end":{"line":235,"column":16}},"type":"cond-expr","locations":[{"start":{"line":234,"column":10},"end":{"line":234,"column":40}},{"start":{"line":235,"column":10},"end":{"line":235,"column":16}}]},"22":{"loc":{"start":{"line":263,"column":31},"end":{"line":263,"column":77}},"type":"binary-expr","locations":[{"start":{"line":263,"column":31},"end":{"line":263,"column":64}},{"start":{"line":263,"column":68},"end":{"line":263,"column":77}}]},"23":{"loc":{"start":{"line":269,"column":25},"end":{"line":269,"column":56}},"type":"binary-expr","locations":[{"start":{"line":269,"column":25},"end":{"line":269,"column":36}},{"start":{"line":269,"column":40},"end":{"line":269,"column":56}}]},"24":{"loc":{"start":{"line":275,"column":8},"end":{"line":277,"column":9}},"type":"if","locations":[{"start":{"line":275,"column":8},"end":{"line":277,"column":9}},{"start":{},"end":{}}]},"25":{"loc":{"start":{"line":283,"column":21},"end":{"line":283,"column":42}},"type":"binary-expr","locations":[{"start":{"line":283,"column":21},"end":{"line":283,"column":36}},{"start":{"line":283,"column":40},"end":{"line":283,"column":42}}]},"26":{"loc":{"start":{"line":286,"column":8},"end":{"line":289,"column":9}},"type":"if","locations":[{"start":{"line":286,"column":8},"end":{"line":289,"column":9}},{"start":{},"end":{}}]},"27":{"loc":{"start":{"line":293,"column":29},"end":{"line":293,"column":83}},"type":"cond-expr","locations":[{"start":{"line":293,"column":54},"end":{"line":293,"column":67}},{"start":{"line":293,"column":70},"end":{"line":293,"column":83}}]},"28":{"loc":{"start":{"line":294,"column":20},"end":{"line":294,"column":77}},"type":"cond-expr","locations":[{"start":{"line":294,"column":45},"end":{"line":294,"column":50}},{"start":{"line":294,"column":53},"end":{"line":294,"column":77}}]},"29":{"loc":{"start":{"line":297,"column":8},"end":{"line":300,"column":9}},"type":"if","locations":[{"start":{"line":297,"column":8},"end":{"line":300,"column":9}},{"start":{},"end":{}}]},"30":{"loc":{"start":{"line":297,"column":12},"end":{"line":297,"column":119}},"type":"binary-expr","locations":[{"start":{"line":297,"column":12},"end":{"line":297,"column":40}},{"start":{"line":297,"column":44},"end":{"line":297,"column":78}},{"start":{"line":297,"column":82},"end":{"line":297,"column":119}}]},"31":{"loc":{"start":{"line":308,"column":61},"end":{"line":308,"column":98}},"type":"binary-expr","locations":[{"start":{"line":308,"column":61},"end":{"line":308,"column":79}},{"start":{"line":308,"column":83},"end":{"line":308,"column":98}}]},"32":{"loc":{"start":{"line":315,"column":4},"end":{"line":315,"column":26}},"type":"default-arg","locations":[{"start":{"line":315,"column":25},"end":{"line":315,"column":26}}]},"33":{"loc":{"start":{"line":321,"column":4},"end":{"line":332,"column":5}},"type":"if","locations":[{"start":{"line":321,"column":4},"end":{"line":332,"column":5}},{"start":{},"end":{}}]},"34":{"loc":{"start":{"line":321,"column":8},"end":{"line":321,"column":61}},"type":"binary-expr","locations":[{"start":{"line":321,"column":8},"end":{"line":321,"column":27}},{"start":{"line":321,"column":31},"end":{"line":321,"column":61}}]},"35":{"loc":{"start":{"line":324,"column":29},"end":{"line":328,"column":27}},"type":"cond-expr","locations":[{"start":{"line":325,"column":14},"end":{"line":325,"column":24}},{"start":{"line":326,"column":14},"end":{"line":328,"column":27}}]},"36":{"loc":{"start":{"line":326,"column":14},"end":{"line":328,"column":27}},"type":"cond-expr","locations":[{"start":{"line":327,"column":14},"end":{"line":327,"column":22}},{"start":{"line":328,"column":14},"end":{"line":328,"column":27}}]},"37":{"loc":{"start":{"line":338,"column":4},"end":{"line":346,"column":5}},"type":"if","locations":[{"start":{"line":338,"column":4},"end":{"line":346,"column":5}},{"start":{"line":342,"column":11},"end":{"line":346,"column":5}}]},"38":{"loc":{"start":{"line":339,"column":19},"end":{"line":341,"column":47}},"type":"cond-expr","locations":[{"start":{"line":340,"column":10},"end":{"line":340,"column":76}},{"start":{"line":341,"column":10},"end":{"line":341,"column":47}}]},"39":{"loc":{"start":{"line":343,"column":19},"end":{"line":345,"column":16}},"type":"cond-expr","locations":[{"start":{"line":344,"column":10},"end":{"line":344,"column":40}},{"start":{"line":345,"column":10},"end":{"line":345,"column":16}}]},"40":{"loc":{"start":{"line":375,"column":33},"end":{"line":375,"column":79}},"type":"binary-expr","locations":[{"start":{"line":375,"column":33},"end":{"line":375,"column":66}},{"start":{"line":375,"column":70},"end":{"line":375,"column":79}}]},"41":{"loc":{"start":{"line":387,"column":10},"end":{"line":389,"column":11}},"type":"if","locations":[{"start":{"line":387,"column":10},"end":{"line":389,"column":11}},{"start":{},"end":{}}]},"42":{"loc":{"start":{"line":395,"column":26},"end":{"line":395,"column":49}},"type":"binary-expr","locations":[{"start":{"line":395,"column":26},"end":{"line":395,"column":41}},{"start":{"line":395,"column":45},"end":{"line":395,"column":49}}]},"43":{"loc":{"start":{"line":398,"column":10},"end":{"line":401,"column":11}},"type":"if","locations":[{"start":{"line":398,"column":10},"end":{"line":401,"column":11}},{"start":{},"end":{}}]},"44":{"loc":{"start":{"line":408,"column":12},"end":{"line":410,"column":13}},"type":"if","locations":[{"start":{"line":408,"column":12},"end":{"line":410,"column":13}},{"start":{},"end":{}}]},"45":{"loc":{"start":{"line":408,"column":16},"end":{"line":408,"column":86}},"type":"binary-expr","locations":[{"start":{"line":408,"column":16},"end":{"line":408,"column":42}},{"start":{"line":408,"column":46},"end":{"line":408,"column":61}},{"start":{"line":408,"column":65},"end":{"line":408,"column":86}}]},"46":{"loc":{"start":{"line":414,"column":29},"end":{"line":414,"column":101}},"type":"cond-expr","locations":[{"start":{"line":414,"column":59},"end":{"line":414,"column":69}},{"start":{"line":414,"column":72},"end":{"line":414,"column":101}}]},"47":{"loc":{"start":{"line":417,"column":12},"end":{"line":429,"column":13}},"type":"if","locations":[{"start":{"line":417,"column":12},"end":{"line":429,"column":13}},{"start":{},"end":{}}]},"48":{"loc":{"start":{"line":419,"column":14},"end":{"line":425,"column":15}},"type":"if","locations":[{"start":{"line":419,"column":14},"end":{"line":425,"column":15}},{"start":{},"end":{}}]},"49":{"loc":{"start":{"line":443,"column":31},"end":{"line":443,"column":85}},"type":"cond-expr","locations":[{"start":{"line":443,"column":56},"end":{"line":443,"column":69}},{"start":{"line":443,"column":72},"end":{"line":443,"column":85}}]},"50":{"loc":{"start":{"line":444,"column":22},"end":{"line":444,"column":79}},"type":"cond-expr","locations":[{"start":{"line":444,"column":47},"end":{"line":444,"column":52}},{"start":{"line":444,"column":55},"end":{"line":444,"column":79}}]},"51":{"loc":{"start":{"line":447,"column":10},"end":{"line":450,"column":11}},"type":"if","locations":[{"start":{"line":447,"column":10},"end":{"line":450,"column":11}},{"start":{},"end":{}}]},"52":{"loc":{"start":{"line":447,"column":14},"end":{"line":447,"column":121}},"type":"binary-expr","locations":[{"start":{"line":447,"column":14},"end":{"line":447,"column":42}},{"start":{"line":447,"column":46},"end":{"line":447,"column":80}},{"start":{"line":447,"column":84},"end":{"line":447,"column":121}}]},"53":{"loc":{"start":{"line":453,"column":10},"end":{"line":461,"column":11}},"type":"if","locations":[{"start":{"line":453,"column":10},"end":{"line":461,"column":11}},{"start":{},"end":{}}]},"54":{"loc":{"start":{"line":453,"column":14},"end":{"line":453,"column":107}},"type":"binary-expr","locations":[{"start":{"line":453,"column":15},"end":{"line":453,"column":45}},{"start":{"line":453,"column":49},"end":{"line":453,"column":78}},{"start":{"line":453,"column":83},"end":{"line":453,"column":107}}]},"55":{"loc":{"start":{"line":464,"column":10},"end":{"line":466,"column":11}},"type":"if","locations":[{"start":{"line":464,"column":10},"end":{"line":466,"column":11}},{"start":{},"end":{}}]},"56":{"loc":{"start":{"line":464,"column":14},"end":{"line":464,"column":93}},"type":"binary-expr","locations":[{"start":{"line":464,"column":14},"end":{"line":464,"column":63}},{"start":{"line":464,"column":67},"end":{"line":464,"column":93}}]},"57":{"loc":{"start":{"line":475,"column":21},"end":{"line":475,"column":58}},"type":"binary-expr","locations":[{"start":{"line":475,"column":21},"end":{"line":475,"column":39}},{"start":{"line":475,"column":43},"end":{"line":475,"column":58}}]},"58":{"loc":{"start":{"line":504,"column":4},"end":{"line":507,"column":5}},"type":"if","locations":[{"start":{"line":504,"column":4},"end":{"line":507,"column":5}},{"start":{},"end":{}}]},"59":{"loc":{"start":{"line":510,"column":11},"end":{"line":510,"column":39}},"type":"binary-expr","locations":[{"start":{"line":510,"column":11},"end":{"line":510,"column":33}},{"start":{"line":510,"column":37},"end":{"line":510,"column":39}}]}},"s":{"0":40,"1":40,"2":1,"3":39,"4":39,"5":39,"6":39,"7":39,"8":7,"9":1,"10":6,"11":6,"12":4,"13":1,"14":3,"15":3,"16":3,"17":6,"18":6,"19":3,"20":3,"21":3,"22":3,"23":2,"24":2,"25":2,"26":2,"27":0,"28":2,"29":12,"30":9,"31":2,"32":2,"33":1,"34":47,"35":47,"36":8,"37":39,"38":2,"39":2,"40":2,"41":2,"42":0,"43":0,"44":2,"45":2,"46":2,"47":0,"48":1,"49":1,"50":1,"51":0,"52":10,"53":10,"54":1,"55":3,"56":3,"57":10,"58":10,"59":1,"60":9,"61":10,"62":10,"63":70,"64":10,"65":10,"66":17,"67":17,"68":17,"69":17,"70":2,"71":17,"72":17,"73":8,"74":8,"75":8,"76":1,"77":1,"78":8,"79":9,"80":9,"81":9,"82":8,"83":8,"84":1,"85":1,"86":8,"87":8,"88":1,"89":2,"90":2,"91":8,"92":8,"93":1,"94":7,"95":8,"96":8,"97":56,"98":8,"99":8,"100":27,"101":27,"102":28,"103":28,"104":28,"105":28,"106":1,"107":28,"108":28,"109":27,"110":27,"111":27,"112":19,"113":19,"114":27,"115":27,"116":19,"117":14,"118":5,"119":22,"120":22,"121":21,"122":3,"123":18,"124":18,"125":1,"126":1,"127":1,"128":1,"129":1,"130":4,"131":4,"132":4,"133":1,"134":1,"135":3,"136":0,"137":0,"138":0,"139":0,"140":3,"141":3,"142":0,"143":0,"144":3,"145":3,"146":3,"147":3,"148":3,"149":1,"150":1,"151":2,"152":2},"f":{"0":40,"1":7,"2":6,"3":6,"4":2,"5":12,"6":9,"7":2,"8":1,"9":47,"10":2,"11":2,"12":1,"13":10,"14":3,"15":70,"16":8,"17":2,"18":56,"19":1,"20":0,"21":3,"22":3,"23":3},"b":{"0":[39],"1":[39],"2":[1,39],"3":[1,6],"4":[1,3],"5":[3,0],"6":[12,12],"7":[2,0],"8":[2,0],"9":[8,39],"10":[47,47],"11":[39,8],"12":[1],"13":[2,0],"14":[1],"15":[1,9],"16":[10,1],"17":[0,3],"18":[2,1],"19":[1,9],"20":[1,0],"21":[3,6],"22":[17,0],"23":[17,16],"24":[2,15],"25":[8,0],"26":[1,7],"27":[9,0],"28":[9,0],"29":[8,1],"30":[9,1,1],"31":[1,0],"32":[3],"33":[1,7],"34":[8,1],"35":[0,2],"36":[1,1],"37":[1,7],"38":[1,0],"39":[0,7],"40":[28,0],"41":[1,27],"42":[27,0],"43":[19,8],"44":[14,5],"45":[19,19,12],"46":[22,0],"47":[21,1],"48":[3,18],"49":[4,0],"50":[4,0],"51":[1,3],"52":[4,3,3],"53":[0,3],"54":[3,0,3],"55":[3,0],"56":[3,3],"57":[0,0],"58":[1,2],"59":[2,1]}}
}
