{"/Users/thomasbcox/Projects/thomas-writing-assistant/src/App.tsx": {"path":"/Users/thomasbcox/Projects/thomas-writing-assistant/src/App.tsx","statementMap":{"0":{"start":{"line":17,"column":36},"end":{"line":17,"column":62}},"1":{"start":{"line":19,"column":50},"end":{"line":27,"column":4}},"2":{"start":{"line":30,"column":20},"end":{"line":36,"column":3}},"3":{"start":{"line":31,"column":4},"end":{"line":35,"column":6}},"4":{"start":{"line":38,"column":2},"end":{"line":106,"column":4}},"5":{"start":{"line":52,"column":12},"end":{"line":53,"column":null}},"6":{"start":{"line":55,"column":29},"end":{"line":55,"column":49}},"7":{"start":{"line":70,"column":46},"end":{"line":70,"column":70}}},"fnMap":{"0":{"name":"App","decl":{"start":{"line":16,"column":24},"end":{"line":16,"column":27}},"loc":{"start":{"line":16,"column":27},"end":{"line":107,"column":1}}},"1":{"name":"(anonymous_1)","decl":{"start":{"line":30,"column":20},"end":{"line":30,"column":21}},"loc":{"start":{"line":30,"column":63},"end":{"line":36,"column":3}}},"2":{"name":"(anonymous_2)","decl":{"start":{"line":51,"column":20},"end":{"line":51,"column":21}},"loc":{"start":{"line":52,"column":12},"end":{"line":53,"column":null}}},"3":{"name":"(anonymous_3)","decl":{"start":{"line":55,"column":23},"end":{"line":55,"column":26}},"loc":{"start":{"line":55,"column":29},"end":{"line":55,"column":49}}},"4":{"name":"(anonymous_4)","decl":{"start":{"line":70,"column":37},"end":{"line":70,"column":38}},"loc":{"start":{"line":70,"column":46},"end":{"line":70,"column":70}}}},"branchMap":{"0":{"loc":{"start":{"line":32,"column":34},"end":{"line":32,"column":69}},"type":"cond-expr","locations":[{"start":{"line":32,"column":56},"end":{"line":32,"column":58}},{"start":{"line":32,"column":61},"end":{"line":32,"column":69}}]},"1":{"loc":{"start":{"line":57,"column":16},"end":{"line":59,"column":null}},"type":"cond-expr","locations":[{"start":{"line":58,"column":20},"end":{"line":58,"column":81}},{"start":{"line":59,"column":20},"end":{"line":59,"column":null}}]}},"s":{"0":0,"1":0,"2":0,"3":0,"4":0,"5":0,"6":0,"7":0},"f":{"0":0,"1":0,"2":0,"3":0,"4":0},"b":{"0":[0,0],"1":[0,0]}}
,"/Users/thomasbcox/Projects/thomas-writing-assistant/src/env.ts": {"path":"/Users/thomasbcox/Projects/thomas-writing-assistant/src/env.ts","statementMap":{"0":{"start":{"line":4,"column":19},"end":{"line":4,"column":68}},"1":{"start":{"line":6,"column":18},"end":{"line":14,"column":2}},"2":{"start":{"line":16,"column":19},"end":{"line":23,"column":2}}},"fnMap":{},"branchMap":{"0":{"loc":{"start":{"line":4,"column":19},"end":{"line":4,"column":68}},"type":"cond-expr","locations":[{"start":{"line":4,"column":52},"end":{"line":4,"column":63}},{"start":{"line":4,"column":66},"end":{"line":4,"column":68}}]},"1":{"loc":{"start":{"line":17,"column":16},"end":{"line":17,"column":58}},"type":"binary-expr","locations":[{"start":{"line":17,"column":16},"end":{"line":17,"column":39}},{"start":{"line":17,"column":43},"end":{"line":17,"column":58}}]}},"s":{"0":10,"1":10,"2":10},"f":{},"b":{"0":[10,0],"1":[10,0]}}
,"/Users/thomasbcox/Projects/thomas-writing-assistant/src/main.tsx": {"path":"/Users/thomasbcox/Projects/thomas-writing-assistant/src/main.tsx","statementMap":{"0":{"start":{"line":6,"column":0},"end":{"line":10,"column":2}}},"fnMap":{},"branchMap":{},"s":{"0":0},"f":{},"b":{}}
,"/Users/thomasbcox/Projects/thomas-writing-assistant/src/components/AnchorEditor.tsx": {"path":"/Users/thomasbcox/Projects/thomas-writing-assistant/src/components/AnchorEditor.tsx","statementMap":{"0":{"start":{"line":17,"column":29},"end":{"line":17,"column":74}},"1":{"start":{"line":18,"column":17},"end":{"line":22,"column":15}},"2":{"start":{"line":20,"column":29},"end":{"line":20,"column":44}},"3":{"start":{"line":21,"column":26},"end":{"line":21,"column":43}},"4":{"start":{"line":24,"column":25},"end":{"line":29,"column":4}},"5":{"start":{"line":26,"column":6},"end":{"line":26,"column":15}},"6":{"start":{"line":27,"column":6},"end":{"line":27,"column":16}},"7":{"start":{"line":31,"column":34},"end":{"line":37,"column":4}},"8":{"start":{"line":39,"column":2},"end":{"line":49,"column":15}},"9":{"start":{"line":40,"column":4},"end":{"line":48,"column":5}},"10":{"start":{"line":41,"column":6},"end":{"line":47,"column":9}},"11":{"start":{"line":51,"column":23},"end":{"line":57,"column":3}},"12":{"start":{"line":52,"column":4},"end":{"line":52,"column":23}},"13":{"start":{"line":53,"column":4},"end":{"line":56,"column":7}},"14":{"start":{"line":59,"column":23},"end":{"line":64,"column":3}},"15":{"start":{"line":60,"column":4},"end":{"line":63,"column":7}},"16":{"start":{"line":66,"column":26},"end":{"line":71,"column":3}},"17":{"start":{"line":67,"column":4},"end":{"line":70,"column":7}},"18":{"start":{"line":69,"column":55},"end":{"line":69,"column":66}},"19":{"start":{"line":73,"column":26},"end":{"line":77,"column":3}},"20":{"start":{"line":74,"column":26},"end":{"line":74,"column":50}},"21":{"start":{"line":75,"column":4},"end":{"line":75,"column":33}},"22":{"start":{"line":76,"column":4},"end":{"line":76,"column":60}},"23":{"start":{"line":79,"column":26},"end":{"line":84,"column":3}},"24":{"start":{"line":80,"column":4},"end":{"line":83,"column":7}},"25":{"start":{"line":86,"column":29},"end":{"line":91,"column":3}},"26":{"start":{"line":87,"column":4},"end":{"line":90,"column":7}},"27":{"start":{"line":89,"column":61},"end":{"line":89,"column":72}},"28":{"start":{"line":93,"column":29},"end":{"line":97,"column":3}},"29":{"start":{"line":94,"column":29},"end":{"line":94,"column":56}},"30":{"start":{"line":95,"column":4},"end":{"line":95,"column":36}},"31":{"start":{"line":96,"column":4},"end":{"line":96,"column":66}},"32":{"start":{"line":99,"column":2},"end":{"line":101,"column":3}},"33":{"start":{"line":100,"column":4},"end":{"line":100,"column":16}},"34":{"start":{"line":103,"column":2},"end":{"line":248,"column":4}},"35":{"start":{"line":117,"column":16},"end":{"line":117,"column":67}},"36":{"start":{"line":131,"column":16},"end":{"line":131,"column":69}},"37":{"start":{"line":153,"column":16},"end":{"line":153,"column":33}},"38":{"start":{"line":157,"column":37},"end":{"line":157,"column":75}},"39":{"start":{"line":163,"column":35},"end":{"line":163,"column":57}},"40":{"start":{"line":191,"column":16},"end":{"line":191,"column":33}},"41":{"start":{"line":195,"column":37},"end":{"line":195,"column":78}},"42":{"start":{"line":201,"column":35},"end":{"line":201,"column":60}},"43":{"start":{"line":221,"column":16},"end":{"line":221,"column":67}}},"fnMap":{"0":{"name":"AnchorEditor","decl":{"start":{"line":14,"column":16},"end":{"line":14,"column":28}},"loc":{"start":{"line":14,"column":77},"end":{"line":249,"column":1}}},"1":{"name":"(anonymous_1)","decl":{"start":{"line":20,"column":17},"end":{"line":20,"column":18}},"loc":{"start":{"line":20,"column":29},"end":{"line":20,"column":44}}},"2":{"name":"(anonymous_2)","decl":{"start":{"line":21,"column":14},"end":{"line":21,"column":15}},"loc":{"start":{"line":21,"column":26},"end":{"line":21,"column":43}}},"3":{"name":"(anonymous_3)","decl":{"start":{"line":25,"column":15},"end":{"line":25,"column":18}},"loc":{"start":{"line":25,"column":20},"end":{"line":28,"column":5}}},"4":{"name":"(anonymous_4)","decl":{"start":{"line":39,"column":12},"end":{"line":39,"column":15}},"loc":{"start":{"line":39,"column":17},"end":{"line":49,"column":3}}},"5":{"name":"(anonymous_5)","decl":{"start":{"line":51,"column":23},"end":{"line":51,"column":24}},"loc":{"start":{"line":51,"column":46},"end":{"line":57,"column":3}}},"6":{"name":"(anonymous_6)","decl":{"start":{"line":59,"column":23},"end":{"line":59,"column":26}},"loc":{"start":{"line":59,"column":28},"end":{"line":64,"column":3}}},"7":{"name":"(anonymous_7)","decl":{"start":{"line":66,"column":26},"end":{"line":66,"column":27}},"loc":{"start":{"line":66,"column":44},"end":{"line":71,"column":3}}},"8":{"name":"(anonymous_8)","decl":{"start":{"line":69,"column":45},"end":{"line":69,"column":46}},"loc":{"start":{"line":69,"column":55},"end":{"line":69,"column":66}}},"9":{"name":"(anonymous_9)","decl":{"start":{"line":73,"column":26},"end":{"line":73,"column":27}},"loc":{"start":{"line":73,"column":59},"end":{"line":77,"column":3}}},"10":{"name":"(anonymous_10)","decl":{"start":{"line":79,"column":26},"end":{"line":79,"column":29}},"loc":{"start":{"line":79,"column":31},"end":{"line":84,"column":3}}},"11":{"name":"(anonymous_11)","decl":{"start":{"line":86,"column":29},"end":{"line":86,"column":30}},"loc":{"start":{"line":86,"column":47},"end":{"line":91,"column":3}}},"12":{"name":"(anonymous_12)","decl":{"start":{"line":89,"column":51},"end":{"line":89,"column":52}},"loc":{"start":{"line":89,"column":61},"end":{"line":89,"column":72}}},"13":{"name":"(anonymous_13)","decl":{"start":{"line":93,"column":29},"end":{"line":93,"column":30}},"loc":{"start":{"line":93,"column":62},"end":{"line":97,"column":3}}},"14":{"name":"(anonymous_14)","decl":{"start":{"line":116,"column":24},"end":{"line":116,"column":25}},"loc":{"start":{"line":117,"column":16},"end":{"line":117,"column":67}}},"15":{"name":"(anonymous_15)","decl":{"start":{"line":130,"column":24},"end":{"line":130,"column":25}},"loc":{"start":{"line":131,"column":16},"end":{"line":131,"column":69}}},"16":{"name":"(anonymous_16)","decl":{"start":{"line":152,"column":39},"end":{"line":152,"column":40}},"loc":{"start":{"line":153,"column":16},"end":{"line":153,"column":33}}},"17":{"name":"(anonymous_17)","decl":{"start":{"line":157,"column":30},"end":{"line":157,"column":31}},"loc":{"start":{"line":157,"column":37},"end":{"line":157,"column":75}}},"18":{"name":"(anonymous_18)","decl":{"start":{"line":163,"column":29},"end":{"line":163,"column":32}},"loc":{"start":{"line":163,"column":35},"end":{"line":163,"column":57}}},"19":{"name":"(anonymous_19)","decl":{"start":{"line":190,"column":42},"end":{"line":190,"column":43}},"loc":{"start":{"line":191,"column":16},"end":{"line":191,"column":33}}},"20":{"name":"(anonymous_20)","decl":{"start":{"line":195,"column":30},"end":{"line":195,"column":31}},"loc":{"start":{"line":195,"column":37},"end":{"line":195,"column":78}}},"21":{"name":"(anonymous_21)","decl":{"start":{"line":201,"column":29},"end":{"line":201,"column":32}},"loc":{"start":{"line":201,"column":35},"end":{"line":201,"column":60}}},"22":{"name":"(anonymous_22)","decl":{"start":{"line":220,"column":24},"end":{"line":220,"column":25}},"loc":{"start":{"line":221,"column":16},"end":{"line":221,"column":67}}}},"branchMap":{"0":{"loc":{"start":{"line":18,"column":17},"end":{"line":22,"column":15}},"type":"cond-expr","locations":[{"start":{"line":19,"column":6},"end":{"line":21,"column":44}},{"start":{"line":22,"column":6},"end":{"line":22,"column":15}}]},"1":{"loc":{"start":{"line":20,"column":29},"end":{"line":20,"column":44}},"type":"binary-expr","locations":[{"start":{"line":20,"column":29},"end":{"line":20,"column":38}},{"start":{"line":20,"column":42},"end":{"line":20,"column":44}}]},"2":{"loc":{"start":{"line":40,"column":4},"end":{"line":48,"column":5}},"type":"if","locations":[{"start":{"line":40,"column":4},"end":{"line":48,"column":5}},{"start":{},"end":{}}]},"3":{"loc":{"start":{"line":46,"column":15},"end":{"line":46,"column":33}},"type":"binary-expr","locations":[{"start":{"line":46,"column":15},"end":{"line":46,"column":27}},{"start":{"line":46,"column":31},"end":{"line":46,"column":33}}]},"4":{"loc":{"start":{"line":99,"column":2},"end":{"line":101,"column":3}},"type":"if","locations":[{"start":{"line":99,"column":2},"end":{"line":101,"column":3}},{"start":{},"end":{}}]},"5":{"loc":{"start":{"line":170,"column":15},"end":{"line":171,"column":null}},"type":"binary-expr","locations":[{"start":{"line":170,"column":15},"end":{"line":170,"column":47}},{"start":{"line":171,"column":16},"end":{"line":171,"column":77}}]},"6":{"loc":{"start":{"line":208,"column":15},"end":{"line":209,"column":null}},"type":"binary-expr","locations":[{"start":{"line":208,"column":15},"end":{"line":208,"column":50}},{"start":{"line":209,"column":16},"end":{"line":209,"column":80}}]},"7":{"loc":{"start":{"line":242,"column":15},"end":{"line":242,"column":70}},"type":"cond-expr","locations":[{"start":{"line":242,"column":42},"end":{"line":242,"column":53}},{"start":{"line":242,"column":56},"end":{"line":242,"column":70}}]}},"s":{"0":0,"1":0,"2":0,"3":0,"4":0,"5":0,"6":0,"7":0,"8":0,"9":0,"10":0,"11":0,"12":0,"13":0,"14":0,"15":0,"16":0,"17":0,"18":0,"19":0,"20":0,"21":0,"22":0,"23":0,"24":0,"25":0,"26":0,"27":0,"28":0,"29":0,"30":0,"31":0,"32":0,"33":0,"34":0,"35":0,"36":0,"37":0,"38":0,"39":0,"40":0,"41":0,"42":0,"43":0},"f":{"0":0,"1":0,"2":0,"3":0,"4":0,"5":0,"6":0,"7":0,"8":0,"9":0,"10":0,"11":0,"12":0,"13":0,"14":0,"15":0,"16":0,"17":0,"18":0,"19":0,"20":0,"21":0,"22":0},"b":{"0":[0,0],"1":[0,0],"2":[0,0],"3":[0,0],"4":[0,0],"5":[0,0],"6":[0,0],"7":[0,0]}}
,"/Users/thomasbcox/Projects/thomas-writing-assistant/src/components/BlogPostsTab.tsx": {"path":"/Users/thomasbcox/Projects/thomas-writing-assistant/src/components/BlogPostsTab.tsx","statementMap":{"0":{"start":{"line":18,"column":28},"end":{"line":18,"column":40}},"1":{"start":{"line":19,"column":28},"end":{"line":19,"column":40}},"2":{"start":{"line":20,"column":54},"end":{"line":20,"column":86}},"3":{"start":{"line":21,"column":42},"end":{"line":21,"column":89}},"4":{"start":{"line":22,"column":26},"end":{"line":22,"column":117}},"5":{"start":{"line":23,"column":38},"end":{"line":23,"column":53}},"6":{"start":{"line":24,"column":32},"end":{"line":24,"column":44}},"7":{"start":{"line":25,"column":44},"end":{"line":25,"column":75}},"8":{"start":{"line":26,"column":30},"end":{"line":26,"column":51}},"9":{"start":{"line":28,"column":57},"end":{"line":30,"column":4}},"10":{"start":{"line":32,"column":27},"end":{"line":32,"column":48}},"11":{"start":{"line":34,"column":19},"end":{"line":38,"column":8}},"12":{"start":{"line":35,"column":15},"end":{"line":35,"column":54}},"13":{"start":{"line":36,"column":4},"end":{"line":36,"column":58}},"14":{"start":{"line":36,"column":24},"end":{"line":36,"column":56}},"15":{"start":{"line":37,"column":4},"end":{"line":37,"column":44}},"16":{"start":{"line":37,"column":21},"end":{"line":37,"column":36}},"17":{"start":{"line":40,"column":22},"end":{"line":42,"column":8}},"18":{"start":{"line":41,"column":4},"end":{"line":41,"column":57}},"19":{"start":{"line":41,"column":24},"end":{"line":41,"column":55}},"20":{"start":{"line":41,"column":43},"end":{"line":41,"column":54}},"21":{"start":{"line":44,"column":24},"end":{"line":54,"column":3}},"22":{"start":{"line":45,"column":4},"end":{"line":53,"column":7}},"23":{"start":{"line":46,"column":19},"end":{"line":46,"column":32}},"24":{"start":{"line":47,"column":6},"end":{"line":51,"column":7}},"25":{"start":{"line":48,"column":8},"end":{"line":48,"column":31}},"26":{"start":{"line":50,"column":8},"end":{"line":50,"column":28}},"27":{"start":{"line":52,"column":6},"end":{"line":52,"column":18}},"28":{"start":{"line":56,"column":25},"end":{"line":82,"column":3}},"29":{"start":{"line":57,"column":4},"end":{"line":60,"column":5}},"30":{"start":{"line":58,"column":6},"end":{"line":58,"column":48}},"31":{"start":{"line":59,"column":6},"end":{"line":59,"column":13}},"32":{"start":{"line":62,"column":4},"end":{"line":65,"column":5}},"33":{"start":{"line":63,"column":6},"end":{"line":63,"column":62}},"34":{"start":{"line":64,"column":6},"end":{"line":64,"column":13}},"35":{"start":{"line":67,"column":4},"end":{"line":81,"column":5}},"36":{"start":{"line":68,"column":19},"end":{"line":76,"column":8}},"37":{"start":{"line":77,"column":6},"end":{"line":77,"column":29}},"38":{"start":{"line":78,"column":6},"end":{"line":78,"column":63}},"39":{"start":{"line":80,"column":6},"end":{"line":80,"column":73}},"40":{"start":{"line":84,"column":32},"end":{"line":91,"column":3}},"41":{"start":{"line":85,"column":4},"end":{"line":90,"column":5}},"42":{"start":{"line":86,"column":6},"end":{"line":86,"column":48}},"43":{"start":{"line":87,"column":6},"end":{"line":87,"column":50}},"44":{"start":{"line":89,"column":6},"end":{"line":89,"column":55}},"45":{"start":{"line":93,"column":29},"end":{"line":97,"column":3}},"46":{"start":{"line":94,"column":4},"end":{"line":94,"column":31}},"47":{"start":{"line":94,"column":24},"end":{"line":94,"column":31}},"48":{"start":{"line":95,"column":21},"end":{"line":95,"column":188}},"49":{"start":{"line":96,"column":4},"end":{"line":96,"column":36}},"50":{"start":{"line":99,"column":2},"end":{"line":362,"column":4}},"51":{"start":{"line":123,"column":33},"end":{"line":123,"column":57}},"52":{"start":{"line":140,"column":33},"end":{"line":140,"column":57}},"53":{"start":{"line":157,"column":22},"end":{"line":158,"column":null}},"54":{"start":{"line":164,"column":42},"end":{"line":164,"column":67}},"55":{"start":{"line":197,"column":18},"end":{"line":197,"column":38}},"56":{"start":{"line":203,"column":38},"end":{"line":203,"column":61}},"57":{"start":{"line":221,"column":33},"end":{"line":221,"column":71}},"58":{"start":{"line":237,"column":35},"end":{"line":237,"column":66}},"59":{"start":{"line":246,"column":35},"end":{"line":246,"column":61}},"60":{"start":{"line":282,"column":33},"end":{"line":282,"column":75}},"61":{"start":{"line":296,"column":33},"end":{"line":296,"column":82}},"62":{"start":{"line":310,"column":33},"end":{"line":310,"column":74}},"63":{"start":{"line":324,"column":33},"end":{"line":324,"column":80}},"64":{"start":{"line":339,"column":35},"end":{"line":339,"column":76}}},"fnMap":{"0":{"name":"BlogPostsTab","decl":{"start":{"line":17,"column":16},"end":{"line":17,"column":28}},"loc":{"start":{"line":17,"column":28},"end":{"line":363,"column":1}}},"1":{"name":"(anonymous_1)","decl":{"start":{"line":34,"column":31},"end":{"line":34,"column":32}},"loc":{"start":{"line":34,"column":68},"end":{"line":38,"column":3}}},"2":{"name":"(anonymous_2)","decl":{"start":{"line":36,"column":14},"end":{"line":36,"column":15}},"loc":{"start":{"line":36,"column":24},"end":{"line":36,"column":56}}},"3":{"name":"(anonymous_3)","decl":{"start":{"line":37,"column":15},"end":{"line":37,"column":18}},"loc":{"start":{"line":37,"column":21},"end":{"line":37,"column":36}}},"4":{"name":"(anonymous_4)","decl":{"start":{"line":40,"column":34},"end":{"line":40,"column":35}},"loc":{"start":{"line":40,"column":49},"end":{"line":42,"column":3}}},"5":{"name":"(anonymous_5)","decl":{"start":{"line":41,"column":14},"end":{"line":41,"column":15}},"loc":{"start":{"line":41,"column":24},"end":{"line":41,"column":55}}},"6":{"name":"(anonymous_6)","decl":{"start":{"line":41,"column":36},"end":{"line":41,"column":37}},"loc":{"start":{"line":41,"column":43},"end":{"line":41,"column":54}}},"7":{"name":"(anonymous_7)","decl":{"start":{"line":44,"column":24},"end":{"line":44,"column":25}},"loc":{"start":{"line":44,"column":46},"end":{"line":54,"column":3}}},"8":{"name":"(anonymous_8)","decl":{"start":{"line":45,"column":26},"end":{"line":45,"column":27}},"loc":{"start":{"line":45,"column":35},"end":{"line":53,"column":5}}},"9":{"name":"(anonymous_9)","decl":{"start":{"line":56,"column":25},"end":{"line":56,"column":30}},"loc":{"start":{"line":56,"column":36},"end":{"line":82,"column":3}}},"10":{"name":"(anonymous_10)","decl":{"start":{"line":84,"column":32},"end":{"line":84,"column":37}},"loc":{"start":{"line":84,"column":55},"end":{"line":91,"column":3}}},"11":{"name":"(anonymous_11)","decl":{"start":{"line":93,"column":29},"end":{"line":93,"column":32}},"loc":{"start":{"line":93,"column":34},"end":{"line":97,"column":3}}},"12":{"name":"(anonymous_12)","decl":{"start":{"line":123,"column":26},"end":{"line":123,"column":27}},"loc":{"start":{"line":123,"column":33},"end":{"line":123,"column":57}}},"13":{"name":"(anonymous_13)","decl":{"start":{"line":140,"column":26},"end":{"line":140,"column":27}},"loc":{"start":{"line":140,"column":33},"end":{"line":140,"column":57}}},"14":{"name":"(anonymous_14)","decl":{"start":{"line":156,"column":33},"end":{"line":156,"column":34}},"loc":{"start":{"line":157,"column":22},"end":{"line":158,"column":null}}},"15":{"name":"(anonymous_15)","decl":{"start":{"line":164,"column":36},"end":{"line":164,"column":39}},"loc":{"start":{"line":164,"column":42},"end":{"line":164,"column":67}}},"16":{"name":"(anonymous_16)","decl":{"start":{"line":196,"column":60},"end":{"line":196,"column":61}},"loc":{"start":{"line":197,"column":18},"end":{"line":197,"column":38}}},"17":{"name":"(anonymous_17)","decl":{"start":{"line":203,"column":32},"end":{"line":203,"column":35}},"loc":{"start":{"line":203,"column":38},"end":{"line":203,"column":61}}},"18":{"name":"(anonymous_18)","decl":{"start":{"line":221,"column":26},"end":{"line":221,"column":27}},"loc":{"start":{"line":221,"column":33},"end":{"line":221,"column":71}}},"19":{"name":"(anonymous_19)","decl":{"start":{"line":237,"column":28},"end":{"line":237,"column":29}},"loc":{"start":{"line":237,"column":35},"end":{"line":237,"column":66}}},"20":{"name":"(anonymous_20)","decl":{"start":{"line":246,"column":28},"end":{"line":246,"column":29}},"loc":{"start":{"line":246,"column":35},"end":{"line":246,"column":61}}},"21":{"name":"(anonymous_21)","decl":{"start":{"line":282,"column":27},"end":{"line":282,"column":30}},"loc":{"start":{"line":282,"column":33},"end":{"line":282,"column":75}}},"22":{"name":"(anonymous_22)","decl":{"start":{"line":296,"column":27},"end":{"line":296,"column":30}},"loc":{"start":{"line":296,"column":33},"end":{"line":296,"column":82}}},"23":{"name":"(anonymous_23)","decl":{"start":{"line":310,"column":27},"end":{"line":310,"column":30}},"loc":{"start":{"line":310,"column":33},"end":{"line":310,"column":74}}},"24":{"name":"(anonymous_24)","decl":{"start":{"line":324,"column":27},"end":{"line":324,"column":30}},"loc":{"start":{"line":324,"column":33},"end":{"line":324,"column":80}}},"25":{"name":"(anonymous_25)","decl":{"start":{"line":339,"column":29},"end":{"line":339,"column":32}},"loc":{"start":{"line":339,"column":35},"end":{"line":339,"column":76}}}},"branchMap":{"0":{"loc":{"start":{"line":47,"column":6},"end":{"line":51,"column":7}},"type":"if","locations":[{"start":{"line":47,"column":6},"end":{"line":51,"column":7}},{"start":{"line":49,"column":13},"end":{"line":51,"column":7}}]},"1":{"loc":{"start":{"line":57,"column":4},"end":{"line":60,"column":5}},"type":"if","locations":[{"start":{"line":57,"column":4},"end":{"line":60,"column":5}},{"start":{},"end":{}}]},"2":{"loc":{"start":{"line":62,"column":4},"end":{"line":65,"column":5}},"type":"if","locations":[{"start":{"line":62,"column":4},"end":{"line":65,"column":5}},{"start":{},"end":{}}]},"3":{"loc":{"start":{"line":70,"column":15},"end":{"line":70,"column":40}},"type":"binary-expr","locations":[{"start":{"line":70,"column":15},"end":{"line":70,"column":27}},{"start":{"line":70,"column":31},"end":{"line":70,"column":40}}]},"4":{"loc":{"start":{"line":75,"column":17},"end":{"line":75,"column":44}},"type":"binary-expr","locations":[{"start":{"line":75,"column":17},"end":{"line":75,"column":31}},{"start":{"line":75,"column":35},"end":{"line":75,"column":44}}]},"5":{"loc":{"start":{"line":80,"column":15},"end":{"line":80,"column":62}},"type":"binary-expr","locations":[{"start":{"line":80,"column":15},"end":{"line":80,"column":28}},{"start":{"line":80,"column":32},"end":{"line":80,"column":62}}]},"6":{"loc":{"start":{"line":94,"column":4},"end":{"line":94,"column":31}},"type":"if","locations":[{"start":{"line":94,"column":4},"end":{"line":94,"column":31}},{"start":{},"end":{}}]},"7":{"loc":{"start":{"line":95,"column":135},"end":{"line":95,"column":186}},"type":"cond-expr","locations":[{"start":{"line":95,"column":155},"end":{"line":95,"column":181}},{"start":{"line":95,"column":184},"end":{"line":95,"column":186}}]},"8":{"loc":{"start":{"line":151,"column":15},"end":{"line":183,"column":null}},"type":"cond-expr","locations":[{"start":{"line":152,"column":16},"end":{"line":152,"column":34}},{"start":{"line":154,"column":16},"end":{"line":182,"column":null}}]},"9":{"loc":{"start":{"line":155,"column":19},"end":{"line":181,"column":null}},"type":"cond-expr","locations":[{"start":{"line":156,"column":20},"end":{"line":177,"column":22}},{"start":{"line":179,"column":20},"end":{"line":179,"column":null}}]},"10":{"loc":{"start":{"line":155,"column":19},"end":{"line":155,"column":77}},"type":"binary-expr","locations":[{"start":{"line":155,"column":19},"end":{"line":155,"column":27}},{"start":{"line":155,"column":31},"end":{"line":155,"column":54}},{"start":{"line":155,"column":58},"end":{"line":155,"column":77}}]},"11":{"loc":{"start":{"line":169,"column":27},"end":{"line":173,"column":null}},"type":"binary-expr","locations":[{"start":{"line":169,"column":27},"end":{"line":169,"column":46}},{"start":{"line":170,"column":28},"end":{"line":172,"column":null}}]},"12":{"loc":{"start":{"line":172,"column":31},"end":{"line":172,"column":76}},"type":"cond-expr","locations":[{"start":{"line":172,"column":66},"end":{"line":172,"column":71}},{"start":{"line":172,"column":74},"end":{"line":172,"column":76}}]},"13":{"loc":{"start":{"line":186,"column":60},"end":{"line":186,"column":100}},"type":"cond-expr","locations":[{"start":{"line":186,"column":92},"end":{"line":186,"column":95}},{"start":{"line":186,"column":98},"end":{"line":186,"column":100}}]},"14":{"loc":{"start":{"line":207,"column":33},"end":{"line":207,"column":116}},"type":"cond-expr","locations":[{"start":{"line":207,"column":54},"end":{"line":207,"column":64}},{"start":{"line":207,"column":67},"end":{"line":207,"column":116}}]},"15":{"loc":{"start":{"line":207,"column":67},"end":{"line":207,"column":116}},"type":"cond-expr","locations":[{"start":{"line":207,"column":89},"end":{"line":207,"column":101}},{"start":{"line":207,"column":104},"end":{"line":207,"column":116}}]},"16":{"loc":{"start":{"line":242,"column":15},"end":{"line":249,"column":null}},"type":"binary-expr","locations":[{"start":{"line":242,"column":15},"end":{"line":242,"column":25}},{"start":{"line":243,"column":16},"end":{"line":248,"column":null}}]},"17":{"loc":{"start":{"line":256,"column":24},"end":{"line":256,"column":100}},"type":"binary-expr","locations":[{"start":{"line":256,"column":24},"end":{"line":256,"column":50}},{"start":{"line":256,"column":54},"end":{"line":256,"column":67}},{"start":{"line":256,"column":71},"end":{"line":256,"column":100}}]},"18":{"loc":{"start":{"line":259,"column":15},"end":{"line":259,"column":82}},"type":"cond-expr","locations":[{"start":{"line":259,"column":44},"end":{"line":259,"column":59}},{"start":{"line":259,"column":62},"end":{"line":259,"column":82}}]},"19":{"loc":{"start":{"line":265,"column":9},"end":{"line":358,"column":null}},"type":"binary-expr","locations":[{"start":{"line":265,"column":9},"end":{"line":265,"column":22}},{"start":{"line":266,"column":10},"end":{"line":357,"column":null}}]},"20":{"loc":{"start":{"line":332,"column":15},"end":{"line":344,"column":null}},"type":"binary-expr","locations":[{"start":{"line":332,"column":15},"end":{"line":332,"column":32}},{"start":{"line":333,"column":16},"end":{"line":343,"column":null}}]},"21":{"loc":{"start":{"line":348,"column":15},"end":{"line":355,"column":null}},"type":"binary-expr","locations":[{"start":{"line":348,"column":15},"end":{"line":348,"column":37}},{"start":{"line":349,"column":16},"end":{"line":354,"column":null}}]}},"s":{"0":0,"1":0,"2":0,"3":0,"4":0,"5":0,"6":0,"7":0,"8":0,"9":0,"10":0,"11":0,"12":0,"13":0,"14":0,"15":0,"16":0,"17":0,"18":0,"19":0,"20":0,"21":0,"22":0,"23":0,"24":0,"25":0,"26":0,"27":0,"28":0,"29":0,"30":0,"31":0,"32":0,"33":0,"34":0,"35":0,"36":0,"37":0,"38":0,"39":0,"40":0,"41":0,"42":0,"43":0,"44":0,"45":0,"46":0,"47":0,"48":0,"49":0,"50":0,"51":0,"52":0,"53":0,"54":0,"55":0,"56":0,"57":0,"58":0,"59":0,"60":0,"61":0,"62":0,"63":0,"64":0},"f":{"0":0,"1":0,"2":0,"3":0,"4":0,"5":0,"6":0,"7":0,"8":0,"9":0,"10":0,"11":0,"12":0,"13":0,"14":0,"15":0,"16":0,"17":0,"18":0,"19":0,"20":0,"21":0,"22":0,"23":0,"24":0,"25":0},"b":{"0":[0,0],"1":[0,0],"2":[0,0],"3":[0,0],"4":[0,0],"5":[0,0],"6":[0,0],"7":[0,0],"8":[0,0],"9":[0,0],"10":[0,0,0],"11":[0,0],"12":[0,0],"13":[0,0],"14":[0,0],"15":[0,0],"16":[0,0],"17":[0,0,0],"18":[0,0],"19":[0,0],"20":[0,0],"21":[0,0]}}
,"/Users/thomasbcox/Projects/thomas-writing-assistant/src/components/CapsulesTab.tsx": {"path":"/Users/thomasbcox/Projects/thomas-writing-assistant/src/components/CapsulesTab.tsx","statementMap":{"0":{"start":{"line":20,"column":38},"end":{"line":20,"column":83}},"1":{"start":{"line":21,"column":30},"end":{"line":21,"column":51}},"2":{"start":{"line":24,"column":22},"end":{"line":32,"column":3}},"3":{"start":{"line":26,"column":4},"end":{"line":26,"column":35}},"4":{"start":{"line":27,"column":4},"end":{"line":27,"column":30}},"5":{"start":{"line":28,"column":4},"end":{"line":28,"column":29}},"6":{"start":{"line":30,"column":4},"end":{"line":30,"column":19}},"7":{"start":{"line":31,"column":4},"end":{"line":31,"column":39}},"8":{"start":{"line":34,"column":19},"end":{"line":37,"column":8}},"9":{"start":{"line":35,"column":15},"end":{"line":35,"column":54}},"10":{"start":{"line":36,"column":4},"end":{"line":36,"column":58}},"11":{"start":{"line":36,"column":24},"end":{"line":36,"column":56}},"12":{"start":{"line":39,"column":22},"end":{"line":41,"column":8}},"13":{"start":{"line":40,"column":4},"end":{"line":40,"column":57}},"14":{"start":{"line":40,"column":24},"end":{"line":40,"column":55}},"15":{"start":{"line":40,"column":43},"end":{"line":40,"column":54}},"16":{"start":{"line":43,"column":50},"end":{"line":43,"column":82}},"17":{"start":{"line":44,"column":50},"end":{"line":44,"column":79}},"18":{"start":{"line":45,"column":48},"end":{"line":45,"column":77}},"19":{"start":{"line":47,"column":29},"end":{"line":56,"column":4}},"20":{"start":{"line":49,"column":6},"end":{"line":49,"column":16}},"21":{"start":{"line":50,"column":6},"end":{"line":50,"column":32}},"22":{"start":{"line":51,"column":6},"end":{"line":51,"column":66}},"23":{"start":{"line":54,"column":6},"end":{"line":54,"column":77}},"24":{"start":{"line":58,"column":31},"end":{"line":67,"column":4}},"25":{"start":{"line":60,"column":6},"end":{"line":60,"column":16}},"26":{"start":{"line":61,"column":6},"end":{"line":61,"column":31}},"27":{"start":{"line":62,"column":6},"end":{"line":62,"column":57}},"28":{"start":{"line":65,"column":6},"end":{"line":65,"column":68}},"29":{"start":{"line":69,"column":31},"end":{"line":78,"column":4}},"30":{"start":{"line":71,"column":6},"end":{"line":71,"column":16}},"31":{"start":{"line":72,"column":6},"end":{"line":72,"column":32}},"32":{"start":{"line":73,"column":6},"end":{"line":73,"column":57}},"33":{"start":{"line":76,"column":6},"end":{"line":76,"column":68}},"34":{"start":{"line":80,"column":35},"end":{"line":88,"column":4}},"35":{"start":{"line":82,"column":6},"end":{"line":82,"column":16}},"36":{"start":{"line":83,"column":6},"end":{"line":83,"column":61}},"37":{"start":{"line":86,"column":6},"end":{"line":86,"column":72}},"38":{"start":{"line":90,"column":35},"end":{"line":98,"column":4}},"39":{"start":{"line":92,"column":6},"end":{"line":92,"column":16}},"40":{"start":{"line":93,"column":6},"end":{"line":93,"column":61}},"41":{"start":{"line":96,"column":6},"end":{"line":96,"column":72}},"42":{"start":{"line":100,"column":29},"end":{"line":111,"column":8}},"43":{"start":{"line":101,"column":4},"end":{"line":110,"column":7}},"44":{"start":{"line":102,"column":26},"end":{"line":102,"column":39}},"45":{"start":{"line":103,"column":6},"end":{"line":108,"column":7}},"46":{"start":{"line":104,"column":8},"end":{"line":104,"column":38}},"47":{"start":{"line":105,"column":8},"end":{"line":105,"column":34}},"48":{"start":{"line":107,"column":8},"end":{"line":107,"column":35}},"49":{"start":{"line":109,"column":6},"end":{"line":109,"column":25}},"50":{"start":{"line":113,"column":29},"end":{"line":115,"column":8}},"51":{"start":{"line":114,"column":4},"end":{"line":114,"column":34}},"52":{"start":{"line":117,"column":27},"end":{"line":119,"column":8}},"53":{"start":{"line":118,"column":4},"end":{"line":118,"column":33}},"54":{"start":{"line":121,"column":29},"end":{"line":123,"column":28}},"55":{"start":{"line":122,"column":4},"end":{"line":122,"column":50}},"56":{"start":{"line":125,"column":38},"end":{"line":127,"column":26}},"57":{"start":{"line":126,"column":4},"end":{"line":126,"column":44}},"58":{"start":{"line":129,"column":33},"end":{"line":131,"column":32}},"59":{"start":{"line":130,"column":4},"end":{"line":130,"column":53}},"60":{"start":{"line":133,"column":33},"end":{"line":135,"column":32}},"61":{"start":{"line":134,"column":4},"end":{"line":134,"column":44}},"62":{"start":{"line":137,"column":27},"end":{"line":139,"column":15}},"63":{"start":{"line":138,"column":4},"end":{"line":138,"column":14}},"64":{"start":{"line":141,"column":25},"end":{"line":143,"column":16}},"65":{"start":{"line":142,"column":4},"end":{"line":142,"column":31}},"66":{"start":{"line":145,"column":37},"end":{"line":147,"column":15}},"67":{"start":{"line":146,"column":4},"end":{"line":146,"column":14}},"68":{"start":{"line":149,"column":2},"end":{"line":201,"column":4}},"69":{"start":{"line":192,"column":27},"end":{"line":192,"column":51}},"70":{"start":{"line":194,"column":14},"end":{"line":194,"column":24}},"71":{"start":{"line":195,"column":14},"end":{"line":195,"column":39}}},"fnMap":{"0":{"name":"CapsulesTab","decl":{"start":{"line":18,"column":16},"end":{"line":18,"column":27}},"loc":{"start":{"line":18,"column":27},"end":{"line":202,"column":1}}},"1":{"name":"(anonymous_1)","decl":{"start":{"line":24,"column":22},"end":{"line":24,"column":25}},"loc":{"start":{"line":24,"column":27},"end":{"line":32,"column":3}}},"2":{"name":"(anonymous_2)","decl":{"start":{"line":34,"column":31},"end":{"line":34,"column":32}},"loc":{"start":{"line":34,"column":68},"end":{"line":37,"column":3}}},"3":{"name":"(anonymous_3)","decl":{"start":{"line":36,"column":14},"end":{"line":36,"column":15}},"loc":{"start":{"line":36,"column":24},"end":{"line":36,"column":56}}},"4":{"name":"(anonymous_4)","decl":{"start":{"line":39,"column":34},"end":{"line":39,"column":35}},"loc":{"start":{"line":39,"column":49},"end":{"line":41,"column":3}}},"5":{"name":"(anonymous_5)","decl":{"start":{"line":40,"column":14},"end":{"line":40,"column":15}},"loc":{"start":{"line":40,"column":24},"end":{"line":40,"column":55}}},"6":{"name":"(anonymous_6)","decl":{"start":{"line":40,"column":36},"end":{"line":40,"column":37}},"loc":{"start":{"line":40,"column":43},"end":{"line":40,"column":54}}},"7":{"name":"(anonymous_7)","decl":{"start":{"line":48,"column":15},"end":{"line":48,"column":18}},"loc":{"start":{"line":48,"column":20},"end":{"line":52,"column":5}}},"8":{"name":"(anonymous_8)","decl":{"start":{"line":53,"column":13},"end":{"line":53,"column":14}},"loc":{"start":{"line":53,"column":23},"end":{"line":55,"column":5}}},"9":{"name":"(anonymous_9)","decl":{"start":{"line":59,"column":15},"end":{"line":59,"column":18}},"loc":{"start":{"line":59,"column":20},"end":{"line":63,"column":5}}},"10":{"name":"(anonymous_10)","decl":{"start":{"line":64,"column":13},"end":{"line":64,"column":14}},"loc":{"start":{"line":64,"column":23},"end":{"line":66,"column":5}}},"11":{"name":"(anonymous_11)","decl":{"start":{"line":70,"column":15},"end":{"line":70,"column":18}},"loc":{"start":{"line":70,"column":20},"end":{"line":74,"column":5}}},"12":{"name":"(anonymous_12)","decl":{"start":{"line":75,"column":13},"end":{"line":75,"column":14}},"loc":{"start":{"line":75,"column":23},"end":{"line":77,"column":5}}},"13":{"name":"(anonymous_13)","decl":{"start":{"line":81,"column":15},"end":{"line":81,"column":18}},"loc":{"start":{"line":81,"column":20},"end":{"line":84,"column":5}}},"14":{"name":"(anonymous_14)","decl":{"start":{"line":85,"column":13},"end":{"line":85,"column":14}},"loc":{"start":{"line":85,"column":23},"end":{"line":87,"column":5}}},"15":{"name":"(anonymous_15)","decl":{"start":{"line":91,"column":15},"end":{"line":91,"column":18}},"loc":{"start":{"line":91,"column":20},"end":{"line":94,"column":5}}},"16":{"name":"(anonymous_16)","decl":{"start":{"line":95,"column":13},"end":{"line":95,"column":14}},"loc":{"start":{"line":95,"column":23},"end":{"line":97,"column":5}}},"17":{"name":"(anonymous_17)","decl":{"start":{"line":100,"column":41},"end":{"line":100,"column":42}},"loc":{"start":{"line":100,"column":63},"end":{"line":111,"column":3}}},"18":{"name":"(anonymous_18)","decl":{"start":{"line":101,"column":24},"end":{"line":101,"column":25}},"loc":{"start":{"line":101,"column":33},"end":{"line":110,"column":5}}},"19":{"name":"(anonymous_19)","decl":{"start":{"line":113,"column":41},"end":{"line":113,"column":42}},"loc":{"start":{"line":113,"column":69},"end":{"line":115,"column":3}}},"20":{"name":"(anonymous_20)","decl":{"start":{"line":117,"column":39},"end":{"line":117,"column":40}},"loc":{"start":{"line":117,"column":60},"end":{"line":119,"column":3}}},"21":{"name":"(anonymous_21)","decl":{"start":{"line":121,"column":41},"end":{"line":121,"column":42}},"loc":{"start":{"line":121,"column":62},"end":{"line":123,"column":3}}},"22":{"name":"(anonymous_22)","decl":{"start":{"line":125,"column":50},"end":{"line":125,"column":51}},"loc":{"start":{"line":125,"column":71},"end":{"line":127,"column":3}}},"23":{"name":"(anonymous_23)","decl":{"start":{"line":129,"column":45},"end":{"line":129,"column":46}},"loc":{"start":{"line":129,"column":77},"end":{"line":131,"column":3}}},"24":{"name":"(anonymous_24)","decl":{"start":{"line":133,"column":45},"end":{"line":133,"column":46}},"loc":{"start":{"line":133,"column":60},"end":{"line":135,"column":3}}},"25":{"name":"(anonymous_25)","decl":{"start":{"line":137,"column":39},"end":{"line":137,"column":42}},"loc":{"start":{"line":137,"column":44},"end":{"line":139,"column":3}}},"26":{"name":"(anonymous_26)","decl":{"start":{"line":141,"column":37},"end":{"line":141,"column":38}},"loc":{"start":{"line":141,"column":57},"end":{"line":143,"column":3}}},"27":{"name":"(anonymous_27)","decl":{"start":{"line":145,"column":49},"end":{"line":145,"column":52}},"loc":{"start":{"line":145,"column":54},"end":{"line":147,"column":3}}},"28":{"name":"(anonymous_28)","decl":{"start":{"line":192,"column":21},"end":{"line":192,"column":24}},"loc":{"start":{"line":192,"column":27},"end":{"line":192,"column":51}}},"29":{"name":"(anonymous_29)","decl":{"start":{"line":193,"column":20},"end":{"line":193,"column":23}},"loc":{"start":{"line":193,"column":25},"end":{"line":196,"column":13}}}},"branchMap":{"0":{"loc":{"start":{"line":54,"column":15},"end":{"line":54,"column":66}},"type":"binary-expr","locations":[{"start":{"line":54,"column":15},"end":{"line":54,"column":28}},{"start":{"line":54,"column":32},"end":{"line":54,"column":66}}]},"1":{"loc":{"start":{"line":65,"column":15},"end":{"line":65,"column":57}},"type":"binary-expr","locations":[{"start":{"line":65,"column":15},"end":{"line":65,"column":28}},{"start":{"line":65,"column":32},"end":{"line":65,"column":57}}]},"2":{"loc":{"start":{"line":76,"column":15},"end":{"line":76,"column":57}},"type":"binary-expr","locations":[{"start":{"line":76,"column":15},"end":{"line":76,"column":28}},{"start":{"line":76,"column":32},"end":{"line":76,"column":57}}]},"3":{"loc":{"start":{"line":86,"column":15},"end":{"line":86,"column":61}},"type":"binary-expr","locations":[{"start":{"line":86,"column":15},"end":{"line":86,"column":28}},{"start":{"line":86,"column":32},"end":{"line":86,"column":61}}]},"4":{"loc":{"start":{"line":96,"column":15},"end":{"line":96,"column":61}},"type":"binary-expr","locations":[{"start":{"line":96,"column":15},"end":{"line":96,"column":28}},{"start":{"line":96,"column":32},"end":{"line":96,"column":61}}]},"5":{"loc":{"start":{"line":103,"column":6},"end":{"line":108,"column":7}},"type":"if","locations":[{"start":{"line":103,"column":6},"end":{"line":108,"column":7}},{"start":{"line":106,"column":13},"end":{"line":108,"column":7}}]},"6":{"loc":{"start":{"line":165,"column":20},"end":{"line":165,"column":73}},"type":"cond-expr","locations":[{"start":{"line":165,"column":46},"end":{"line":165,"column":61}},{"start":{"line":165,"column":64},"end":{"line":165,"column":73}}]},"7":{"loc":{"start":{"line":189,"column":9},"end":{"line":197,"column":null}},"type":"binary-expr","locations":[{"start":{"line":189,"column":9},"end":{"line":189,"column":24}},{"start":{"line":190,"column":10},"end":{"line":196,"column":null}}]}},"s":{"0":0,"1":0,"2":0,"3":0,"4":0,"5":0,"6":0,"7":0,"8":0,"9":0,"10":0,"11":0,"12":0,"13":0,"14":0,"15":0,"16":0,"17":0,"18":0,"19":0,"20":0,"21":0,"22":0,"23":0,"24":0,"25":0,"26":0,"27":0,"28":0,"29":0,"30":0,"31":0,"32":0,"33":0,"34":0,"35":0,"36":0,"37":0,"38":0,"39":0,"40":0,"41":0,"42":0,"43":0,"44":0,"45":0,"46":0,"47":0,"48":0,"49":0,"50":0,"51":0,"52":0,"53":0,"54":0,"55":0,"56":0,"57":0,"58":0,"59":0,"60":0,"61":0,"62":0,"63":0,"64":0,"65":0,"66":0,"67":0,"68":0,"69":0,"70":0,"71":0},"f":{"0":0,"1":0,"2":0,"3":0,"4":0,"5":0,"6":0,"7":0,"8":0,"9":0,"10":0,"11":0,"12":0,"13":0,"14":0,"15":0,"16":0,"17":0,"18":0,"19":0,"20":0,"21":0,"22":0,"23":0,"24":0,"25":0,"26":0,"27":0,"28":0,"29":0},"b":{"0":[0,0],"1":[0,0],"2":[0,0],"3":[0,0],"4":[0,0],"5":[0,0],"6":[0,0],"7":[0,0]}}
,"/Users/thomasbcox/Projects/thomas-writing-assistant/src/components/ConceptActions.tsx": {"path":"/Users/thomasbcox/Projects/thomas-writing-assistant/src/components/ConceptActions.tsx","statementMap":{"0":{"start":{"line":23,"column":2},"end":{"line":57,"column":4}},"1":{"start":{"line":29,"column":27},"end":{"line":29,"column":58}},"2":{"start":{"line":36,"column":25},"end":{"line":36,"column":48}},"3":{"start":{"line":50,"column":10},"end":{"line":50,"column":25}},"4":{"start":{"line":51,"column":10},"end":{"line":51,"column":35}},"5":{"start":{"line":53,"column":24},"end":{"line":53,"column":48}}},"fnMap":{"0":{"name":"ConceptActions","decl":{"start":{"line":15,"column":16},"end":{"line":15,"column":30}},"loc":{"start":{"line":22,"column":22},"end":{"line":58,"column":1}}},"1":{"name":"(anonymous_1)","decl":{"start":{"line":29,"column":20},"end":{"line":29,"column":21}},"loc":{"start":{"line":29,"column":27},"end":{"line":29,"column":58}}},"2":{"name":"(anonymous_2)","decl":{"start":{"line":36,"column":19},"end":{"line":36,"column":22}},"loc":{"start":{"line":36,"column":25},"end":{"line":36,"column":48}}},"3":{"name":"(anonymous_3)","decl":{"start":{"line":49,"column":19},"end":{"line":49,"column":22}},"loc":{"start":{"line":49,"column":24},"end":{"line":52,"column":9}}},"4":{"name":"(anonymous_4)","decl":{"start":{"line":53,"column":18},"end":{"line":53,"column":21}},"loc":{"start":{"line":53,"column":24},"end":{"line":53,"column":48}}}},"branchMap":{"0":{"loc":{"start":{"line":34,"column":7},"end":{"line":42,"column":null}},"type":"binary-expr","locations":[{"start":{"line":34,"column":7},"end":{"line":34,"column":16}},{"start":{"line":35,"column":8},"end":{"line":41,"column":null}}]},"1":{"loc":{"start":{"line":40,"column":11},"end":{"line":40,"column":52}},"type":"binary-expr","locations":[{"start":{"line":40,"column":11},"end":{"line":40,"column":20}},{"start":{"line":40,"column":24},"end":{"line":40,"column":52}}]},"2":{"loc":{"start":{"line":41,"column":17},"end":{"line":41,"column":61}},"type":"cond-expr","locations":[{"start":{"line":41,"column":29},"end":{"line":41,"column":41}},{"start":{"line":41,"column":44},"end":{"line":41,"column":61}}]}},"s":{"0":18,"1":0,"2":0,"3":0,"4":0,"5":0},"f":{"0":18,"1":0,"2":0,"3":0,"4":0},"b":{"0":[18,0],"1":[0,0],"2":[0,0]}}
,"/Users/thomasbcox/Projects/thomas-writing-assistant/src/components/ConceptCandidateList.tsx": {"path":"/Users/thomasbcox/Projects/thomas-writing-assistant/src/components/ConceptCandidateList.tsx","statementMap":{"0":{"start":{"line":26,"column":42},"end":{"line":26,"column":71}},"1":{"start":{"line":27,"column":42},"end":{"line":27,"column":71}},"2":{"start":{"line":28,"column":34},"end":{"line":42,"column":4}},"3":{"start":{"line":43,"column":44},"end":{"line":43,"column":54}},"4":{"start":{"line":44,"column":16},"end":{"line":44,"column":30}},"5":{"start":{"line":46,"column":25},"end":{"line":59,"column":4}},"6":{"start":{"line":48,"column":6},"end":{"line":48,"column":28}},"7":{"start":{"line":49,"column":6},"end":{"line":49,"column":59}},"8":{"start":{"line":51,"column":6},"end":{"line":51,"column":43}},"9":{"start":{"line":56,"column":27},"end":{"line":56,"column":105}},"10":{"start":{"line":57,"column":6},"end":{"line":57,"column":38}},"11":{"start":{"line":61,"column":29},"end":{"line":71,"column":3}},"12":{"start":{"line":62,"column":4},"end":{"line":62,"column":27}},"13":{"start":{"line":63,"column":4},"end":{"line":70,"column":7}},"14":{"start":{"line":73,"column":23},"end":{"line":77,"column":3}},"15":{"start":{"line":74,"column":4},"end":{"line":74,"column":36}},"16":{"start":{"line":75,"column":4},"end":{"line":75,"column":26}},"17":{"start":{"line":79,"column":2},"end":{"line":245,"column":4}},"18":{"start":{"line":89,"column":10},"end":{"line":89,"column":27}},"19":{"start":{"line":114,"column":22},"end":{"line":114,"column":73}},"20":{"start":{"line":127,"column":22},"end":{"line":127,"column":79}},"21":{"start":{"line":139,"column":22},"end":{"line":139,"column":75}},"22":{"start":{"line":154,"column":24},"end":{"line":154,"column":77}},"23":{"start":{"line":167,"column":24},"end":{"line":167,"column":76}},"24":{"start":{"line":180,"column":24},"end":{"line":180,"column":74}},"25":{"start":{"line":188,"column":35},"end":{"line":188,"column":54}},"26":{"start":{"line":196,"column":35},"end":{"line":196,"column":56}},"27":{"start":{"line":206,"column":33},"end":{"line":206,"column":55}},"28":{"start":{"line":212,"column":33},"end":{"line":212,"column":69}},"29":{"start":{"line":231,"column":31},"end":{"line":231,"column":52}}},"fnMap":{"0":{"name":"ConceptCandidateList","decl":{"start":{"line":21,"column":16},"end":{"line":21,"column":36}},"loc":{"start":{"line":25,"column":28},"end":{"line":246,"column":1}}},"1":{"name":"(anonymous_1)","decl":{"start":{"line":47,"column":15},"end":{"line":47,"column":18}},"loc":{"start":{"line":47,"column":20},"end":{"line":53,"column":5}}},"2":{"name":"(anonymous_2)","decl":{"start":{"line":54,"column":13},"end":{"line":54,"column":14}},"loc":{"start":{"line":54,"column":23},"end":{"line":58,"column":5}}},"3":{"name":"(anonymous_3)","decl":{"start":{"line":61,"column":29},"end":{"line":61,"column":30}},"loc":{"start":{"line":61,"column":76},"end":{"line":71,"column":3}}},"4":{"name":"(anonymous_4)","decl":{"start":{"line":73,"column":23},"end":{"line":73,"column":24}},"loc":{"start":{"line":73,"column":41},"end":{"line":77,"column":3}}},"5":{"name":"(anonymous_5)","decl":{"start":{"line":88,"column":24},"end":{"line":88,"column":25}},"loc":{"start":{"line":89,"column":10},"end":{"line":89,"column":27}}},"6":{"name":"(anonymous_6)","decl":{"start":{"line":113,"column":30},"end":{"line":113,"column":31}},"loc":{"start":{"line":114,"column":22},"end":{"line":114,"column":73}}},"7":{"name":"(anonymous_7)","decl":{"start":{"line":126,"column":30},"end":{"line":126,"column":31}},"loc":{"start":{"line":127,"column":22},"end":{"line":127,"column":79}}},"8":{"name":"(anonymous_8)","decl":{"start":{"line":138,"column":30},"end":{"line":138,"column":31}},"loc":{"start":{"line":139,"column":22},"end":{"line":139,"column":75}}},"9":{"name":"(anonymous_9)","decl":{"start":{"line":153,"column":32},"end":{"line":153,"column":33}},"loc":{"start":{"line":154,"column":24},"end":{"line":154,"column":77}}},"10":{"name":"(anonymous_10)","decl":{"start":{"line":166,"column":32},"end":{"line":166,"column":33}},"loc":{"start":{"line":167,"column":24},"end":{"line":167,"column":76}}},"11":{"name":"(anonymous_11)","decl":{"start":{"line":179,"column":32},"end":{"line":179,"column":33}},"loc":{"start":{"line":180,"column":24},"end":{"line":180,"column":74}}},"12":{"name":"(anonymous_12)","decl":{"start":{"line":188,"column":29},"end":{"line":188,"column":32}},"loc":{"start":{"line":188,"column":35},"end":{"line":188,"column":54}}},"13":{"name":"(anonymous_13)","decl":{"start":{"line":196,"column":29},"end":{"line":196,"column":32}},"loc":{"start":{"line":196,"column":35},"end":{"line":196,"column":56}}},"14":{"name":"(anonymous_14)","decl":{"start":{"line":206,"column":27},"end":{"line":206,"column":30}},"loc":{"start":{"line":206,"column":33},"end":{"line":206,"column":55}}},"15":{"name":"(anonymous_15)","decl":{"start":{"line":212,"column":27},"end":{"line":212,"column":30}},"loc":{"start":{"line":212,"column":33},"end":{"line":212,"column":69}}},"16":{"name":"(anonymous_16)","decl":{"start":{"line":231,"column":25},"end":{"line":231,"column":28}},"loc":{"start":{"line":231,"column":31},"end":{"line":231,"column":52}}}},"branchMap":{"0":{"loc":{"start":{"line":56,"column":27},"end":{"line":56,"column":105}},"type":"binary-expr","locations":[{"start":{"line":56,"column":27},"end":{"line":56,"column":40}},{"start":{"line":56,"column":44},"end":{"line":56,"column":105}}]},"1":{"loc":{"start":{"line":65,"column":19},"end":{"line":65,"column":46}},"type":"binary-expr","locations":[{"start":{"line":65,"column":19},"end":{"line":65,"column":40}},{"start":{"line":65,"column":44},"end":{"line":65,"column":46}}]},"2":{"loc":{"start":{"line":67,"column":15},"end":{"line":67,"column":35}},"type":"binary-expr","locations":[{"start":{"line":67,"column":15},"end":{"line":67,"column":29}},{"start":{"line":67,"column":33},"end":{"line":67,"column":35}}]},"3":{"loc":{"start":{"line":69,"column":12},"end":{"line":69,"column":62}},"type":"binary-expr","locations":[{"start":{"line":69,"column":12},"end":{"line":69,"column":23}},{"start":{"line":69,"column":27},"end":{"line":69,"column":62}}]},"4":{"loc":{"start":{"line":93,"column":17},"end":{"line":96,"column":null}},"type":"binary-expr","locations":[{"start":{"line":93,"column":17},"end":{"line":93,"column":38}},{"start":{"line":94,"column":18},"end":{"line":95,"column":null}}]},"5":{"loc":{"start":{"line":98,"column":17},"end":{"line":99,"column":null}},"type":"binary-expr","locations":[{"start":{"line":98,"column":17},"end":{"line":98,"column":34}},{"start":{"line":99,"column":18},"end":{"line":99,"column":83}}]},"6":{"loc":{"start":{"line":104,"column":13},"end":{"line":217,"column":null}},"type":"cond-expr","locations":[{"start":{"line":105,"column":14},"end":{"line":201,"column":null}},{"start":{"line":204,"column":14},"end":{"line":216,"column":null}}]},"7":{"loc":{"start":{"line":192,"column":21},"end":{"line":192,"column":77}},"type":"binary-expr","locations":[{"start":{"line":192,"column":21},"end":{"line":192,"column":45}},{"start":{"line":192,"column":49},"end":{"line":192,"column":77}}]},"8":{"loc":{"start":{"line":193,"column":27},"end":{"line":193,"column":86}},"type":"cond-expr","locations":[{"start":{"line":193,"column":54},"end":{"line":193,"column":67}},{"start":{"line":193,"column":70},"end":{"line":193,"column":86}}]},"9":{"loc":{"start":{"line":223,"column":7},"end":{"line":241,"column":null}},"type":"binary-expr","locations":[{"start":{"line":223,"column":7},"end":{"line":223,"column":28}},{"start":{"line":224,"column":8},"end":{"line":240,"column":null}}]}},"s":{"0":0,"1":0,"2":0,"3":0,"4":0,"5":0,"6":0,"7":0,"8":0,"9":0,"10":0,"11":0,"12":0,"13":0,"14":0,"15":0,"16":0,"17":0,"18":0,"19":0,"20":0,"21":0,"22":0,"23":0,"24":0,"25":0,"26":0,"27":0,"28":0,"29":0},"f":{"0":0,"1":0,"2":0,"3":0,"4":0,"5":0,"6":0,"7":0,"8":0,"9":0,"10":0,"11":0,"12":0,"13":0,"14":0,"15":0,"16":0},"b":{"0":[0,0],"1":[0,0],"2":[0,0],"3":[0,0],"4":[0,0],"5":[0,0],"6":[0,0],"7":[0,0],"8":[0,0],"9":[0,0]}}
,"/Users/thomasbcox/Projects/thomas-writing-assistant/src/components/ConceptCreateForm.tsx": {"path":"/Users/thomasbcox/Projects/thomas-writing-assistant/src/components/ConceptCreateForm.tsx","statementMap":{"0":{"start":{"line":19,"column":34},"end":{"line":26,"column":4}},"1":{"start":{"line":28,"column":23},"end":{"line":43,"column":3}},"2":{"start":{"line":29,"column":4},"end":{"line":29,"column":23}},"3":{"start":{"line":30,"column":4},"end":{"line":32,"column":5}},"4":{"start":{"line":31,"column":6},"end":{"line":31,"column":13}},"5":{"start":{"line":33,"column":4},"end":{"line":33,"column":23}},"6":{"start":{"line":35,"column":4},"end":{"line":42,"column":7}},"7":{"start":{"line":45,"column":2},"end":{"line":150,"column":4}},"8":{"start":{"line":58,"column":14},"end":{"line":58,"column":65}},"9":{"start":{"line":72,"column":14},"end":{"line":72,"column":71}},"10":{"start":{"line":86,"column":14},"end":{"line":86,"column":67}},"11":{"start":{"line":103,"column":16},"end":{"line":103,"column":69}},"12":{"start":{"line":118,"column":16},"end":{"line":118,"column":68}},"13":{"start":{"line":133,"column":16},"end":{"line":133,"column":66}}},"fnMap":{"0":{"name":"ConceptCreateForm","decl":{"start":{"line":18,"column":16},"end":{"line":18,"column":33}},"loc":{"start":{"line":18,"column":81},"end":{"line":151,"column":1}}},"1":{"name":"(anonymous_1)","decl":{"start":{"line":28,"column":23},"end":{"line":28,"column":24}},"loc":{"start":{"line":28,"column":46},"end":{"line":43,"column":3}}},"2":{"name":"(anonymous_2)","decl":{"start":{"line":57,"column":22},"end":{"line":57,"column":23}},"loc":{"start":{"line":58,"column":14},"end":{"line":58,"column":65}}},"3":{"name":"(anonymous_3)","decl":{"start":{"line":71,"column":22},"end":{"line":71,"column":23}},"loc":{"start":{"line":72,"column":14},"end":{"line":72,"column":71}}},"4":{"name":"(anonymous_4)","decl":{"start":{"line":85,"column":22},"end":{"line":85,"column":23}},"loc":{"start":{"line":86,"column":14},"end":{"line":86,"column":67}}},"5":{"name":"(anonymous_5)","decl":{"start":{"line":102,"column":24},"end":{"line":102,"column":25}},"loc":{"start":{"line":103,"column":16},"end":{"line":103,"column":69}}},"6":{"name":"(anonymous_6)","decl":{"start":{"line":117,"column":24},"end":{"line":117,"column":25}},"loc":{"start":{"line":118,"column":16},"end":{"line":118,"column":68}}},"7":{"name":"(anonymous_7)","decl":{"start":{"line":132,"column":24},"end":{"line":132,"column":25}},"loc":{"start":{"line":133,"column":16},"end":{"line":133,"column":66}}}},"branchMap":{"0":{"loc":{"start":{"line":30,"column":4},"end":{"line":32,"column":5}},"type":"if","locations":[{"start":{"line":30,"column":4},"end":{"line":32,"column":5}},{"start":{},"end":{}}]},"1":{"loc":{"start":{"line":30,"column":8},"end":{"line":30,"column":58}},"type":"binary-expr","locations":[{"start":{"line":30,"column":8},"end":{"line":30,"column":30}},{"start":{"line":30,"column":34},"end":{"line":30,"column":58}}]},"2":{"loc":{"start":{"line":145,"column":11},"end":{"line":145,"column":52}},"type":"binary-expr","locations":[{"start":{"line":145,"column":11},"end":{"line":145,"column":20}},{"start":{"line":145,"column":24},"end":{"line":145,"column":52}}]},"3":{"loc":{"start":{"line":146,"column":11},"end":{"line":146,"column":55}},"type":"cond-expr","locations":[{"start":{"line":146,"column":23},"end":{"line":146,"column":36}},{"start":{"line":146,"column":39},"end":{"line":146,"column":55}}]}},"s":{"0":1,"1":1,"2":0,"3":0,"4":0,"5":0,"6":0,"7":1,"8":0,"9":0,"10":0,"11":0,"12":0,"13":0},"f":{"0":1,"1":0,"2":0,"3":0,"4":0,"5":0,"6":0,"7":0},"b":{"0":[0,0],"1":[0,0],"2":[1,0],"3":[0,1]}}
,"/Users/thomasbcox/Projects/thomas-writing-assistant/src/components/ConceptEditor.tsx": {"path":"/Users/thomasbcox/Projects/thomas-writing-assistant/src/components/ConceptEditor.tsx","statementMap":{"0":{"start":{"line":13,"column":39},"end":{"line":15,"column":null}},"1":{"start":{"line":18,"column":25},"end":{"line":23,"column":4}},"2":{"start":{"line":20,"column":6},"end":{"line":20,"column":15}},"3":{"start":{"line":21,"column":6},"end":{"line":21,"column":16}},"4":{"start":{"line":25,"column":34},"end":{"line":32,"column":4}},"5":{"start":{"line":34,"column":2},"end":{"line":45,"column":16}},"6":{"start":{"line":35,"column":4},"end":{"line":44,"column":5}},"7":{"start":{"line":36,"column":6},"end":{"line":43,"column":9}},"8":{"start":{"line":47,"column":23},"end":{"line":53,"column":3}},"9":{"start":{"line":48,"column":4},"end":{"line":48,"column":23}},"10":{"start":{"line":49,"column":4},"end":{"line":52,"column":7}},"11":{"start":{"line":55,"column":2},"end":{"line":61,"column":3}},"12":{"start":{"line":56,"column":4},"end":{"line":60,"column":6}},"13":{"start":{"line":63,"column":2},"end":{"line":171,"column":4}},"14":{"start":{"line":77,"column":16},"end":{"line":77,"column":67}},"15":{"start":{"line":90,"column":16},"end":{"line":90,"column":73}},"16":{"start":{"line":103,"column":16},"end":{"line":103,"column":69}},"17":{"start":{"line":119,"column":18},"end":{"line":119,"column":71}},"18":{"start":{"line":133,"column":18},"end":{"line":133,"column":70}},"19":{"start":{"line":147,"column":18},"end":{"line":147,"column":68}}},"fnMap":{"0":{"name":"ConceptEditor","decl":{"start":{"line":12,"column":16},"end":{"line":12,"column":29}},"loc":{"start":{"line":12,"column":80},"end":{"line":172,"column":1}}},"1":{"name":"(anonymous_1)","decl":{"start":{"line":19,"column":15},"end":{"line":19,"column":18}},"loc":{"start":{"line":19,"column":20},"end":{"line":22,"column":5}}},"2":{"name":"(anonymous_2)","decl":{"start":{"line":34,"column":12},"end":{"line":34,"column":15}},"loc":{"start":{"line":34,"column":17},"end":{"line":45,"column":3}}},"3":{"name":"(anonymous_3)","decl":{"start":{"line":47,"column":23},"end":{"line":47,"column":24}},"loc":{"start":{"line":47,"column":46},"end":{"line":53,"column":3}}},"4":{"name":"(anonymous_4)","decl":{"start":{"line":76,"column":24},"end":{"line":76,"column":25}},"loc":{"start":{"line":77,"column":16},"end":{"line":77,"column":67}}},"5":{"name":"(anonymous_5)","decl":{"start":{"line":89,"column":24},"end":{"line":89,"column":25}},"loc":{"start":{"line":90,"column":16},"end":{"line":90,"column":73}}},"6":{"name":"(anonymous_6)","decl":{"start":{"line":102,"column":24},"end":{"line":102,"column":25}},"loc":{"start":{"line":103,"column":16},"end":{"line":103,"column":69}}},"7":{"name":"(anonymous_7)","decl":{"start":{"line":118,"column":26},"end":{"line":118,"column":27}},"loc":{"start":{"line":119,"column":18},"end":{"line":119,"column":71}}},"8":{"name":"(anonymous_8)","decl":{"start":{"line":132,"column":26},"end":{"line":132,"column":27}},"loc":{"start":{"line":133,"column":18},"end":{"line":133,"column":70}}},"9":{"name":"(anonymous_9)","decl":{"start":{"line":146,"column":26},"end":{"line":146,"column":27}},"loc":{"start":{"line":147,"column":18},"end":{"line":147,"column":68}}}},"branchMap":{"0":{"loc":{"start":{"line":35,"column":4},"end":{"line":44,"column":5}},"type":"if","locations":[{"start":{"line":35,"column":4},"end":{"line":44,"column":5}},{"start":{},"end":{}}]},"1":{"loc":{"start":{"line":38,"column":21},"end":{"line":38,"column":46}},"type":"binary-expr","locations":[{"start":{"line":38,"column":21},"end":{"line":38,"column":40}},{"start":{"line":38,"column":44},"end":{"line":38,"column":46}}]},"2":{"loc":{"start":{"line":55,"column":2},"end":{"line":61,"column":3}},"type":"if","locations":[{"start":{"line":55,"column":2},"end":{"line":61,"column":3}},{"start":{},"end":{}}]}},"s":{"0":0,"1":0,"2":0,"3":0,"4":0,"5":0,"6":0,"7":0,"8":0,"9":0,"10":0,"11":0,"12":0,"13":0,"14":0,"15":0,"16":0,"17":0,"18":0,"19":0},"f":{"0":0,"1":0,"2":0,"3":0,"4":0,"5":0,"6":0,"7":0,"8":0,"9":0},"b":{"0":[0,0],"1":[0,0],"2":[0,0]}}
,"/Users/thomasbcox/Projects/thomas-writing-assistant/src/components/ConceptGenerationStatus.tsx": {"path":"/Users/thomasbcox/Projects/thomas-writing-assistant/src/components/ConceptGenerationStatus.tsx","statementMap":{"0":{"start":{"line":14,"column":2},"end":{"line":14,"column":33}},"1":{"start":{"line":14,"column":21},"end":{"line":14,"column":33}},"2":{"start":{"line":16,"column":2},"end":{"line":34,"column":4}}},"fnMap":{"0":{"name":"ConceptGenerationStatus","decl":{"start":{"line":10,"column":16},"end":{"line":10,"column":39}},"loc":{"start":{"line":13,"column":31},"end":{"line":35,"column":1}}}},"branchMap":{"0":{"loc":{"start":{"line":12,"column":2},"end":{"line":12,"column":17}},"type":"default-arg","locations":[{"start":{"line":12,"column":16},"end":{"line":12,"column":17}}]},"1":{"loc":{"start":{"line":14,"column":2},"end":{"line":14,"column":33}},"type":"if","locations":[{"start":{"line":14,"column":2},"end":{"line":14,"column":33}},{"start":{},"end":{}}]},"2":{"loc":{"start":{"line":26,"column":9},"end":{"line":26,"column":48}},"type":"binary-expr","locations":[{"start":{"line":26,"column":9},"end":{"line":26,"column":24}},{"start":{"line":26,"column":28},"end":{"line":26,"column":48}}]},"3":{"loc":{"start":{"line":28,"column":7},"end":{"line":31,"column":null}},"type":"binary-expr","locations":[{"start":{"line":28,"column":7},"end":{"line":28,"column":23}},{"start":{"line":29,"column":8},"end":{"line":29,"column":null}}]}},"s":{"0":4,"1":1,"2":3},"f":{"0":4},"b":{"0":[1],"1":[1,3],"2":[3,2],"3":[3,1]}}
,"/Users/thomasbcox/Projects/thomas-writing-assistant/src/components/ConceptList.tsx": {"path":"/Users/thomasbcox/Projects/thomas-writing-assistant/src/components/ConceptList.tsx","statementMap":{"0":{"start":{"line":28,"column":2},"end":{"line":34,"column":3}},"1":{"start":{"line":29,"column":4},"end":{"line":33,"column":6}},"2":{"start":{"line":36,"column":2},"end":{"line":49,"column":3}},"3":{"start":{"line":38,"column":25},"end":{"line":38,"column":55}},"4":{"start":{"line":39,"column":4},"end":{"line":48,"column":6}},"5":{"start":{"line":51,"column":2},"end":{"line":62,"column":3}},"6":{"start":{"line":52,"column":4},"end":{"line":61,"column":6}},"7":{"start":{"line":64,"column":2},"end":{"line":127,"column":4}},"8":{"start":{"line":67,"column":8},"end":{"line":68,"column":null}},"9":{"start":{"line":96,"column":31},"end":{"line":96,"column":49}},"10":{"start":{"line":103,"column":33},"end":{"line":103,"column":54}},"11":{"start":{"line":110,"column":33},"end":{"line":110,"column":51}},"12":{"start":{"line":117,"column":31},"end":{"line":117,"column":51}}},"fnMap":{"0":{"name":"ConceptList","decl":{"start":{"line":18,"column":16},"end":{"line":18,"column":27}},"loc":{"start":{"line":27,"column":19},"end":{"line":128,"column":1}}},"1":{"name":"(anonymous_1)","decl":{"start":{"line":66,"column":20},"end":{"line":66,"column":21}},"loc":{"start":{"line":67,"column":8},"end":{"line":68,"column":null}}},"2":{"name":"(anonymous_2)","decl":{"start":{"line":96,"column":25},"end":{"line":96,"column":28}},"loc":{"start":{"line":96,"column":31},"end":{"line":96,"column":49}}},"3":{"name":"(anonymous_3)","decl":{"start":{"line":103,"column":27},"end":{"line":103,"column":30}},"loc":{"start":{"line":103,"column":33},"end":{"line":103,"column":54}}},"4":{"name":"(anonymous_4)","decl":{"start":{"line":110,"column":27},"end":{"line":110,"column":30}},"loc":{"start":{"line":110,"column":33},"end":{"line":110,"column":51}}},"5":{"name":"(anonymous_5)","decl":{"start":{"line":117,"column":25},"end":{"line":117,"column":28}},"loc":{"start":{"line":117,"column":31},"end":{"line":117,"column":51}}}},"branchMap":{"0":{"loc":{"start":{"line":28,"column":2},"end":{"line":34,"column":3}},"type":"if","locations":[{"start":{"line":28,"column":2},"end":{"line":34,"column":3}},{"start":{},"end":{}}]},"1":{"loc":{"start":{"line":36,"column":2},"end":{"line":49,"column":3}},"type":"if","locations":[{"start":{"line":36,"column":2},"end":{"line":49,"column":3}},{"start":{},"end":{}}]},"2":{"loc":{"start":{"line":51,"column":2},"end":{"line":62,"column":3}},"type":"if","locations":[{"start":{"line":51,"column":2},"end":{"line":62,"column":3}},{"start":{},"end":{}}]},"3":{"loc":{"start":{"line":51,"column":6},"end":{"line":51,"column":68}},"type":"binary-expr","locations":[{"start":{"line":51,"column":6},"end":{"line":51,"column":15}},{"start":{"line":51,"column":19},"end":{"line":51,"column":43}},{"start":{"line":51,"column":47},"end":{"line":51,"column":68}}]},"4":{"loc":{"start":{"line":54,"column":15},"end":{"line":54,"column":68}},"type":"cond-expr","locations":[{"start":{"line":54,"column":27},"end":{"line":54,"column":48}},{"start":{"line":54,"column":51},"end":{"line":54,"column":68}}]},"5":{"loc":{"start":{"line":56,"column":10},"end":{"line":58,"column":65}},"type":"cond-expr","locations":[{"start":{"line":57,"column":14},"end":{"line":57,"column":51}},{"start":{"line":58,"column":14},"end":{"line":58,"column":65}}]},"6":{"loc":{"start":{"line":70,"column":12},"end":{"line":72,"column":null}},"type":"cond-expr","locations":[{"start":{"line":71,"column":16},"end":{"line":71,"column":55}},{"start":{"line":72,"column":16},"end":{"line":72,"column":null}}]},"7":{"loc":{"start":{"line":80,"column":15},"end":{"line":83,"column":null}},"type":"binary-expr","locations":[{"start":{"line":80,"column":15},"end":{"line":80,"column":34}},{"start":{"line":81,"column":16},"end":{"line":82,"column":null}}]},"8":{"loc":{"start":{"line":90,"column":17},"end":{"line":91,"column":84}},"type":"binary-expr","locations":[{"start":{"line":90,"column":17},"end":{"line":90,"column":34}},{"start":{"line":91,"column":18},"end":{"line":91,"column":84}}]},"9":{"loc":{"start":{"line":101,"column":15},"end":{"line":114,"column":null}},"type":"cond-expr","locations":[{"start":{"line":102,"column":16},"end":{"line":104,"column":null}},{"start":{"line":109,"column":16},"end":{"line":111,"column":null}}]},"10":{"loc":{"start":{"line":120,"column":17},"end":{"line":120,"column":64}},"type":"cond-expr","locations":[{"start":{"line":120,"column":46},"end":{"line":120,"column":54}},{"start":{"line":120,"column":57},"end":{"line":120,"column":64}}]}},"s":{"0":18,"1":14,"2":4,"3":1,"4":1,"5":3,"6":1,"7":2,"8":3,"9":0,"10":0,"11":0,"12":0},"f":{"0":18,"1":3,"2":0,"3":0,"4":0,"5":0},"b":{"0":[14,4],"1":[1,3],"2":[1,2],"3":[3,3,3],"4":[0,1],"5":[0,1],"6":[0,3],"7":[3,3],"8":[3,3],"9":[0,3],"10":[0,3]}}
,"/Users/thomasbcox/Projects/thomas-writing-assistant/src/components/ConceptViewer.tsx": {"path":"/Users/thomasbcox/Projects/thomas-writing-assistant/src/components/ConceptViewer.tsx","statementMap":{"0":{"start":{"line":19,"column":2},"end":{"line":44,"column":4}}},"fnMap":{"0":{"name":"ConceptViewer","decl":{"start":{"line":18,"column":16},"end":{"line":18,"column":29}},"loc":{"start":{"line":18,"column":70},"end":{"line":45,"column":1}}}},"branchMap":{"0":{"loc":{"start":{"line":31,"column":9},"end":{"line":32,"column":null}},"type":"binary-expr","locations":[{"start":{"line":31,"column":9},"end":{"line":31,"column":28}},{"start":{"line":32,"column":10},"end":{"line":32,"column":76}}]}},"s":{"0":0},"f":{"0":0},"b":{"0":[0,0]}}
,"/Users/thomasbcox/Projects/thomas-writing-assistant/src/components/ConceptsTab.tsx": {"path":"/Users/thomasbcox/Projects/thomas-writing-assistant/src/components/ConceptsTab.tsx","statementMap":{"0":{"start":{"line":22,"column":30},"end":{"line":22,"column":42}},"1":{"start":{"line":23,"column":36},"end":{"line":23,"column":51}},"2":{"start":{"line":24,"column":36},"end":{"line":24,"column":65}},"3":{"start":{"line":25,"column":36},"end":{"line":25,"column":65}},"4":{"start":{"line":26,"column":44},"end":{"line":26,"column":73}},"5":{"start":{"line":27,"column":42},"end":{"line":27,"column":57}},"6":{"start":{"line":28,"column":30},"end":{"line":28,"column":51}},"7":{"start":{"line":29,"column":60},"end":{"line":29,"column":84}},"8":{"start":{"line":32,"column":22},"end":{"line":41,"column":3}},"9":{"start":{"line":33,"column":4},"end":{"line":33,"column":18}},"10":{"start":{"line":34,"column":4},"end":{"line":34,"column":24}},"11":{"start":{"line":35,"column":4},"end":{"line":35,"column":23}},"12":{"start":{"line":36,"column":4},"end":{"line":36,"column":23}},"13":{"start":{"line":37,"column":4},"end":{"line":37,"column":27}},"14":{"start":{"line":38,"column":4},"end":{"line":38,"column":27}},"15":{"start":{"line":39,"column":4},"end":{"line":39,"column":36}},"16":{"start":{"line":40,"column":4},"end":{"line":40,"column":39}},"17":{"start":{"line":43,"column":19},"end":{"line":46,"column":8}},"18":{"start":{"line":44,"column":15},"end":{"line":44,"column":54}},"19":{"start":{"line":45,"column":4},"end":{"line":45,"column":58}},"20":{"start":{"line":45,"column":24},"end":{"line":45,"column":56}},"21":{"start":{"line":48,"column":22},"end":{"line":50,"column":8}},"22":{"start":{"line":49,"column":4},"end":{"line":49,"column":57}},"23":{"start":{"line":49,"column":24},"end":{"line":49,"column":55}},"24":{"start":{"line":49,"column":43},"end":{"line":49,"column":54}},"25":{"start":{"line":57,"column":6},"end":{"line":60,"column":4}},"26":{"start":{"line":62,"column":25},"end":{"line":71,"column":4}},"27":{"start":{"line":64,"column":6},"end":{"line":64,"column":16}},"28":{"start":{"line":65,"column":6},"end":{"line":65,"column":58}},"29":{"start":{"line":66,"column":6},"end":{"line":66,"column":38}},"30":{"start":{"line":69,"column":6},"end":{"line":69,"column":69}},"31":{"start":{"line":73,"column":25},"end":{"line":83,"column":4}},"32":{"start":{"line":75,"column":6},"end":{"line":75,"column":16}},"33":{"start":{"line":76,"column":6},"end":{"line":76,"column":45}},"34":{"start":{"line":77,"column":6},"end":{"line":77,"column":29}},"35":{"start":{"line":80,"column":6},"end":{"line":80,"column":69}},"36":{"start":{"line":81,"column":6},"end":{"line":81,"column":29}},"37":{"start":{"line":85,"column":26},"end":{"line":93,"column":4}},"38":{"start":{"line":87,"column":6},"end":{"line":87,"column":16}},"39":{"start":{"line":88,"column":6},"end":{"line":88,"column":46}},"40":{"start":{"line":91,"column":6},"end":{"line":91,"column":70}},"41":{"start":{"line":95,"column":24},"end":{"line":105,"column":4}},"42":{"start":{"line":97,"column":6},"end":{"line":97,"column":16}},"43":{"start":{"line":98,"column":6},"end":{"line":98,"column":55}},"44":{"start":{"line":99,"column":6},"end":{"line":99,"column":29}},"45":{"start":{"line":102,"column":6},"end":{"line":102,"column":66}},"46":{"start":{"line":103,"column":6},"end":{"line":103,"column":29}},"47":{"start":{"line":107,"column":35},"end":{"line":109,"column":null}},"48":{"start":{"line":112,"column":30},"end":{"line":121,"column":3}},"49":{"start":{"line":120,"column":4},"end":{"line":120,"column":32}},"50":{"start":{"line":123,"column":2},"end":{"line":246,"column":4}},"51":{"start":{"line":149,"column":29},"end":{"line":149,"column":77}},"52":{"start":{"line":172,"column":35},"end":{"line":172,"column":60}},"53":{"start":{"line":179,"column":36},"end":{"line":179,"column":73}},"54":{"start":{"line":192,"column":28},"end":{"line":192,"column":44}},"55":{"start":{"line":193,"column":28},"end":{"line":193,"column":44}},"56":{"start":{"line":194,"column":30},"end":{"line":194,"column":50}},"57":{"start":{"line":195,"column":31},"end":{"line":195,"column":61}},"58":{"start":{"line":202,"column":27},"end":{"line":202,"column":45}},"59":{"start":{"line":204,"column":14},"end":{"line":204,"column":24}},"60":{"start":{"line":205,"column":14},"end":{"line":205,"column":33}},"61":{"start":{"line":213,"column":27},"end":{"line":213,"column":45}},"62":{"start":{"line":225,"column":12},"end":{"line":227,"column":13}},"63":{"start":{"line":226,"column":14},"end":{"line":226,"column":59}},"64":{"start":{"line":229,"column":26},"end":{"line":229,"column":48}},"65":{"start":{"line":240,"column":12},"end":{"line":240,"column":50}},"66":{"start":{"line":242,"column":26},"end":{"line":242,"column":48}}},"fnMap":{"0":{"name":"ConceptsTab","decl":{"start":{"line":21,"column":16},"end":{"line":21,"column":27}},"loc":{"start":{"line":21,"column":27},"end":{"line":247,"column":1}}},"1":{"name":"(anonymous_1)","decl":{"start":{"line":32,"column":22},"end":{"line":32,"column":25}},"loc":{"start":{"line":32,"column":27},"end":{"line":41,"column":3}}},"2":{"name":"(anonymous_2)","decl":{"start":{"line":43,"column":31},"end":{"line":43,"column":32}},"loc":{"start":{"line":43,"column":68},"end":{"line":46,"column":3}}},"3":{"name":"(anonymous_3)","decl":{"start":{"line":45,"column":14},"end":{"line":45,"column":15}},"loc":{"start":{"line":45,"column":24},"end":{"line":45,"column":56}}},"4":{"name":"(anonymous_4)","decl":{"start":{"line":48,"column":34},"end":{"line":48,"column":35}},"loc":{"start":{"line":48,"column":49},"end":{"line":50,"column":3}}},"5":{"name":"(anonymous_5)","decl":{"start":{"line":49,"column":14},"end":{"line":49,"column":15}},"loc":{"start":{"line":49,"column":24},"end":{"line":49,"column":55}}},"6":{"name":"(anonymous_6)","decl":{"start":{"line":49,"column":36},"end":{"line":49,"column":37}},"loc":{"start":{"line":49,"column":43},"end":{"line":49,"column":54}}},"7":{"name":"(anonymous_7)","decl":{"start":{"line":63,"column":15},"end":{"line":63,"column":18}},"loc":{"start":{"line":63,"column":20},"end":{"line":67,"column":5}}},"8":{"name":"(anonymous_8)","decl":{"start":{"line":68,"column":13},"end":{"line":68,"column":14}},"loc":{"start":{"line":68,"column":23},"end":{"line":70,"column":5}}},"9":{"name":"(anonymous_9)","decl":{"start":{"line":74,"column":15},"end":{"line":74,"column":18}},"loc":{"start":{"line":74,"column":20},"end":{"line":78,"column":5}}},"10":{"name":"(anonymous_10)","decl":{"start":{"line":79,"column":13},"end":{"line":79,"column":14}},"loc":{"start":{"line":79,"column":23},"end":{"line":82,"column":5}}},"11":{"name":"(anonymous_11)","decl":{"start":{"line":86,"column":15},"end":{"line":86,"column":18}},"loc":{"start":{"line":86,"column":20},"end":{"line":89,"column":5}}},"12":{"name":"(anonymous_12)","decl":{"start":{"line":90,"column":13},"end":{"line":90,"column":14}},"loc":{"start":{"line":90,"column":23},"end":{"line":92,"column":5}}},"13":{"name":"(anonymous_13)","decl":{"start":{"line":96,"column":15},"end":{"line":96,"column":18}},"loc":{"start":{"line":96,"column":20},"end":{"line":100,"column":5}}},"14":{"name":"(anonymous_14)","decl":{"start":{"line":101,"column":13},"end":{"line":101,"column":14}},"loc":{"start":{"line":101,"column":23},"end":{"line":104,"column":5}}},"15":{"name":"(anonymous_15)","decl":{"start":{"line":112,"column":30},"end":{"line":112,"column":31}},"loc":{"start":{"line":119,"column":7},"end":{"line":121,"column":3}}},"16":{"name":"(anonymous_16)","decl":{"start":{"line":149,"column":23},"end":{"line":149,"column":26}},"loc":{"start":{"line":149,"column":29},"end":{"line":149,"column":77}}},"17":{"name":"(anonymous_17)","decl":{"start":{"line":172,"column":28},"end":{"line":172,"column":29}},"loc":{"start":{"line":172,"column":35},"end":{"line":172,"column":60}}},"18":{"name":"(anonymous_18)","decl":{"start":{"line":179,"column":30},"end":{"line":179,"column":33}},"loc":{"start":{"line":179,"column":36},"end":{"line":179,"column":73}}},"19":{"name":"(anonymous_19)","decl":{"start":{"line":192,"column":20},"end":{"line":192,"column":21}},"loc":{"start":{"line":192,"column":28},"end":{"line":192,"column":44}}},"20":{"name":"(anonymous_20)","decl":{"start":{"line":193,"column":20},"end":{"line":193,"column":21}},"loc":{"start":{"line":193,"column":28},"end":{"line":193,"column":44}}},"21":{"name":"(anonymous_21)","decl":{"start":{"line":194,"column":22},"end":{"line":194,"column":23}},"loc":{"start":{"line":194,"column":30},"end":{"line":194,"column":50}}},"22":{"name":"(anonymous_22)","decl":{"start":{"line":195,"column":23},"end":{"line":195,"column":24}},"loc":{"start":{"line":195,"column":31},"end":{"line":195,"column":61}}},"23":{"name":"(anonymous_23)","decl":{"start":{"line":202,"column":21},"end":{"line":202,"column":24}},"loc":{"start":{"line":202,"column":27},"end":{"line":202,"column":45}}},"24":{"name":"(anonymous_24)","decl":{"start":{"line":203,"column":20},"end":{"line":203,"column":23}},"loc":{"start":{"line":203,"column":25},"end":{"line":206,"column":13}}},"25":{"name":"(anonymous_25)","decl":{"start":{"line":213,"column":21},"end":{"line":213,"column":24}},"loc":{"start":{"line":213,"column":27},"end":{"line":213,"column":45}}},"26":{"name":"(anonymous_26)","decl":{"start":{"line":224,"column":21},"end":{"line":224,"column":24}},"loc":{"start":{"line":224,"column":26},"end":{"line":228,"column":11}}},"27":{"name":"(anonymous_27)","decl":{"start":{"line":229,"column":20},"end":{"line":229,"column":23}},"loc":{"start":{"line":229,"column":26},"end":{"line":229,"column":48}}},"28":{"name":"(anonymous_28)","decl":{"start":{"line":239,"column":21},"end":{"line":239,"column":24}},"loc":{"start":{"line":239,"column":26},"end":{"line":241,"column":11}}},"29":{"name":"(anonymous_29)","decl":{"start":{"line":242,"column":20},"end":{"line":242,"column":23}},"loc":{"start":{"line":242,"column":26},"end":{"line":242,"column":48}}}},"branchMap":{"0":{"loc":{"start":{"line":59,"column":12},"end":{"line":59,"column":31}},"type":"binary-expr","locations":[{"start":{"line":59,"column":12},"end":{"line":59,"column":18}},{"start":{"line":59,"column":22},"end":{"line":59,"column":31}}]},"1":{"loc":{"start":{"line":69,"column":15},"end":{"line":69,"column":58}},"type":"binary-expr","locations":[{"start":{"line":69,"column":15},"end":{"line":69,"column":28}},{"start":{"line":69,"column":32},"end":{"line":69,"column":58}}]},"2":{"loc":{"start":{"line":80,"column":15},"end":{"line":80,"column":58}},"type":"binary-expr","locations":[{"start":{"line":80,"column":15},"end":{"line":80,"column":28}},{"start":{"line":80,"column":32},"end":{"line":80,"column":58}}]},"3":{"loc":{"start":{"line":91,"column":15},"end":{"line":91,"column":59}},"type":"binary-expr","locations":[{"start":{"line":91,"column":15},"end":{"line":91,"column":28}},{"start":{"line":91,"column":32},"end":{"line":91,"column":59}}]},"4":{"loc":{"start":{"line":102,"column":15},"end":{"line":102,"column":55}},"type":"binary-expr","locations":[{"start":{"line":102,"column":15},"end":{"line":102,"column":28}},{"start":{"line":102,"column":32},"end":{"line":102,"column":55}}]},"5":{"loc":{"start":{"line":108,"column":10},"end":{"line":108,"column":25}},"type":"binary-expr","locations":[{"start":{"line":108,"column":10},"end":{"line":108,"column":19}},{"start":{"line":108,"column":23},"end":{"line":108,"column":25}}]},"6":{"loc":{"start":{"line":152,"column":15},"end":{"line":152,"column":64}},"type":"cond-expr","locations":[{"start":{"line":152,"column":39},"end":{"line":152,"column":50}},{"start":{"line":152,"column":53},"end":{"line":152,"column":64}}]},"7":{"loc":{"start":{"line":155,"column":11},"end":{"line":159,"column":null}},"type":"binary-expr","locations":[{"start":{"line":155,"column":11},"end":{"line":155,"column":32}},{"start":{"line":156,"column":12},"end":{"line":158,"column":null}}]},"8":{"loc":{"start":{"line":190,"column":19},"end":{"line":190,"column":74}},"type":"cond-expr","locations":[{"start":{"line":190,"column":35},"end":{"line":190,"column":67}},{"start":{"line":190,"column":70},"end":{"line":190,"column":74}}]},"9":{"loc":{"start":{"line":199,"column":9},"end":{"line":207,"column":null}},"type":"binary-expr","locations":[{"start":{"line":199,"column":9},"end":{"line":199,"column":18}},{"start":{"line":200,"column":10},"end":{"line":206,"column":null}}]},"10":{"loc":{"start":{"line":210,"column":9},"end":{"line":214,"column":null}},"type":"binary-expr","locations":[{"start":{"line":210,"column":9},"end":{"line":210,"column":23}},{"start":{"line":211,"column":10},"end":{"line":213,"column":null}}]},"11":{"loc":{"start":{"line":225,"column":12},"end":{"line":227,"column":13}},"type":"if","locations":[{"start":{"line":225,"column":12},"end":{"line":227,"column":13}},{"start":{},"end":{}}]}},"s":{"0":26,"1":26,"2":26,"3":26,"4":26,"5":26,"6":26,"7":26,"8":26,"9":0,"10":0,"11":0,"12":0,"13":0,"14":0,"15":0,"16":0,"17":26,"18":0,"19":0,"20":0,"21":26,"22":0,"23":0,"24":0,"25":26,"26":26,"27":0,"28":0,"29":0,"30":0,"31":26,"32":0,"33":0,"34":0,"35":0,"36":0,"37"
[...]
,"/Users/thomasbcox/Projects/thomas-writing-assistant/src/test/utils/dependencies.ts": {"path":"/Users/thomasbcox/Projects/thomas-writing-assistant/src/test/utils/dependencies.ts","statementMap":{"0":{"start":{"line":18,"column":2},"end":{"line":28,"column":28}},"1":{"start":{"line":35,"column":2},"end":{"line":47,"column":31}},"2":{"start":{"line":39,"column":54},"end":{"line":39,"column":88}},"3":{"start":{"line":59,"column":27},"end":{"line":59,"column":56}},"4":{"start":{"line":60,"column":17},"end":{"line":60,"column":31}},"5":{"start":{"line":62,"column":2},"end":{"line":66,"column":4}},"6":{"start":{"line":77,"column":2},"end":{"line":81,"column":4}}},"fnMap":{"0":{"name":"createMockLLMClient","decl":{"start":{"line":17,"column":16},"end":{"line":17,"column":35}},"loc":{"start":{"line":17,"column":66},"end":{"line":29,"column":1}}},"1":{"name":"createMockConfigLoader","decl":{"start":{"line":34,"column":16},"end":{"line":34,"column":38}},"loc":{"start":{"line":34,"column":72},"end":{"line":48,"column":1}}},"2":{"name":"(anonymous_2)","decl":{"start":{"line":39,"column":29},"end":{"line":39,"column":30}},"loc":{"start":{"line":39,"column":54},"end":{"line":39,"column":88}}},"3":{"name":"createTestDependencies","decl":{"start":{"line":55,"column":22},"end":{"line":55,"column":44}},"loc":{"start":{"line":56,"column":38},"end":{"line":67,"column":1}}},"4":{"name":"createTestDependenciesSync","decl":{"start":{"line":73,"column":16},"end":{"line":73,"column":42}},"loc":{"start":{"line":75,"column":38},"end":{"line":82,"column":1}}}},"branchMap":{"0":{"loc":{"start":{"line":39,"column":54},"end":{"line":39,"column":88}},"type":"binary-expr","locations":[{"start":{"line":39,"column":54},"end":{"line":39,"column":64}},{"start":{"line":39,"column":68},"end":{"line":39,"column":88}}]},"1":{"loc":{"start":{"line":63,"column":15},"end":{"line":63,"column":60}},"type":"binary-expr","locations":[{"start":{"line":63,"column":15},"end":{"line":63,"column":35}},{"start":{"line":63,"column":39},"end":{"line":63,"column":60}}]},"2":{"loc":{"start":{"line":64,"column":18},"end":{"line":64,"column":69}},"type":"binary-expr","locations":[{"start":{"line":64,"column":18},"end":{"line":64,"column":41}},{"start":{"line":64,"column":45},"end":{"line":64,"column":69}}]},"3":{"loc":{"start":{"line":65,"column":8},"end":{"line":65,"column":31}},"type":"binary-expr","locations":[{"start":{"line":65,"column":8},"end":{"line":65,"column":21}},{"start":{"line":65,"column":25},"end":{"line":65,"column":31}}]},"4":{"loc":{"start":{"line":78,"column":15},"end":{"line":78,"column":60}},"type":"binary-expr","locations":[{"start":{"line":78,"column":15},"end":{"line":78,"column":35}},{"start":{"line":78,"column":39},"end":{"line":78,"column":60}}]},"5":{"loc":{"start":{"line":79,"column":18},"end":{"line":79,"column":69}},"type":"binary-expr","locations":[{"start":{"line":79,"column":18},"end":{"line":79,"column":41}},{"start":{"line":79,"column":45},"end":{"line":79,"column":69}}]},"6":{"loc":{"start":{"line":80,"column":8},"end":{"line":80,"column":31}},"type":"binary-expr","locations":[{"start":{"line":80,"column":8},"end":{"line":80,"column":21}},{"start":{"line":80,"column":25},"end":{"line":80,"column":31}}]}},"s":{"0":0,"1":0,"2":0,"3":0,"4":0,"5":0,"6":0},"f":{"0":0,"1":0,"2":0,"3":0,"4":0},"b":{"0":[0,0],"1":[0,0],"2":[0,0],"3":[0,0],"4":[0,0],"5":[0,0],"6":[0,0]}}
,"/Users/thomasbcox/Projects/thomas-writing-assistant/src/test/utils/in-memory-db-setup.ts": {"path":"/Users/thomasbcox/Projects/thomas-writing-assistant/src/test/utils/in-memory-db-setup.ts","statementMap":{"0":{"start":{"line":23,"column":2},"end":{"line":23,"column":28}},"1":{"start":{"line":27,"column":2},"end":{"line":89,"column":5}},"2":{"start":{"line":28,"column":22},"end":{"line":33,"column":6}},"3":{"start":{"line":29,"column":6},"end":{"line":31,"column":7}},"4":{"start":{"line":30,"column":8},"end":{"line":30,"column":94}},"5":{"start":{"line":32,"column":6},"end":{"line":32,"column":32}},"6":{"start":{"line":37,"column":28},"end":{"line":37,"column":32}},"7":{"start":{"line":38,"column":22},"end":{"line":49,"column":5}},"8":{"start":{"line":39,"column":6},"end":{"line":47,"column":7}},"9":{"start":{"line":41,"column":8},"end":{"line":46,"column":9}},"10":{"start":{"line":42,"column":10},"end":{"line":42,"column":57}},"11":{"start":{"line":45,"column":10},"end":{"line":45,"column":41}},"12":{"start":{"line":48,"column":6},"end":{"line":48,"column":26}},"13":{"start":{"line":51,"column":4},"end":{"line":88,"column":6}},"14":{"start":{"line":55,"column":23},"end":{"line":55,"column":34}},"15":{"start":{"line":56,"column":8},"end":{"line":59,"column":9}},"16":{"start":{"line":57,"column":22},"end":{"line":57,"column":58}},"17":{"start":{"line":58,"column":10},"end":{"line":58,"column":43}},"18":{"start":{"line":60,"column":8},"end":{"line":60,"column":44}},"19":{"start":{"line":63,"column":23},"end":{"line":63,"column":34}},"20":{"start":{"line":64,"column":8},"end":{"line":67,"column":9}},"21":{"start":{"line":65,"column":22},"end":{"line":65,"column":58}},"22":{"start":{"line":66,"column":10},"end":{"line":66,"column":44}},"23":{"start":{"line":68,"column":8},"end":{"line":68,"column":45}},"24":{"start":{"line":71,"column":23},"end":{"line":71,"column":34}},"25":{"start":{"line":72,"column":8},"end":{"line":76,"column":9}},"26":{"start":{"line":74,"column":35},"end":{"line":74,"column":55}},"27":{"start":{"line":75,"column":10},"end":{"line":75,"column":52}},"28":{"start":{"line":77,"column":8},"end":{"line":77,"column":50}},"29":{"start":{"line":80,"column":23},"end":{"line":80,"column":34}},"30":{"start":{"line":81,"column":8},"end":{"line":85,"column":9}},"31":{"start":{"line":82,"column":24},"end":{"line":82,"column":66}},"32":{"start":{"line":83,"column":10},"end":{"line":83,"column":55}},"33":{"start":{"line":83,"column":35},"end":{"line":83,"column":55}},"34":{"start":{"line":84,"column":10},"end":{"line":84,"column":51}},"35":{"start":{"line":86,"column":8},"end":{"line":86,"column":68}},"36":{"start":{"line":92,"column":2},"end":{"line":104,"column":6}},"37":{"start":{"line":92,"column":34},"end":{"line":104,"column":4}},"38":{"start":{"line":94,"column":6},"end":{"line":96,"column":7}},"39":{"start":{"line":95,"column":8},"end":{"line":95,"column":94}},"40":{"start":{"line":97,"column":6},"end":{"line":97,"column":32}},"41":{"start":{"line":99,"column":41},"end":{"line":99,"column":46}},"42":{"start":{"line":100,"column":35},"end":{"line":100,"column":45}},"43":{"start":{"line":112,"column":17},"end":{"line":112,"column":31}},"44":{"start":{"line":113,"column":2},"end":{"line":113,"column":30}},"45":{"start":{"line":117,"column":2},"end":{"line":117,"column":30}},"46":{"start":{"line":120,"column":2},"end":{"line":120,"column":39}},"47":{"start":{"line":132,"column":2},"end":{"line":132,"column":16}},"48":{"start":{"line":140,"column":2},"end":{"line":143,"column":3}},"49":{"start":{"line":141,"column":4},"end":{"line":141,"column":36}},"50":{"start":{"line":142,"column":4},"end":{"line":142,"column":30}}},"fnMap":{"0":{"name":"setupInMemoryDbMocks","decl":{"start":{"line":21,"column":16},"end":{"line":21,"column":36}},"loc":{"start":{"line":21,"column":36},"end":{"line":105,"column":1}}},"1":{"name":"(anonymous_1)","decl":{"start":{"line":27,"column":36},"end":{"line":27,"column":39}},"loc":{"start":{"line":27,"column":41},"end":{"line":89,"column":3}}},"2":{"name":"(anonymous_2)","decl":{"start":{"line":28,"column":30},"end":{"line":28,"column":33}},"loc":{"start":{"line":28,"column":35},"end":{"line":33,"column":5}}},"3":{"name":"(anonymous_3)","decl":{"start":{"line":38,"column":22},"end":{"line":38,"column":25}},"loc":{"start":{"line":38,"column":27},"end":{"line":49,"column":5}}},"4":{"name":"(anonymous_4)","decl":{"start":{"line":54,"column":22},"end":{"line":54,"column":27}},"loc":{"start":{"line":54,"column":47},"end":{"line":61,"column":7}}},"5":{"name":"(anonymous_5)","decl":{"start":{"line":62,"column":21},"end":{"line":62,"column":26}},"loc":{"start":{"line":62,"column":44},"end":{"line":69,"column":7}}},"6":{"name":"(anonymous_6)","decl":{"start":{"line":70,"column":21},"end":{"line":70,"column":22}},"loc":{"start":{"line":70,"column":51},"end":{"line":78,"column":7}}},"7":{"name":"(anonymous_7)","decl":{"start":{"line":79,"column":25},"end":{"line":79,"column":26}},"loc":{"start":{"line":79,"column":77},"end":{"line":87,"column":7}}},"8":{"name":"(anonymous_8)","decl":{"start":{"line":92,"column":27},"end":{"line":92,"column":30}},"loc":{"start":{"line":92,"column":34},"end":{"line":104,"column":4}}},"9":{"name":"(anonymous_9)","decl":{"start":{"line":93,"column":26},"end":{"line":93,"column":29}},"loc":{"start":{"line":93,"column":31},"end":{"line":98,"column":5}}},"10":{"name":"(anonymous_10)","decl":{"start":{"line":99,"column":35},"end":{"line":99,"column":38}},"loc":{"start":{"line":99,"column":41},"end":{"line":99,"column":46}}},"11":{"name":"(anonymous_11)","decl":{"start":{"line":100,"column":29},"end":{"line":100,"column":32}},"loc":{"start":{"line":100,"column":35},"end":{"line":100,"column":45}}},"12":{"name":"initInMemoryDb","decl":{"start":{"line":111,"column":22},"end":{"line":111,"column":36}},"loc":{"start":{"line":111,"column":36},"end":{"line":133,"column":1}}},"13":{"name":"cleanupInMemoryDb","decl":{"start":{"line":139,"column":16},"end":{"line":139,"column":33}},"loc":{"start":{"line":139,"column":33},"end":{"line":144,"column":1}}}},"branchMap":{"0":{"loc":{"start":{"line":29,"column":6},"end":{"line":31,"column":7}},"type":"if","locations":[{"start":{"line":29,"column":6},"end":{"line":31,"column":7}},{"start":{},"end":{}}]},"1":{"loc":{"start":{"line":39,"column":6},"end":{"line":47,"column":7}},"type":"if","locations":[{"start":{"line":39,"column":6},"end":{"line":47,"column":7}},{"start":{},"end":{}}]},"2":{"loc":{"start":{"line":56,"column":8},"end":{"line":59,"column":9}},"type":"if","locations":[{"start":{"line":56,"column":8},"end":{"line":59,"column":9}},{"start":{},"end":{}}]},"3":{"loc":{"start":{"line":64,"column":8},"end":{"line":67,"column":9}},"type":"if","locations":[{"start":{"line":64,"column":8},"end":{"line":67,"column":9}},{"start":{},"end":{}}]},"4":{"loc":{"start":{"line":72,"column":8},"end":{"line":76,"column":9}},"type":"if","locations":[{"start":{"line":72,"column":8},"end":{"line":76,"column":9}},{"start":{},"end":{}}]},"5":{"loc":{"start":{"line":75,"column":17},"end":{"line":75,"column":51}},"type":"binary-expr","locations":[{"start":{"line":75,"column":17},"end":{"line":75,"column":38}},{"start":{"line":75,"column":42},"end":{"line":75,"column":51}}]},"6":{"loc":{"start":{"line":79,"column":53},"end":{"line":79,"column":73}},"type":"default-arg","locations":[{"start":{"line":79,"column":68},"end":{"line":79,"column":73}}]},"7":{"loc":{"start":{"line":81,"column":8},"end":{"line":85,"column":9}},"type":"if","locations":[{"start":{"line":81,"column":8},"end":{"line":85,"column":9}},{"start":{},"end":{}}]},"8":{"loc":{"start":{"line":83,"column":10},"end":{"line":83,"column":55}},"type":"if","locations":[{"start":{"line":83,"column":10},"end":{"line":83,"column":55}},{"start":{},"end":{}}]},"9":{"loc":{"start":{"line":84,"column":17},"end":{"line":84,"column":50}},"type":"binary-expr","locations":[{"start":{"line":84,"column":17},"end":{"line":84,"column":33}},{"start":{"line":84,"column":37},"end":{"line":84,"column":50}}]},"10":{"loc":{"start":{"line":94,"column":6},"end":{"line":96,"column":7}},"type":"if","locations":[{"start":{"line":94,"column":6},"end":{"line":96,"column":7}},{"start":{},"end":{}}]},"11":{"loc":{"start":{"line":140,"column":2},"end":{"line":143,"column":3}},"type":"if","locations":[{"start":{"line":140,"column":2},"end":{"line":143,"column":3}},{"start":{},"end":{}}]}},"s":{"0":0,"1":0,"2":0,"3":0,"4":0,"5":0,"6":0,"7":0,"8":0,"9":0,"10":0,"11":0,"12":0,"13":0,"14":0,"15":0,"16":0,"17":0,"18":0,"19":0,"20":0,"21":0,"22":0,"23":0,"24":0,"25":0,"26":0,"27":0,"28":0,"29":0,"30":0,"31":0,"32":0,"33":0,"34":0,"35":0,"36":0,"37":0,"38":0,"39":0,"40":0,"41":0,"42":0,"43":0,"44":0,"45":0,"46":0,"47":0,"48":0,"49":0,"50":0},"f":{"0":0,"1":0,"2":0,"3":0,"4":0,"5":0,"6":0,"7":0,"8":0,"9":0,"10":0,"11":0,"12":0,"13":0},"b":{"0":[0,0],"1":[0,0],"2":[0,0],"3":[0,0],"4":[0,0],"5":[0,0],"6":[0],"7":[0,0],"8":[0,0],"9":[0,0],"10":[0,0],"11":[0,0]}}
,"/Users/thomasbcox/Projects/thomas-writing-assistant/src/test/utils/ipc-test-utils.ts": {"path":"/Users/thomasbcox/Projects/thomas-writing-assistant/src/test/utils/ipc-test-utils.ts","statementMap":{"0":{"start":{"line":21,"column":2},"end":{"line":23,"column":6}},"1":{"start":{"line":21,"column":42},"end":{"line":23,"column":4}},"2":{"start":{"line":22,"column":17},"end":{"line":22,"column":23}},"3":{"start":{"line":17,"column":17},"end":{"line":17,"column":31}},"4":{"start":{"line":18,"column":2},"end":{"line":18,"column":30}},"5":{"start":{"line":25,"column":2},"end":{"line":30,"column":4}},"6":{"start":{"line":37,"column":2},"end":{"line":45,"column":11}},"7":{"start":{"line":56,"column":16},"end":{"line":56,"column":36}},"8":{"start":{"line":59,"column":19},"end":{"line":59,"column":45}},"9":{"start":{"line":60,"column":2},"end":{"line":62,"column":3}},"10":{"start":{"line":61,"column":4},"end":{"line":61,"column":69}},"11":{"start":{"line":64,"column":18},"end":{"line":64,"column":77}},"12":{"start":{"line":65,"column":17},"end":{"line":65,"column":44}},"13":{"start":{"line":67,"column":2},"end":{"line":69,"column":3}},"14":{"start":{"line":68,"column":4},"end":{"line":68,"column":43}},"15":{"start":{"line":71,"column":2},"end":{"line":71,"column":16}},"16":{"start":{"line":80,"column":34},"end":{"line":80,"column":86}},"17":{"start":{"line":81,"column":2},"end":{"line":81,"column":24}}},"fnMap":{"0":{"name":"setupIPCTest","decl":{"start":{"line":16,"column":22},"end":{"line":16,"column":34}},"loc":{"start":{"line":16,"column":34},"end":{"line":31,"column":1}}},"1":{"name":"(anonymous_1)","decl":{"start":{"line":21,"column":35},"end":{"line":21,"column":38}},"loc":{"start":{"line":21,"column":42},"end":{"line":23,"column":4}}},"2":{"name":"(anonymous_2)","decl":{"start":{"line":22,"column":11},"end":{"line":22,"column":14}},"loc":{"start":{"line":22,"column":17},"end":{"line":22,"column":23}}},"3":{"name":"(anonymous_3)","decl":{"start":{"line":27,"column":13},"end":{"line":27,"column":18}},"loc":{"start":{"line":27,"column":24},"end":{"line":29,"column":5}}},"4":{"name":"createMockIpcEvent","decl":{"start":{"line":36,"column":16},"end":{"line":36,"column":34}},"loc":{"start":{"line":36,"column":34},"end":{"line":46,"column":1}}},"5":{"name":"testIpcHandler","decl":{"start":{"line":51,"column":22},"end":{"line":51,"column":36}},"loc":{"start":{"line":54,"column":26},"end":{"line":72,"column":1}}},"6":{"name":"registerHandlersForTesting","decl":{"start":{"line":78,"column":22},"end":{"line":78,"column":48}},"loc":{"start":{"line":78,"column":48},"end":{"line":82,"column":1}}}},"branchMap":{"0":{"loc":{"start":{"line":60,"column":2},"end":{"line":62,"column":3}},"type":"if","locations":[{"start":{"line":60,"column":2},"end":{"line":62,"column":3}},{"start":{},"end":{}}]},"1":{"loc":{"start":{"line":67,"column":2},"end":{"line":69,"column":3}},"type":"if","locations":[{"start":{"line":67,"column":2},"end":{"line":69,"column":3}},{"start":{},"end":{}}]}},"s":{"0":0,"1":0,"2":0,"3":0,"4":0,"5":0,"6":0,"7":0,"8":0,"9":0,"10":0,"11":0,"12":0,"13":0,"14":0,"15":0,"16":0,"17":0},"f":{"0":0,"1":0,"2":0,"3":0,"4":0,"5":0,"6":0},"b":{"0":[0,0],"1":[0,0]}}
,"/Users/thomasbcox/Projects/thomas-writing-assistant/src/test/utils/test-factories.ts": {"path":"/Users/thomasbcox/Projects/thomas-writing-assistant/src/test/utils/test-factories.ts","statementMap":{"0":{"start":{"line":6,"column":2},"end":{"line":16,"column":4}},"1":{"start":{"line":20,"column":2},"end":{"line":32,"column":4}},"2":{"start":{"line":36,"column":2},"end":{"line":43,"column":4}},"3":{"start":{"line":47,"column":2},"end":{"line":61,"column":4}},"4":{"start":{"line":65,"column":2},"end":{"line":74,"column":4}},"5":{"start":{"line":78,"column":19},"end":{"line":78,"column":39}},"6":{"start":{"line":79,"column":2},"end":{"line":90,"column":4}}},"fnMap":{"0":{"name":"createMockCapsule","decl":{"start":{"line":5,"column":16},"end":{"line":5,"column":33}},"loc":{"start":{"line":5,"column":48},"end":{"line":17,"column":1}}},"1":{"name":"createMockAnchor","decl":{"start":{"line":19,"column":16},"end":{"line":19,"column":32}},"loc":{"start":{"line":19,"column":47},"end":{"line":33,"column":1}}},"2":{"name":"createMockRepurposedContent","decl":{"start":{"line":35,"column":16},"end":{"line":35,"column":43}},"loc":{"start":{"line":35,"column":58},"end":{"line":44,"column":1}}},"3":{"name":"createMockConcept","decl":{"start":{"line":46,"column":16},"end":{"line":46,"column":33}},"loc":{"start":{"line":46,"column":48},"end":{"line":62,"column":1}}},"4":{"name":"createMockLinkName","decl":{"start":{"line":64,"column":16},"end":{"line":64,"column":34}},"loc":{"start":{"line":64,"column":49},"end":{"line":75,"column":1}}},"5":{"name":"createMockLink","decl":{"start":{"line":77,"column":16},"end":{"line":77,"column":30}},"loc":{"start":{"line":77,"column":45},"end":{"line":91,"column":1}}}},"branchMap":{"0":{"loc":{"start":{"line":5,"column":34},"end":{"line":5,"column":48}},"type":"default-arg","locations":[{"start":{"line":5,"column":46},"end":{"line":5,"column":48}}]},"1":{"loc":{"start":{"line":19,"column":33},"end":{"line":19,"column":47}},"type":"default-arg","locations":[{"start":{"line":19,"column":45},"end":{"line":19,"column":47}}]},"2":{"loc":{"start":{"line":35,"column":44},"end":{"line":35,"column":58}},"type":"default-arg","locations":[{"start":{"line":35,"column":56},"end":{"line":35,"column":58}}]},"3":{"loc":{"start":{"line":46,"column":34},"end":{"line":46,"column":48}},"type":"default-arg","locations":[{"start":{"line":46,"column":46},"end":{"line":46,"column":48}}]},"4":{"loc":{"start":{"line":64,"column":35},"end":{"line":64,"column":49}},"type":"default-arg","locations":[{"start":{"line":64,"column":47},"end":{"line":64,"column":49}}]},"5":{"loc":{"start":{"line":77,"column":31},"end":{"line":77,"column":45}},"type":"default-arg","locations":[{"start":{"line":77,"column":43},"end":{"line":77,"column":45}}]}},"s":{"0":0,"1":0,"2":0,"3":0,"4":0,"5":0,"6":0},"f":{"0":0,"1":0,"2":0,"3":0,"4":0,"5":0},"b":{"0":[0],"1":[0],"2":[0],"3":[0],"4":[0],"5":[0]}}
}
