TN:
SF:src/env.ts
FNF:0
FNH:0
DA:3,17
DA:12,17
LF:2
LH:2
BRDA:13,0,0,17
BRDA:13,0,1,0
BRF:2
BRH:1
end_of_record
TN:
SF:src/app/layout.tsx
FN:10,RootLayout
FNF:1
FNH:0
FNDA:0,RootLayout
DA:4,0
DA:15,0
LF:2
LH:0
BRF:0
BRH:0
end_of_record
TN:
SF:src/app/page.tsx
FN:15,Home
FN:41,(anonymous_1)
FN:45,(anonymous_2)
FN:60,(anonymous_3)
FNF:4
FNH:0
FNDA:0,Home
FNDA:0,(anonymous_1)
FNDA:0,(anonymous_2)
FNDA:0,(anonymous_3)
DA:16,0
DA:18,0
DA:28,0
DA:42,0
DA:45,0
DA:60,0
LF:6
LH:0
BRDA:47,0,0,0
BRDA:47,0,1,0
BRDA:58,1,0,0
BRDA:58,1,1,0
BRDA:63,2,0,0
BRDA:63,2,1,0
BRDA:68,3,0,0
BRDA:68,3,1,0
BRDA:73,4,0,0
BRDA:73,4,1,0
BRDA:78,5,0,0
BRDA:78,5,1,0
BRDA:83,6,0,0
BRDA:83,6,1,0
BRDA:88,7,0,0
BRDA:88,7,1,0
BRF:16
BRH:0
end_of_record
TN:
SF:src/app/api/trpc/[trpc]/route.ts
FN:8,(anonymous_0)
FN:13,(anonymous_1)
FN:15,(anonymous_2)
FNF:3
FNH:0
FNDA:0,(anonymous_0)
FNDA:0,(anonymous_1)
FNDA:0,(anonymous_2)
DA:8,0
DA:9,0
DA:13,0
DA:16,0
LF:4
LH:0
BRDA:17,0,0,0
BRDA:17,0,1,0
BRDA:20,1,0,0
BRDA:20,1,1,0
BRF:4
BRH:0
end_of_record
TN:
SF:src/components/AnchorEditor.tsx
FN:12,AnchorEditor
FN:16,(anonymous_1)
FN:17,(anonymous_2)
FN:20,(anonymous_3)
FN:34,(anonymous_4)
FN:46,(anonymous_5)
FN:54,(anonymous_6)
FN:61,(anonymous_7)
FN:64,(anonymous_8)
FN:68,(anonymous_9)
FN:74,(anonymous_10)
FN:81,(anonymous_11)
FN:84,(anonymous_12)
FN:88,(anonymous_13)
FN:111,(anonymous_14)
FN:125,(anonymous_15)
FN:147,(anonymous_16)
FN:152,(anonymous_17)
FN:158,(anonymous_18)
FN:185,(anonymous_19)
FN:190,(anonymous_20)
FN:196,(anonymous_21)
FN:215,(anonymous_22)
FNF:23
FNH:0
FNDA:0,AnchorEditor
FNDA:0,(anonymous_1)
FNDA:0,(anonymous_2)
FNDA:0,(anonymous_3)
FNDA:0,(anonymous_4)
FNDA:0,(anonymous_5)
FNDA:0,(anonymous_6)
FNDA:0,(anonymous_7)
FNDA:0,(anonymous_8)
FNDA:0,(anonymous_9)
FNDA:0,(anonymous_10)
FNDA:0,(anonymous_11)
FNDA:0,(anonymous_12)
FNDA:0,(anonymous_13)
FNDA:0,(anonymous_14)
FNDA:0,(anonymous_15)
FNDA:0,(anonymous_16)
FNDA:0,(anonymous_17)
FNDA:0,(anonymous_18)
FNDA:0,(anonymous_19)
FNDA:0,(anonymous_20)
FNDA:0,(anonymous_21)
FNDA:0,(anonymous_22)
DA:14,0
DA:15,0
DA:16,0
DA:17,0
DA:19,0
DA:21,0
DA:22,0
DA:26,0
DA:34,0
DA:35,0
DA:36,0
DA:46,0
DA:47,0
DA:48,0
DA:54,0
DA:55,0
DA:61,0
DA:62,0
DA:64,0
DA:68,0
DA:69,0
DA:70,0
DA:71,0
DA:74,0
DA:75,0
DA:81,0
DA:82,0
DA:84,0
DA:88,0
DA:89,0
DA:90,0
DA:91,0
DA:94,0
DA:95,0
DA:98,0
DA:112,0
DA:126,0
DA:148,0
DA:152,0
DA:158,0
DA:186,0
DA:190,0
DA:196,0
DA:216,0
LF:44
LH:0
BRDA:35,0,0,0
BRDA:35,0,1,0
BRDA:39,1,0,0
BRDA:39,1,1,0
BRDA:40,2,0,0
BRDA:40,2,1,0
BRDA:41,3,0,0
BRDA:41,3,1,0
BRDA:94,4,0,0
BRDA:94,4,1,0
BRDA:165,5,0,0
BRDA:165,5,1,0
BRDA:203,6,0,0
BRDA:203,6,1,0
BRDA:237,7,0,0
BRDA:237,7,1,0
BRF:16
BRH:0
end_of_record
TN:
SF:src/components/CapsulesTab.tsx
FN:17,CapsulesTab
FN:21,(anonymous_1)
FN:23,(anonymous_2)
FN:26,(anonymous_3)
FN:27,(anonymous_4)
FN:27,(anonymous_5)
FN:31,(anonymous_6)
FN:37,(anonymous_7)
FN:89,(anonymous_8)
FN:93,(anonymous_9)
FN:98,(anonymous_10)
FN:104,(anonymous_11)
FN:109,(anonymous_12)
FN:115,(anonymous_13)
FN:120,(anonymous_14)
FN:126,(anonymous_15)
FN:132,(anonymous_16)
FN:138,(anonymous_17)
FN:142,(anonymous_18)
FN:147,(anonymous_19)
FN:158,(anonymous_20)
FN:168,(anonymous_21)
FN:186,(anonymous_22)
FN:195,(anonymous_23)
FN:198,(anonymous_24)
FN:222,(anonymous_25)
FN:236,(anonymous_26)
FN:251,(anonymous_27)
FN:281,(anonymous_28)
FN:294,(anonymous_29)
FN:307,(anonymous_30)
FN:311,(anonymous_31)
FN:327,(anonymous_32)
FN:341,(anonymous_33)
FN:357,(anonymous_34)
FN:418,(anonymous_35)
FN:428,(anonymous_36)
FN:440,(anonymous_37)
FN:473,(anonymous_38)
FN:486,(anonymous_39)
FN:501,(anonymous_40)
FN:514,(anonymous_41)
FN:532,(anonymous_42)
FN:546,(anonymous_43)
FN:567,(anonymous_44)
FN:571,(anonymous_45)
FN:588,(anonymous_46)
FN:600,(anonymous_47)
FN:606,(anonymous_48)
FN:612,(anonymous_49)
FN:618,(anonymous_50)
FN:631,(anonymous_51)
FN:637,(anonymous_52)
FN:658,(anonymous_53)
FN:664,(anonymous_54)
FN:685,(anonymous_55)
FN:691,(anonymous_56)
FN:697,(anonymous_57)
FN:709,(anonymous_58)
FN:724,(anonymous_59)
FN:733,(anonymous_60)
FN:739,(anonymous_61)
FN:763,(anonymous_62)
FN:769,(anonymous_63)
FN:775,(anonymous_64)
FN:787,(anonymous_65)
FN:802,(anonymous_66)
FN:811,(anonymous_67)
FN:817,(anonymous_68)
FN:840,(anonymous_69)
FN:846,(anonymous_70)
FN:852,(anonymous_71)
FN:864,(anonymous_72)
FN:879,(anonymous_73)
FN:888,(anonymous_74)
FN:894,(anonymous_75)
FN:920,(anonymous_76)
FN:926,(anonymous_77)
FN:932,(anonymous_78)
FN:944,(anonymous_79)
FN:959,(anonymous_80)
FN:968,(anonymous_81)
FN:974,(anonymous_82)
FN:1014,(anonymous_83)
FN:1018,(anonymous_84)
FN:1024,(anonymous_85)
FN:1025,(anonymous_86)
FNF:87
FNH:0
FNDA:0,CapsulesTab
FNDA:0,(anonymous_1)
FNDA:0,(anonymous_2)
FNDA:0,(anonymous_3)
FNDA:0,(anonymous_4)
FNDA:0,(anonymous_5)
FNDA:0,(anonymous_6)
FNDA:0,(anonymous_7)
FNDA:0,(anonymous_8)
FNDA:0,(anonymous_9)
FNDA:0,(anonymous_10)
FNDA:0,(anonymous_11)
FNDA:0,(anonymous_12)
FNDA:0,(anonymous_13)
FNDA:0,(anonymous_14)
FNDA:0,(anonymous_15)
FNDA:0,(anonymous_16)
FNDA:0,(anonymous_17)
FNDA:0,(anonymous_18)
FNDA:0,(anonymous_19)
FNDA:0,(anonymous_20)
FNDA:0,(anonymous_21)
FNDA:0,(anonymous_22)
FNDA:0,(anonymous_23)
FNDA:0,(anonymous_24)
FNDA:0,(anonymous_25)
FNDA:0,(anonymous_26)
FNDA:0,(anonymous_27)
FNDA:0,(anonymous_28)
FNDA:0,(anonymous_29)
FNDA:0,(anonymous_30)
FNDA:0,(anonymous_31)
FNDA:0,(anonymous_32)
FNDA:0,(anonymous_33)
FNDA:0,(anonymous_34)
FNDA:0,(anonymous_35)
FNDA:0,(anonymous_36)
FNDA:0,(anonymous_37)
FNDA:0,(anonymous_38)
FNDA:0,(anonymous_39)
FNDA:0,(anonymous_40)
FNDA:0,(anonymous_41)
FNDA:0,(anonymous_42)
FNDA:0,(anonymous_43)
FNDA:0,(anonymous_44)
FNDA:0,(anonymous_45)
FNDA:0,(anonymous_46)
FNDA:0,(anonymous_47)
FNDA:0,(anonymous_48)
FNDA:0,(anonymous_49)
FNDA:0,(anonymous_50)
FNDA:0,(anonymous_51)
FNDA:0,(anonymous_52)
FNDA:0,(anonymous_53)
FNDA:0,(anonymous_54)
FNDA:0,(anonymous_55)
FNDA:0,(anonymous_56)
FNDA:0,(anonymous_57)
FNDA:0,(anonymous_58)
FNDA:0,(anonymous_59)
FNDA:0,(anonymous_60)
FNDA:0,(anonymous_61)
FNDA:0,(anonymous_62)
FNDA:0,(anonymous_63)
FNDA:0,(anonymous_64)
FNDA:0,(anonymous_65)
FNDA:0,(anonymous_66)
FNDA:0,(anonymous_67)
FNDA:0,(anonymous_68)
FNDA:0,(anonymous_69)
FNDA:0,(anonymous_70)
FNDA:0,(anonymous_71)
FNDA:0,(anonymous_72)
FNDA:0,(anonymous_73)
FNDA:0,(anonymous_74)
FNDA:0,(anonymous_75)
FNDA:0,(anonymous_76)
FNDA:0,(anonymous_77)
FNDA:0,(anonymous_78)
FNDA:0,(anonymous_79)
FNDA:0,(anonymous_80)
FNDA:0,(anonymous_81)
FNDA:0,(anonymous_82)
FNDA:0,(anonymous_83)
FNDA:0,(anonymous_84)
FNDA:0,(anonymous_85)
FNDA:0,(anonymous_86)
DA:18,0
DA:19,0
DA:21,0
DA:22,0
DA:23,0
DA:26,0
DA:27,0
DA:30,0
DA:32,0
DA:36,0
DA:38,0
DA:39,0
DA:40,0
DA:41,0
DA:45,0
DA:52,0
DA:53,0
DA:54,0
DA:55,0
DA:60,0
DA:74,0
DA:75,0
DA:76,0
DA:77,0
DA:78,0
DA:79,0
DA:92,0
DA:94,0
DA:95,0
DA:96,0
DA:99,0
DA:103,0
DA:105,0
DA:106,0
DA:107,0
DA:110,0
DA:114,0
DA:116,0
DA:117,0
DA:118,0
DA:121,0
DA:125,0
DA:127,0
DA:128,0
DA:129,0
DA:130,0
DA:133,0
DA:137,0
DA:139,0
DA:140,0
DA:143,0
DA:147,0
DA:148,0
DA:149,0
DA:155,0
DA:158,0
DA:159,0
DA:160,0
DA:161,0
DA:162,0
DA:164,0
DA:168,0
DA:169,0
DA:170,0
DA:171,0
DA:174,0
DA:177,0
DA:178,0
DA:179,0
DA:180,0
DA:183,0
DA:185,0
DA:186,0
DA:187,0
DA:196,0
DA:199,0
DA:204,0
DA:206,0
DA:207,0
DA:208,0
DA:211,0
DA:212,0
DA:213,0
DA:217,0
DA:219,0
DA:221,0
DA:222,0
DA:223,0
DA:224,0
DA:226,0
DA:228,0
DA:237,0
DA:246,0
DA:247,0
DA:248,0
DA:252,0
DA:255,0
DA:260,0
DA:262,0
DA:263,0
DA:267,0
DA:282,0
DA:283,0
DA:295,0
DA:296,0
DA:307,0
DA:312,0
DA:328,0
DA:342,0
DA:358,0
DA:419,0
DA:429,0
DA:441,0
DA:474,0
DA:487,0
DA:502,0
DA:515,0
DA:533,0
DA:534,0
DA:547,0
DA:548,0
DA:549,0
DA:550,0
DA:552,0
DA:554,0
DA:568,0
DA:569,0
DA:570,0
DA:572,0
DA:573,0
DA:574,0
DA:579,0
DA:589,0
DA:600,0
DA:606,0
DA:613,0
DA:619,0
DA:620,0
DA:632,0
DA:638,0
DA:639,0
DA:659,0
DA:665,0
DA:666,0
DA:686,0
DA:691,0
DA:698,0
DA:710,0
DA:711,0
DA:725,0
DA:726,0
DA:734,0
DA:740,0
DA:741,0
DA:764,0
DA:769,0
DA:776,0
DA:788,0
DA:789,0
DA:803,0
DA:804,0
DA:812,0
DA:818,0
DA:819,0
DA:841,0
DA:846,0
DA:853,0
DA:865,0
DA:866,0
DA:880,0
DA:881,0
DA:889,0
DA:895,0
DA:896,0
DA:921,0
DA:926,0
DA:933,0
DA:945,0
DA:946,0
DA:960,0
DA:961,0
DA:969,0
DA:975,0
DA:976,0
DA:1015,0
DA:1016,0
DA:1018,0
DA:1024,0
DA:1026,0
DA:1027,0
LF:190
LH:0
BRDA:99,0,0,0
BRDA:99,0,1,0
BRDA:110,1,0,0
BRDA:110,1,1,0
BRDA:121,2,0,0
BRDA:121,2,1,0
BRDA:133,3,0,0
BRDA:133,3,1,0
BRDA:143,4,0,0
BRDA:143,4,1,0
BRDA:153,5,0,0
BRDA:153,5,1,0
BRDA:160,6,0,0
BRDA:160,6,1,0
BRDA:160,7,0,0
BRDA:160,7,1,0
BRDA:169,8,0,0
BRDA:169,8,1,0
BRDA:177,9,0,0
BRDA:177,9,1,0
BRDA:178,10,0,0
BRDA:178,10,1,0
BRDA:178,11,0,0
BRDA:178,11,1,0
BRDA:178,11,2,0
BRDA:207,12,0,0
BRDA:207,12,1,0
BRDA:211,13,0,0
BRDA:211,13,1,0
BRDA:246,14,0,0
BRDA:246,14,1,0
BRDA:263,15,0,0
BRDA:263,15,1,0
BRDA:304,16,0,0
BRDA:304,16,1,0
BRDA:377,17,0,0
BRDA:377,17,1,0
BRDA:384,18,0,0
BRDA:384,18,1,0
BRDA:384,18,2,0
BRDA:384,18,3,0
BRDA:384,18,4,0
BRDA:384,18,5,0
BRDA:384,18,6,0
BRDA:384,18,7,0
BRDA:384,18,8,0
BRDA:392,19,0,0
BRDA:392,19,1,0
BRDA:392,20,0,0
BRDA:392,20,1,0
BRDA:396,21,0,0
BRDA:396,21,1,0
BRDA:398,22,0,0
BRDA:398,22,1,0
BRDA:401,23,0,0
BRDA:401,23,1,0
BRDA:404,24,0,0
BRDA:404,24,1,0
BRDA:407,25,0,0
BRDA:407,25,1,0
BRDA:407,25,2,0
BRDA:414,26,0,0
BRDA:414,26,1,0
BRDA:424,27,0,0
BRDA:424,27,1,0
BRDA:454,28,0,0
BRDA:454,28,1,0
BRDA:542,29,0,0
BRDA:542,29,1,0
BRDA:548,30,0,0
BRDA:548,30,1,0
BRDA:558,31,0,0
BRDA:558,31,1,0
BRDA:562,32,0,0
BRDA:562,32,1,0
BRDA:564,33,0,0
BRDA:564,33,1,0
BRDA:569,34,0,0
BRDA:569,34,1,0
BRDA:570,35,0,0
BRDA:570,35,1,0
BRDA:572,36,0,0
BRDA:572,36,1,0
BRDA:584,37,0,0
BRDA:584,37,1,0
BRDA:595,38,0,0
BRDA:595,38,1,0
BRDA:600,39,0,0
BRDA:600,39,1,0
BRDA:603,40,0,0
BRDA:603,40,1,0
BRDA:629,41,0,0
BRDA:629,41,1,0
BRDA:646,42,0,0
BRDA:646,42,1,0
BRDA:652,43,0,0
BRDA:652,43,1,0
BRDA:654,44,0,0
BRDA:654,44,1,0
BRDA:673,45,0,0
BRDA:673,45,1,0
BRDA:679,46,0,0
BRDA:679,46,1,0
BRDA:687,47,0,0
BRDA:687,47,1,0
BRDA:760,48,0,0
BRDA:760,48,1,0
BRDA:765,49,0,0
BRDA:765,49,1,0
BRDA:837,50,0,0
BRDA:837,50,1,0
BRDA:842,51,0,0
BRDA:842,51,1,0
BRDA:914,52,0,0
BRDA:914,52,1,0
BRDA:922,53,0,0
BRDA:922,53,1,0
BRDA:1021,54,0,0
BRDA:1021,54,1,0
BRF:119
BRH:0
end_of_record
TN:
SF:src/components/ConceptActions.tsx
FN:14,ConceptActions
FN:28,(anonymous_1)
FN:35,(anonymous_2)
FN:47,(anonymous_3)
FN:51,(anonymous_4)
FNF:5
FNH:0
FNDA:0,ConceptActions
FNDA:0,(anonymous_1)
FNDA:0,(anonymous_2)
FNDA:0,(anonymous_3)
FNDA:0,(anonymous_4)
DA:22,0
DA:28,0
DA:35,0
DA:48,0
DA:49,0
DA:51,0
LF:6
LH:0
BRDA:33,0,0,0
BRDA:33,0,1,0
BRF:2
BRH:0
end_of_record
TN:
SF:src/components/ConceptCandidateList.tsx
FN:20,ConceptCandidateList
FN:46,(anonymous_1)
FN:53,(anonymous_2)
FN:60,(anonymous_3)
FN:72,(anonymous_4)
FN:87,(anonymous_5)
FN:112,(anonymous_6)
FN:125,(anonymous_7)
FN:137,(anonymous_8)
FN:152,(anonymous_9)
FN:165,(anonymous_10)
FN:178,(anonymous_11)
FN:187,(anonymous_12)
FN:193,(anonymous_13)
FN:203,(anonymous_14)
FN:209,(anonymous_15)
FN:228,(anonymous_16)
FNF:17
FNH:0
FNDA:0,ConceptCandidateList
FNDA:0,(anonymous_1)
FNDA:0,(anonymous_2)
FNDA:0,(anonymous_3)
FNDA:0,(anonymous_4)
FNDA:0,(anonymous_5)
FNDA:0,(anonymous_6)
FNDA:0,(anonymous_7)
FNDA:0,(anonymous_8)
FNDA:0,(anonymous_9)
FNDA:0,(anonymous_10)
FNDA:0,(anonymous_11)
FNDA:0,(anonymous_12)
FNDA:0,(anonymous_13)
FNDA:0,(anonymous_14)
FNDA:0,(anonymous_15)
FNDA:0,(anonymous_16)
DA:25,0
DA:26,0
DA:27,0
DA:42,0
DA:43,0
DA:45,0
DA:47,0
DA:48,0
DA:50,0
DA:54,0
DA:55,0
DA:56,0
DA:60,0
DA:61,0
DA:62,0
DA:72,0
DA:73,0
DA:74,0
DA:78,0
DA:88,0
DA:113,0
DA:126,0
DA:138,0
DA:153,0
DA:166,0
DA:179,0
DA:187,0
DA:193,0
DA:203,0
DA:209,0
DA:228,0
LF:31
LH:0
BRDA:55,0,0,0
BRDA:55,0,1,0
BRDA:64,1,0,0
BRDA:64,1,1,0
BRDA:66,2,0,0
BRDA:66,2,1,0
BRDA:68,3,0,0
BRDA:68,3,1,0
BRDA:92,4,0,0
BRDA:92,4,1,0
BRDA:97,5,0,0
BRDA:97,5,1,0
BRDA:103,6,0,0
BRDA:103,6,1,0
BRDA:220,7,0,0
BRDA:220,7,1,0
BRF:16
BRH:0
end_of_record
TN:
SF:src/components/ConceptCreateForm.tsx
FN:18,ConceptCreateForm
FN:28,(anonymous_1)
FN:57,(anonymous_2)
FN:71,(anonymous_3)
FN:85,(anonymous_4)
FN:102,(anonymous_5)
FN:117,(anonymous_6)
FN:132,(anonymous_7)
FNF:8
FNH:0
FNDA:0,ConceptCreateForm
FNDA:0,(anonymous_1)
FNDA:0,(anonymous_2)
FNDA:0,(anonymous_3)
FNDA:0,(anonymous_4)
FNDA:0,(anonymous_5)
FNDA:0,(anonymous_6)
FNDA:0,(anonymous_7)
DA:19,0
DA:28,0
DA:29,0
DA:30,0
DA:31,0
DA:33,0
DA:35,0
DA:45,0
DA:58,0
DA:72,0
DA:86,0
DA:103,0
DA:118,0
DA:133,0
LF:14
LH:0
BRDA:30,0,0,0
BRDA:30,0,1,0
BRDA:30,1,0,0
BRDA:30,1,1,0
BRDA:145,2,0,0
BRDA:145,2,1,0
BRDA:146,3,0,0
BRDA:146,3,1,0
BRF:8
BRH:0
end_of_record
TN:
SF:src/components/ConceptEditor.tsx
FN:12,ConceptEditor
FN:19,(anonymous_1)
FN:34,(anonymous_2)
FN:47,(anonymous_3)
FN:76,(anonymous_4)
FN:89,(anonymous_5)
FN:102,(anonymous_6)
FN:118,(anonymous_7)
FN:132,(anonymous_8)
FN:146,(anonymous_9)
FNF:10
FNH:0
FNDA:0,ConceptEditor
FNDA:0,(anonymous_1)
FNDA:0,(anonymous_2)
FNDA:0,(anonymous_3)
FNDA:0,(anonymous_4)
FNDA:0,(anonymous_5)
FNDA:0,(anonymous_6)
FNDA:0,(anonymous_7)
FNDA:0,(anonymous_8)
FNDA:0,(anonymous_9)
DA:13,0
DA:18,0
DA:20,0
DA:21,0
DA:25,0
DA:34,0
DA:35,0
DA:36,0
DA:47,0
DA:48,0
DA:49,0
DA:55,0
DA:56,0
DA:63,0
DA:77,0
DA:90,0
DA:103,0
DA:119,0
DA:133,0
DA:147,0
LF:20
LH:0
BRDA:35,0,0,0
BRDA:35,0,1,0
BRDA:38,1,0,0
BRDA:38,1,1,0
BRDA:55,2,0,0
BRDA:55,2,1,0
BRF:6
BRH:0
end_of_record
TN:
SF:src/components/ConceptGenerationStatus.tsx
FN:10,ConceptGenerationStatus
FNF:1
FNH:1
FNDA:4,ConceptGenerationStatus
DA:14,4
DA:16,3
LF:2
LH:2
BRDA:12,0,0,1
BRDA:14,1,0,1
BRDA:14,1,1,3
BRDA:26,2,0,3
BRDA:26,2,1,2
BRDA:28,3,0,3
BRDA:28,3,1,1
BRF:7
BRH:7
end_of_record
TN:
SF:src/components/ConceptList.tsx
FN:18,ConceptList
FN:61,(anonymous_1)
FN:91,(anonymous_2)
FN:98,(anonymous_3)
FN:105,(anonymous_4)
FN:112,(anonymous_5)
FNF:6
FNH:0
FNDA:0,ConceptList
FNDA:0,(anonymous_1)
FNDA:0,(anonymous_2)
FNDA:0,(anonymous_3)
FNDA:0,(anonymous_4)
FNDA:0,(anonymous_5)
DA:28,0
DA:29,0
DA:36,0
DA:37,0
DA:46,0
DA:47,0
DA:59,0
DA:62,0
DA:91,0
DA:98,0
DA:105,0
DA:112,0
LF:12
LH:0
BRDA:28,0,0,0
BRDA:28,0,1,0
BRDA:36,1,0,0
BRDA:36,1,1,0
BRDA:46,2,0,0
BRDA:46,2,1,0
BRDA:46,3,0,0
BRDA:46,3,1,0
BRDA:49,4,0,0
BRDA:49,4,1,0
BRDA:51,5,0,0
BRDA:51,5,1,0
BRDA:65,6,0,0
BRDA:65,6,1,0
BRDA:75,7,0,0
BRDA:75,7,1,0
BRDA:85,8,0,0
BRDA:85,8,1,0
BRDA:96,9,0,0
BRDA:96,9,1,0
BRDA:115,10,0,0
BRDA:115,10,1,0
BRF:22
BRH:0
end_of_record
TN:
SF:src/components/ConceptViewer.tsx
FN:18,ConceptViewer
FNF:1
FNH:0
FNDA:0,ConceptViewer
DA:19,0
LF:1
LH:0
BRDA:31,0,0,0
BRDA:31,0,1,0
BRF:2
BRH:0
end_of_record
TN:
SF:src/components/ConceptsTab.tsx
FN:21,ConceptsTab
FN:30,(anonymous_1)
FN:32,(anonymous_2)
FN:35,(anonymous_3)
FN:36,(anonymous_4)
FN:36,(anonymous_5)
FN:50,(anonymous_6)
FN:54,(anonymous_7)
FN:60,(anonymous_8)
FN:65,(anonymous_9)
FN:72,(anonymous_10)
FN:76,(anonymous_11)
FN:82,(anonymous_12)
FN:87,(anonymous_13)
FN:98,(anonymous_14)
FN:139,(anonymous_15)
FN:146,(anonymous_16)
FN:159,(anonymous_17)
FN:160,(anonymous_18)
FN:161,(anonymous_19)
FN:162,(anonymous_20)
FN:169,(anonymous_21)
FN:170,(anonymous_22)
FN:180,(anonymous_23)
FN:191,(anonymous_24)
FN:196,(anonymous_25)
FN:206,(anonymous_26)
FN:209,(anonymous_27)
FNF:28
FNH:0
FNDA:0,ConceptsTab
FNDA:0,(anonymous_1)
FNDA:0,(anonymous_2)
FNDA:0,(anonymous_3)
FNDA:0,(anonymous_4)
FNDA:0,(anonymous_5)
FNDA:0,(anonymous_6)
FNDA:0,(anonymous_7)
FNDA:0,(anonymous_8)
FNDA:0,(anonymous_9)
FNDA:0,(anonymous_10)
FNDA:0,(anonymous_11)
FNDA:0,(anonymous_12)
FNDA:0,(anonymous_13)
FNDA:0,(anonymous_14)
FNDA:0,(anonymous_15)
FNDA:0,(anonymous_16)
FNDA:0,(anonymous_17)
FNDA:0,(anonymous_18)
FNDA:0,(anonymous_19)
FNDA:0,(anonymous_20)
FNDA:0,(anonymous_21)
FNDA:0,(anonymous_22)
FNDA:0,(anonymous_23)
FNDA:0,(anonymous_24)
FNDA:0,(anonymous_25)
FNDA:0,(anonymous_26)
FNDA:0,(anonymous_27)
DA:22,0
DA:23,0
DA:24,0
DA:25,0
DA:26,0
DA:27,0
DA:28,0
DA:30,0
DA:31,0
DA:32,0
DA:35,0
DA:36,0
DA:44,0
DA:49,0
DA:51,0
DA:52,0
DA:55,0
DA:59,0
DA:61,0
DA:62,0
DA:63,0
DA:66,0
DA:67,0
DA:71,0
DA:73,0
DA:74,0
DA:77,0
DA:81,0
DA:83,0
DA:84,0
DA:85,0
DA:88,0
DA:89,0
DA:93,0
DA:98,0
DA:106,0
DA:109,0
DA:139,0
DA:146,0
DA:159,0
DA:160,0
DA:161,0
DA:162,0
DA:169,0
DA:171,0
DA:172,0
DA:180,0
DA:192,0
DA:193,0
DA:196,0
DA:207,0
DA:209,0
LF:52
LH:0
BRDA:46,0,0,0
BRDA:46,0,1,0
BRDA:55,1,0,0
BRDA:55,1,1,0
BRDA:66,2,0,0
BRDA:66,2,1,0
BRDA:77,3,0,0
BRDA:77,3,1,0
BRDA:88,4,0,0
BRDA:88,4,1,0
BRDA:94,5,0,0
BRDA:94,5,1,0
BRDA:157,6,0,0
BRDA:157,6,1,0
BRDA:166,7,0,0
BRDA:166,7,1,0
BRDA:177,8,0,0
BRDA:177,8,1,0
BRDA:192,9,0,0
BRDA:192,9,1,0
BRF:20
BRH:0
end_of_record
TN:
SF:src/components/ConfigTab.tsx
FN:14,ConfigTab
FN:18,(anonymous_1)
FN:20,(anonymous_2)
FN:21,(anonymous_3)
FN:22,(anonymous_4)
FN:22,(anonymous_5)
FN:26,(anonymous_6)
FN:27,(anonymous_7)
FN:27,(anonymous_8)
FN:40,(anonymous_9)
FN:50,(anonymous_10)
FN:60,(anonymous_11)
FN:82,StyleGuideEditor
FN:85,(anonymous_13)
FN:89,(anonymous_14)
FN:96,(anonymous_15)
FN:102,(anonymous_16)
FN:125,(anonymous_17)
FN:145,CredoEditor
FN:148,(anonymous_19)
FN:152,(anonymous_20)
FN:159,(anonymous_21)
FN:165,(anonymous_22)
FN:188,(anonymous_23)
FN:208,ConstraintsEditor
FN:211,(anonymous_25)
FN:215,(anonymous_26)
FN:222,(anonymous_27)
FN:228,(anonymous_28)
FN:251,(anonymous_29)
FNF:30
FNH:0
FNDA:0,ConfigTab
FNDA:0,(anonymous_1)
FNDA:0,(anonymous_2)
FNDA:0,(anonymous_3)
FNDA:0,(anonymous_4)
FNDA:0,(anonymous_5)
FNDA:0,(anonymous_6)
FNDA:0,(anonymous_7)
FNDA:0,(anonymous_8)
FNDA:0,(anonymous_9)
FNDA:0,(anonymous_10)
FNDA:0,(anonymous_11)
FNDA:0,StyleGuideEditor
FNDA:0,(anonymous_13)
FNDA:0,(anonymous_14)
FNDA:0,(anonymous_15)
FNDA:0,(anonymous_16)
FNDA:0,(anonymous_17)
FNDA:0,CredoEditor
FNDA:0,(anonymous_19)
FNDA:0,(anonymous_20)
FNDA:0,(anonymous_21)
FNDA:0,(anonymous_22)
FNDA:0,(anonymous_23)
FNDA:0,ConstraintsEditor
FNDA:0,(anonymous_25)
FNDA:0,(anonymous_26)
FNDA:0,(anonymous_27)
FNDA:0,(anonymous_28)
FNDA:0,(anonymous_29)
DA:15,0
DA:16,0
DA:18,0
DA:19,0
DA:20,0
DA:21,0
DA:22,0
DA:26,0
DA:27,0
DA:30,0
DA:40,0
DA:50,0
DA:60,0
DA:83,0
DA:84,0
DA:86,0
DA:87,0
DA:90,0
DA:94,0
DA:96,0
DA:97,0
DA:98,0
DA:102,0
DA:103,0
DA:106,0
DA:107,0
DA:114,0
DA:125,0
DA:146,0
DA:147,0
DA:149,0
DA:150,0
DA:153,0
DA:157,0
DA:159,0
DA:160,0
DA:161,0
DA:165,0
DA:166,0
DA:169,0
DA:170,0
DA:177,0
DA:188,0
DA:209,0
DA:210,0
DA:212,0
DA:213,0
DA:216,0
DA:220,0
DA:222,0
DA:223,0
DA:224,0
DA:228,0
DA:229,0
DA:232,0
DA:233,0
DA:240,0
DA:251,0
LF:58
LH:0
BRDA:42,0,0,0
BRDA:42,0,1,0
BRDA:52,1,0,0
BRDA:52,1,1,0
BRDA:62,2,0,0
BRDA:62,2,1,0
BRDA:73,3,0,0
BRDA:73,3,1,0
BRDA:74,4,0,0
BRDA:74,4,1,0
BRDA:75,5,0,0
BRDA:75,5,1,0
BRDA:90,6,0,0
BRDA:90,6,1,0
BRDA:97,7,0,0
BRDA:97,7,1,0
BRDA:106,8,0,0
BRDA:106,8,1,0
BRDA:134,9,0,0
BRDA:134,9,1,0
BRDA:137,10,0,0
BRDA:137,10,1,0
BRDA:138,11,0,0
BRDA:138,11,1,0
BRDA:153,12,0,0
BRDA:153,12,1,0
BRDA:160,13,0,0
BRDA:160,13,1,0
BRDA:169,14,0,0
BRDA:169,14,1,0
BRDA:197,15,0,0
BRDA:197,15,1,0
BRDA:200,16,0,0
BRDA:200,16,1,0
BRDA:201,17,0,0
BRDA:201,17,1,0
BRDA:216,18,0,0
BRDA:216,18,1,0
BRDA:223,19,0,0
BRDA:223,19,1,0
BRDA:232,20,0,0
BRDA:232,20,1,0
BRDA:260,21,0,0
BRDA:260,21,1,0
BRDA:263,22,0,0
BRDA:263,22,1,0
BRDA:264,23,0,0
BRDA:264,23,1,0
BRF:48
BRH:0
end_of_record
TN:
SF:src/components/Dashboard.tsx
FN:11,Dashboard
FN:24,(anonymous_1)
FN:28,(anonymous_2)
FN:29,(anonymous_3)
FN:30,(anonymous_4)
FN:37,(anonymous_5)
FN:44,(anonymous_6)
FN:51,(anonymous_7)
FN:72,(anonymous_8)
FN:78,(anonymous_9)
FN:135,(anonymous_10)
FN:171,(anonymous_11)
FN:179,(anonymous_12)
FN:182,(anonymous_13)
FN:209,(anonymous_14)
FN:218,(anonymous_15)
FN:227,(anonymous_16)
FN:236,(anonymous_17)
FNF:18
FNH:0
FNDA:0,Dashboard
FNDA:0,(anonymous_1)
FNDA:0,(anonymous_2)
FNDA:0,(anonymous_3)
FNDA:0,(anonymous_4)
FNDA:0,(anonymous_5)
FNDA:0,(anonymous_6)
FNDA:0,(anonymous_7)
FNDA:0,(anonymous_8)
FNDA:0,(anonymous_9)
FNDA:0,(anonymous_10)
FNDA:0,(anonymous_11)
FNDA:0,(anonymous_12)
FNDA:0,(anonymous_13)
FNDA:0,(anonymous_14)
FNDA:0,(anonymous_15)
FNDA:0,(anonymous_16)
FNDA:0,(anonymous_17)
DA:12,0
DA:16,0
DA:18,0
DA:20,0
DA:21,0
DA:22,0
DA:23,0
DA:24,0
DA:26,0
DA:28,0
DA:29,0
DA:30,0
DA:31,0
DA:34,0
DA:37,0
DA:38,0
DA:39,0
DA:40,0
DA:41,0
DA:44,0
DA:45,0
DA:46,0
DA:47,0
DA:48,0
DA:51,0
DA:52,0
DA:53,0
DA:54,0
DA:55,0
DA:56,0
DA:59,0
DA:72,0
DA:78,0
DA:135,0
DA:171,0
DA:180,0
DA:182,0
DA:209,0
DA:218,0
DA:227,0
DA:236,0
LF:41
LH:0
BRDA:20,0,0,0
BRDA:20,0,1,0
BRDA:21,1,0,0
BRDA:21,1,1,0
BRDA:22,2,0,0
BRDA:22,2,1,0
BRDA:23,3,0,0
BRDA:23,3,1,0
BRDA:24,4,0,0
BRDA:24,4,1,0
BRDA:24,5,0,0
BRDA:24,5,1,0
BRDA:26,6,0,0
BRDA:26,6,1,0
BRDA:26,6,2,0
BRDA:28,7,0,0
BRDA:28,7,1,0
BRDA:31,8,0,0
BRDA:31,8,1,0
BRDA:34,9,0,0
BRDA:34,9,1,0
BRDA:38,10,0,0
BRDA:38,10,1,0
BRDA:39,11,0,0
BRDA:39,11,1,0
BRDA:40,12,0,0
BRDA:40,12,1,0
BRDA:45,13,0,0
BRDA:45,13,1,0
BRDA:46,14,0,0
BRDA:46,14,1,0
BRDA:47,15,0,0
BRDA:47,15,1,0
BRDA:52,16,0,0
BRDA:52,16,1,0
BRDA:53,17,0,0
BRDA:53,17,1,0
BRDA:54,18,0,0
BRDA:54,18,1,0
BRDA:55,19,0,0
BRDA:55,19,1,0
BRDA:92,20,0,0
BRDA:92,20,1,0
BRDA:94,21,0,0
BRDA:94,21,1,0
BRDA:95,22,0,0
BRDA:95,22,1,0
BRDA:101,23,0,0
BRDA:101,23,1,0
BRDA:103,24,0,0
BRDA:103,24,1,0
BRDA:104,25,0,0
BRDA:104,25,1,0
BRDA:110,26,0,0
BRDA:110,26,1,0
BRDA:112,27,0,0
BRDA:112,27,1,0
BRDA:113,28,0,0
BRDA:113,28,1,0
BRDA:119,29,0,0
BRDA:119,29,1,0
BRDA:121,30,0,0
BRDA:121,30,1,0
BRDA:122,31,0,0
BRDA:122,31,1,0
BRDA:133,32,0,0
BRDA:133,32,1,0
BRDA:143,33,0,0
BRDA:143,33,1,0
BRDA:147,34,0,0
BRDA:147,34,1,0
BRDA:188,35,0,0
BRDA:188,35,1,0
BRDA:250,36,0,0
BRDA:250,36,1,0
BRF:75
BRH:0
end_of_record
TN:
SF:src/components/ErrorBoundary.tsx
FN:16,(anonymous_0)
FN:30,(anonymous_1)
FN:21,(anonymous_2)
FN:25,(anonymous_3)
FN:34,(anonymous_4)
FN:44,DefaultErrorFallback
FNF:6
FNH:5
FNDA:6,(anonymous_0)
FNDA:0,(anonymous_1)
FNDA:4,(anonymous_2)
FNDA:2,(anonymous_3)
FNDA:9,(anonymous_4)
FNDA:4,DefaultErrorFallback
DA:17,6
DA:18,5
DA:22,4
DA:26,2
DA:30,5
DA:31,0
DA:35,9
DA:36,4
DA:37,4
DA:40,5
DA:45,4
LF:11
LH:10
BRDA:35,0,0,4
BRDA:35,0,1,5
BRDA:35,1,0,9
BRDA:35,1,1,4
BRDA:36,2,0,4
BRDA:36,2,1,4
BRF:6
BRH:6
end_of_record
TN:
SF:src/components/LinkNameManager.tsx
FN:8,LinkNameManager
FN:18,(anonymous_1)
FN:25,(anonymous_2)
FN:31,(anonymous_3)
FN:36,(anonymous_4)
FN:42,(anonymous_5)
FN:46,(anonymous_6)
FN:57,(anonymous_7)
FN:67,(anonymous_8)
FN:74,(anonymous_9)
FN:84,(anonymous_10)
FN:94,(anonymous_11)
FN:97,(anonymous_12)
FN:115,(anonymous_13)
FN:122,(anonymous_14)
FN:141,(anonymous_15)
FN:152,(anonymous_16)
FN:165,(anonymous_17)
FN:178,LinkNameItem
FN:193,(anonymous_19)
FN:199,(anonymous_20)
FNF:21
FNH:0
FNDA:0,LinkNameManager
FNDA:0,(anonymous_1)
FNDA:0,(anonymous_2)
FNDA:0,(anonymous_3)
FNDA:0,(anonymous_4)
FNDA:0,(anonymous_5)
FNDA:0,(anonymous_6)
FNDA:0,(anonymous_7)
FNDA:0,(anonymous_8)
FNDA:0,(anonymous_9)
FNDA:0,(anonymous_10)
FNDA:0,(anonymous_11)
FNDA:0,(anonymous_12)
FNDA:0,(anonymous_13)
FNDA:0,(anonymous_14)
FNDA:0,(anonymous_15)
FNDA:0,(anonymous_16)
FNDA:0,(anonymous_17)
FNDA:0,LinkNameItem
FNDA:0,(anonymous_19)
FNDA:0,(anonymous_20)
DA:9,0
DA:10,0
DA:11,0
DA:12,0
DA:13,0
DA:15,0
DA:17,0
DA:19,0
DA:20,0
DA:24,0
DA:26,0
DA:30,0
DA:32,0
DA:36,0
DA:37,0
DA:38,0
DA:42,0
DA:43,0
DA:46,0
DA:47,0
DA:48,0
DA:50,0
DA:51,0
DA:53,0
DA:57,0
DA:58,0
DA:59,0
DA:64,0
DA:67,0
DA:68,0
DA:69,0
DA:70,0
DA:74,0
DA:75,0
DA:76,0
DA:81,0
DA:84,0
DA:85,0
DA:88,0
DA:94,0
DA:98,0
DA:99,0
DA:115,0
DA:123,0
DA:141,0
DA:152,0
DA:165,0
DA:179,0
DA:181,0
DA:193,0
DA:199,0
LF:51
LH:0
BRDA:37,0,0,0
BRDA:37,0,1,0
BRDA:48,1,0,0
BRDA:48,1,1,0
BRDA:50,2,0,0
BRDA:50,2,1,0
BRDA:58,3,0,0
BRDA:58,3,1,0
BRDA:58,4,0,0
BRDA:58,4,1,0
BRDA:68,5,0,0
BRDA:68,5,1,0
BRDA:75,6,0,0
BRDA:75,6,1,0
BRDA:75,7,0,0
BRDA:75,7,1,0
BRDA:98,8,0,0
BRDA:98,8,1,0
BRDA:132,9,0,0
BRDA:132,9,1,0
BRDA:145,10,0,0
BRDA:145,10,1,0
BRDA:157,11,0,0
BRDA:157,11,1,0
BRDA:185,12,0,0
BRDA:185,12,1,0
BRDA:187,13,0,0
BRDA:187,13,1,0
BRF:28
BRH:0
end_of_record
TN:
SF:src/components/LinkProposer.tsx
FN:11,LinkProposer
FN:17,(anonymous_1)
FN:27,(anonymous_2)
FN:33,(anonymous_3)
FN:59,(anonymous_4)
FN:86,LinkProposalCard
FN:119,(anonymous_6)
FN:122,(anonymous_7)
FN:136,(anonymous_8)
FN:140,(anonymous_9)
FN:156,(anonymous_10)
FNF:11
FNH:0
FNDA:0,LinkProposer
FNDA:0,(anonymous_1)
FNDA:0,(anonymous_2)
FNDA:0,(anonymous_3)
FNDA:0,(anonymous_4)
FNDA:0,LinkProposalCard
FNDA:0,(anonymous_6)
FNDA:0,(anonymous_7)
FNDA:0,(anonymous_8)
FNDA:0,(anonymous_9)
FNDA:0,(anonymous_10)
DA:12,0
DA:14,0
DA:16,0
DA:22,0
DA:27,0
DA:28,0
DA:29,0
DA:30,0
DA:33,0
DA:38,0
DA:46,0
DA:60,0
DA:91,0
DA:92,0
DA:94,0
DA:119,0
DA:123,0
DA:136,0
DA:141,0
DA:157,0
LF:20
LH:0
BRDA:53,0,0,0
BRDA:53,0,1,0
BRDA:56,1,0,0
BRDA:56,1,1,0
BRDA:56,1,2,0
BRDA:63,2,0,0
BRDA:63,2,1,0
BRDA:101,3,0,0
BRDA:101,3,1,0
BRDA:103,4,0,0
BRDA:103,4,1,0
BRDA:157,5,0,0
BRDA:157,5,1,0
BRF:13
BRH:0
end_of_record
TN:
SF:src/components/LinksTab.tsx
FN:11,LinksTab
FN:34,(anonymous_1)
FN:39,(anonymous_2)
FN:45,(anonymous_3)
FN:58,(anonymous_4)
FN:65,(anonymous_5)
FN:67,(anonymous_6)
FN:89,(anonymous_7)
FN:102,(anonymous_8)
FN:114,(anonymous_9)
FN:120,(anonymous_10)
FN:129,(anonymous_11)
FN:130,(anonymous_12)
FN:136,(anonymous_13)
FN:150,(anonymous_14)
FN:164,(anonymous_15)
FN:178,(anonymous_16)
FN:195,(anonymous_17)
FN:220,(anonymous_18)
FN:248,(anonymous_19)
FN:261,(anonymous_20)
FN:283,(anonymous_21)
FN:296,(anonymous_22)
FNF:23
FNH:0
FNDA:0,LinksTab
FNDA:0,(anonymous_1)
FNDA:0,(anonymous_2)
FNDA:0,(anonymous_3)
FNDA:0,(anonymous_4)
FNDA:0,(anonymous_5)
FNDA:0,(anonymous_6)
FNDA:0,(anonymous_7)
FNDA:0,(anonymous_8)
FNDA:0,(anonymous_9)
FNDA:0,(anonymous_10)
FNDA:0,(anonymous_11)
FNDA:0,(anonymous_12)
FNDA:0,(anonymous_13)
FNDA:0,(anonymous_14)
FNDA:0,(anonymous_15)
FNDA:0,(anonymous_16)
FNDA:0,(anonymous_17)
FNDA:0,(anonymous_18)
FNDA:0,(anonymous_19)
FNDA:0,(anonymous_20)
FNDA:0,(anonymous_21)
FNDA:0,(anonymous_22)
DA:12,0
DA:13,0
DA:14,0
DA:15,0
DA:22,0
DA:24,0
DA:28,0
DA:33,0
DA:35,0
DA:36,0
DA:37,0
DA:40,0
DA:44,0
DA:46,0
DA:47,0
DA:54,0
DA:55,0
DA:56,0
DA:59,0
DA:63,0
DA:65,0
DA:67,0
DA:68,0
DA:69,0
DA:70,0
DA:72,0
DA:81,0
DA:89,0
DA:102,0
DA:114,0
DA:121,0
DA:129,0
DA:130,0
DA:137,0
DA:151,0
DA:165,0
DA:179,0
DA:196,0
DA:197,0
DA:220,0
DA:249,0
DA:262,0
DA:284,0
DA:297,0
LF:44
LH:0
BRDA:40,0,0,0
BRDA:40,0,1,0
BRDA:59,1,0,0
BRDA:59,1,1,0
BRDA:68,2,0,0
BRDA:68,2,1,0
BRDA:68,3,0,0
BRDA:68,3,1,0
BRDA:68,3,2,0
BRDA:76,4,0,0
BRDA:76,4,1,0
BRDA:77,5,0,0
BRDA:77,5,1,0
BRDA:92,6,0,0
BRDA:92,6,1,0
BRDA:95,7,0,0
BRDA:95,7,1,0
BRDA:105,8,0,0
BRDA:105,8,1,0
BRDA:108,9,0,0
BRDA:108,9,1,0
BRDA:114,10,0,0
BRDA:114,10,1,0
BRDA:128,11,0,0
BRDA:128,11,1,0
BRDA:192,12,0,0
BRDA:192,12,1,0
BRDA:220,13,0,0
BRDA:220,13,1,0
BRDA:231,14,0,0
BRDA:231,14,1,0
BRDA:234,15,0,0
BRDA:234,15,1,0
BRDA:239,16,0,0
BRDA:239,16,1,0
BRDA:239,16,2,0
BRDA:242,17,0,0
BRDA:242,17,1,0
BRDA:277,18,0,0
BRDA:277,18,1,0
BRDA:312,19,0,0
BRDA:312,19,1,0
BRDA:312,19,2,0
BRF:43
BRH:0
end_of_record
TN:
SF:src/components/PDFUploader.tsx
FN:14,PDFUploader
FN:23,(anonymous_1)
FN:34,(anonymous_2)
FN:39,(anonymous_3)
FN:66,(anonymous_4)
FN:82,(anonymous_5)
FN:88,(anonymous_6)
FNF:7
FNH:0
FNDA:0,PDFUploader
FNDA:0,(anonymous_1)
FNDA:0,(anonymous_2)
FNDA:0,(anonymous_3)
FNDA:0,(anonymous_4)
FNDA:0,(anonymous_5)
FNDA:0,(anonymous_6)
DA:19,0
DA:20,0
DA:21,0
DA:23,0
DA:24,0
DA:25,0
DA:28,0
DA:29,0
DA:30,0
DA:31,0
DA:33,0
DA:34,0
DA:35,0
DA:36,0
DA:37,0
DA:39,0
DA:45,0
DA:50,0
DA:51,0
DA:52,0
DA:57,0
DA:58,0
DA:63,0
DA:66,0
DA:67,0
DA:68,0
DA:70,0
DA:72,0
DA:73,0
DA:74,0
DA:76,0
DA:80,0
DA:81,0
DA:82,0
DA:83,0
DA:84,0
DA:85,0
DA:86,0
DA:88,0
DA:89,0
DA:91,0
DA:92,0
DA:95,0
DA:98,0
LF:44
LH:0
BRDA:17,0,0,0
BRDA:25,1,0,0
BRDA:25,1,1,0
BRDA:28,2,0,0
BRDA:28,2,1,0
BRDA:28,3,0,0
BRDA:28,3,1,0
BRDA:53,4,0,0
BRDA:53,4,1,0
BRDA:59,5,0,0
BRDA:59,5,1,0
BRDA:80,6,0,0
BRDA:80,6,1,0
BRDA:80,7,0,0
BRDA:80,7,1,0
BRDA:107,8,0,0
BRDA:107,8,1,0
BRDA:110,9,0,0
BRDA:110,9,1,0
BRDA:116,10,0,0
BRDA:116,10,1,0
BRDA:116,10,2,0
BRF:22
BRH:0
end_of_record
TN:
SF:src/components/SettingsTab.tsx
FN:7,SettingsTab
FN:11,(anonymous_1)
FN:20,(anonymous_2)
FN:28,(anonymous_3)
FN:56,(anonymous_4)
FN:86,(anonymous_5)
FN:90,(anonymous_6)
FN:108,(anonymous_7)
FNF:8
FNH:0
FNDA:0,SettingsTab
FNDA:0,(anonymous_1)
FNDA:0,(anonymous_2)
FNDA:0,(anonymous_3)
FNDA:0,(anonymous_4)
FNDA:0,(anonymous_5)
FNDA:0,(anonymous_6)
FNDA:0,(anonymous_7)
DA:8,0
DA:9,0
DA:10,0
DA:12,0
DA:16,0
DA:17,0
DA:18,0
DA:20,0
DA:21,0
DA:22,0
DA:23,0
DA:24,0
DA:28,0
DA:29,0
DA:36,0
DA:37,0
DA:46,0
DA:57,0
DA:59,0
DA:60,0
DA:61,0
DA:86,0
DA:91,0
DA:108,0
LF:24
LH:0
BRDA:21,0,0,0
BRDA:21,0,1,0
BRDA:31,1,0,0
BRDA:31,1,1,0
BRDA:36,2,0,0
BRDA:36,2,1,0
BRDA:59,3,0,0
BRDA:59,3,1,0
BRDA:61,4,0,0
BRDA:61,4,1,0
BRDA:66,5,0,0
BRDA:66,5,1,0
BRDA:69,6,0,0
BRDA:69,6,1,0
BRDA:73,7,0,0
BRDA:73,7,1,0
BRDA:73,7,2,0
BRDA:123,8,0,0
BRDA:123,8,1,0
BRDA:124,9,0,0
BRDA:124,9,1,0
BRDA:128,10,0,0
BRDA:128,10,1,0
BRF:23
BRH:0
end_of_record
TN:
SF:src/components/TextInputForm.tsx
FN:17,TextInputForm
FN:38,(anonymous_1)
FN:57,(anonymous_2)
FN:75,(anonymous_3)
FN:87,(anonymous_4)
FN:100,(anonymous_5)
FNF:6
FNH:1
FNDA:3,TextInputForm
FNDA:0,(anonymous_1)
FNDA:0,(anonymous_2)
FNDA:0,(anonymous_3)
FNDA:0,(anonymous_4)
FNDA:0,(anonymous_5)
DA:30,3
DA:38,0
DA:57,0
DA:75,0
DA:87,0
DA:100,0
LF:6
LH:1
BRDA:28,0,0,2
BRDA:44,1,0,3
BRDA:44,1,1,1
BRDA:75,2,0,0
BRDA:75,2,1,0
BRF:5
BRH:3
end_of_record
TN:
SF:src/components/TextInputTab.tsx
FN:13,TextInputTab
FN:33,(anonymous_1)
FN:40,(anonymous_2)
FN:48,(anonymous_3)
FN:51,(anonymous_4)
FN:55,(anonymous_5)
FN:58,(anonymous_6)
FN:62,(anonymous_7)
FN:74,(anonymous_8)
FN:76,(anonymous_9)
FN:131,(anonymous_10)
FNF:11
FNH:0
FNDA:0,TextInputTab
FNDA:0,(anonymous_1)
FNDA:0,(anonymous_2)
FNDA:0,(anonymous_3)
FNDA:0,(anonymous_4)
FNDA:0,(anonymous_5)
FNDA:0,(anonymous_6)
FNDA:0,(anonymous_7)
FNDA:0,(anonymous_8)
FNDA:0,(anonymous_9)
FNDA:0,(anonymous_10)
DA:14,0
DA:15,0
DA:16,0
DA:17,0
DA:18,0
DA:19,0
DA:27,0
DA:28,0
DA:29,0
DA:30,0
DA:32,0
DA:34,0
DA:35,0
DA:41,0
DA:48,0
DA:50,0
DA:51,0
DA:52,0
DA:55,0
DA:58,0
DA:59,0
DA:62,0
DA:63,0
DA:64,0
DA:65,0
DA:68,0
DA:69,0
DA:70,0
DA:72,0
DA:74,0
DA:75,0
DA:77,0
DA:87,0
DA:99,0
DA:100,0
DA:101,0
DA:104,0
DA:105,0
DA:106,0
DA:110,0
DA:131,0
LF:41
LH:0
BRDA:36,0,0,0
BRDA:36,0,1,0
BRDA:42,1,0,0
BRDA:42,1,1,0
BRDA:50,2,0,0
BRDA:50,2,1,0
BRDA:50,3,0,0
BRDA:50,3,1,0
BRDA:63,4,0,0
BRDA:63,4,1,0
BRDA:90,5,0,0
BRDA:90,5,1,0
BRDA:92,6,0,0
BRDA:92,6,1,0
BRDA:93,7,0,0
BRDA:93,7,1,0
BRDA:100,8,0,0
BRDA:100,8,1,0
BRDA:100,9,0,0
BRDA:100,9,1,0
BRDA:145,10,0,0
BRDA:145,10,1,0
BRDA:148,11,0,0
BRDA:148,11,1,0
BRDA:149,12,0,0
BRDA:149,12,1,0
BRDA:149,13,0,0
BRDA:149,13,1,0
BRDA:158,14,0,0
BRDA:158,14,1,0
BRF:30
BRH:0
end_of_record
TN:
SF:src/components/ui/ConfirmDialog.tsx
FN:14,ConfirmDialog
FNF:1
FNH:0
FNDA:0,ConfirmDialog
DA:24,0
DA:27,0
DA:31,0
LF:3
LH:0
BRDA:18,0,0,0
BRDA:19,1,0,0
BRDA:22,2,0,0
BRDA:24,3,0,0
BRDA:24,3,1,0
BRDA:27,4,0,0
BRDA:27,4,1,0
BRF:7
BRH:0
end_of_record
TN:
SF:src/components/ui/ContextualHelp.tsx
FN:11,ContextualHelp
FN:25,(anonymous_1)
FN:35,(anonymous_2)
FN:43,(anonymous_3)
FNF:4
FNH:0
FNDA:0,ContextualHelp
FNDA:0,(anonymous_1)
FNDA:0,(anonymous_2)
FNDA:0,(anonymous_3)
DA:12,0
DA:14,0
DA:21,0
DA:25,0
DA:35,0
DA:43,0
LF:6
LH:0
BRDA:11,0,0,0
BRDA:31,1,0,0
BRDA:31,1,1,0
BRF:3
BRH:0
end_of_record
TN:
SF:src/components/ui/EmptyState.tsx
FN:10,EmptyState
FNF:1
FNH:0
FNDA:0,EmptyState
DA:16,0
LF:1
LH:0
BRDA:35,0,0,0
BRDA:35,0,1,0
BRDA:35,0,2,0
BRF:3
BRH:0
end_of_record
TN:
SF:src/components/ui/InputDialog.tsx
FN:17,InputDialog
FN:30,(anonymous_1)
FN:38,(anonymous_2)
FN:44,(anonymous_3)
FN:60,(anonymous_4)
FNF:5
FNH:0
FNDA:0,InputDialog
FNDA:0,(anonymous_1)
FNDA:0,(anonymous_2)
FNDA:0,(anonymous_3)
FNDA:0,(anonymous_4)
DA:28,0
DA:30,0
DA:31,0
DA:32,0
DA:36,0
DA:38,0
DA:39,0
DA:40,0
DA:44,0
DA:45,0
DA:46,0
DA:47,0
DA:48,0
DA:52,0
DA:60,0
LF:15
LH:0
BRDA:21,0,0,0
BRDA:22,1,0,0
BRDA:23,2,0,0
BRDA:24,3,0,0
BRDA:31,4,0,0
BRDA:31,4,1,0
BRDA:36,5,0,0
BRDA:36,5,1,0
BRDA:39,6,0,0
BRDA:39,6,1,0
BRDA:45,7,0,0
BRDA:45,7,1,0
BRDA:47,8,0,0
BRDA:47,8,1,0
BRF:14
BRH:0
end_of_record
TN:
SF:src/components/ui/LoadingSpinner.tsx
FN:3,LoadingSpinner
FN:19,LoadingOverlay
FNF:2
FNH:1
FNDA:3,LoadingSpinner
FNDA:0,LoadingOverlay
DA:4,3
DA:10,3
DA:20,0
LF:3
LH:2
BRDA:3,0,0,0
BRF:1
BRH:0
end_of_record
TN:
SF:src/components/ui/SearchableSelect.tsx
FN:20,SearchableSelect
FN:34,(anonymous_1)
FN:37,(anonymous_2)
FN:44,(anonymous_3)
FN:48,(anonymous_4)
FN:49,(anonymous_5)
FN:58,(anonymous_6)
FN:63,(anonymous_7)
FN:69,(anonymous_8)
FN:85,(anonymous_9)
FN:114,(anonymous_10)
FN:117,(anonymous_11)
FN:126,(anonymous_12)
FN:130,(anonymous_13)
FNF:14
FNH:0
FNDA:0,SearchableSelect
FNDA:0,(anonymous_1)
FNDA:0,(anonymous_2)
FNDA:0,(anonymous_3)
FNDA:0,(anonymous_4)
FNDA:0,(anonymous_5)
FNDA:0,(anonymous_6)
FNDA:0,(anonymous_7)
FNDA:0,(anonymous_8)
FNDA:0,(anonymous_9)
FNDA:0,(anonymous_10)
FNDA:0,(anonymous_11)
FNDA:0,(anonymous_12)
FNDA:0,(anonymous_13)
DA:29,0
DA:30,0
DA:31,0
DA:32,0
DA:34,0
DA:37,0
DA:38,0
DA:41,0
DA:43,0
DA:44,0
DA:48,0
DA:49,0
DA:50,0
DA:51,0
DA:52,0
DA:56,0
DA:57,0
DA:58,0
DA:63,0
DA:64,0
DA:65,0
DA:69,0
DA:70,0
DA:71,0
DA:72,0
DA:75,0
DA:85,0
DA:114,0
DA:117,0
DA:127,0
DA:130,0
LF:31
LH:0
BRDA:24,0,0,0
BRDA:26,1,0,0
BRDA:41,2,0,0
BRDA:41,2,1,0
BRDA:43,3,0,0
BRDA:43,3,1,0
BRDA:50,4,0,0
BRDA:50,4,1,0
BRDA:50,5,0,0
BRDA:50,5,1,0
BRDA:56,6,0,0
BRDA:56,6,1,0
BRDA:64,7,0,0
BRDA:64,7,1,0
BRDA:64,8,0,0
BRDA:64,8,1,0
BRDA:77,9,0,0
BRDA:77,9,1,0
BRDA:85,10,0,0
BRDA:85,10,1,0
BRDA:89,11,0,0
BRDA:89,11,1,0
BRDA:90,12,0,0
BRDA:90,12,1,0
BRDA:93,13,0,0
BRDA:93,13,1,0
BRDA:107,14,0,0
BRDA:107,14,1,0
BRDA:121,15,0,0
BRDA:121,15,1,0
BRDA:132,16,0,0
BRDA:132,16,1,0
BRF:32
BRH:0
end_of_record
TN:
SF:src/components/ui/Toast.tsx
FN:14,Toast
FN:15,(anonymous_1)
FN:16,(anonymous_2)
FN:19,(anonymous_3)
FN:44,ToastContainer
FN:47,(anonymous_5)
FN:52,(anonymous_6)
FN:60,useToast
FN:63,(anonymous_8)
FN:65,(anonymous_9)
FN:68,(anonymous_10)
FN:69,(anonymous_11)
FN:69,(anonymous_12)
FNF:13
FNH:0
FNDA:0,Toast
FNDA:0,(anonymous_1)
FNDA:0,(anonymous_2)
FNDA:0,(anonymous_3)
FNDA:0,ToastContainer
FNDA:0,(anonymous_5)
FNDA:0,(anonymous_6)
FNDA:0,useToast
FNDA:0,(anonymous_8)
FNDA:0,(anonymous_9)
FNDA:0,(anonymous_10)
FNDA:0,(anonymous_11)
FNDA:0,(anonymous_12)
DA:15,0
DA:16,0
DA:17,0
DA:19,0
DA:23,0
DA:29,0
DA:45,0
DA:48,0
DA:52,0
DA:61,0
DA:63,0
DA:64,0
DA:65,0
DA:68,0
DA:69,0
DA:72,0
LF:16
LH:0
BRDA:14,0,0,0
BRDA:23,1,0,0
BRDA:23,1,1,0
BRDA:25,2,0,0
BRDA:25,2,1,0
BRF:5
BRH:0
end_of_record
TN:
SF:src/lib/logger.ts
FN:55,createChildLogger
FN:62,logTRPCError
FN:93,logServiceError
FNF:3
FNH:3
FNDA:2,createChildLogger
FNDA:9,logTRPCError
FNDA:17,logServiceError
DA:14,16
DA:56,2
DA:71,9
DA:73,9
DA:98,17
DA:100,17
LF:6
LH:6
BRDA:15,0,0,0
BRDA:15,0,1,16
BRDA:19,1,0,0
BRDA:19,1,1,16
BRDA:71,2,0,7
BRDA:71,2,1,2
BRDA:86,3,0,9
BRDA:86,3,1,2
BRDA:98,4,0,16
BRDA:98,4,1,1
BRF:10
BRH:8
end_of_record
TN:
SF:src/lib/utils.ts
FN:4,cn
FNF:1
FNH:0
FNDA:0,cn
DA:5,0
LF:1
LH:0
BRF:0
BRH:0
end_of_record
TN:
SF:src/lib/trpc/react.tsx
FN:12,(anonymous_0)
FN:34,TRPCReactProvider
FN:36,(anonymous_2)
FN:46,(anonymous_3)
FN:50,(anonymous_4)
FN:57,(anonymous_5)
FNF:6
FNH:0
FNDA:0,(anonymous_0)
FNDA:0,TRPCReactProvider
FNDA:0,(anonymous_2)
FNDA:0,(anonymous_3)
FNDA:0,(anonymous_4)
FNDA:0,(anonymous_5)
DA:12,0
DA:13,0
DA:14,0
DA:15,0
DA:18,0
DA:35,0
DA:37,0
DA:46,0
DA:47,0
DA:51,0
DA:58,0
DA:59,0
DA:60,0
DA:67,0
LF:14
LH:0
BRDA:13,0,0,0
BRDA:13,0,1,0
BRDA:14,1,0,0
BRDA:14,1,1,0
BRDA:15,2,0,0
BRDA:15,2,1,0
BRDA:51,3,0,0
BRDA:51,3,1,0
BRDA:51,3,2,0
BRF:9
BRH:0
end_of_record
TN:
SF:src/server/db.ts
FNF:0
FNH:0
DA:5,11
DA:11,11
DA:12,11
DA:15,11
DA:22,11
LF:5
LH:5
BRDA:15,0,0,11
BRDA:15,0,1,11
BRDA:19,1,0,0
BRDA:19,1,1,11
BRDA:22,2,0,11
BRDA:22,2,1,0
BRF:6
BRH:4
end_of_record
TN:
SF:src/server/api/root.ts
FNF:0
FNH:0
DA:15,10
DA:35,10
LF:2
LH:2
BRF:0
BRH:0
end_of_record
TN:
SF:src/server/api/trpc.ts
FN:28,(anonymous_0)
FN:44,(anonymous_1)
FNF:2
FNH:1
FNDA:1,(anonymous_0)
FNDA:0,(anonymous_1)
DA:28,11
DA:29,1
DA:42,11
DA:45,0
DA:61,11
DA:75,11
DA:84,11
LF:7
LH:6
BRDA:50,0,0,0
BRDA:50,0,1,0
BRF:2
BRH:0
end_of_record
TN:
SF:src/server/api/routers/ai.ts
FN:7,(anonymous_0)
FN:28,(anonymous_1)
FN:50,(anonymous_2)
FNF:3
FNH:2
FNDA:1,(anonymous_0)
FNDA:3,(anonymous_1)
FNDA:0,(anonymous_2)
DA:6,10
DA:8,1
DA:9,1
DA:29,3
DA:31,3
DA:32,0
DA:35,3
DA:36,2
DA:39,3
DA:40,2
DA:43,3
DA:51,0
DA:52,0
DA:54,0
DA:55,0
DA:67,0
LF:16
LH:10
BRDA:31,0,0,0
BRDA:31,0,1,3
BRDA:35,1,0,2
BRDA:35,1,1,1
BRDA:39,2,0,2
BRDA:39,2,1,1
BRDA:54,3,0,0
BRDA:54,3,1,0
BRF:8
BRH:5
end_of_record
TN:
SF:src/server/api/routers/capsule.ts
FN:11,(anonymous_0)
FN:28,(anonymous_1)
FN:59,(anonymous_2)
FN:83,(anonymous_3)
FN:108,(anonymous_4)
FN:129,(anonymous_5)
FN:256,(anonymous_6)
FN:287,(anonymous_7)
FN:309,(anonymous_8)
FN:322,(anonymous_9)
FN:336,(anonymous_10)
FNF:11
FNH:10
FNDA:1,(anonymous_0)
FNDA:3,(anonymous_1)
FNDA:15,(anonymous_2)
FNDA:11,(anonymous_3)
FNDA:9,(anonymous_4)
FNDA:0,(anonymous_5)
FNDA:2,(anonymous_6)
FNDA:1,(anonymous_7)
FNDA:2,(anonymous_8)
FNDA:1,(anonymous_9)
FNDA:2,(anonymous_10)
DA:10,10
DA:12,1
DA:23,1
DA:29,3
DA:40,3
DA:41,1
DA:47,2
DA:60,15
DA:69,15
DA:84,11
DA:97,11
DA:109,9
DA:117,9
DA:130,0
DA:132,0
DA:146,0
DA:147,0
DA:149,0
DA:150,0
DA:151,0
DA:152,0
DA:154,0
DA:155,0
DA:162,0
DA:166,0
DA:167,0
DA:174,0
DA:175,0
DA:176,0
DA:179,0
DA:191,0
DA:192,0
DA:193,0
DA:203,0
DA:204,0
DA:211,0
DA:216,0
DA:227,0
DA:234,0
DA:235,0
DA:238,0
DA:257,2
DA:265,2
DA:267,2
DA:268,2
DA:269,2
DA:270,1
DA:272,2
DA:273,1
DA:275,2
DA:277,2
DA:282,2
DA:289,1
DA:294,1
DA:298,1
DA:310,2
DA:312,2
DA:317,2
DA:323,1
DA:327,1
DA:337,2
DA:339,2
DA:343,2
DA:344,1
DA:351,1
DA:352,1
DA:355,1
DA:356,1
DA:357,1
DA:367,1
DA:372,1
DA:373,1
DA:374,11
DA:381,11
DA:384,1
DA:386,1
DA:390,1
DA:391,1
DA:394,0
LF:79
LH:50
BRDA:40,0,0,1
BRDA:40,0,1,2
BRDA:89,1,0,3
BRDA:89,1,1,8
BRDA:90,2,0,3
BRDA:90,2,1,8
BRDA:147,3,0,0
BRDA:147,3,1,0
BRDA:147,3,2,0
BRDA:154,4,0,0
BRDA:154,4,1,0
BRDA:154,5,0,0
BRDA:154,5,1,0
BRDA:166,6,0,0
BRDA:166,6,1,0
BRDA:184,7,0,0
BRDA:184,7,1,0
BRDA:185,8,0,0
BRDA:185,8,1,0
BRDA:192,9,0,0
BRDA:192,9,1,0
BRDA:196,10,0,0
BRDA:196,10,1,0
BRDA:197,11,0,0
BRDA:197,11,1,0
BRDA:234,12,0,0
BRDA:234,12,1,0
BRDA:240,13,0,0
BRDA:240,13,1,0
BRDA:267,14,0,2
BRDA:267,14,1,0
BRDA:268,15,0,1
BRDA:268,15,1,1
BRDA:269,16,0,1
BRDA:269,16,1,1
BRDA:270,17,0,1
BRDA:270,17,1,0
BRDA:272,18,0,1
BRDA:272,18,1,1
BRDA:273,19,0,1
BRDA:273,19,1,0
BRDA:275,20,0,1
BRDA:275,20,1,1
BRDA:275,21,0,1
BRDA:275,21,1,0
BRDA:343,22,0,1
BRDA:343,22,1,1
BRDA:351,23,0,1
BRDA:351,23,1,0
BRDA:352,24,0,1
BRDA:352,24,1,0
BRDA:360,25,0,1
BRDA:360,25,1,0
BRDA:361,26,0,1
BRDA:361,26,1,0
BRDA:390,27,0,1
BRDA:390,27,1,0
BRDA:396,28,0,0
BRDA:396,28,1,0
BRF:59
BRH:25
end_of_record
TN:
SF:src/server/api/routers/concept.ts
FN:17,(anonymous_0)
FN:41,(anonymous_1)
FN:75,(anonymous_2)
FN:106,(anonymous_3)
FN:119,(anonymous_4)
FN:133,(anonymous_5)
FN:147,(anonymous_6)
FN:170,(anonymous_7)
FN:195,(anonymous_8)
FNF:9
FNH:7
FNDA:3,(anonymous_0)
FNDA:8,(anonymous_1)
FNDA:48,(anonymous_2)
FNDA:1,(anonymous_3)
FNDA:6,(anonymous_4)
FNDA:1,(anonymous_5)
FNDA:2,(anonymous_6)
FNDA:0,(anonymous_7)
FNDA:0,(anonymous_8)
DA:9,10
DA:18,3
DA:20,3
DA:21,2
DA:24,3
DA:25,1
DA:31,3
DA:36,3
DA:42,8
DA:54,8
DA:55,3
DA:61,5
DA:76,48
DA:78,48
DA:91,48
DA:107,1
DA:109,1
DA:114,1
DA:120,6
DA:128,6
DA:134,1
DA:142,1
DA:148,2
DA:149,2
DA:151,2
DA:160,2
DA:171,0
DA:174,0
DA:175,0
DA:176,0
DA:196,0
DA:199,0
DA:200,0
DA:201,0
LF:34
LH:26
BRDA:20,0,0,2
BRDA:20,0,1,1
BRDA:24,1,0,1
BRDA:24,1,1,2
BRDA:54,2,0,3
BRDA:54,2,1,5
BRDA:82,3,0,48
BRDA:82,3,1,0
BRDA:85,4,0,48
BRDA:85,4,1,0
BRDA:86,5,0,48
BRDA:86,5,1,0
BRF:12
BRH:9
end_of_record
TN:
SF:src/server/api/routers/config.ts
FN:10,(anonymous_0)
FN:15,(anonymous_1)
FN:20,(anonymous_2)
FN:25,(anonymous_3)
FN:40,(anonymous_4)
FN:55,(anonymous_5)
FN:72,(anonymous_6)
FN:98,(anonymous_7)
FN:124,(anonymous_8)
FNF:9
FNH:9
FNDA:2,(anonymous_0)
FNDA:1,(anonymous_1)
FNDA:1,(anonymous_2)
FNDA:2,(anonymous_3)
FNDA:1,(anonymous_4)
FNDA:1,(anonymous_5)
FNDA:3,(anonymous_6)
FNDA:2,(anonymous_7)
FNDA:2,(anonymous_8)
DA:9,10
DA:11,2
DA:12,2
DA:16,1
DA:17,1
DA:21,1
DA:22,1
DA:26,2
DA:27,2
DA:29,2
DA:30,0
DA:36,2
DA:37,2
DA:41,1
DA:42,1
DA:44,1
DA:45,0
DA:51,1
DA:52,1
DA:56,1
DA:57,1
DA:59,1
DA:60,0
DA:66,1
DA:67,1
DA:73,3
DA:74,3
DA:76,3
DA:78,3
DA:81,2
DA:84,2
DA:85,2
DA:87,2
DA:89,1
DA:99,2
DA:100,2
DA:102,2
DA:104,2
DA:107,1
DA:110,1
DA:111,1
DA:113,1
DA:115,1
DA:125,2
DA:126,2
DA:128,2
DA:130,2
DA:133,1
DA:136,1
DA:137,1
DA:139,1
DA:141,1
LF:52
LH:49
BRDA:29,0,0,0
BRDA:29,0,1,2
BRDA:44,1,0,0
BRDA:44,1,1,1
BRDA:59,2,0,0
BRDA:59,2,1,1
BRDA:91,3,0,1
BRDA:91,3,1,0
BRDA:117,4,0,1
BRDA:117,4,1,0
BRDA:143,5,0,1
BRDA:143,5,1,0
BRF:12
BRH:6
end_of_record
TN:
SF:src/server/api/routers/link.ts
FN:6,(anonymous_0)
FN:20,(anonymous_1)
FN:50,(anonymous_2)
FN:92,(anonymous_3)
FN:122,(anonymous_4)
FNF:5
FNH:5
FNDA:9,(anonymous_0)
FNDA:1,(anonymous_1)
FNDA:19,(anonymous_2)
FNDA:11,(anonymous_3)
FNDA:1,(anonymous_4)
DA:5,10
DA:7,9
DA:15,9
DA:21,1
DA:29,1
DA:37,1
DA:52,19
DA:61,19
DA:63,2
DA:72,2
DA:76,17
DA:91,17
DA:92,17
DA:94,17
DA:95,10
DA:103,17
DA:104,1
DA:112,17
DA:123,1
DA:132,1
LF:20
LH:20
BRDA:61,0,0,2
BRDA:61,0,1,17
BRDA:67,1,0,2
BRDA:67,1,1,1
BRDA:81,2,0,17
BRDA:81,2,1,12
BRDA:94,3,0,10
BRDA:94,3,1,7
BRDA:103,4,0,1
BRDA:103,4,1,16
BRDA:103,5,0,17
BRDA:103,5,1,5
BRF:12
BRH:12
end_of_record
TN:
SF:src/server/api/routers/linkName.ts
FN:25,(anonymous_0)
FN:41,(anonymous_1)
FN:44,(anonymous_2)
FN:49,(anonymous_3)
FN:57,(anonymous_4)
FN:93,(anonymous_5)
FN:170,(anonymous_6)
FN:254,(anonymous_7)
FN:273,(anonymous_8)
FNF:9
FNH:9
FNDA:7,(anonymous_0)
FNDA:2,(anonymous_1)
FNDA:98,(anonymous_2)
FNDA:3,(anonymous_3)
FNDA:21,(anonymous_4)
FNDA:8,(anonymous_5)
FNDA:7,(anonymous_6)
FNDA:1,(anonymous_7)
FNDA:1,(anonymous_8)
DA:7,10
DA:24,10
DA:27,7
DA:34,7
DA:41,7
DA:43,7
DA:44,98
DA:47,7
DA:49,3
DA:52,7
DA:58,21
DA:60,21
DA:61,1
DA:68,20
DA:72,20
DA:73,1
DA:76,19
DA:83,19
DA:94,8
DA:96,8
DA:97,1
DA:104,7
DA:113,7
DA:115,7
DA:116,4
DA:118,4
DA:119,3
DA:122,4
DA:123,3
DA:126,4
DA:127,4
DA:131,4
DA:136,7
DA:140,7
DA:141,6
DA:147,7
DA:151,7
DA:152,6
DA:160,7
DA:171,7
DA:174,7
DA:183,7
DA:184,1
DA:190,6
DA:192,3
DA:201,3
DA:202,3
DA:204,3
DA:205,3
DA:208,3
DA:209,3
DA:212,3
DA:213,3
DA:222,6
DA:224,3
DA:228,3
DA:229,1
DA:234,2
DA:244,3
DA:249,6
DA:255,1
DA:268,1
DA:270,1
DA:273,1
LF:64
LH:64
BRDA:60,0,0,1
BRDA:60,0,1,20
BRDA:72,1,0,1
BRDA:72,1,1,19
BRDA:96,2,0,1
BRDA:96,2,1,7
BRDA:118,3,0,3
BRDA:118,3,1,1
BRDA:122,4,0,3
BRDA:122,4,1,1
BRDA:126,5,0,4
BRDA:126,5,1,0
BRDA:140,6,0,6
BRDA:140,6,1,1
BRDA:151,7,0,6
BRDA:151,7,1,1
BRDA:183,8,0,1
BRDA:183,8,1,6
BRDA:183,9,0,7
BRDA:183,9,1,4
BRDA:183,9,2,2
BRDA:190,10,0,3
BRDA:190,10,1,3
BRDA:190,11,0,6
BRDA:190,11,1,3
BRDA:204,12,0,3
BRDA:204,12,1,0
BRDA:208,13,0,3
BRDA:208,13,1,0
BRDA:212,14,0,3
BRDA:212,14,1,0
BRDA:222,15,0,3
BRDA:222,15,1,3
BRDA:228,16,0,1
BRDA:228,16,1,2
BRF:35
BRH:31
end_of_record
TN:
SF:src/server/api/routers/pdf.ts
FN:13,(anonymous_0)
FNF:1
FNH:1
FNDA:4,(anonymous_0)
DA:5,10
DA:14,4
DA:17,4
DA:32,4
DA:33,4
DA:36,4
DA:39,4
DA:42,4
DA:45,1
DA:47,1
DA:55,3
DA:59,3
LF:12
LH:12
BRDA:33,0,0,4
BRDA:33,0,1,4
BRDA:33,0,2,0
BRDA:60,1,0,3
BRDA:60,1,1,0
BRF:5
BRH:3
end_of_record
TN:
SF:src/server/services/anchorExtractor.ts
FN:14,extractAnchorMetadata
FN:84,(anonymous_1)
FN:85,(anonymous_2)
FN:90,(anonymous_3)
FN:91,(anonymous_4)
FNF:5
FNH:5
FNDA:8,extractAnchorMetadata
FNDA:8,(anonymous_1)
FNDA:6,(anonymous_2)
FNDA:8,(anonymous_3)
FNDA:6,(anonymous_4)
DA:19,8
DA:21,8
DA:22,8
DA:24,8
DA:30,8
DA:35,8
DA:36,8
DA:38,8
DA:56,8
DA:57,8
DA:66,8
DA:67,8
DA:68,6
DA:70,6
DA:78,6
DA:82,6
DA:84,8
DA:85,6
DA:88,6
DA:90,8
DA:91,6
DA:95,6
DA:99,6
DA:100,6
DA:111,6
DA:118,2
DA:119,2
DA:121,2
DA:129,2
LF:29
LH:29
BRDA:21,0,0,8
BRDA:21,0,1,0
BRDA:22,1,0,8
BRDA:22,1,1,0
BRDA:40,2,0,1
BRDA:40,2,1,7
BRDA:78,3,0,5
BRDA:78,3,1,1
BRDA:78,4,0,6
BRDA:78,4,1,6
BRDA:82,5,0,5
BRDA:82,5,1,1
BRDA:84,6,0,8
BRDA:84,6,1,8
BRDA:88,7,0,5
BRDA:88,7,1,1
BRDA:90,8,0,8
BRDA:90,8,1,6
BRDA:95,9,0,1
BRDA:95,9,1,5
BRDA:95,10,0,6
BRDA:95,10,1,1
BRDA:119,11,0,2
BRDA:119,11,1,0
BRF:24
BRH:21
end_of_record
TN:
SF:src/server/services/conceptProposer.ts
FN:14,generateConceptCandidates
FN:129,(anonymous_1)
FN:165,(anonymous_2)
FN:173,(anonymous_3)
FN:202,(anonymous_4)
FN:206,(anonymous_5)
FNF:6
FNH:5
FNDA:6,generateConceptCandidates
FNDA:6,(anonymous_1)
FNDA:6,(anonymous_2)
FNDA:0,(anonymous_3)
FNDA:5,(anonymous_4)
FNDA:5,(anonymous_5)
DA:23,6
DA:25,6
DA:26,6
DA:28,6
DA:45,6
DA:46,5
DA:47,5
DA:54,1
DA:55,1
DA:56,1
DA:57,1
DA:58,1
DA:59,1
DA:69,6
DA:73,6
DA:77,6
DA:103,6
DA:104,6
DA:112,6
DA:113,6
DA:114,5
DA:116,5
DA:123,5
DA:125,5
DA:129,6
DA:141,5
DA:142,1
DA:148,1
DA:160,1
DA:164,4
DA:165,6
DA:168,4
DA:169,0
DA:173,0
DA:181,0
DA:192,0
DA:195,4
DA:196,4
DA:202,5
DA:206,5
DA:211,1
DA:212,1
DA:218,1
DA:227,1
LF:44
LH:40
BRDA:25,0,0,6
BRDA:25,0,1,0
BRDA:26,1,0,6
BRDA:26,1,1,0
BRDA:45,2,0,5
BRDA:45,2,1,1
BRDA:73,3,0,1
BRDA:73,3,1,5
BRDA:123,4,0,5
BRDA:123,4,1,0
BRDA:132,5,0,6
BRDA:132,5,1,1
BRDA:134,6,0,6
BRDA:134,6,1,0
BRDA:141,7,0,1
BRDA:141,7,1,4
BRDA:141,8,0,5
BRDA:141,8,1,5
BRDA:165,9,0,6
BRDA:165,9,1,6
BRDA:165,9,2,5
BRDA:168,10,0,0
BRDA:168,10,1,4
BRDA:176,11,0,0
BRDA:176,11,1,0
BRDA:176,11,2,0
BRDA:216,12,0,1
BRDA:216,12,1,0
BRF:28
BRH:19
end_of_record
TN:
SF:src/server/services/config.ts
FN:40,(anonymous_0)
FN:48,(anonymous_1)
FN:53,(anonymous_2)
FN:90,(anonymous_3)
FN:94,(anonymous_4)
FN:98,(anonymous_5)
FN:102,(anonymous_6)
FN:140,getConfigLoader
FNF:8
FNH:8
FNDA:3,(anonymous_0)
FNDA:5,(anonymous_1)
FNDA:8,(anonymous_2)
FNDA:7,(anonymous_3)
FNDA:4,(anonymous_4)
FNDA:4,(anonymous_5)
FNDA:5,(anonymous_6)
FNDA:20,getConfigLoader
DA:36,3
DA:37,3
DA:38,3
DA:41,3
DA:49,5
DA:50,5
DA:54,8
DA:56,8
DA:58,8
DA:59,8
DA:60,8
DA:61,8
DA:64,0
DA:67,8
DA:69,8
DA:70,8
DA:71,8
DA:72,8
DA:75,0
DA:78,8
DA:80,8
DA:81,8
DA:82,8
DA:83,8
DA:86,0
DA:91,7
DA:95,4
DA:99,4
DA:103,5
DA:106,5
DA:107,5
DA:108,5
DA:109,5
DA:110,5
DA:114,5
DA:115,5
DA:116,5
DA:117,5
DA:118,5
DA:122,5
DA:123,5
DA:124,5
DA:125,5
DA:126,5
DA:129,5
DA:130,2
DA:133,5
DA:138,14
DA:141,20
DA:142,3
DA:144,20
LF:51
LH:48
BRDA:59,0,0,8
BRDA:59,0,1,0
BRDA:61,1,0,8
BRDA:61,1,1,0
BRDA:70,2,0,8
BRDA:70,2,1,0
BRDA:72,3,0,8
BRDA:72,3,1,0
BRDA:81,4,0,8
BRDA:81,4,1,0
BRDA:83,5,0,8
BRDA:83,5,1,0
BRDA:106,6,0,5
BRDA:106,6,1,0
BRDA:114,7,0,5
BRDA:114,7,1,0
BRDA:122,8,0,5
BRDA:122,8,1,0
BRDA:129,9,0,2
BRDA:129,9,1,3
BRDA:141,10,0,3
BRDA:141,10,1,17
BRF:22
BRH:13
end_of_record
TN:
SF:src/server/services/linkProposer.ts
FN:18,proposeLinksForConcept
FN:69,(anonymous_1)
FN:124,(anonymous_2)
FN:135,proposeLinksWithLLM
FN:154,(anonymous_4)
FN:184,(anonymous_5)
FN:201,(anonymous_6)
FN:270,(anonymous_7)
FN:291,(anonymous_8)
FNF:9
FNH:7
FNDA:5,proposeLinksForConcept
FNDA:1,(anonymous_1)
FNDA:2,(anonymous_2)
FNDA:3,proposeLinksWithLLM
FNDA:3,(anonymous_4)
FNDA:0,(anonymous_5)
FNDA:3,(anonymous_6)
FNDA:3,(anonymous_7)
FNDA:0,(anonymous_8)
DA:25,5
DA:27,5
DA:28,5
DA:29,5
DA:31,5
DA:38,5
DA:42,5
DA:43,1
DA:48,1
DA:51,4
DA:59,4
DA:65,4
DA:69,4
DA:71,4
DA:79,4
DA:80,4
DA:91,4
DA:98,4
DA:99,1
DA:104,1
DA:108,3
DA:117,3
DA:118,3
DA:124,2
DA:132,3
DA:154,3
DA:161,3
DA:165,3
DA:182,3
DA:184,0
DA:187,3
DA:191,3
DA:201,3
DA:229,3
DA:230,3
DA:242,3
DA:243,3
DA:244,3
DA:246,3
DA:253,3
DA:260,3
DA:267,3
DA:269,3
DA:270,3
DA:272,3
DA:273,2
DA:284,3
DA:291,3
DA:293,0
DA:299,0
DA:305,0
LF:51
LH:47
BRDA:20,0,0,0
BRDA:27,1,0,5
BRDA:27,1,1,0
BRDA:28,2,0,5
BRDA:28,2,1,0
BRDA:29,3,0,5
BRDA:29,3,1,0
BRDA:42,4,0,1
BRDA:42,4,1,4
BRDA:84,5,0,1
BRDA:84,5,1,3
BRDA:98,6,0,1
BRDA:98,6,1,3
BRDA:195,7,0,3
BRDA:195,7,1,0
BRDA:253,8,0,3
BRDA:253,8,1,0
BRDA:272,9,0,2
BRDA:272,9,1,1
BRDA:272,10,0,3
BRDA:272,10,1,3
BRDA:297,11,0,0
BRDA:297,11,1,0
BRF:23
BRH:15
end_of_record
TN:
SF:src/server/services/repurposer.ts
FN:12,repurposeAnchorContent
FN:41,(anonymous_1)
FN:45,(anonymous_2)
FN:95,(anonymous_3)
FN:134,(anonymous_4)
FN:154,(anonymous_5)
FNF:6
FNH:6
FNDA:6,repurposeAnchorContent
FNDA:6,(anonymous_1)
FNDA:6,(anonymous_2)
FNDA:11,(anonymous_3)
FNDA:6,(anonymous_4)
FNDA:23,(anonymous_5)
DA:20,6
DA:22,6
DA:23,6
DA:25,6
DA:36,6
DA:40,6
DA:41,6
DA:44,6
DA:45,6
DA:48,6
DA:70,6
DA:71,6
DA:80,6
DA:81,6
DA:82,5
DA:84,5
DA:91,5
DA:94,5
DA:95,4
DA:96,11
DA:101,4
DA:109,5
DA:110,3
DA:114,3
DA:121,5
DA:122,3
DA:126,3
DA:133,5
DA:134,3
DA:135,6
DA:140,3
DA:147,5
DA:148,5
DA:154,23
DA:157,5
DA:159,1
DA:160,1
DA:162,1
DA:168,1
DA:177,1
LF:40
LH:40
BRDA:22,0,0,6
BRDA:22,0,1,0
BRDA:23,1,0,6
BRDA:23,1,1,0
BRDA:31,2,0,6
BRDA:31,2,1,3
BRDA:33,3,0,6
BRDA:33,3,1,3
BRDA:40,4,0,3
BRDA:40,4,1,3
BRDA:44,5,0,3
BRDA:44,5,1,3
BRDA:94,6,0,4
BRDA:94,6,1,1
BRDA:94,7,0,5
BRDA:94,7,1,4
BRDA:109,8,0,3
BRDA:109,8,1,2
BRDA:121,9,0,3
BRDA:121,9,1,2
BRDA:133,10,0,3
BRDA:133,10,1,2
BRDA:133,11,0,5
BRDA:133,11,1,3
BRDA:160,12,0,1
BRDA:160,12,1,0
BRF:26
BRH:23
end_of_record
TN:
SF:src/server/services/llm/client.ts
FN:15,(anonymous_0)
FN:42,(anonymous_1)
FN:56,(anonymous_2)
FN:64,(anonymous_3)
FN:71,(anonymous_4)
FN:78,(anonymous_5)
FN:99,(anonymous_6)
FN:103,(anonymous_7)
FN:107,(anonymous_8)
FN:111,(anonymous_9)
FN:120,(anonymous_10)
FN:131,getLLMClient
FN:141,resetLLMClient
FNF:13
FNH:11
FNDA:4,(anonymous_0)
FNDA:2,(anonymous_1)
FNDA:4,(anonymous_2)
FNDA:2,(anonymous_3)
FNDA:2,(anonymous_4)
FNDA:0,(anonymous_5)
FNDA:7,(anonymous_6)
FNDA:5,(anonymous_7)
FNDA:4,(anonymous_8)
FNDA:0,(anonymous_9)
FNDA:1,(anonymous_10)
FNDA:5,getLLMClient
FNDA:4,resetLLMClient
DA:16,4
DA:17,4
DA:18,4
DA:20,4
DA:21,4
DA:22,4
DA:25,4
DA:26,3
DA:27,0
DA:29,3
DA:32,1
DA:33,0
DA:35,1
DA:44,2
DA:45,2
DA:47,0
DA:48,0
DA:50,0
DA:57,4
DA:59,3
DA:61,1
DA:65,2
DA:66,2
DA:67,2
DA:72,2
DA:73,2
DA:74,2
DA:79,0
DA:80,0
DA:83,0
DA:84,0
DA:86,0
DA:87,0
DA:88,0
DA:90,0
DA:92,0
DA:93,0
DA:95,0
DA:100,7
DA:104,5
DA:108,4
DA:117,0
DA:124,1
DA:129,14
DA:132,5
DA:133,2
DA:135,5
DA:142,4
LF:48
LH:31
BRDA:16,0,0,4
BRDA:16,0,1,2
BRDA:17,1,0,4
BRDA:17,1,1,4
BRDA:18,2,0,4
BRDA:18,2,1,4
BRDA:25,3,0,3
BRDA:25,3,1,1
BRDA:26,4,0,0
BRDA:26,4,1,3
BRDA:32,5,0,0
BRDA:32,5,1,1
BRDA:44,6,0,2
BRDA:44,6,1,0
BRDA:47,7,0,0
BRDA:47,7,1,0
BRDA:57,8,0,3
BRDA:57,8,1,1
BRDA:66,9,0,2
BRDA:66,9,1,0
BRDA:66,10,0,2
BRDA:66,10,1,2
BRDA:73,11,0,2
BRDA:73,11,1,0
BRDA:73,12,0,2
BRDA:73,12,1,2
BRDA:79,13,0,0
BRDA:79,13,1,0
BRDA:86,14,0,0
BRDA:86,14,1,0
BRDA:87,15,0,0
BRDA:87,15,1,0
BRDA:92,16,0,0
BRDA:92,16,1,0
BRDA:132,17,0,2
BRDA:132,17,1,3
BRF:36
BRH:21
end_of_record
TN:
SF:src/server/services/llm/providers/gemini.ts
FN:11,(anonymous_0)
FN:26,(anonymous_1)
FN:41,(anonymous_2)
FN:42,(anonymous_3)
FN:66,(anonymous_4)
FN:88,(anonymous_5)
FN:90,(anonymous_6)
FN:99,(anonymous_7)
FN:103,(anonymous_8)
FN:107,(anonymous_9)
FN:155,(anonymous_10)
FN:203,(anonymous_11)
FN:207,(anonymous_12)
FNF:13
FNH:10
FNDA:3,(anonymous_0)
FNDA:1,(anonymous_1)
FNDA:50,(anonymous_2)
FNDA:50,(anonymous_3)
FNDA:1,(anonymous_4)
FNDA:6,(anonymous_5)
FNDA:30,(anonymous_6)
FNDA:2,(anonymous_7)
FNDA:2,(anonymous_8)
FNDA:0,(anonymous_9)
FNDA:1,(anonymous_10)
FNDA:0,(anonymous_11)
FNDA:0,(anonymous_12)
DA:9,3
DA:12,3
DA:13,0
DA:16,3
DA:17,3
DA:18,3
DA:19,3
DA:27,1
DA:28,0
DA:31,1
DA:32,1
DA:35,1
DA:36,0
DA:38,1
DA:39,1
DA:40,1
DA:41,50
DA:42,50
DA:43,1
DA:47,0
DA:51,0
DA:59,0
DA:68,1
DA:78,1
DA:79,1
DA:80,1
DA:83,0
DA:87,1
DA:88,6
DA:90,30
DA:96,1
DA:100,2
DA:104,2
DA:114,0
DA:119,0
DA:120,0
DA:128,0
DA:129,0
DA:130,0
DA:133,0
DA:134,0
DA:135,0
DA:136,0
DA:137,0
DA:138,0
DA:145,0
DA:146,0
DA:147,0
DA:151,0
DA:160,1
DA:165,1
DA:166,1
DA:174,1
DA:175,0
DA:176,0
DA:177,0
DA:180,1
DA:181,1
DA:182,1
DA:183,1
DA:184,1
DA:185,1
DA:192,1
DA:193,1
DA:194,1
DA:195,1
DA:199,0
DA:204,0
DA:208,0
LF:69
LH:40
BRDA:11,0,0,0
BRDA:11,1,0,0
BRDA:12,2,0,0
BRDA:12,2,1,3
BRDA:27,3,0,0
BRDA:27,3,1,1
BRDA:35,4,0,0
BRDA:35,4,1,1
BRDA:39,5,0,1
BRDA:39,5,1,0
BRDA:88,6,0,6
BRDA:88,6,1,6
BRDA:89,7,0,1
BRDA:89,7,1,0
BRDA:96,8,0,1
BRDA:96,8,1,0
BRDA:114,9,0,0
BRDA:114,9,1,0
BRDA:123,10,0,0
BRDA:123,10,1,0
BRDA:130,11,0,0
BRDA:130,11,1,0
BRDA:133,12,0,0
BRDA:133,12,1,0
BRDA:134,13,0,0
BRDA:134,13,1,0
BRDA:134,14,0,0
BRDA:134,14,1,0
BRDA:136,15,0,0
BRDA:136,15,1,0
BRDA:141,16,0,0
BRDA:141,16,1,0
BRDA:147,17,0,0
BRDA:147,17,1,0
BRDA:160,18,0,1
BRDA:160,18,1,0
BRDA:176,19,0,0
BRDA:176,19,1,0
BRDA:180,20,0,1
BRDA:180,20,1,0
BRDA:181,21,0,1
BRDA:181,21,1,0
BRDA:181,22,0,1
BRDA:181,22,1,0
BRDA:183,23,0,1
BRDA:183,23,1,0
BRDA:194,24,0,1
BRDA:194,24,1,0
BRF:48
BRH:14
end_of_record
TN:
SF:src/server/services/llm/providers/openai.ts
FN:9,(anonymous_0)
FN:19,(anonymous_1)
FN:23,(anonymous_2)
FN:27,(anonymous_3)
FN:51,(anonymous_4)
FN:74,(anonymous_5)
FN:78,(anonymous_6)
FNF:7
FNH:1
FNDA:1,(anonymous_0)
FNDA:0,(anonymous_1)
FNDA:0,(anonymous_2)
FNDA:0,(anonymous_3)
FNDA:0,(anonymous_4)
FNDA:0,(anonymous_5)
FNDA:0,(anonymous_6)
DA:10,1
DA:11,0
DA:14,1
DA:15,1
DA:16,1
DA:20,0
DA:24,0
DA:33,0
DA:35,0
DA:36,0
DA:39,0
DA:41,0
DA:48,0
DA:55,0
DA:57,0
DA:58,0
DA:61,0
DA:63,0
DA:70,0
DA:71,0
DA:75,0
DA:79,0
LF:22
LH:4
BRDA:9,0,0,0
BRDA:9,1,0,0
BRDA:10,2,0,0
BRDA:10,2,1,1
BRDA:35,3,0,0
BRDA:35,3,1,0
BRDA:44,4,0,0
BRDA:44,4,1,0
BRDA:48,5,0,0
BRDA:48,5,1,0
BRDA:57,6,0,0
BRDA:57,6,1,0
BRDA:70,7,0,0
BRDA:70,7,1,0
BRF:14
BRH:1
end_of_record
TN:
SF:src/test/test-utils.ts
FN:12,createTestDb
FN:26,createTestDbFile
FN:44,createTestCaller
FN:46,(anonymous_3)
FN:60,cleanupTestData
FN:75,initTestDb
FN:99,migrateTestDb
FN:200,(anonymous_7)
FN:201,(anonymous_8)
FNF:9
FNH:8
FNDA:14,createTestDb
FNDA:3,createTestDbFile
FNDA:8,createTestCaller
FNDA:214,(anonymous_3)
FNDA:91,cleanupTestData
FNDA:0,initTestDb
FNDA:16,migrateTestDb
FNDA:288,(anonymous_7)
FNDA:288,(anonymous_8)
DA:14,14
DA:15,14
DA:20,14
DA:28,3
DA:29,1
DA:32,3
DA:33,3
DA:38,3
DA:46,8
DA:47,214
DA:53,8
DA:54,8
DA:62,91
DA:63,91
DA:64,91
DA:65,91
DA:66,91
DA:67,91
DA:68,91
DA:84,0
DA:85,0
DA:89,0
DA:104,16
DA:198,16
DA:200,288
DA:201,288
DA:203,16
DA:204,272
LF:28
LH:25
BRDA:26,0,0,0
BRDA:28,1,0,1
BRDA:28,1,1,2
BRF:3
BRH:2
end_of_record
TN:
SF:src/test/mocks/config-loader.ts
FN:8,(anonymous_0)
FN:14,(anonymous_1)
FN:18,(anonymous_2)
FN:22,(anonymous_3)
FN:26,(anonymous_4)
FN:30,(anonymous_5)
FN:37,(anonymous_6)
FN:41,(anonymous_7)
FN:45,(anonymous_8)
FNF:9
FNH:3
FNDA:24,(anonymous_0)
FNDA:24,(anonymous_1)
FNDA:0,(anonymous_2)
FNDA:0,(anonymous_3)
FNDA:0,(anonymous_4)
FNDA:22,(anonymous_5)
FNDA:0,(anonymous_6)
FNDA:0,(anonymous_7)
FNDA:0,(anonymous_8)
DA:10,24
DA:11,24
DA:12,24
DA:15,24
DA:19,0
DA:23,0
DA:27,0
DA:31,22
DA:32,22
DA:34,0
DA:38,0
DA:42,0
DA:46,0
LF:13
LH:6
BRDA:31,0,0,22
BRDA:31,0,1,0
BRDA:32,1,0,22
BRDA:32,1,1,0
BRDA:34,2,0,0
BRDA:34,2,1,0
BRF:6
BRH:2
end_of_record
TN:
SF:src/test/mocks/llm-client.ts
FN:7,(anonymous_0)
FN:22,(anonymous_1)
FN:28,(anonymous_2)
FN:39,(anonymous_3)
FN:43,(anonymous_4)
FN:47,(anonymous_5)
FN:51,(anonymous_6)
FN:62,(anonymous_7)
FN:74,(anonymous_8)
FN:78,(anonymous_9)
FN:82,(anonymous_10)
FNF:11
FNH:5
FNDA:24,(anonymous_0)
FNDA:24,(anonymous_1)
FNDA:0,(anonymous_2)
FNDA:0,(anonymous_3)
FNDA:0,(anonymous_4)
FNDA:0,(anonymous_5)
FNDA:22,(anonymous_6)
FNDA:0,(anonymous_7)
FNDA:23,(anonymous_8)
FNDA:24,(anonymous_9)
FNDA:0,(anonymous_10)
DA:18,24
DA:19,24
DA:20,24
DA:25,24
DA:36,0
DA:40,0
DA:44,0
DA:48,0
DA:55,22
DA:56,22
DA:59,0
DA:68,0
DA:69,0
DA:71,0
DA:75,23
DA:79,24
DA:83,0
LF:17
LH:8
BRDA:55,0,0,22
BRDA:55,0,1,0
BRDA:68,1,0,0
BRDA:68,1,1,0
BRF:4
BRH:1
end_of_record
