TN:
SF:src/App.tsx
FN:16,App
FN:30,(anonymous_1)
FN:51,(anonymous_2)
FN:55,(anonymous_3)
FN:70,(anonymous_4)
FNF:5
FNH:0
FNDA:0,App
FNDA:0,(anonymous_1)
FNDA:0,(anonymous_2)
FNDA:0,(anonymous_3)
FNDA:0,(anonymous_4)
DA:17,0
DA:19,0
DA:30,0
DA:31,0
DA:38,0
DA:52,0
DA:55,0
DA:70,0
LF:8
LH:0
BRDA:32,0,0,0
BRDA:32,0,1,0
BRDA:57,1,0,0
BRDA:57,1,1,0
BRF:4
BRH:0
end_of_record
TN:
SF:src/env.ts
FN:14,getProcessEnv
FN:21,(anonymous_1)
FNF:2
FNH:2
FNDA:22,getProcessEnv
FNDA:22,(anonymous_1)
DA:3,11
DA:15,22
DA:20,11
DA:22,22
DA:23,22
DA:31,22
LF:6
LH:6
BRDA:15,0,0,22
BRDA:15,0,1,0
BRDA:24,1,0,22
BRDA:24,1,1,0
BRDA:29,2,0,22
BRDA:29,2,1,0
BRF:6
BRH:3
end_of_record
TN:
SF:src/main.tsx
FNF:0
FNH:0
DA:6,0
LF:1
LH:0
BRF:0
BRH:0
end_of_record
TN:
SF:src/components/AnchorEditor.tsx
FN:14,AnchorEditor
FN:20,(anonymous_1)
FN:21,(anonymous_2)
FN:25,(anonymous_3)
FN:39,(anonymous_4)
FN:51,(anonymous_5)
FN:59,(anonymous_6)
FN:66,(anonymous_7)
FN:69,(anonymous_8)
FN:73,(anonymous_9)
FN:79,(anonymous_10)
FN:86,(anonymous_11)
FN:89,(anonymous_12)
FN:93,(anonymous_13)
FN:116,(anonymous_14)
FN:130,(anonymous_15)
FN:152,(anonymous_16)
FN:157,(anonymous_17)
FN:163,(anonymous_18)
FN:190,(anonymous_19)
FN:195,(anonymous_20)
FN:201,(anonymous_21)
FN:220,(anonymous_22)
FNF:23
FNH:0
FNDA:0,AnchorEditor
FNDA:0,(anonymous_1)
FNDA:0,(anonymous_2)
FNDA:0,(anonymous_3)
FNDA:0,(anonymous_4)
FNDA:0,(anonymous_5)
FNDA:0,(anonymous_6)
FNDA:0,(anonymous_7)
FNDA:0,(anonymous_8)
FNDA:0,(anonymous_9)
FNDA:0,(anonymous_10)
FNDA:0,(anonymous_11)
FNDA:0,(anonymous_12)
FNDA:0,(anonymous_13)
FNDA:0,(anonymous_14)
FNDA:0,(anonymous_15)
FNDA:0,(anonymous_16)
FNDA:0,(anonymous_17)
FNDA:0,(anonymous_18)
FNDA:0,(anonymous_19)
FNDA:0,(anonymous_20)
FNDA:0,(anonymous_21)
FNDA:0,(anonymous_22)
DA:17,0
DA:18,0
DA:20,0
DA:21,0
DA:24,0
DA:26,0
DA:27,0
DA:31,0
DA:39,0
DA:40,0
DA:41,0
DA:51,0
DA:52,0
DA:53,0
DA:59,0
DA:60,0
DA:66,0
DA:67,0
DA:69,0
DA:73,0
DA:74,0
DA:75,0
DA:76,0
DA:79,0
DA:80,0
DA:86,0
DA:87,0
DA:89,0
DA:93,0
DA:94,0
DA:95,0
DA:96,0
DA:99,0
DA:100,0
DA:103,0
DA:117,0
DA:131,0
DA:153,0
DA:157,0
DA:163,0
DA:191,0
DA:195,0
DA:201,0
DA:221,0
LF:44
LH:0
BRDA:18,0,0,0
BRDA:18,0,1,0
BRDA:20,1,0,0
BRDA:20,1,1,0
BRDA:40,2,0,0
BRDA:40,2,1,0
BRDA:46,3,0,0
BRDA:46,3,1,0
BRDA:99,4,0,0
BRDA:99,4,1,0
BRDA:170,5,0,0
BRDA:170,5,1,0
BRDA:208,6,0,0
BRDA:208,6,1,0
BRDA:242,7,0,0
BRDA:242,7,1,0
BRF:16
BRH:0
end_of_record
TN:
SF:src/components/BlogPostsTab.tsx
FN:17,BlogPostsTab
FN:34,(anonymous_1)
FN:36,(anonymous_2)
FN:37,(anonymous_3)
FN:40,(anonymous_4)
FN:41,(anonymous_5)
FN:41,(anonymous_6)
FN:44,(anonymous_7)
FN:45,(anonymous_8)
FN:56,(anonymous_9)
FN:84,(anonymous_10)
FN:93,(anonymous_11)
FN:123,(anonymous_12)
FN:140,(anonymous_13)
FN:156,(anonymous_14)
FN:164,(anonymous_15)
FN:196,(anonymous_16)
FN:203,(anonymous_17)
FN:221,(anonymous_18)
FN:237,(anonymous_19)
FN:246,(anonymous_20)
FN:282,(anonymous_21)
FN:296,(anonymous_22)
FN:310,(anonymous_23)
FN:324,(anonymous_24)
FN:339,(anonymous_25)
FNF:26
FNH:0
FNDA:0,BlogPostsTab
FNDA:0,(anonymous_1)
FNDA:0,(anonymous_2)
FNDA:0,(anonymous_3)
FNDA:0,(anonymous_4)
FNDA:0,(anonymous_5)
FNDA:0,(anonymous_6)
FNDA:0,(anonymous_7)
FNDA:0,(anonymous_8)
FNDA:0,(anonymous_9)
FNDA:0,(anonymous_10)
FNDA:0,(anonymous_11)
FNDA:0,(anonymous_12)
FNDA:0,(anonymous_13)
FNDA:0,(anonymous_14)
FNDA:0,(anonymous_15)
FNDA:0,(anonymous_16)
FNDA:0,(anonymous_17)
FNDA:0,(anonymous_18)
FNDA:0,(anonymous_19)
FNDA:0,(anonymous_20)
FNDA:0,(anonymous_21)
FNDA:0,(anonymous_22)
FNDA:0,(anonymous_23)
FNDA:0,(anonymous_24)
FNDA:0,(anonymous_25)
DA:18,0
DA:19,0
DA:20,0
DA:21,0
DA:22,0
DA:23,0
DA:24,0
DA:25,0
DA:26,0
DA:28,0
DA:32,0
DA:34,0
DA:35,0
DA:36,0
DA:37,0
DA:40,0
DA:41,0
DA:44,0
DA:45,0
DA:46,0
DA:47,0
DA:48,0
DA:50,0
DA:52,0
DA:56,0
DA:57,0
DA:58,0
DA:59,0
DA:62,0
DA:63,0
DA:64,0
DA:67,0
DA:68,0
DA:77,0
DA:78,0
DA:80,0
DA:84,0
DA:85,0
DA:86,0
DA:87,0
DA:89,0
DA:93,0
DA:94,0
DA:95,0
DA:96,0
DA:99,0
DA:123,0
DA:140,0
DA:157,0
DA:164,0
DA:197,0
DA:203,0
DA:221,0
DA:237,0
DA:246,0
DA:282,0
DA:296,0
DA:310,0
DA:324,0
DA:339,0
LF:60
LH:0
BRDA:47,0,0,0
BRDA:47,0,1,0
BRDA:57,1,0,0
BRDA:57,1,1,0
BRDA:62,2,0,0
BRDA:62,2,1,0
BRDA:70,3,0,0
BRDA:70,3,1,0
BRDA:75,4,0,0
BRDA:75,4,1,0
BRDA:80,5,0,0
BRDA:80,5,1,0
BRDA:94,6,0,0
BRDA:94,6,1,0
BRDA:95,7,0,0
BRDA:95,7,1,0
BRDA:151,8,0,0
BRDA:151,8,1,0
BRDA:155,9,0,0
BRDA:155,9,1,0
BRDA:155,10,0,0
BRDA:155,10,1,0
BRDA:155,10,2,0
BRDA:169,11,0,0
BRDA:169,11,1,0
BRDA:172,12,0,0
BRDA:172,12,1,0
BRDA:186,13,0,0
BRDA:186,13,1,0
BRDA:207,14,0,0
BRDA:207,14,1,0
BRDA:207,15,0,0
BRDA:207,15,1,0
BRDA:242,16,0,0
BRDA:242,16,1,0
BRDA:256,17,0,0
BRDA:256,17,1,0
BRDA:256,17,2,0
BRDA:259,18,0,0
BRDA:259,18,1,0
BRDA:265,19,0,0
BRDA:265,19,1,0
BRDA:332,20,0,0
BRDA:332,20,1,0
BRDA:348,21,0,0
BRDA:348,21,1,0
BRF:46
BRH:0
end_of_record
TN:
SF:src/components/CapsulesTab.tsx
FN:18,CapsulesTab
FN:24,(anonymous_1)
FN:34,(anonymous_2)
FN:36,(anonymous_3)
FN:39,(anonymous_4)
FN:40,(anonymous_5)
FN:40,(anonymous_6)
FN:48,(anonymous_7)
FN:53,(anonymous_8)
FN:59,(anonymous_9)
FN:64,(anonymous_10)
FN:70,(anonymous_11)
FN:75,(anonymous_12)
FN:81,(anonymous_13)
FN:85,(anonymous_14)
FN:91,(anonymous_15)
FN:95,(anonymous_16)
FN:100,(anonymous_17)
FN:101,(anonymous_18)
FN:113,(anonymous_19)
FN:117,(anonymous_20)
FN:121,(anonymous_21)
FN:125,(anonymous_22)
FN:129,(anonymous_23)
FN:133,(anonymous_24)
FN:137,(anonymous_25)
FN:141,(anonymous_26)
FN:145,(anonymous_27)
FN:192,(anonymous_28)
FN:193,(anonymous_29)
FNF:30
FNH:4
FNDA:11,CapsulesTab
FNDA:1,(anonymous_1)
FNDA:1,(anonymous_2)
FNDA:1,(anonymous_3)
FNDA:0,(anonymous_4)
FNDA:0,(anonymous_5)
FNDA:0,(anonymous_6)
FNDA:0,(anonymous_7)
FNDA:0,(anonymous_8)
FNDA:0,(anonymous_9)
FNDA:0,(anonymous_10)
FNDA:0,(anonymous_11)
FNDA:0,(anonymous_12)
FNDA:0,(anonymous_13)
FNDA:0,(anonymous_14)
FNDA:0,(anonymous_15)
FNDA:0,(anonymous_16)
FNDA:0,(anonymous_17)
FNDA:0,(anonymous_18)
FNDA:0,(anonymous_19)
FNDA:0,(anonymous_20)
FNDA:0,(anonymous_21)
FNDA:0,(anonymous_22)
FNDA:0,(anonymous_23)
FNDA:0,(anonymous_24)
FNDA:0,(anonymous_25)
FNDA:0,(anonymous_26)
FNDA:0,(anonymous_27)
FNDA:0,(anonymous_28)
FNDA:0,(anonymous_29)
DA:20,11
DA:21,11
DA:24,11
DA:26,1
DA:27,1
DA:28,1
DA:30,1
DA:31,1
DA:34,11
DA:35,1
DA:36,1
DA:39,11
DA:40,0
DA:43,11
DA:44,11
DA:45,11
DA:47,11
DA:49,0
DA:50,0
DA:51,0
DA:54,0
DA:58,11
DA:60,0
DA:61,0
DA:62,0
DA:65,0
DA:69,11
DA:71,0
DA:72,0
DA:73,0
DA:76,0
DA:80,11
DA:82,0
DA:83,0
DA:86,0
DA:90,11
DA:92,0
DA:93,0
DA:96,0
DA:100,11
DA:101,0
DA:102,0
DA:103,0
DA:104,0
DA:105,0
DA:107,0
DA:109,0
DA:113,11
DA:114,0
DA:117,11
DA:118,0
DA:121,11
DA:122,0
DA:125,11
DA:126,0
DA:129,11
DA:130,0
DA:133,11
DA:134,0
DA:137,11
DA:138,0
DA:141,11
DA:142,0
DA:145,11
DA:146,0
DA:149,11
DA:192,0
DA:194,0
DA:195,0
LF:69
LH:31
BRDA:54,0,0,0
BRDA:54,0,1,0
BRDA:65,1,0,0
BRDA:65,1,1,0
BRDA:76,2,0,0
BRDA:76,2,1,0
BRDA:86,3,0,0
BRDA:86,3,1,0
BRDA:96,4,0,0
BRDA:96,4,1,0
BRDA:103,5,0,0
BRDA:103,5,1,0
BRDA:165,6,0,11
BRDA:165,6,1,0
BRDA:189,7,0,11
BRDA:189,7,1,0
BRF:16
BRH:2
end_of_record
TN:
SF:src/components/ConceptActions.tsx
FN:15,ConceptActions
FN:29,(anonymous_1)
FN:36,(anonymous_2)
FN:49,(anonymous_3)
FN:53,(anonymous_4)
FNF:5
FNH:0
FNDA:0,ConceptActions
FNDA:0,(anonymous_1)
FNDA:0,(anonymous_2)
FNDA:0,(anonymous_3)
FNDA:0,(anonymous_4)
DA:23,0
DA:29,0
DA:36,0
DA:50,0
DA:51,0
DA:53,0
LF:6
LH:0
BRDA:34,0,0,0
BRDA:34,0,1,0
BRDA:40,1,0,0
BRDA:40,1,1,0
BRDA:41,2,0,0
BRDA:41,2,1,0
BRF:6
BRH:0
end_of_record
TN:
SF:src/components/ConceptCandidateList.tsx
FN:22,ConceptCandidateList
FN:49,(anonymous_1)
FN:60,(anonymous_2)
FN:67,(anonymous_3)
FN:79,(anonymous_4)
FN:93,(anonymous_5)
FN:118,(anonymous_6)
FN:131,(anonymous_7)
FN:143,(anonymous_8)
FN:158,(anonymous_9)
FN:171,(anonymous_10)
FN:184,(anonymous_11)
FN:193,(anonymous_12)
FN:201,(anonymous_13)
FN:211,(anonymous_14)
FN:217,(anonymous_15)
FN:236,(anonymous_16)
FNF:17
FNH:0
FNDA:0,ConceptCandidateList
FNDA:0,(anonymous_1)
FNDA:0,(anonymous_2)
FNDA:0,(anonymous_3)
FNDA:0,(anonymous_4)
FNDA:0,(anonymous_5)
FNDA:0,(anonymous_6)
FNDA:0,(anonymous_7)
FNDA:0,(anonymous_8)
FNDA:0,(anonymous_9)
FNDA:0,(anonymous_10)
FNDA:0,(anonymous_11)
FNDA:0,(anonymous_12)
FNDA:0,(anonymous_13)
FNDA:0,(anonymous_14)
FNDA:0,(anonymous_15)
FNDA:0,(anonymous_16)
DA:28,0
DA:29,0
DA:30,0
DA:45,0
DA:46,0
DA:48,0
DA:50,0
DA:51,0
DA:52,0
DA:54,0
DA:56,0
DA:57,0
DA:62,0
DA:63,0
DA:67,0
DA:68,0
DA:69,0
DA:79,0
DA:80,0
DA:84,0
DA:94,0
DA:119,0
DA:132,0
DA:144,0
DA:159,0
DA:172,0
DA:185,0
DA:193,0
DA:201,0
DA:211,0
DA:217,0
DA:236,0
LF:32
LH:0
BRDA:56,0,0,0
BRDA:56,0,1,0
BRDA:56,1,0,0
BRDA:56,1,1,0
BRDA:62,2,0,0
BRDA:62,2,1,0
BRDA:71,3,0,0
BRDA:71,3,1,0
BRDA:73,4,0,0
BRDA:73,4,1,0
BRDA:75,5,0,0
BRDA:75,5,1,0
BRDA:98,6,0,0
BRDA:98,6,1,0
BRDA:103,7,0,0
BRDA:103,7,1,0
BRDA:109,8,0,0
BRDA:109,8,1,0
BRDA:197,9,0,0
BRDA:197,9,1,0
BRDA:198,10,0,0
BRDA:198,10,1,0
BRDA:228,11,0,0
BRDA:228,11,1,0
BRF:24
BRH:0
end_of_record
TN:
SF:src/components/ConceptCreateForm.tsx
FN:18,ConceptCreateForm
FN:28,(anonymous_1)
FN:57,(anonymous_2)
FN:71,(anonymous_3)
FN:85,(anonymous_4)
FN:102,(anonymous_5)
FN:117,(anonymous_6)
FN:132,(anonymous_7)
FNF:8
FNH:0
FNDA:0,ConceptCreateForm
FNDA:0,(anonymous_1)
FNDA:0,(anonymous_2)
FNDA:0,(anonymous_3)
FNDA:0,(anonymous_4)
FNDA:0,(anonymous_5)
FNDA:0,(anonymous_6)
FNDA:0,(anonymous_7)
DA:19,0
DA:28,0
DA:29,0
DA:30,0
DA:31,0
DA:33,0
DA:35,0
DA:45,0
DA:58,0
DA:72,0
DA:86,0
DA:103,0
DA:118,0
DA:133,0
LF:14
LH:0
BRDA:30,0,0,0
BRDA:30,0,1,0
BRDA:30,1,0,0
BRDA:30,1,1,0
BRDA:145,2,0,0
BRDA:145,2,1,0
BRDA:146,3,0,0
BRDA:146,3,1,0
BRF:8
BRH:0
end_of_record
TN:
SF:src/components/ConceptEditor.tsx
FN:13,ConceptEditor
FN:20,(anonymous_1)
FN:35,(anonymous_2)
FN:48,(anonymous_3)
FN:77,(anonymous_4)
FN:90,(anonymous_5)
FN:103,(anonymous_6)
FN:119,(anonymous_7)
FN:133,(anonymous_8)
FN:147,(anonymous_9)
FNF:10
FNH:0
FNDA:0,ConceptEditor
FNDA:0,(anonymous_1)
FNDA:0,(anonymous_2)
FNDA:0,(anonymous_3)
FNDA:0,(anonymous_4)
FNDA:0,(anonymous_5)
FNDA:0,(anonymous_6)
FNDA:0,(anonymous_7)
FNDA:0,(anonymous_8)
FNDA:0,(anonymous_9)
DA:14,0
DA:19,0
DA:21,0
DA:22,0
DA:26,0
DA:35,0
DA:36,0
DA:37,0
DA:48,0
DA:49,0
DA:50,0
DA:56,0
DA:57,0
DA:64,0
DA:78,0
DA:91,0
DA:104,0
DA:120,0
DA:134,0
DA:148,0
LF:20
LH:0
BRDA:36,0,0,0
BRDA:36,0,1,0
BRDA:36,1,0,0
BRDA:36,1,1,0
BRDA:36,1,2,0
BRDA:39,2,0,0
BRDA:39,2,1,0
BRDA:56,3,0,0
BRDA:56,3,1,0
BRF:9
BRH:0
end_of_record
TN:
SF:src/components/ConceptGenerationStatus.tsx
FN:10,ConceptGenerationStatus
FNF:1
FNH:1
FNDA:4,ConceptGenerationStatus
DA:14,4
DA:16,3
LF:2
LH:2
BRDA:12,0,0,1
BRDA:14,1,0,1
BRDA:14,1,1,3
BRDA:26,2,0,3
BRDA:26,2,1,2
BRDA:28,3,0,3
BRDA:28,3,1,1
BRF:7
BRH:7
end_of_record
TN:
SF:src/components/ConceptList.tsx
FN:18,ConceptList
FN:66,(anonymous_1)
FN:96,(anonymous_2)
FN:103,(anonymous_3)
FN:110,(anonymous_4)
FN:117,(anonymous_5)
FNF:6
FNH:0
FNDA:0,ConceptList
FNDA:0,(anonymous_1)
FNDA:0,(anonymous_2)
FNDA:0,(anonymous_3)
FNDA:0,(anonymous_4)
FNDA:0,(anonymous_5)
DA:28,0
DA:29,0
DA:36,0
DA:38,0
DA:39,0
DA:51,0
DA:52,0
DA:64,0
DA:67,0
DA:96,0
DA:103,0
DA:110,0
DA:117,0
LF:13
LH:0
BRDA:28,0,0,0
BRDA:28,0,1,0
BRDA:36,1,0,0
BRDA:36,1,1,0
BRDA:51,2,0,0
BRDA:51,2,1,0
BRDA:51,3,0,0
BRDA:51,3,1,0
BRDA:51,3,2,0
BRDA:54,4,0,0
BRDA:54,4,1,0
BRDA:56,5,0,0
BRDA:56,5,1,0
BRDA:70,6,0,0
BRDA:70,6,1,0
BRDA:80,7,0,0
BRDA:80,7,1,0
BRDA:90,8,0,0
BRDA:90,8,1,0
BRDA:101,9,0,0
BRDA:101,9,1,0
BRDA:120,10,0,0
BRDA:120,10,1,0
BRF:23
BRH:0
end_of_record
TN:
SF:src/components/ConceptViewer.tsx
FN:18,ConceptViewer
FNF:1
FNH:0
FNDA:0,ConceptViewer
DA:19,0
LF:1
LH:0
BRDA:31,0,0,0
BRDA:31,0,1,0
BRF:2
BRH:0
end_of_record
TN:
SF:src/components/ConceptsTab.tsx
FN:21,ConceptsTab
FN:32,(anonymous_1)
FN:43,(anonymous_2)
FN:45,(anonymous_3)
FN:48,(anonymous_4)
FN:49,(anonymous_5)
FN:49,(anonymous_6)
FN:65,(anonymous_7)
FN:70,(anonymous_8)
FN:76,(anonymous_9)
FN:81,(anonymous_10)
FN:88,(anonymous_11)
FN:92,(anonymous_12)
FN:98,(anonymous_13)
FN:103,(anonymous_14)
FN:114,(anonymous_15)
FN:151,(anonymous_16)
FN:174,(anonymous_17)
FN:181,(anonymous_18)
FN:194,(anonymous_19)
FN:195,(anonymous_20)
FN:196,(anonymous_21)
FN:197,(anonymous_22)
FN:204,(anonymous_23)
FN:205,(anonymous_24)
FN:215,(anonymous_25)
FN:226,(anonymous_26)
FN:231,(anonymous_27)
FN:241,(anonymous_28)
FN:244,(anonymous_29)
FNF:30
FNH:0
FNDA:0,ConceptsTab
FNDA:0,(anonymous_1)
FNDA:0,(anonymous_2)
FNDA:0,(anonymous_3)
FNDA:0,(anonymous_4)
FNDA:0,(anonymous_5)
FNDA:0,(anonymous_6)
FNDA:0,(anonymous_7)
FNDA:0,(anonymous_8)
FNDA:0,(anonymous_9)
FNDA:0,(anonymous_10)
FNDA:0,(anonymous_11)
FNDA:0,(anonymous_12)
FNDA:0,(anonymous_13)
FNDA:0,(anonymous_14)
FNDA:0,(anonymous_15)
FNDA:0,(anonymous_16)
FNDA:0,(anonymous_17)
FNDA:0,(anonymous_18)
FNDA:0,(anonymous_19)
FNDA:0,(anonymous_20)
FNDA:0,(anonymous_21)
FNDA:0,(anonymous_22)
FNDA:0,(anonymous_23)
FNDA:0,(anonymous_24)
FNDA:0,(anonymous_25)
FNDA:0,(anonymous_26)
FNDA:0,(anonymous_27)
FNDA:0,(anonymous_28)
FNDA:0,(anonymous_29)
DA:22,0
DA:23,0
DA:24,0
DA:25,0
DA:26,0
DA:27,0
DA:28,0
DA:29,0
DA:32,0
DA:33,0
DA:34,0
DA:35,0
DA:36,0
DA:37,0
DA:38,0
DA:39,0
DA:40,0
DA:43,0
DA:44,0
DA:45,0
DA:48,0
DA:49,0
DA:57,0
DA:62,0
DA:64,0
DA:66,0
DA:67,0
DA:68,0
DA:71,0
DA:75,0
DA:77,0
DA:78,0
DA:79,0
DA:82,0
DA:83,0
DA:87,0
DA:89,0
DA:90,0
DA:93,0
DA:97,0
DA:99,0
DA:100,0
DA:101,0
DA:104,0
DA:105,0
DA:109,0
DA:114,0
DA:122,0
DA:125,0
DA:151,0
DA:174,0
DA:181,0
DA:194,0
DA:195,0
DA:196,0
DA:197,0
DA:204,0
DA:206,0
DA:207,0
DA:215,0
DA:227,0
DA:228,0
DA:231,0
DA:242,0
DA:244,0
LF:65
LH:0
BRDA:59,0,0,0
BRDA:59,0,1,0
BRDA:62,1,0,0
BRDA:62,1,1,0
BRDA:62,2,0,0
BRDA:62,2,1,0
BRDA:71,3,0,0
BRDA:71,3,1,0
BRDA:82,4,0,0
BRDA:82,4,1,0
BRDA:93,5,0,0
BRDA:93,5,1,0
BRDA:104,6,0,0
BRDA:104,6,1,0
BRDA:110,7,0,0
BRDA:110,7,1,0
BRDA:154,8,0,0
BRDA:154,8,1,0
BRDA:157,9,0,0
BRDA:157,9,1,0
BRDA:192,10,0,0
BRDA:192,10,1,0
BRDA:201,11,0,0
BRDA:201,11,1,0
BRDA:212,12,0,0
BRDA:212,12,1,0
BRDA:212,12,2,0
BRDA:212,12,3,0
BRDA:212,12,4,0
BRDA:227,13,0,0
BRDA:227,13,1,0
BRF:31
BRH:0
end_of_record
TN:
SF:src/components/ConfigTab.tsx
FN:14,ConfigTab
FN:18,(anonymous_1)
FN:20,(anonymous_2)
FN:21,(anonymous_3)
FN:22,(anonymous_4)
FN:22,(anonymous_5)
FN:26,(anonymous_6)
FN:27,(anonymous_7)
FN:27,(anonymous_8)
FN:40,(anonymous_9)
FN:50,(anonymous_10)
FN:60,(anonymous_11)
FN:82,StyleGuideEditor
FN:85,(anonymous_13)
FN:89,(anonymous_14)
FN:96,(anonymous_15)
FN:102,(anonymous_16)
FN:125,(anonymous_17)
FN:145,CredoEditor
FN:148,(anonymous_19)
FN:152,(anonymous_20)
FN:159,(anonymous_21)
FN:165,(anonymous_22)
FN:188,(anonymous_23)
FN:208,ConstraintsEditor
FN:211,(anonymous_25)
FN:215,(anonymous_26)
FN:222,(anonymous_27)
FN:228,(anonymous_28)
FN:251,(anonymous_29)
FNF:30
FNH:17
FNDA:22,ConfigTab
FNDA:3,(anonymous_1)
FNDA:3,(anonymous_2)
FNDA:0,(anonymous_3)
FNDA:0,(anonymous_4)
FNDA:0,(anonymous_5)
FNDA:0,(anonymous_6)
FNDA:0,(anonymous_7)
FNDA:0,(anonymous_8)
FNDA:0,(anonymous_9)
FNDA:3,(anonymous_10)
FNDA:3,(anonymous_11)
FNDA:27,StyleGuideEditor
FNDA:1,(anonymous_13)
FNDA:0,(anonymous_14)
FNDA:13,(anonymous_15)
FNDA:1,(anonymous_16)
FNDA:0,(anonymous_17)
FNDA:7,CredoEditor
FNDA:1,(anonymous_19)
FNDA:0,(anonymous_20)
FNDA:3,(anonymous_21)
FNDA:1,(anonymous_22)
FNDA:0,(anonymous_23)
FNDA:7,ConstraintsEditor
FNDA:1,(anonymous_25)
FNDA:0,(anonymous_26)
FNDA:3,(anonymous_27)
FNDA:1,(anonymous_28)
FNDA:0,(anonymous_29)
DA:15,22
DA:16,22
DA:18,22
DA:19,3
DA:20,3
DA:21,3
DA:22,0
DA:26,22
DA:27,0
DA:30,22
DA:40,0
DA:50,3
DA:60,3
DA:83,27
DA:84,27
DA:86,1
DA:87,1
DA:90,0
DA:94,27
DA:96,27
DA:97,13
DA:98,13
DA:102,27
DA:103,1
DA:106,27
DA:107,0
DA:114,27
DA:125,0
DA:146,7
DA:147,7
DA:149,1
DA:150,1
DA:153,0
DA:157,7
DA:159,7
DA:160,3
DA:161,3
DA:165,7
DA:166,1
DA:169,7
DA:170,0
DA:177,7
DA:188,0
DA:209,7
DA:210,7
DA:212,1
DA:213,1
DA:216,0
DA:220,7
DA:222,7
DA:223,3
DA:224,3
DA:228,7
DA:229,1
DA:232,7
DA:233,0
DA:240,7
DA:251,0
LF:58
LH:46
BRDA:42,0,0,14
BRDA:42,0,1,8
BRDA:52,1,0,4
BRDA:52,1,1,18
BRDA:62,2,0,4
BRDA:62,2,1,18
BRDA:73,3,0,22
BRDA:73,3,1,14
BRDA:74,4,0,22
BRDA:74,4,1,4
BRDA:75,5,0,22
BRDA:75,5,1,4
BRDA:90,6,0,0
BRDA:90,6,1,0
BRDA:97,7,0,13
BRDA:97,7,1,0
BRDA:97,8,0,13
BRDA:97,8,1,13
BRDA:97,8,2,13
BRDA:106,9,0,0
BRDA:106,9,1,27
BRDA:134,10,0,27
BRDA:134,10,1,27
BRDA:137,11,0,27
BRDA:137,11,1,0
BRDA:138,12,0,0
BRDA:138,12,1,27
BRDA:153,13,0,0
BRDA:153,13,1,0
BRDA:160,14,0,3
BRDA:160,14,1,0
BRDA:160,15,0,3
BRDA:160,15,1,3
BRDA:160,15,2,3
BRDA:169,16,0,0
BRDA:169,16,1,7
BRDA:197,17,0,7
BRDA:197,17,1,7
BRDA:200,18,0,7
BRDA:200,18,1,0
BRDA:201,19,0,0
BRDA:201,19,1,7
BRDA:216,20,0,0
BRDA:216,20,1,0
BRDA:223,21,0,3
BRDA:223,21,1,0
BRDA:223,22,0,3
BRDA:223,22,1,3
BRDA:223,22,2,3
BRDA:232,23,0,0
BRDA:232,23,1,7
BRDA:260,24,0,7
BRDA:260,24,1,7
BRDA:263,25,0,7
BRDA:263,25,1,0
BRDA:264,26,0,0
BRDA:264,26,1,7
BRF:57
BRH:39
end_of_record
TN:
SF:src/components/Dashboard.tsx
FN:15,Dashboard
FN:35,(anonymous_1)
FN:41,(anonymous_2)
FN:42,(anonymous_3)
FN:43,(anonymous_4)
FN:51,(anonymous_5)
FN:58,(anonymous_6)
FN:65,(anonymous_7)
FN:124,(anonymous_8)
FN:130,(anonymous_9)
FN:142,(anonymous_10)
FN:156,(anonymous_11)
FN:170,(anonymous_12)
FN:184,(anonymous_13)
FN:207,(anonymous_14)
FN:243,(anonymous_15)
FN:252,(anonymous_16)
FN:255,(anonymous_17)
FN:286,(anonymous_18)
FN:295,(anonymous_19)
FN:304,(anonymous_20)
FN:313,(anonymous_21)
FNF:22
FNH:9
FNDA:9,Dashboard
FNDA:0,(anonymous_1)
FNDA:18,(anonymous_2)
FNDA:18,(anonymous_3)
FNDA:18,(anonymous_4)
FNDA:27,(anonymous_5)
FNDA:18,(anonymous_6)
FNDA:9,(anonymous_7)
FNDA:0,(anonymous_8)
FNDA:0,(anonymous_9)
FNDA:1,(anonymous_10)
FNDA:0,(anonymous_11)
FNDA:0,(anonymous_12)
FNDA:0,(anonymous_13)
FNDA:0,(anonymous_14)
FNDA:0,(anonymous_15)
FNDA:18,(anonymous_16)
FNDA:0,(anonymous_17)
FNDA:0,(anonymous_18)
FNDA:0,(anonymous_19)
FNDA:0,(anonymous_20)
FNDA:0,(anonymous_21)
DA:16,9
DA:17,9
DA:18,9
DA:19,9
DA:24,9
DA:28,9
DA:30,9
DA:31,9
DA:32,9
DA:33,9
DA:34,9
DA:35,0
DA:38,9
DA:40,9
DA:42,18
DA:43,18
DA:44,18
DA:48,9
DA:51,9
DA:52,27
DA:53,27
DA:54,27
DA:55,27
DA:58,9
DA:59,18
DA:60,18
DA:61,18
DA:62,18
DA:65,9
DA:66,9
DA:67,9
DA:68,9
DA:69,9
DA:70,9
DA:74,9
DA:77,9
DA:79,9
DA:124,0
DA:130,0
DA:142,1
DA:156,0
DA:170,0
DA:184,0
DA:207,0
DA:243,0
DA:253,18
DA:255,0
DA:286,0
DA:295,0
DA:304,0
DA:313,0
LF:51
LH:38
BRDA:30,0,0,9
BRDA:30,0,1,0
BRDA:30,1,0,9
BRDA:30,1,1,9
BRDA:31,2,0,9
BRDA:31,2,1,0
BRDA:31,3,0,9
BRDA:31,3,1,9
BRDA:32,4,0,9
BRDA:32,4,1,0
BRDA:32,5,0,9
BRDA:32,5,1,9
BRDA:33,6,0,9
BRDA:33,6,1,0
BRDA:33,7,0,9
BRDA:33,7,1,9
BRDA:34,8,0,9
BRDA:34,8,1,0
BRDA:34,9,0,9
BRDA:34,9,1,9
BRDA:35,10,0,0
BRDA:35,10,1,0
BRDA:38,11,0,9
BRDA:38,11,1,9
BRDA:38,11,2,9
BRDA:40,12,0,9
BRDA:40,12,1,0
BRDA:40,13,0,9
BRDA:40,13,1,9
BRDA:40,13,2,9
BRDA:40,13,3,9
BRDA:44,14,0,18
BRDA:44,14,1,9
BRDA:48,15,0,9
BRDA:48,15,1,0
BRDA:52,16,0,0
BRDA:52,16,1,27
BRDA:53,17,0,0
BRDA:53,17,1,27
BRDA:54,18,0,0
BRDA:54,18,1,27
BRDA:59,19,0,0
BRDA:59,19,1,18
BRDA:60,20,0,0
BRDA:60,20,1,18
BRDA:61,21,0,0
BRDA:61,21,1,18
BRDA:66,22,0,0
BRDA:66,22,1,9
BRDA:67,23,0,0
BRDA:67,23,1,9
BRDA:68,24,0,0
BRDA:68,24,1,9
BRDA:69,25,0,0
BRDA:69,25,1,9
BRDA:74,26,0,0
BRDA:74,26,1,9
BRDA:74,27,0,9
BRDA:74,27,1,9
BRDA:74,27,2,9
BRDA:75,28,0,0
BRDA:75,28,1,0
BRDA:85,29,0,0
BRDA:85,29,1,9
BRDA:89,30,0,0
BRDA:89,30,1,9
BRDA:97,31,0,0
BRDA:97,31,1,9
BRDA:101,32,0,9
BRDA:101,32,1,0
BRDA:101,33,0,9
BRDA:101,33,1,0
BRDA:103,34,0,0
BRDA:103,34,1,9
BRDA:149,35,0,0
BRDA:149,35,1,9
BRDA:151,36,0,9
BRDA:151,36,1,0
BRDA:152,37,0,9
BRDA:152,37,1,0
BRDA:163,38,0,0
BRDA:163,38,1,9
BRDA:165,39,0,9
BRDA:165,39,1,0
BRDA:166,40,0,9
BRDA:166,40,1,0
BRDA:177,41,0,0
BRDA:177,41,1,9
BRDA:179,42,0,0
BRDA:179,42,1,9
BRDA:180,43,0,0
BRDA:180,43,1,9
BRDA:191,44,0,0
BRDA:191,44,1,9
BRDA:193,45,0,0
BRDA:193,45,1,9
BRDA:194,46,0,0
BRDA:194,46,1,9
BRDA:205,47,0,9
BRDA:205,47,1,9
BRDA:215,48,0,0
BRDA:215,48,1,9
BRDA:219,49,0,0
BRDA:219,49,1,9
BRDA:251,50,0,9
BRDA:251,50,1,0
BRDA:251,51,0,9
BRDA:251,51,1,9
BRDA:261,52,0,18
BRDA:261,52,1,0
BRDA:267,53,0,18
BRDA:267,53,1,0
BRDA:267,54,0,18
BRDA:267,54,1,0
BRDA:267,55,0,18
BRDA:267,55,1,0
BRDA:327,56,0,0
BRDA:327,56,1,9
BRF:118
BRH:70
end_of_record
TN:
SF:src/components/ErrorBoundary.tsx
FN:17,(anonymous_0)
FN:37,(anonymous_1)
FN:22,(anonymous_2)
FN:26,(anonymous_3)
FN:41,(anonymous_4)
FN:51,DefaultErrorFallback
FNF:6
FNH:6
FNDA:14,(anonymous_0)
FNDA:1,(anonymous_1)
FNDA:14,(anonymous_2)
FNDA:7,(anonymous_3)
FNDA:29,(anonymous_4)
FNDA:10,DefaultErrorFallback
DA:18,14
DA:19,13
DA:23,14
DA:27,7
DA:37,13
DA:38,1
DA:42,29
DA:43,14
DA:44,14
DA:47,15
DA:52,10
LF:11
LH:11
BRDA:42,0,0,14
BRDA:42,0,1,15
BRDA:42,1,0,29
BRDA:42,1,1,14
BRDA:43,2,0,14
BRDA:43,2,1,10
BRF:6
BRH:6
end_of_record
TN:
SF:src/components/LinkList.tsx
FN:41,LinkItem
FN:42,(anonymous_1)
FN:43,(anonymous_2)
FN:107,LinkEditDialog
FN:122,(anonymous_4)
FN:126,(anonymous_5)
FN:143,(anonymous_6)
FN:156,(anonymous_7)
FN:169,LinkList
FN:186,(anonymous_9)
FN:190,(anonymous_10)
FN:196,(anonymous_11)
FN:200,(anonymous_12)
FN:208,(anonymous_13)
FN:227,(anonymous_14)
FN:232,(anonymous_15)
FN:233,(anonymous_16)
FN:245,(anonymous_17)
FN:250,(anonymous_18)
FN:251,(anonymous_19)
FN:273,(anonymous_20)
FN:284,(anonymous_21)
FN:285,(anonymous_22)
FNF:23
FNH:8
FNDA:18,LinkItem
FNDA:6,(anonymous_1)
FNDA:12,(anonymous_2)
FNDA:0,LinkEditDialog
FNDA:0,(anonymous_4)
FNDA:0,(anonymous_5)
FNDA:0,(anonymous_6)
FNDA:0,(anonymous_7)
FNDA:20,LinkList
FNDA:0,(anonymous_9)
FNDA:0,(anonymous_10)
FNDA:0,(anonymous_11)
FNDA:0,(anonymous_12)
FNDA:0,(anonymous_13)
FNDA:6,(anonymous_14)
FNDA:0,(anonymous_15)
FNDA:0,(anonymous_16)
FNDA:6,(anonymous_17)
FNDA:0,(anonymous_18)
FNDA:0,(anonymous_19)
FNDA:6,(anonymous_20)
FNDA:1,(anonymous_21)
FNDA:0,(anonymous_22)
DA:42,18
DA:43,18
DA:45,18
DA:46,18
DA:47,18
DA:48,18
DA:50,18
DA:108,0
DA:109,0
DA:111,0
DA:122,0
DA:127,0
DA:143,0
DA:156,0
DA:179,20
DA:180,20
DA:181,20
DA:185,20
DA:187,0
DA:188,0
DA:191,0
DA:192,0
DA:196,20
DA:197,0
DA:200,20
DA:201,0
DA:208,20
DA:209,0
DA:212,20
DA:213,8
DA:214,8
DA:215,8
DA:217,8
DA:228,6
DA:232,0
DA:233,0
DA:246,6
DA:250,0
DA:251,0
DA:267,12
DA:274,6
DA:275,0
DA:276,0
DA:278,6
DA:284,1
DA:285,0
LF:46
LH:25
BRDA:45,0,0,18
BRDA:45,0,1,12
BRDA:45,0,2,0
BRDA:45,0,3,0
BRDA:46,1,0,18
BRDA:46,1,1,12
BRDA:46,1,2,0
BRDA:46,1,3,0
BRDA:47,2,0,18
BRDA:47,2,1,0
BRDA:48,3,0,18
BRDA:48,3,1,0
BRDA:53,4,0,18
BRDA:53,4,1,6
BRDA:60,5,0,18
BRDA:60,5,1,6
BRDA:67,6,0,18
BRDA:67,6,1,6
BRDA:108,7,0,0
BRDA:108,7,1,0
BRDA:109,8,0,0
BRDA:109,8,1,0
BRDA:125,9,0,0
BRDA:125,9,1,0
BRDA:125,10,0,0
BRDA:125,10,1,0
BRDA:125,10,2,0
BRDA:127,11,0,0
BRDA:127,11,1,0
BRDA:128,12,0,0
BRDA:128,12,1,0
BRDA:128,13,0,0
BRDA:128,13,1,0
BRDA:129,14,0,0
BRDA:129,14,1,0
BRDA:127,15,0,0
BRDA:127,15,1,0
BRDA:156,16,0,0
BRDA:156,16,1,0
BRDA:181,17,0,0
BRDA:181,17,1,20
BRDA:181,18,0,20
BRDA:181,18,1,0
BRDA:212,19,0,8
BRDA:212,19,1,12
BRDA:212,20,0,20
BRDA:212,20,1,8
BRDA:212,20,2,8
BRDA:213,21,0,8
BRDA:213,21,1,8
BRDA:214,22,0,8
BRDA:214,22,1,8
BRDA:215,23,0,8
BRDA:215,23,1,2
BRDA:220,24,0,8
BRDA:220,24,1,0
BRDA:223,25,0,8
BRDA:223,25,1,6
BRDA:241,26,0,8
BRDA:241,26,1,6
BRDA:259,27,0,8
BRDA:259,27,1,2
BRDA:271,28,0,6
BRDA:271,28,1,6
BRDA:271,29,0,12
BRDA:271,29,1,12
BRDA:271,29,2,12
BRDA:274,30,0,0
BRDA:274,30,1,6
BRDA:274,31,0,6
BRDA:274,31,1,6
BRDA:293,32,0,2
BRDA:293,32,1,4
BRDA:295,33,0,2
BRDA:295,33,1,2
BRDA:300,34,0,12
BRDA:300,34,1,0
BRF:77
BRH:45
end_of_record
TN:
SF:src/components/LinkNameManager.tsx
FN:18,LinkNameManager
FN:33,(anonymous_1)
FN:42,(anonymous_2)
FN:49,(anonymous_3)
FN:56,(anonymous_4)
FN:65,(anonymous_5)
FN:73,(anonymous_6)
FN:97,(anonymous_7)
FN:107,(anonymous_8)
FN:113,(anonymous_9)
FN:123,(anonymous_10)
FN:144,(anonymous_11)
FN:156,(anonymous_12)
FN:168,(anonymous_13)
FN:194,(anonymous_14)
FN:203,(anonymous_15)
FN:221,(anonymous_16)
FN:233,(anonymous_17)
FN:243,(anonymous_18)
FN:245,(anonymous_19)
FN:258,LinkNameItem
FN:287,(anonymous_21)
FN:293,(anonymous_22)
FN:309,LinkNameEditDialog
FN:326,(anonymous_24)
FN:342,(anonymous_25)
FN:352,(anonymous_26)
FN:372,(anonymous_27)
FN:393,LinkNameReplaceDialog
FN:412,(anonymous_29)
FN:417,(anonymous_30)
FN:434,(anonymous_31)
FNF:32
FNH:0
FNDA:0,LinkNameManager
FNDA:0,(anonymous_1)
FNDA:0,(anonymous_2)
FNDA:0,(anonymous_3)
FNDA:0,(anonymous_4)
FNDA:0,(anonymous_5)
FNDA:0,(anonymous_6)
FNDA:0,(anonymous_7)
FNDA:0,(anonymous_8)
FNDA:0,(anonymous_9)
FNDA:0,(anonymous_10)
FNDA:0,(anonymous_11)
FNDA:0,(anonymous_12)
FNDA:0,(anonymous_13)
FNDA:0,(anonymous_14)
FNDA:0,(anonymous_15)
FNDA:0,(anonymous_16)
FNDA:0,(anonymous_17)
FNDA:0,(anonymous_18)
FNDA:0,(anonymous_19)
FNDA:0,LinkNameItem
FNDA:0,(anonymous_21)
FNDA:0,(anonymous_22)
FNDA:0,LinkNameEditDialog
FNDA:0,(anonymous_24)
FNDA:0,(anonymous_25)
FNDA:0,(anonymous_26)
FNDA:0,(anonymous_27)
FNDA:0,LinkNameReplaceDialog
FNDA:0,(anonymous_29)
FNDA:0,(anonymous_30)
FNDA:0,(anonymous_31)
DA:19,0
DA:20,0
DA:21,0
DA:22,0
DA:23,0
DA:24,0
DA:25,0
DA:27,0
DA:28,0
DA:32,0
DA:34,0
DA:35,0
DA:36,0
DA:37,0
DA:41,0
DA:43,0
DA:44,0
DA:48,0
DA:50,0
DA:51,0
DA:52,0
DA:56,0
DA:57,0
DA:58,0
DA:65,0
DA:66,0
DA:67,0
DA:69,0
DA:73,0
DA:74,0
DA:75,0
DA:76,0
DA:79,0
DA:80,0
DA:81,0
DA:85,0
DA:86,0
DA:88,0
DA:91,0
DA:93,0
DA:97,0
DA:98,0
DA:99,0
DA:107,0
DA:108,0
DA:109,0
DA:113,0
DA:114,0
DA:115,0
DA:120,0
DA:123,0
DA:124,0
DA:125,0
DA:131,0
DA:144,0
DA:156,0
DA:169,0
DA:170,0
DA:171,0
DA:194,0
DA:204,0
DA:221,0
DA:233,0
DA:243,0
DA:245,0
DA:259,0
DA:261,0
DA:262,0
DA:265,0
DA:287,0
DA:293,0
DA:310,0
DA:311,0
DA:312,0
DA:314,0
DA:327,0
DA:328,0
DA:329,0
DA:342,0
DA:353,0
DA:354,0
DA:355,0
DA:372,0
DA:400,0
DA:402,0
DA:412,0
DA:418,0
DA:434,0
LF:88
LH:0
BRDA:28,0,0,0
BRDA:28,0,1,0
BRDA:28,1,0,0
BRDA:28,1,1,0
BRDA:57,2,0,0
BRDA:57,2,1,0
BRDA:60,3,0,0
BRDA:60,3,1,0
BRDA:60,4,0,0
BRDA:60,4,1,0
BRDA:66,5,0,0
BRDA:66,5,1,0
BRDA:66,6,0,0
BRDA:66,6,1,0
BRDA:74,7,0,0
BRDA:74,7,1,0
BRDA:74,8,0,0
BRDA:74,8,1,0
BRDA:81,9,0,0
BRDA:81,9,1,0
BRDA:81,10,0,0
BRDA:81,10,1,0
BRDA:81,10,2,0
BRDA:85,11,0,0
BRDA:85,11,1,0
BRDA:98,12,0,0
BRDA:98,12,1,0
BRDA:98,13,0,0
BRDA:98,13,1,0
BRDA:102,14,0,0
BRDA:102,14,1,0
BRDA:108,15,0,0
BRDA:108,15,1,0
BRDA:114,16,0,0
BRDA:114,16,1,0
BRDA:114,17,0,0
BRDA:114,17,1,0
BRDA:123,18,0,0
BRDA:123,18,1,0
BRDA:126,19,0,0
BRDA:126,19,1,0
BRDA:151,20,0,0
BRDA:151,20,1,0
BRDA:158,21,0,0
BRDA:158,21,1,0
BRDA:170,22,0,0
BRDA:170,22,1,0
BRDA:182,23,0,0
BRDA:182,23,1,0
BRDA:185,24,0,0
BRDA:185,24,1,0
BRDA:202,25,0,0
BRDA:202,25,1,0
BRDA:202,26,0,0
BRDA:202,26,1,0
BRDA:217,27,0,0
BRDA:217,27,1,0
BRDA:226,28,0,0
BRDA:226,28,1,0
BRDA:239,29,0,0
BRDA:239,29,1,0
BRDA:243,30,0,0
BRDA:243,30,1,0
BRDA:261,31,0,0
BRDA:261,31,1,0
BRDA:269,32,0,0
BRDA:269,32,1,0
BRDA:271,33,0,0
BRDA:271,33,1,0
BRDA:272,34,0,0
BRDA:272,34,1,0
BRDA:275,35,0,0
BRDA:275,35,1,0
BRDA:279,36,0,0
BRDA:279,36,1,0
BRDA:281,37,0,0
BRDA:281,37,1,0
BRDA:328,38,0,0
BRDA:328,38,1,0
BRDA:354,39,0,0
BRDA:354,39,1,0
BRDA:407,40,0,0
BRDA:407,40,1,0
BRDA:407,41,0,0
BRDA:407,41,1,0
BRDA:407,42,0,0
BRDA:407,42,1,0
BRDA:416,43,0,0
BRDA:416,43,1,0
BRDA:416,44,0,0
BRDA:416,44,1,0
BRDA:416,44,2,0
BRDA:418,45,0,0
BRDA:418,45,1,0
BRDA:419,46,0,0
BRDA:419,46,1,0
BRDA:419,47,0,0
BRDA:419,47,1,0
BRDA:418,48,0,0
BRDA:418,48,1,0
BRF:100
BRH:0
end_of_record
TN:
SF:src/components/LinkProposer.tsx
FN:14,LinkProposer
FN:34,(anonymous_1)
FN:40,(anonymous_2)
FN:50,(anonymous_3)
FN:65,(anonymous_4)
FN:93,(anonymous_5)
FN:116,(anonymous_6)
FN:123,(anonymous_7)
FN:129,(anonymous_8)
FN:135,(anonymous_9)
FN:152,(anonymous_10)
FN:192,LinkProposalCard
FN:201,(anonymous_12)
FN:234,(anonymous_13)
FN:238,(anonymous_14)
FN:251,(anonymous_15)
FN:254,(anonymous_16)
FN:268,(anonymous_17)
FNF:18
FNH:0
FNDA:0,LinkProposer
FNDA:0,(anonymous_1)
FNDA:0,(anonymous_2)
FNDA:0,(anonymous_3)
FNDA:0,(anonymous_4)
FNDA:0,(anonymous_5)
FNDA:0,(anonymous_6)
FNDA:0,(anonymous_7)
FNDA:0,(anonymous_8)
FNDA:0,(anonymous_9)
FNDA:0,(anonymous_10)
FNDA:0,LinkProposalCard
FNDA:0,(anonymous_12)
FNDA:0,(anonymous_13)
FNDA:0,(anonymous_14)
FNDA:0,(anonymous_15)
FNDA:0,(anonymous_16)
FNDA:0,(anonymous_17)
DA:15,0
DA:16,0
DA:17,0
DA:18,0
DA:20,0
DA:21,0
DA:26,0
DA:31,0
DA:32,0
DA:34,0
DA:35,0
DA:39,0
DA:42,0
DA:43,0
DA:45,0
DA:47,0
DA:48,0
DA:51,0
DA:52,0
DA:53,0
DA:57,0
DA:65,0
DA:66,0
DA:67,0
DA:68,0
DA:70,0
DA:71,0
DA:73,0
DA:74,0
DA:75,0
DA:76,0
DA:77,0
DA:78,0
DA:79,0
DA:80,0
DA:82,0
DA:85,0
DA:86,0
DA:87,0
DA:89,0
DA:93,0
DA:94,0
DA:101,0
DA:119,0
DA:120,0
DA:121,0
DA:122,0
DA:123,0
DA:124,0
DA:125,0
DA:128,0
DA:129,0
DA:130,0
DA:131,0
DA:135,0
DA:137,0
DA:138,0
DA:141,0
DA:142,0
DA:149,0
DA:153,0
DA:199,0
DA:201,0
DA:205,0
DA:209,0
DA:234,0
DA:239,0
DA:251,0
DA:254,0
DA:269,0
DA:270,0
DA:272,0
LF:72
LH:0
BRDA:21,0,0,0
BRDA:21,0,1,0
BRDA:21,1,0,0
BRDA:21,1,1,0
BRDA:31,2,0,0
BRDA:31,2,1,0
BRDA:34,3,0,0
BRDA:34,3,1,0
BRDA:51,4,0,0
BRDA:51,4,1,0
BRDA:71,5,0,0
BRDA:71,5,1,0
BRDA:73,6,0,0
BRDA:73,6,1,0
BRDA:74,7,0,0
BRDA:74,7,1,0
BRDA:77,8,0,0
BRDA:77,8,1,0
BRDA:77,9,0,0
BRDA:77,9,1,0
BRDA:77,9,2,0
BRDA:79,10,0,0
BRDA:79,10,1,0
BRDA:79,11,0,0
BRDA:79,11,1,0
BRDA:79,11,2,0
BRDA:80,12,0,0
BRDA:80,12,1,0
BRDA:85,13,0,0
BRDA:85,13,1,0
BRDA:109,14,0,0
BRDA:109,14,1,0
BRDA:111,15,0,0
BRDA:111,15,1,0
BRDA:112,16,0,0
BRDA:112,16,1,0
BRDA:112,16,2,0
BRDA:116,17,0,0
BRDA:116,17,1,0
BRDA:116,17,2,0
BRDA:116,17,3,0
BRDA:116,17,4,0
BRDA:116,17,5,0
BRDA:116,17,6,0
BRDA:120,18,0,0
BRDA:120,18,1,0
BRDA:120,19,0,0
BRDA:120,19,1,0
BRDA:122,20,0,0
BRDA:122,20,1,0
BRDA:124,21,0,0
BRDA:124,21,1,0
BRDA:125,22,0,0
BRDA:125,22,1,0
BRDA:128,23,0,0
BRDA:128,23,1,0
BRDA:130,24,0,0
BRDA:130,24,1,0
BRDA:131,25,0,0
BRDA:131,25,1,0
BRDA:138,26,0,0
BRDA:138,26,1,0
BRDA:141,27,0,0
BRDA:141,27,1,0
BRDA:164,28,0,0
BRDA:164,28,1,0
BRDA:164,28,2,0
BRDA:164,28,3,0
BRDA:164,28,4,0
BRDA:164,28,5,0
BRDA:164,28,6,0
BRDA:199,29,0,0
BRDA:199,29,1,0
BRDA:199,30,0,0
BRDA:199,30,1,0
BRDA:200,31,0,0
BRDA:200,31,1,0
BRDA:206,32,0,0
BRDA:206,32,1,0
BRDA:206,32,2,0
BRDA:206,32,3,0
BRDA:206,32,4,0
BRDA:216,33,0,0
BRDA:216,33,1,0
BRDA:218,34,0,0
BRDA:218,34,1,0
BRDA:237,35,0,0
BRDA:237,35,1,0
BRDA:237,36,0,0
BRDA:237,36,1,0
BRDA:237,36,2,0
BRDA:239,37,0,0
BRDA:239,37,1,0
BRDA:240,38,0,0
BRDA:240,38,1,0
BRDA:240,39,0,0
BRDA:240,39,1,0
BRDA:241,40,0,0
BRDA:241,40,1,0
BRDA:239,41,0,0
BRDA:239,41,1,0
BRDA:248,42,0,0
BRDA:248,42,1,0
BRDA:248,42,2,0
BRDA:248,42,3,0
BRDA:251,43,0,0
BRDA:251,43,1,0
BRDA:254,44,0,0
BRDA:254,44,1,0
BRDA:269,45,0,0
BRDA:269,45,1,0
BRDA:269,46,0,0
BRDA:269,46,1,0
BRDA:275,47,0,0
BRDA:275,47,1,0
BRDA:275,47,2,0
BRDA:277,48,0,0
BRDA:277,48,1,0
BRDA:277,49,0,0
BRDA:277,49,1,0
BRDA:279,50,0,0
BRDA:279,50,1,0
BRDA:280,51,0,0
BRDA:280,51,1,0
BRF:124
BRH:0
end_of_record
TN:
SF:src/components/LinksTab.tsx
FN:13,LinksTab
FN:21,(anonymous_1)
FN:52,(anonymous_2)
FN:55,(anonymous_3)
FN:60,(anonymous_4)
FN:62,(anonymous_5)
FN:66,(anonymous_6)
FN:91,(anonymous_7)
FN:106,(anonymous_8)
FN:117,(anonymous_9)
FN:118,(anonymous_10)
FN:130,(anonymous_11)
FN:158,(anonymous_12)
FNF:13
FNH:1
FNDA:15,LinksTab
FNDA:0,(anonymous_1)
FNDA:0,(anonymous_2)
FNDA:0,(anonymous_3)
FNDA:0,(anonymous_4)
FNDA:0,(anonymous_5)
FNDA:0,(anonymous_6)
FNDA:0,(anonymous_7)
FNDA:0,(anonymous_8)
FNDA:0,(anonymous_9)
FNDA:0,(anonymous_10)
FNDA:0,(anonymous_11)
FNDA:0,(anonymous_12)
DA:14,15
DA:15,14
DA:16,14
DA:17,14
DA:18,14
DA:21,0
DA:22,0
DA:23,0
DA:24,0
DA:25,0
DA:29,0
DA:32,0
DA:34,0
DA:36,0
DA:37,0
DA:41,0
DA:46,0
DA:47,0
DA:51,0
DA:53,0
DA:56,0
DA:60,0
DA:62,0
DA:63,0
DA:66,0
DA:67,0
DA:68,0
DA:72,0
DA:74,0
DA:91,0
DA:106,0
DA:117,0
DA:118,0
DA:130,0
DA:160,0
DA:161,0
LF:36
LH:5
BRDA:32,0,0,0
BRDA:32,0,1,0
BRDA:37,1,0,0
BRDA:37,1,1,0
BRDA:37,2,0,0
BRDA:37,2,1,0
BRDA:46,3,0,0
BRDA:46,3,1,0
BRDA:56,4,0,0
BRDA:56,4,1,0
BRDA:72,5,0,0
BRDA:72,5,1,0
BRDA:72,5,2,0
BRDA:72,5,3,0
BRDA:72,5,4,0
BRDA:94,6,0,0
BRDA:94,6,1,0
BRDA:98,7,0,0
BRDA:98,7,1,0
BRDA:109,8,0,0
BRDA:109,8,1,0
BRDA:112,9,0,0
BRDA:112,9,1,0
BRDA:130,10,0,0
BRDA:130,10,1,0
BRDA:141,11,0,0
BRDA:141,11,1,0
BRDA:144,12,0,0
BRDA:144,12,1,0
BRDA:151,13,0,0
BRDA:151,13,1,0
BRDA:152,14,0,0
BRDA:152,14,1,0
BRDA:152,15,0,0
BRDA:152,15,1,0
BRF:35
BRH:0
end_of_record
TN:
SF:src/components/ManualLinkForm.tsx
FN:37,ManualLinkForm
FN:47,(anonymous_1)
FN:51,(anonymous_2)
FN:56,(anonymous_3)
FN:69,(anonymous_4)
FN:75,(anonymous_5)
FN:84,(anonymous_6)
FN:90,(anonymous_7)
FN:99,(anonymous_8)
FN:100,(anonymous_9)
FN:106,(anonymous_10)
FN:118,(anonymous_11)
FN:125,(anonymous_12)
FN:152,(anonymous_13)
FNF:14
FNH:8
FNDA:9,ManualLinkForm
FNDA:0,(anonymous_1)
FNDA:0,(anonymous_2)
FNDA:1,(anonymous_3)
FNDA:1,(anonymous_4)
FNDA:16,(anonymous_5)
FNDA:18,(anonymous_6)
FNDA:0,(anonymous_7)
FNDA:18,(anonymous_8)
FNDA:18,(anonymous_9)
FNDA:0,(anonymous_10)
FNDA:0,(anonymous_11)
FNDA:16,(anonymous_12)
FNDA:0,(anonymous_13)
DA:30,2
DA:44,9
DA:46,9
DA:48,0
DA:49,0
DA:52,0
DA:56,9
DA:57,1
DA:58,1
DA:59,1
DA:61,0
DA:69,9
DA:70,1
DA:71,1
DA:74,9
DA:75,16
DA:78,9
DA:84,18
DA:91,0
DA:99,18
DA:100,18
DA:107,0
DA:119,0
DA:126,16
DA:153,0
LF:25
LH:17
BRDA:52,0,0,0
BRDA:52,0,1,0
BRDA:57,1,0,1
BRDA:57,1,1,0
BRDA:57,2,0,1
BRDA:57,2,1,0
BRDA:57,2,2,0
BRDA:65,3,0,0
BRDA:65,3,1,0
BRDA:84,4,0,9
BRDA:84,4,1,0
BRDA:98,5,0,9
BRDA:98,5,1,0
BRDA:124,6,0,8
BRDA:124,6,1,1
BRDA:124,7,0,9
BRDA:124,7,1,9
BRDA:124,7,2,9
BRDA:126,8,0,16
BRDA:126,8,1,0
BRDA:127,9,0,16
BRDA:127,9,1,0
BRDA:127,10,0,16
BRDA:127,10,1,0
BRDA:128,11,0,16
BRDA:128,11,1,0
BRDA:126,12,0,16
BRDA:126,12,1,0
BRDA:135,13,0,9
BRDA:135,13,1,0
BRDA:135,13,2,0
BRDA:138,14,0,0
BRDA:138,14,1,0
BRDA:141,15,0,0
BRDA:141,15,1,0
BRDA:166,16,0,0
BRDA:166,16,1,9
BRF:37
BRH:16
end_of_record
TN:
SF:src/components/OfferManager.tsx
FN:12,CreateOfferForm
FN:18,(anonymous_1)
FN:24,(anonymous_2)
FN:29,(anonymous_3)
FN:40,(anonymous_4)
FN:57,(anonymous_5)
FN:68,(anonymous_6)
FN:83,(anonymous_7)
FN:106,OfferCard
FN:143,(anonymous_9)
FN:149,(anonymous_10)
FN:155,(anonymous_11)
FN:166,(anonymous_12)
FN:173,(anonymous_13)
FN:186,OfferManager
FN:197,(anonymous_15)
FN:202,(anonymous_16)
FN:208,(anonymous_17)
FN:213,(anonymous_18)
FN:218,(anonymous_19)
FN:224,(anonymous_20)
FN:228,(anonymous_21)
FN:245,(anonymous_22)
FN:249,(anonymous_23)
FN:268,(anonymous_24)
FN:272,(anonymous_25)
FN:292,(anonymous_26)
FN:296,(anonymous_27)
FN:310,(anonymous_28)
FN:324,(anonymous_29)
FN:349,(anonymous_30)
FNF:31
FNH:0
FNDA:0,CreateOfferForm
FNDA:0,(anonymous_1)
FNDA:0,(anonymous_2)
FNDA:0,(anonymous_3)
FNDA:0,(anonymous_4)
FNDA:0,(anonymous_5)
FNDA:0,(anonymous_6)
FNDA:0,(anonymous_7)
FNDA:0,OfferCard
FNDA:0,(anonymous_9)
FNDA:0,(anonymous_10)
FNDA:0,(anonymous_11)
FNDA:0,(anonymous_12)
FNDA:0,(anonymous_13)
FNDA:0,OfferManager
FNDA:0,(anonymous_15)
FNDA:0,(anonymous_16)
FNDA:0,(anonymous_17)
FNDA:0,(anonymous_18)
FNDA:0,(anonymous_19)
FNDA:0,(anonymous_20)
FNDA:0,(anonymous_21)
FNDA:0,(anonymous_22)
FNDA:0,(anonymous_23)
FNDA:0,(anonymous_24)
FNDA:0,(anonymous_25)
FNDA:0,(anonymous_26)
FNDA:0,(anonymous_27)
FNDA:0,(anonymous_28)
FNDA:0,(anonymous_29)
FNDA:0,(anonymous_30)
DA:13,0
DA:14,0
DA:15,0
DA:17,0
DA:19,0
DA:20,0
DA:21,0
DA:22,0
DA:25,0
DA:29,0
DA:30,0
DA:31,0
DA:32,0
DA:34,0
DA:37,0
DA:38,0
DA:40,0
DA:48,0
DA:57,0
DA:68,0
DA:83,0
DA:107,0
DA:111,0
DA:115,0
DA:122,0
DA:129,0
DA:143,0
DA:149,0
DA:155,0
DA:166,0
DA:174,0
DA:187,0
DA:188,0
DA:189,0
DA:190,0
DA:191,0
DA:193,0
DA:194,0
DA:196,0
DA:198,0
DA:199,0
DA:200,0
DA:203,0
DA:207,0
DA:209,0
DA:210,0
DA:211,0
DA:214,0
DA:218,0
DA:219,0
DA:220,0
DA:224,0
DA:225,0
DA:228,0
DA:230,0
DA:246,0
DA:247,0
DA:249,0
DA:269,0
DA:272,0
DA:293,0
DA:296,0
DA:310,0
DA:325,0
DA:350,0
LF:65
LH:0
BRDA:25,0,0,0
BRDA:25,0,1,0
BRDA:30,1,0,0
BRDA:30,1,1,0
BRDA:34,2,0,0
BRDA:34,2,1,0
BRDA:37,3,0,0
BRDA:37,3,1,0
BRDA:80,4,0,0
BRDA:80,4,1,0
BRDA:111,5,0,0
BRDA:111,5,1,0
BRDA:112,6,0,0
BRDA:112,6,1,0
BRDA:113,7,0,0
BRDA:113,7,1,0
BRDA:124,8,0,0
BRDA:124,8,1,0
BRDA:134,9,0,0
BRDA:134,9,1,0
BRDA:163,10,0,0
BRDA:163,10,1,0
BRDA:163,10,2,0
BRDA:169,11,0,0
BRDA:169,11,1,0
BRDA:171,12,0,0
BRDA:171,12,1,0
BRDA:190,13,0,0
BRDA:190,13,1,0
BRDA:190,14,0,0
BRDA:190,14,1,0
BRDA:191,15,0,0
BRDA:191,15,1,0
BRDA:191,16,0,0
BRDA:191,16,1,0
BRDA:203,17,0,0
BRDA:203,17,1,0
BRDA:214,18,0,0
BRDA:214,18,1,0
BRDA:219,19,0,0
BRDA:219,19,1,0
BRDA:254,20,0,0
BRDA:254,20,1,0
BRDA:254,20,2,0
BRDA:264,21,0,0
BRDA:264,21,1,0
BRDA:266,22,0,0
BRDA:266,22,1,0
BRDA:288,23,0,0
BRDA:288,23,1,0
BRDA:290,24,0,0
BRDA:290,24,1,0
BRDA:321,25,0,0
BRDA:321,25,1,0
BRDA:322,26,0,0
BRDA:322,26,1,0
BRDA:322,27,0,0
BRDA:322,27,1,0
BRDA:340,28,0,0
BRDA:340,28,1,0
BRDA:340,28,2,0
BRF:61
BRH:0
end_of_record
TN:
SF:src/components/PDFUploader.tsx
FN:14,PDFUploader
FN:23,(anonymous_1)
FN:34,(anonymous_2)
FN:39,(anonymous_3)
FN:66,(anonymous_4)
FN:82,(anonymous_5)
FN:88,(anonymous_6)
FNF:7
FNH:0
FNDA:0,PDFUploader
FNDA:0,(anonymous_1)
FNDA:0,(anonymous_2)
FNDA:0,(anonymous_3)
FNDA:0,(anonymous_4)
FNDA:0,(anonymous_5)
FNDA:0,(anonymous_6)
DA:19,0
DA:20,0
DA:21,0
DA:23,0
DA:24,0
DA:25,0
DA:28,0
DA:29,0
DA:30,0
DA:31,0
DA:33,0
DA:34,0
DA:35,0
DA:36,0
DA:37,0
DA:39,0
DA:45,0
DA:50,0
DA:51,0
DA:52,0
DA:58,0
DA:63,0
DA:66,0
DA:67,0
DA:68,0
DA:70,0
DA:73,0
DA:74,0
DA:76,0
DA:80,0
DA:81,0
DA:82,0
DA:83,0
DA:84,0
DA:85,0
DA:86,0
DA:88,0
DA:89,0
DA:91,0
DA:92,0
DA:95,0
DA:98,0
LF:42
LH:0
BRDA:17,0,0,0
BRDA:25,1,0,0
BRDA:25,1,1,0
BRDA:28,2,0,0
BRDA:28,2,1,0
BRDA:28,3,0,0
BRDA:28,3,1,0
BRDA:53,4,0,0
BRDA:53,4,1,0
BRDA:59,5,0,0
BRDA:59,5,1,0
BRDA:80,6,0,0
BRDA:80,6,1,0
BRDA:80,7,0,0
BRDA:80,7,1,0
BRDA:107,8,0,0
BRDA:107,8,1,0
BRDA:110,9,0,0
BRDA:110,9,1,0
BRDA:116,10,0,0
BRDA:116,10,1,0
BRDA:116,10,2,0
BRF:22
BRH:0
end_of_record
TN:
SF:src/components/SettingsTab.tsx
FN:14,SettingsTab
FN:18,(anonymous_1)
FN:28,(anonymous_2)
FN:36,(anonymous_3)
FN:38,(anonymous_4)
FN:39,(anonymous_5)
FN:40,(anonymous_6)
FN:40,(anonymous_7)
FN:44,(anonymous_8)
FN:45,(anonymous_9)
FN:45,(anonymous_10)
FN:49,(anonymous_11)
FN:60,(anonymous_12)
FN:100,(anonymous_13)
FN:130,(anonymous_14)
FN:134,(anonymous_15)
FN:152,(anonymous_16)
FNF:17
FNH:5
FNDA:20,SettingsTab
FNDA:1,(anonymous_1)
FNDA:10,(anonymous_2)
FNDA:0,(anonymous_3)
FNDA:0,(anonymous_4)
FNDA:0,(anonymous_5)
FNDA:0,(anonymous_6)
FNDA:0,(anonymous_7)
FNDA:0,(anonymous_8)
FNDA:0,(anonymous_9)
FNDA:0,(anonymous_10)
FNDA:0,(anonymous_11)
FNDA:1,(anonymous_12)
FNDA:0,(anonymous_13)
FNDA:0,(anonymous_14)
FNDA:40,(anonymous_15)
FNDA:0,(anonymous_16)
DA:15,20
DA:16,20
DA:17,20
DA:19,1
DA:23,20
DA:24,20
DA:25,20
DA:26,20
DA:28,20
DA:29,10
DA:30,10
DA:31,10
DA:32,10
DA:36,20
DA:37,0
DA:38,0
DA:39,0
DA:40,0
DA:44,20
DA:45,0
DA:49,20
DA:50,0
DA:51,0
DA:52,0
DA:53,0
DA:54,0
DA:56,0
DA:60,20
DA:61,1
DA:68,20
DA:69,0
DA:78,20
DA:101,0
DA:103,0
DA:104,0
DA:105,0
DA:130,0
DA:135,40
DA:152,0
LF:39
LH:21
BRDA:29,0,0,10
BRDA:29,0,1,0
BRDA:50,1,0,0
BRDA:50,1,1,0
BRDA:63,2,0,1
BRDA:63,2,1,0
BRDA:68,3,0,0
BRDA:68,3,1,20
BRDA:103,4,0,0
BRDA:103,4,1,0
BRDA:105,5,0,0
BRDA:105,5,1,0
BRDA:110,6,0,20
BRDA:110,6,1,20
BRDA:113,7,0,20
BRDA:113,7,1,0
BRDA:117,8,0,20
BRDA:117,8,1,0
BRDA:117,8,2,0
BRDA:167,9,0,20
BRDA:167,9,1,0
BRDA:168,10,0,0
BRDA:168,10,1,20
BRDA:172,11,0,20
BRDA:172,11,1,20
BRF:25
BRH:11
end_of_record
TN:
SF:src/components/TextInputForm.tsx
FN:17,TextInputForm
FN:38,(anonymous_1)
FN:57,(anonymous_2)
FN:75,(anonymous_3)
FN:87,(anonymous_4)
FN:100,(anonymous_5)
FNF:6
FNH:1
FNDA:3,TextInputForm
FNDA:0,(anonymous_1)
FNDA:0,(anonymous_2)
FNDA:0,(anonymous_3)
FNDA:0,(anonymous_4)
FNDA:0,(anonymous_5)
DA:30,3
DA:38,0
DA:57,0
DA:75,0
DA:87,0
DA:100,0
LF:6
LH:1
BRDA:28,0,0,2
BRDA:44,1,0,3
BRDA:44,1,1,1
BRDA:75,2,0,0
BRDA:75,2,1,0
BRF:5
BRH:3
end_of_record
TN:
SF:src/components/TextInputTab.tsx
FN:13,TextInputTab
FN:33,(anonymous_1)
FN:47,(anonymous_2)
FN:54,(anonymous_3)
FN:62,(anonymous_4)
FN:65,(anonymous_5)
FN:69,(anonymous_6)
FN:72,(anonymous_7)
FN:76,(anonymous_8)
FN:88,(anonymous_9)
FN:90,(anonymous_10)
FN:154,(anonymous_11)
FN:189,(anonymous_12)
FN:190,(anonymous_13)
FN:190,(anonymous_14)
FNF:15
FNH:0
FNDA:0,TextInputTab
FNDA:0,(anonymous_1)
FNDA:0,(anonymous_2)
FNDA:0,(anonymous_3)
FNDA:0,(anonymous_4)
FNDA:0,(anonymous_5)
FNDA:0,(anonymous_6)
FNDA:0,(anonymous_7)
FNDA:0,(anonymous_8)
FNDA:0,(anonymous_9)
FNDA:0,(anonymous_10)
FNDA:0,(anonymous_11)
FNDA:0,(anonymous_12)
FNDA:0,(anonymous_13)
FNDA:0,(anonymous_14)
DA:14,0
DA:15,0
DA:16,0
DA:17,0
DA:18,0
DA:19,0
DA:27,0
DA:28,0
DA:29,0
DA:30,0
DA:33,0
DA:34,0
DA:35,0
DA:36,0
DA:37,0
DA:38,0
DA:39,0
DA:40,0
DA:41,0
DA:42,0
DA:43,0
DA:46,0
DA:48,0
DA:49,0
DA:55,0
DA:62,0
DA:64,0
DA:65,0
DA:66,0
DA:69,0
DA:72,0
DA:73,0
DA:76,0
DA:77,0
DA:78,0
DA:79,0
DA:82,0
DA:83,0
DA:84,0
DA:86,0
DA:88,0
DA:89,0
DA:91,0
DA:101,0
DA:114,0
DA:115,0
DA:118,0
DA:119,0
DA:120,0
DA:124,0
DA:154,0
DA:190,0
LF:52
LH:0
BRDA:50,0,0,0
BRDA:50,0,1,0
BRDA:56,1,0,0
BRDA:56,1,1,0
BRDA:64,2,0,0
BRDA:64,2,1,0
BRDA:64,3,0,0
BRDA:64,3,1,0
BRDA:77,4,0,0
BRDA:77,4,1,0
BRDA:104,5,0,0
BRDA:104,5,1,0
BRDA:106,6,0,0
BRDA:106,6,1,0
BRDA:107,7,0,0
BRDA:107,7,1,0
BRDA:114,8,0,0
BRDA:114,8,1,0
BRDA:114,9,0,0
BRDA:114,9,1,0
BRDA:168,10,0,0
BRDA:168,10,1,0
BRDA:171,11,0,0
BRDA:171,11,1,0
BRDA:173,12,0,0
BRDA:173,12,1,0
BRDA:174,13,0,0
BRDA:174,13,1,0
BRDA:174,13,2,0
BRDA:184,14,0,0
BRDA:184,14,1,0
BRF:31
BRH:0
end_of_record
TN:
SF:src/components/capsules/AnchorCard.tsx
FN:25,AnchorCard
FN:56,(anonymous_1)
FN:68,(anonymous_2)
FN:74,(anonymous_3)
FN:80,(anonymous_4)
FN:88,(anonymous_5)
FN:105,(anonymous_6)
FN:130,(anonymous_7)
FN:134,(anonymous_8)
FN:142,(anonymous_9)
FN:146,(anonymous_10)
FN:154,(anonymous_11)
FN:158,(anonymous_12)
FNF:13
FNH:0
FNDA:0,AnchorCard
FNDA:0,(anonymous_1)
FNDA:0,(anonymous_2)
FNDA:0,(anonymous_3)
FNDA:0,(anonymous_4)
FNDA:0,(anonymous_5)
FNDA:0,(anonymous_6)
FNDA:0,(anonymous_7)
FNDA:0,(anonymous_8)
FNDA:0,(anonymous_9)
FNDA:0,(anonymous_10)
FNDA:0,(anonymous_11)
FNDA:0,(anonymous_12)
DA:39,0
DA:40,0
DA:41,0
DA:43,0
DA:44,0
DA:46,0
DA:57,0
DA:68,0
DA:74,0
DA:80,0
DA:88,0
DA:105,0
DA:131,0
DA:132,0
DA:134,0
DA:143,0
DA:144,0
DA:146,0
DA:155,0
DA:156,0
DA:158,0
LF:21
LH:0
BRDA:34,0,0,0
BRDA:35,1,0,0
BRDA:36,2,0,0
BRDA:37,3,0,0
BRDA:43,4,0,0
BRDA:43,4,1,0
BRDA:52,5,0,0
BRDA:52,5,1,0
BRDA:52,5,2,0
BRDA:63,6,0,0
BRDA:63,6,1,0
BRDA:68,7,0,0
BRDA:68,7,1,0
BRDA:71,8,0,0
BRDA:71,8,1,0
BRDA:86,9,0,0
BRDA:86,9,1,0
BRDA:92,10,0,0
BRDA:92,10,1,0
BRDA:93,11,0,0
BRDA:93,11,1,0
BRDA:99,12,0,0
BRDA:99,12,1,0
BRDA:101,13,0,0
BRDA:101,13,1,0
BRDA:109,14,0,0
BRDA:109,14,1,0
BRDA:114,15,0,0
BRDA:114,15,1,0
BRF:29
BRH:0
end_of_record
TN:
SF:src/components/capsules/CapsuleCard.tsx
FN:23,CapsuleCard
FN:51,(anonymous_1)
FN:63,(anonymous_2)
FNF:3
FNH:0
FNDA:0,CapsuleCard
FNDA:0,(anonymous_1)
FNDA:0,(anonymous_2)
DA:39,0
DA:51,0
DA:64,0
LF:3
LH:0
BRDA:34,0,0,0
BRDA:35,1,0,0
BRDA:36,2,0,0
BRDA:37,3,0,0
BRDA:47,4,0,0
BRDA:47,4,1,0
BRDA:47,5,0,0
BRDA:47,5,1,0
BRDA:47,6,0,0
BRDA:47,6,1,0
BRDA:54,7,0,0
BRDA:54,7,1,0
BRDA:58,8,0,0
BRDA:58,8,1,0
BRDA:60,9,0,0
BRDA:60,9,1,0
BRDA:60,10,0,0
BRDA:60,10,1,0
BRF:18
BRH:0
end_of_record
TN:
SF:src/components/capsules/CapsuleInfoSection.tsx
FN:5,CapsuleInfoSection
FN:13,(anonymous_1)
FNF:2
FNH:0
FNDA:0,CapsuleInfoSection
FNDA:0,(anonymous_1)
DA:6,0
DA:8,0
DA:13,0
LF:3
LH:0
BRDA:16,0,0,0
BRDA:16,0,1,0
BRDA:19,1,0,0
BRDA:19,1,1,0
BRF:4
BRH:0
end_of_record
TN:
SF:src/components/capsules/CapsuleList.tsx
FN:23,CapsuleList
FN:43,(anonymous_1)
FNF:2
FNH:0
FNDA:0,CapsuleList
FNDA:0,(anonymous_1)
DA:39,0
DA:44,0
LF:2
LH:0
BRDA:34,0,0,0
BRDA:35,1,0,0
BRDA:36,2,0,0
BRDA:37,3,0,0
BRDA:43,4,0,0
BRDA:43,4,1,0
BRF:6
BRH:0
end_of_record
TN:
SF:src/components/capsules/CreateCapsuleForm.tsx
FN:11,CreateCapsuleForm
FN:27,(anonymous_1)
FN:35,(anonymous_2)
FN:43,(anonymous_3)
FN:47,(anonymous_4)
FN:52,(anonymous_5)
FN:69,(anonymous_6)
FN:75,(anonymous_7)
FN:91,(anonymous_8)
FN:107,(anonymous_9)
FN:120,(anonymous_10)
FN:135,(anonymous_11)
FN:148,(anonymous_12)
FNF:13
FNH:9
FNDA:26,CreateCapsuleForm
FNDA:1,(anonymous_1)
FNDA:0,(anonymous_2)
FNDA:8,(anonymous_3)
FNDA:0,(anonymous_4)
FNDA:0,(anonymous_5)
FNDA:8,(anonymous_6)
FNDA:1,(anonymous_7)
FNDA:7,(anonymous_8)
FNDA:2,(anonymous_9)
FNDA:1,(anonymous_10)
FNDA:1,(anonymous_11)
FNDA:0,(anonymous_12)
DA:12,26
DA:13,26
DA:21,26
DA:22,26
DA:23,26
DA:24,26
DA:26,26
DA:28,1
DA:29,1
DA:31,1
DA:32,1
DA:33,1
DA:37,0
DA:38,0
DA:43,26
DA:44,8
DA:46,0
DA:47,0
DA:48,0
DA:52,0
DA:53,0
DA:57,8
DA:58,0
DA:59,0
DA:61,8
DA:62,0
DA:63,0
DA:65,8
DA:66,8
DA:69,8
DA:70,8
DA:71,8
DA:75,26
DA:76,1
DA:77,1
DA:85,26
DA:91,7
DA:108,2
DA:121,1
DA:136,1
DA:149,0
LF:41
LH:29
BRDA:44,0,0,0
BRDA:44,0,1,8
BRDA:57,1,0,0
BRDA:57,1,1,8
BRDA:61,2,0,0
BRDA:61,2,1,8
BRDA:70,3,0,0
BRDA:70,3,1,8
BRDA:71,4,0,0
BRDA:71,4,1,8
BRDA:81,5,0,1
BRDA:81,5,1,1
BRDA:94,6,0,16
BRDA:94,6,1,10
BRDA:97,7,0,26
BRDA:97,7,1,16
BRDA:160,8,0,16
BRDA:160,8,1,0
BRDA:161,9,0,0
BRDA:161,9,1,16
BRDA:165,10,0,16
BRDA:165,10,1,0
BRDA:165,10,2,0
BRDA:173,11,0,16
BRDA:173,11,1,0
BRDA:175,12,0,0
BRDA:175,12,1,0
BRF:27
BRH:15
end_of_record
TN:
SF:src/components/capsules/DerivativeItem.tsx
FN:16,DerivativeItem
FN:28,(anonymous_1)
FN:33,(anonymous_2)
FN:38,(anonymous_3)
FN:57,(anonymous_4)
FN:82,(anonymous_5)
FN:91,(anonymous_6)
FN:108,(anonymous_7)
FNF:8
FNH:0
FNDA:0,DerivativeItem
FNDA:0,(anonymous_1)
FNDA:0,(anonymous_2)
FNDA:0,(anonymous_3)
FNDA:0,(anonymous_4)
FNDA:0,(anonymous_5)
FNDA:0,(anonymous_6)
FNDA:0,(anonymous_7)
DA:24,0
DA:25,0
DA:26,0
DA:28,0
DA:29,0
DA:30,0
DA:33,0
DA:34,0
DA:35,0
DA:38,0
DA:39,0
DA:40,0
DA:43,0
DA:57,0
DA:83,0
DA:84,0
DA:91,0
DA:108,0
LF:18
LH:0
BRDA:20,0,0,0
BRDA:21,1,0,0
BRDA:22,2,0,0
BRDA:46,3,0,0
BRDA:46,3,1,0
BRDA:53,4,0,0
BRDA:53,4,1,0
BRF:7
BRH:0
end_of_record
TN:
SF:src/components/capsules/DerivativeList.tsx
FN:14,DerivativeList
FN:23,(anonymous_1)
FN:31,(anonymous_2)
FN:41,(anonymous_3)
FN:53,(anonymous_4)
FN:59,(anonymous_5)
FNF:6
FNH:0
FNDA:0,DerivativeList
FNDA:0,(anonymous_1)
FNDA:0,(anonymous_2)
FNDA:0,(anonymous_3)
FNDA:0,(anonymous_4)
FNDA:0,(anonymous_5)
DA:22,0
DA:24,0
DA:25,0
DA:26,0
DA:31,0
DA:32,0
DA:38,0
DA:41,0
DA:42,0
DA:48,0
DA:51,0
DA:54,0
DA:60,0
LF:13
LH:0
BRDA:18,0,0,0
BRDA:19,1,0,0
BRDA:22,2,0,0
BRDA:22,2,1,0
BRDA:24,3,0,0
BRDA:24,3,1,0
BRDA:38,4,0,0
BRDA:38,4,1,0
BRDA:48,5,0,0
BRDA:48,5,1,0
BRDA:56,6,0,0
BRDA:56,6,1,0
BRDA:56,7,0,0
BRDA:56,7,1,0
BRDA:59,8,0,0
BRDA:59,8,1,0
BRF:16
BRH:0
end_of_record
TN:
SF:src/components/capsules/PDFProcessingStatus.tsx
FN:21,PDFProcessingStatus
FN:46,(anonymous_1)
FN:56,(anonymous_2)
FN:68,(anonymous_3)
FNF:4
FNH:0
FNDA:0,PDFProcessingStatus
FNDA:0,(anonymous_1)
FNDA:0,(anonymous_2)
FNDA:0,(anonymous_3)
DA:22,0
DA:24,0
DA:47,0
DA:57,0
DA:69,0
LF:5
LH:0
BRDA:22,0,0,0
BRDA:22,0,1,0
BRDA:26,1,0,0
BRDA:26,1,1,0
BRDA:29,2,0,0
BRDA:29,2,1,0
BRDA:32,3,0,0
BRDA:32,3,1,0
BRDA:35,4,0,0
BRDA:35,4,1,0
BRDA:35,4,2,0
BRDA:42,5,0,0
BRDA:42,5,1,0
BRDA:52,6,0,0
BRDA:52,6,1,0
BRDA:73,7,0,0
BRDA:73,7,1,0
BRDA:87,8,0,0
BRDA:87,8,1,0
BRF:19
BRH:0
end_of_record
TN:
SF:src/components/capsules/PDFUploadSection.tsx
FN:14,PDFUploadSection
FN:40,(anonymous_1)
FN:57,(anonymous_2)
FN:63,(anonymous_3)
FN:73,(anonymous_4)
FN:115,(anonymous_5)
FN:146,(anonymous_6)
FN:159,(anonymous_7)
FN:173,(anonymous_8)
FN:177,(anonymous_9)
FN:188,(anonymous_10)
FN:201,(anonymous_11)
FN:218,(anonymous_12)
FN:232,(anonymous_13)
FN:248,(anonymous_14)
FN:258,(anonymous_15)
FNF:16
FNH:0
FNDA:0,PDFUploadSection
FNDA:0,(anonymous_1)
FNDA:0,(anonymous_2)
FNDA:0,(anonymous_3)
FNDA:0,(anonymous_4)
FNDA:0,(anonymous_5)
FNDA:0,(anonymous_6)
FNDA:0,(anonymous_7)
FNDA:0,(anonymous_8)
FNDA:0,(anonymous_9)
FNDA:0,(anonymous_10)
FNDA:0,(anonymous_11)
FNDA:0,(anonymous_12)
FNDA:0,(anonymous_13)
FNDA:0,(anonymous_14)
FNDA:0,(anonymous_15)
DA:15,0
DA:16,0
DA:17,0
DA:18,0
DA:19,0
DA:24,0
DA:38,0
DA:39,0
DA:41,0
DA:49,0
DA:50,0
DA:51,0
DA:52,0
DA:53,0
DA:55,0
DA:58,0
DA:59,0
DA:63,0
DA:64,0
DA:65,0
DA:66,0
DA:67,0
DA:69,0
DA:73,0
DA:74,0
DA:75,0
DA:76,0
DA:79,0
DA:82,0
DA:83,0
DA:84,0
DA:85,0
DA:88,0
DA:90,0
DA:91,0
DA:97,0
DA:99,0
DA:100,0
DA:101,0
DA:104,0
DA:105,0
DA:106,0
DA:110,0
DA:112,0
DA:114,0
DA:115,0
DA:116,0
DA:117,0
DA:119,0
DA:121,0
DA:128,0
DA:130,0
DA:131,0
DA:135,0
DA:147,0
DA:148,0
DA:160,0
DA:161,0
DA:162,0
DA:173,0
DA:178,0
DA:188,0
DA:202,0
DA:203,0
DA:219,0
DA:233,0
DA:249,0
DA:259,0
DA:260,0
LF:69
LH:0
BRDA:51,0,0,0
BRDA:51,0,1,0
BRDA:65,1,0,0
BRDA:65,1,1,0
BRDA:65,2,0,0
BRDA:65,2,1,0
BRDA:74,3,0,0
BRDA:74,3,1,0
BRDA:82,4,0,0
BRDA:82,4,1,0
BRDA:82,5,0,0
BRDA:82,5,1,0
BRDA:83,6,0,0
BRDA:83,6,1,0
BRDA:83,7,0,0
BRDA:83,7,1,0
BRDA:83,7,2,0
BRDA:100,8,0,0
BRDA:100,8,1,0
BRDA:104,9,0,0
BRDA:104,9,1,0
BRDA:131,10,0,0
BRDA:131,10,1,0
BRDA:170,11,0,0
BRDA:170,11,1,0
BRDA:185,12,0,0
BRDA:185,12,1,0
BRDA:282,13,0,0
BRDA:282,13,1,0
BRDA:289,14,0,0
BRDA:289,14,1,0
BRDA:289,14,2,0
BRDA:289,14,3,0
BRDA:289,14,4,0
BRDA:289,14,5,0
BRDA:289,14,6,0
BRDA:289,14,7,0
BRDA:289,14,8,0
BRDA:289,14,9,0
BRDA:297,15,0,0
BRDA:297,15,1,0
BRDA:297,16,0,0
BRDA:297,16,1,0
BRF:43
BRH:0
end_of_record
TN:
SF:src/components/enrichment/ConceptEnrichmentStudio.tsx
FN:29,ConceptEnrichmentStudio
FN:64,(anonymous_1)
FN:70,(anonymous_2)
FN:84,(anonymous_3)
FN:109,(anonymous_4)
FN:133,(anonymous_5)
FN:142,(anonymous_6)
FN:160,(anonymous_7)
FN:169,(anonymous_8)
FN:171,(anonymous_9)
FN:183,(anonymous_10)
FN:191,(anonymous_11)
FN:195,(anonymous_12)
FN:196,(anonymous_13)
FN:200,(anonymous_14)
FN:202,(anonymous_15)
FN:202,(anonymous_16)
FN:206,(anonymous_17)
FN:219,(anonymous_18)
FN:237,(anonymous_19)
FN:255,(anonymous_20)
FN:266,(anonymous_21)
FN:270,(anonymous_22)
FN:287,(anonymous_23)
FN:295,(anonymous_24)
FN:316,(anonymous_25)
FN:320,(anonymous_26)
FN:323,(anonymous_27)
FN:332,(anonymous_28)
FN:342,(anonymous_29)
FN:345,(anonymous_30)
FN:363,(anonymous_31)
FN:394,(anonymous_32)
FNF:33
FNH:0
FNDA:0,ConceptEnrichmentStudio
FNDA:0,(anonymous_1)
FNDA:0,(anonymous_2)
FNDA:0,(anonymous_3)
FNDA:0,(anonymous_4)
FNDA:0,(anonymous_5)
FNDA:0,(anonymous_6)
FNDA:0,(anonymous_7)
FNDA:0,(anonymous_8)
FNDA:0,(anonymous_9)
FNDA:0,(anonymous_10)
FNDA:0,(anonymous_11)
FNDA:0,(anonymous_12)
FNDA:0,(anonymous_13)
FNDA:0,(anonymous_14)
FNDA:0,(anonymous_15)
FNDA:0,(anonymous_16)
FNDA:0,(anonymous_17)
FNDA:0,(anonymous_18)
FNDA:0,(anonymous_19)
FNDA:0,(anonymous_20)
FNDA:0,(anonymous_21)
FNDA:0,(anonymous_22)
FNDA:0,(anonymous_23)
FNDA:0,(anonymous_24)
FNDA:0,(anonymous_25)
FNDA:0,(anonymous_26)
FNDA:0,(anonymous_27)
FNDA:0,(anonymous_28)
FNDA:0,(anonymous_29)
FNDA:0,(anonymous_30)
FNDA:0,(anonymous_31)
FNDA:0,(anonymous_32)
DA:31,0
DA:34,0
DA:37,0
DA:47,0
DA:48,0
DA:49,0
DA:50,0
DA:51,0
DA:52,0
DA:53,0
DA:56,0
DA:61,0
DA:64,0
DA:65,0
DA:66,0
DA:67,0
DA:69,0
DA:70,0
DA:78,0
DA:84,0
DA:85,0
DA:86,0
DA:87,0
DA:95,0
DA:101,0
DA:102,0
DA:103,0
DA:104,0
DA:105,0
DA:106,0
DA:109,0
DA:110,0
DA:111,0
DA:119,0
DA:120,0
DA:121,0
DA:133,0
DA:135,0
DA:137,0
DA:139,0
DA:140,0
DA:141,0
DA:143,0
DA:144,0
DA:152,0
DA:154,0
DA:155,0
DA:157,0
DA:158,0
DA:161,0
DA:169,0
DA:170,0
DA:171,0
DA:172,0
DA:184,0
DA:185,0
DA:191,0
DA:195,0
DA:196,0
DA:197,0
DA:200,0
DA:201,0
DA:202,0
DA:205,0
DA:207,0
DA:209,0
DA:210,0
DA:212,0
DA:215,0
DA:216,0
DA:217,0
DA:219,0
DA:228,0
DA:231,0
DA:235,0
DA:237,0
DA:246,0
DA:250,0
DA:255,0
DA:265,0
DA:266,0
DA:270,0
DA:280,0
DA:286,0
DA:289,0
DA:295,0
DA:297,0
DA:298,0
DA:300,0
DA:301,0
DA:307,0
DA:316,0
DA:318,0
DA:319,0
DA:320,0
DA:322,0
DA:323,0
DA:326,0
DA:332,0
DA:334,0
DA:336,0
DA:342,0
DA:343,0
DA:344,0
DA:348,0
DA:351,0
DA:352,0
DA:364,0
DA:365,0
DA:372,0
DA:373,0
DA:380,0
DA:394,0
LF:113
LH:0
BRDA:34,0,0,0
BRDA:34,0,1,0
BRDA:57,1,0,0
BRDA:57,1,1,0
BRDA:58,2,0,0
BRDA:58,2,1,0
BRDA:65,3,0,0
BRDA:65,3,1,0
BRDA:65,4,0,0
BRDA:65,4,1,0
BRDA:65,4,2,0
BRDA:69,5,0,0
BRDA:69,5,1,0
BRDA:69,6,0,0
BRDA:69,6,1,0
BRDA:75,7,0,0
BRDA:75,7,1,0
BRDA:76,8,0,0
BRDA:76,8,1,0
BRDA:85,9,0,0
BRDA:85,9,1,0
BRDA:91,10,0,0
BRDA:91,10,1,0
BRDA:92,11,0,0
BRDA:92,11,1,0
BRDA:110,12,0,0
BRDA:110,12,1,0
BRDA:110,13,0,0
BRDA:110,13,1,0
BRDA:112,14,0,0
BRDA:112,14,1,0
BRDA:113,15,0,0
BRDA:113,15,1,0
BRDA:114,16,0,0
BRDA:114,16,1,0
BRDA:115,17,0,0
BRDA:115,17,1,0
BRDA:116,18,0,0
BRDA:116,18,1,0
BRDA:117,19,0,0
BRDA:117,19,1,0
BRDA:119,20,0,0
BRDA:119,20,1,0
BRDA:119,21,0,0
BRDA:119,21,1,0
BRDA:123,22,0,0
BRDA:123,22,1,0
BRDA:125,23,0,0
BRDA:125,23,1,0
BRDA:126,24,0,0
BRDA:126,24,1,0
BRDA:127,25,0,0
BRDA:127,25,1,0
BRDA:135,26,0,0
BRDA:135,26,1,0
BRDA:137,27,0,0
BRDA:137,27,1,0
BRDA:137,28,0,0
BRDA:137,28,1,0
BRDA:137,28,2,0
BRDA:139,29,0,0
BRDA:139,29,1,0
BRDA:139,30,0,0
BRDA:139,30,1,0
BRDA:139,30,2,0
BRDA:154,31,0,0
BRDA:154,31,1,0
BRDA:170,32,0,0
BRDA:170,32,1,0
BRDA:170,33,0,0
BRDA:170,33,1,0
BRDA:170,33,2,0
BRDA:210,34,0,0
BRDA:210,34,1,0
BRDA:210,34,2,0
BRDA:213,35,0,0
BRDA:213,35,1,0
BRDA:215,36,0,0
BRDA:215,36,1,0
BRDA:216,37,0,0
BRDA:216,37,1,0
BRDA:217,38,0,0
BRDA:217,38,1,0
BRDA:232,39,0,0
BRDA:232,39,1,0
BRDA:251,40,0,0
BRDA:251,40,1,0
BRDA:265,41,0,0
BRDA:265,41,1,0
BRDA:275,42,0,0
BRDA:275,42,1,0
BRDA:302,43,0,0
BRDA:302,43,1,0
BRDA:319,44,0,0
BRDA:319,44,1,0
BRDA:322,45,0,0
BRDA:322,45,1,0
BRDA:329,46,0,0
BRDA:329,46,1,0
BRDA:343,47,0,0
BRDA:343,47,1,0
BRDA:351,48,0,0
BRDA:351,48,1,0
BRDA:372,49,0,0
BRDA:372,49,1,0
BRDA:385,50,0,0
BRDA:385,50,1,0
BRDA:388,51,0,0
BRDA:388,51,1,0
BRDA:390,52,0,0
BRDA:390,52,1,0
BRDA:401,53,0,0
BRDA:401,53,1,0
BRDA:404,54,0,0
BRDA:404,54,1,0
BRDA:404,54,2,0
BRDA:406,55,0,0
BRDA:406,55,1,0
BRDA:406,56,0,0
BRDA:406,56,1,0
BRDA:407,57,0,0
BRDA:407,57,1,0
BRDA:408,58,0,0
BRDA:408,58,1,0
BRF:124
BRH:0
end_of_record
TN:
SF:src/components/enrichment/EnrichmentChatPanel.tsx
FN:14,EnrichmentChatPanel
FN:24,(anonymous_1)
FN:28,(anonymous_2)
FN:32,(anonymous_3)
FN:55,(anonymous_4)
FN:58,(anonymous_5)
FN:79,(anonymous_6)
FN:121,(anonymous_7)
FNF:8
FNH:0
FNDA:0,EnrichmentChatPanel
FNDA:0,(anonymous_1)
FNDA:0,(anonymous_2)
FNDA:0,(anonymous_3)
FNDA:0,(anonymous_4)
FNDA:0,(anonymous_5)
FNDA:0,(anonymous_6)
FNDA:0,(anonymous_7)
DA:21,0
DA:22,0
DA:24,0
DA:25,0
DA:28,0
DA:29,0
DA:32,0
DA:33,0
DA:34,0
DA:35,0
DA:36,0
DA:40,0
DA:56,0
DA:58,0
DA:80,0
DA:121,0
LF:16
LH:0
BRDA:34,0,0,0
BRDA:34,0,1,0
BRDA:34,1,0,0
BRDA:34,1,1,0
BRDA:49,2,0,0
BRDA:49,2,1,0
BRDA:72,3,0,0
BRDA:72,3,1,0
BRDA:72,3,2,0
BRDA:82,4,0,0
BRDA:82,4,1,0
BRDA:86,5,0,0
BRDA:86,5,1,0
BRDA:92,6,0,0
BRDA:92,6,1,0
BRDA:92,6,2,0
BRDA:101,7,0,0
BRDA:101,7,1,0
BRDA:128,8,0,0
BRDA:128,8,1,0
BRF:20
BRH:0
end_of_record
TN:
SF:src/components/enrichment/EnrichmentEditorPanel.tsx
FN:13,EnrichmentEditorPanel
FN:21,(anonymous_1)
FN:22,(anonymous_2)
FN:25,(anonymous_3)
FN:37,(anonymous_4)
FN:59,(anonymous_5)
FN:65,(anonymous_6)
FN:80,(anonymous_7)
FN:87,(anonymous_8)
FN:102,(anonymous_9)
FN:109,(anonymous_10)
FN:127,(anonymous_11)
FN:133,(anonymous_12)
FN:149,(anonymous_13)
FN:155,(anonymous_14)
FN:171,(anonymous_15)
FN:177,(anonymous_16)
FN:187,SuggestionCard
FN:204,(anonymous_18)
FNF:19
FNH:0
FNDA:0,EnrichmentEditorPanel
FNDA:0,(anonymous_1)
FNDA:0,(anonymous_2)
FNDA:0,(anonymous_3)
FNDA:0,(anonymous_4)
FNDA:0,(anonymous_5)
FNDA:0,(anonymous_6)
FNDA:0,(anonymous_7)
FNDA:0,(anonymous_8)
FNDA:0,(anonymous_9)
FNDA:0,(anonymous_10)
FNDA:0,(anonymous_11)
FNDA:0,(anonymous_12)
FNDA:0,(anonymous_13)
FNDA:0,(anonymous_14)
FNDA:0,(anonymous_15)
FNDA:0,(anonymous_16)
FNDA:0,SuggestionCard
FNDA:0,(anonymous_18)
DA:19,0
DA:21,0
DA:22,0
DA:25,0
DA:26,0
DA:29,0
DA:37,0
DA:59,0
DA:66,0
DA:80,0
DA:88,0
DA:102,0
DA:110,0
DA:127,0
DA:134,0
DA:149,0
DA:156,0
DA:171,0
DA:178,0
DA:194,0
DA:204,0
LF:21
LH:0
BRDA:35,0,0,0
BRDA:35,0,1,0
BRDA:40,1,0,0
BRDA:40,1,1,0
BRDA:52,2,0,0
BRDA:52,2,1,0
BRDA:61,3,0,0
BRDA:61,3,1,0
BRDA:64,4,0,0
BRDA:64,4,1,0
BRDA:74,5,0,0
BRDA:74,5,1,0
BRDA:83,6,0,0
BRDA:83,6,1,0
BRDA:86,7,0,0
BRDA:86,7,1,0
BRDA:96,8,0,0
BRDA:96,8,1,0
BRDA:105,9,0,0
BRDA:105,9,1,0
BRDA:108,10,0,0
BRDA:108,10,1,0
BRDA:120,11,0,0
BRDA:120,11,1,0
BRDA:129,12,0,0
BRDA:129,12,1,0
BRDA:132,13,0,0
BRDA:132,13,1,0
BRDA:142,14,0,0
BRDA:142,14,1,0
BRDA:151,15,0,0
BRDA:151,15,1,0
BRDA:154,16,0,0
BRDA:154,16,1,0
BRDA:164,17,0,0
BRDA:164,17,1,0
BRDA:173,18,0,0
BRDA:173,18,1,0
BRDA:176,19,0,0
BRDA:176,19,1,0
BRDA:198,20,0,0
BRDA:198,20,1,0
BRDA:210,21,0,0
BRDA:210,21,1,0
BRF:44
BRH:0
end_of_record
TN:
SF:src/components/ui/ConfirmDialog.tsx
FN:14,ConfirmDialog
FNF:1
FNH:1
FNDA:9,ConfirmDialog
DA:24,9
DA:27,8
DA:31,8
LF:3
LH:3
BRDA:18,0,0,8
BRDA:19,1,0,8
BRDA:22,2,0,7
BRDA:24,3,0,1
BRDA:24,3,1,8
BRDA:27,4,0,1
BRDA:27,4,1,7
BRF:7
BRH:7
end_of_record
TN:
SF:src/components/ui/ContextualHelp.tsx
FN:11,ContextualHelp
FN:25,(anonymous_1)
FN:35,(anonymous_2)
FN:43,(anonymous_3)
FNF:4
FNH:0
FNDA:0,ContextualHelp
FNDA:0,(anonymous_1)
FNDA:0,(anonymous_2)
FNDA:0,(anonymous_3)
DA:12,0
DA:14,0
DA:21,0
DA:25,0
DA:35,0
DA:43,0
LF:6
LH:0
BRDA:11,0,0,0
BRDA:31,1,0,0
BRDA:31,1,1,0
BRF:3
BRH:0
end_of_record
TN:
SF:src/components/ui/DataQualityIndicator.tsx
FN:17,DataQualityIndicator
FNF:1
FNH:0
FNDA:0,DataQualityIndicator
DA:22,0
DA:23,0
DA:27,0
DA:28,0
DA:46,0
DA:47,0
DA:48,0
DA:51,0
DA:58,0
DA:65,0
DA:71,0
LF:11
LH:0
BRDA:22,0,0,0
BRDA:22,0,1,0
BRDA:22,1,0,0
BRDA:22,1,1,0
BRDA:27,2,0,0
BRDA:27,2,1,0
BRDA:48,3,0,0
BRDA:48,3,1,0
BRDA:48,4,0,0
BRDA:48,4,1,0
BRDA:51,5,0,0
BRDA:51,5,1,0
BRDA:53,6,0,0
BRDA:53,6,1,0
BRDA:58,7,0,0
BRDA:58,7,1,0
BRDA:60,8,0,0
BRDA:60,8,1,0
BRDA:65,9,0,0
BRDA:65,9,1,0
BRDA:67,10,0,0
BRDA:67,10,1,0
BRDA:75,11,0,0
BRDA:75,11,1,0
BRDA:79,12,0,0
BRDA:79,12,1,0
BRDA:91,13,0,0
BRDA:91,13,1,0
BRDA:91,14,0,0
BRDA:91,14,1,0
BRDA:94,15,0,0
BRDA:94,15,1,0
BRDA:94,16,0,0
BRDA:94,16,1,0
BRDA:95,17,0,0
BRDA:95,17,1,0
BRDA:95,17,2,0
BRDA:96,18,0,0
BRDA:96,18,1,0
BRDA:96,19,0,0
BRDA:96,19,1,0
BRDA:97,20,0,0
BRDA:97,20,1,0
BRDA:97,20,2,0
BRDA:97,20,3,0
BRDA:97,21,0,0
BRDA:97,21,1,0
BRDA:99,22,0,0
BRDA:99,22,1,0
BRF:49
BRH:0
end_of_record
TN:
SF:src/components/ui/EmptyState.tsx
FN:10,EmptyState
FNF:1
FNH:1
FNDA:4,EmptyState
DA:16,4
LF:1
LH:1
BRDA:35,0,0,4
BRDA:35,0,1,2
BRDA:35,0,2,2
BRF:3
BRH:3
end_of_record
TN:
SF:src/components/ui/HealthStatusCard.tsx
FN:15,HealthStatusCard
FN:18,(anonymous_1)
FN:29,(anonymous_2)
FN:40,(anonymous_3)
FN:51,(anonymous_4)
FN:68,(anonymous_5)
FN:113,(anonymous_6)
FN:184,(anonymous_7)
FN:201,(anonymous_8)
FN:215,(anonymous_9)
FNF:10
FNH:7
FNDA:18,HealthStatusCard
FNDA:54,(anonymous_1)
FNDA:18,(anonymous_2)
FNDA:18,(anonymous_3)
FNDA:18,(anonymous_4)
FNDA:18,(anonymous_5)
FNDA:0,(anonymous_6)
FNDA:0,(anonymous_7)
FNDA:0,(anonymous_8)
FNDA:1,(anonymous_9)
DA:16,18
DA:18,18
DA:19,54
DA:21,54
DA:23,0
DA:25,0
DA:29,18
DA:30,18
DA:32,18
DA:34,0
DA:36,0
DA:40,18
DA:41,18
DA:43,18
DA:45,0
DA:47,0
DA:51,18
DA:52,18
DA:53,18
DA:54,18
DA:55,18
DA:56,18
DA:57,18
DA:58,18
DA:60,18
DA:61,9
DA:62,9
DA:64,0
DA:68,18
DA:69,18
DA:70,18
DA:71,0
DA:74,18
DA:75,0
DA:85,18
DA:86,0
DA:87,0
DA:88,0
DA:90,0
DA:115,0
DA:136,18
DA:137,0
DA:144,18
DA:145,18
DA:146,18
DA:147,18
DA:149,18
DA:184,0
DA:202,0
DA:215,1
LF:50
LH:33
BRDA:19,0,0,54
BRDA:19,0,1,0
BRDA:19,0,2,0
BRDA:30,1,0,18
BRDA:30,1,1,0
BRDA:30,1,2,0
BRDA:41,2,0,18
BRDA:41,2,1,0
BRDA:41,2,2,0
BRDA:60,3,0,9
BRDA:60,3,1,9
BRDA:61,4,0,0
BRDA:61,4,1,9
BRDA:69,5,0,0
BRDA:69,5,1,18
BRDA:70,6,0,18
BRDA:70,6,1,0
BRDA:74,7,0,0
BRDA:74,7,1,18
BRDA:85,8,0,0
BRDA:85,8,1,18
BRDA:85,9,0,18
BRDA:85,9,1,18
BRDA:86,10,0,0
BRDA:86,10,1,0
BRDA:88,11,0,0
BRDA:88,11,1,0
BRDA:94,12,0,0
BRDA:94,12,1,0
BRDA:101,13,0,0
BRDA:101,13,1,0
BRDA:120,14,0,0
BRDA:120,14,1,0
BRDA:122,15,0,0
BRDA:122,15,1,0
BRDA:122,15,2,0
BRDA:136,16,0,0
BRDA:136,16,1,18
BRDA:146,17,0,18
BRDA:146,17,1,9
BRDA:167,18,0,18
BRDA:167,18,1,0
BRDA:167,19,0,0
BRDA:167,19,1,0
BRDA:168,20,0,18
BRDA:168,20,1,18
BRDA:168,20,2,18
BRDA:181,21,0,18
BRDA:181,21,1,0
BRDA:181,22,0,0
BRDA:181,22,1,0
BRDA:182,23,0,18
BRDA:182,23,1,1
BRDA:182,23,2,0
BRDA:195,24,0,18
BRDA:195,24,1,18
BRDA:195,24,2,0
BRDA:204,25,0,0
BRDA:204,25,1,0
BRDA:213,26,0,18
BRDA:213,26,1,0
BRF:61
BRH:25
end_of_record
TN:
SF:src/components/ui/InputDialog.tsx
FN:17,InputDialog
FN:30,(anonymous_1)
FN:38,(anonymous_2)
FN:44,(anonymous_3)
FN:60,(anonymous_4)
FNF:5
FNH:5
FNDA:31,InputDialog
FNDA:18,(anonymous_1)
FNDA:2,(anonymous_2)
FNDA:2,(anonymous_3)
FNDA:6,(anonymous_4)
DA:28,31
DA:30,31
DA:31,18
DA:32,16
DA:36,31
DA:38,29
DA:39,2
DA:40,2
DA:44,29
DA:45,2
DA:46,1
DA:47,1
DA:48,1
DA:52,29
DA:60,6
LF:15
LH:15
BRDA:21,0,0,30
BRDA:22,1,0,24
BRDA:23,2,0,30
BRDA:24,3,0,30
BRDA:31,4,0,16
BRDA:31,4,1,2
BRDA:36,5,0,2
BRDA:36,5,1,29
BRDA:39,6,0,2
BRDA:39,6,1,0
BRDA:45,7,0,1
BRDA:45,7,1,1
BRDA:47,8,0,1
BRDA:47,8,1,0
BRF:14
BRH:12
end_of_record
TN:
SF:src/components/ui/LoadingSpinner.tsx
FN:3,LoadingSpinner
FN:19,LoadingOverlay
FNF:2
FNH:1
FNDA:7,LoadingSpinner
FNDA:0,LoadingOverlay
DA:4,7
DA:10,7
DA:20,0
LF:3
LH:2
BRDA:3,0,0,1
BRF:1
BRH:1
end_of_record
TN:
SF:src/components/ui/SearchableSelect.tsx
FN:20,SearchableSelect
FN:34,(anonymous_1)
FN:37,(anonymous_2)
FN:44,(anonymous_3)
FN:48,(anonymous_4)
FN:49,(anonymous_5)
FN:58,(anonymous_6)
FN:63,(anonymous_7)
FN:69,(anonymous_8)
FN:85,(anonymous_9)
FN:114,(anonymous_10)
FN:117,(anonymous_11)
FN:126,(anonymous_12)
FN:130,(anonymous_13)
FNF:14
FNH:0
FNDA:0,SearchableSelect
FNDA:0,(anonymous_1)
FNDA:0,(anonymous_2)
FNDA:0,(anonymous_3)
FNDA:0,(anonymous_4)
FNDA:0,(anonymous_5)
FNDA:0,(anonymous_6)
FNDA:0,(anonymous_7)
FNDA:0,(anonymous_8)
FNDA:0,(anonymous_9)
FNDA:0,(anonymous_10)
FNDA:0,(anonymous_11)
FNDA:0,(anonymous_12)
FNDA:0,(anonymous_13)
DA:29,0
DA:30,0
DA:31,0
DA:32,0
DA:34,0
DA:37,0
DA:38,0
DA:41,0
DA:43,0
DA:44,0
DA:48,0
DA:49,0
DA:50,0
DA:51,0
DA:52,0
DA:56,0
DA:57,0
DA:58,0
DA:63,0
DA:64,0
DA:65,0
DA:69,0
DA:70,0
DA:71,0
DA:72,0
DA:75,0
DA:85,0
DA:114,0
DA:117,0
DA:127,0
DA:130,0
LF:31
LH:0
BRDA:24,0,0,0
BRDA:26,1,0,0
BRDA:41,2,0,0
BRDA:41,2,1,0
BRDA:43,3,0,0
BRDA:43,3,1,0
BRDA:50,4,0,0
BRDA:50,4,1,0
BRDA:50,5,0,0
BRDA:50,5,1,0
BRDA:56,6,0,0
BRDA:56,6,1,0
BRDA:64,7,0,0
BRDA:64,7,1,0
BRDA:64,8,0,0
BRDA:64,8,1,0
BRDA:77,9,0,0
BRDA:77,9,1,0
BRDA:85,10,0,0
BRDA:85,10,1,0
BRDA:89,11,0,0
BRDA:89,11,1,0
BRDA:90,12,0,0
BRDA:90,12,1,0
BRDA:93,13,0,0
BRDA:93,13,1,0
BRDA:107,14,0,0
BRDA:107,14,1,0
BRDA:121,15,0,0
BRDA:121,15,1,0
BRDA:132,16,0,0
BRDA:132,16,1,0
BRF:32
BRH:0
end_of_record
TN:
SF:src/components/ui/Toast.tsx
FN:14,Toast
FN:15,(anonymous_1)
FN:16,(anonymous_2)
FN:19,(anonymous_3)
FN:46,ToastContainer
FN:49,(anonymous_5)
FN:54,(anonymous_6)
FN:62,useToast
FN:65,(anonymous_8)
FN:67,(anonymous_9)
FN:70,(anonymous_10)
FN:71,(anonymous_11)
FN:71,(anonymous_12)
FNF:13
FNH:13
FNDA:14,Toast
FNDA:14,(anonymous_1)
FNDA:2,(anonymous_2)
FNDA:14,(anonymous_3)
FNDA:24,ToastContainer
FNDA:4,(anonymous_5)
FNDA:1,(anonymous_6)
FNDA:25,useToast
FNDA:10,(anonymous_8)
FNDA:10,(anonymous_9)
FNDA:3,(anonymous_10)
FNDA:3,(anonymous_11)
FNDA:5,(anonymous_12)
DA:15,14
DA:16,14
DA:17,2
DA:19,14
DA:23,14
DA:31,14
DA:47,24
DA:50,4
DA:54,1
DA:63,25
DA:65,25
DA:66,10
DA:67,10
DA:70,25
DA:71,5
DA:74,25
LF:16
LH:16
BRDA:14,0,0,12
BRDA:23,1,0,2
BRDA:23,1,1,12
BRDA:25,2,0,2
BRDA:25,2,1,10
BRDA:27,3,0,1
BRDA:27,3,1,9
BRF:7
BRH:7
end_of_record
TN:
SF:src/hooks/useDatabaseToggle.ts
FN:17,useDatabaseToggle
FN:26,(anonymous_1)
FNF:2
FNH:2
FNDA:5,useDatabaseToggle
FNDA:1,(anonymous_1)
DA:18,5
DA:19,5
DA:20,5
DA:21,5
DA:26,5
DA:27,1
DA:32,5
LF:7
LH:7
BRDA:21,0,0,5
BRDA:21,0,1,4
BRF:2
BRH:2
end_of_record
TN:
SF:src/hooks/useErrorHandler.ts
FN:50,useErrorHandler
FN:60,(anonymous_1)
FN:62,(anonymous_2)
FN:63,(anonymous_3)
FN:64,(anonymous_4)
FN:64,(anonymous_5)
FN:68,(anonymous_6)
FN:69,(anonymous_7)
FN:69,(anonymous_8)
FN:76,(anonymous_9)
FN:106,(anonymous_10)
FN:116,(anonymous_11)
FN:126,(anonymous_12)
FN:135,(anonymous_13)
FN:147,(anonymous_14)
FNF:15
FNH:0
FNDA:0,useErrorHandler
FNDA:0,(anonymous_1)
FNDA:0,(anonymous_2)
FNDA:0,(anonymous_3)
FNDA:0,(anonymous_4)
FNDA:0,(anonymous_5)
FNDA:0,(anonymous_6)
FNDA:0,(anonymous_7)
FNDA:0,(anonymous_8)
FNDA:0,(anonymous_9)
FNDA:0,(anonymous_10)
FNDA:0,(anonymous_11)
FNDA:0,(anonymous_12)
FNDA:0,(anonymous_13)
FNDA:0,(anonymous_14)
DA:51,0
DA:58,0
DA:60,0
DA:61,0
DA:62,0
DA:63,0
DA:64,0
DA:68,0
DA:69,0
DA:75,0
DA:77,0
DA:80,0
DA:81,0
DA:84,0
DA:92,0
DA:95,0
DA:96,0
DA:105,0
DA:107,0
DA:115,0
DA:117,0
DA:125,0
DA:127,0
DA:135,0
DA:136,0
DA:147,0
DA:148,0
DA:149,0
DA:150,0
DA:151,0
DA:153,0
DA:162,0
LF:32
LH:0
BRDA:76,0,0,0
BRDA:77,1,0,0
BRDA:80,2,0,0
BRDA:80,2,1,0
BRDA:86,3,0,0
BRDA:86,3,1,0
BRDA:88,4,0,0
BRDA:88,4,1,0
BRDA:95,5,0,0
BRDA:95,5,1,0
BRDA:106,6,0,0
BRDA:148,7,0,0
BRDA:148,7,1,0
BRF:13
BRH:0
end_of_record
TN:
SF:src/hooks/useIPC.ts
FN:69,useIPCQuery
FN:91,(anonymous_1)
FN:100,(anonymous_2)
FN:128,(anonymous_3)
FN:138,(anonymous_4)
FN:141,(anonymous_5)
FN:144,(anonymous_6)
FN:154,(anonymous_7)
FN:158,(anonymous_8)
FN:180,useIPCMutation
FN:192,(anonymous_10)
FN:220,(anonymous_11)
FN:236,useUtils
FN:240,(anonymous_13)
FN:251,(anonymous_14)
FN:260,(anonymous_15)
FN:277,(anonymous_16)
FN:279,(anonymous_17)
FN:284,(anonymous_18)
FN:286,(anonymous_19)
FN:291,(anonymous_20)
FN:303,(anonymous_21)
FN:315,(anonymous_22)
FN:327,(anonymous_23)
FN:339,(anonymous_24)
FN:351,(anonymous_25)
FN:353,(anonymous_26)
FN:362,(anonymous_27)
FN:379,(anonymous_28)
FN:381,(anonymous_29)
FN:386,(anonymous_30)
FN:388,(anonymous_31)
FN:393,(anonymous_32)
FN:405,(anonymous_33)
FN:417,(anonymous_34)
FN:424,(anonymous_35)
FN:434,(anonymous_36)
FN:441,(anonymous_37)
FN:451,(anonymous_38)
FN:458,(anonymous_39)
FN:468,(anonymous_40)
FN:475,(anonymous_41)
FN:485,(anonymous_42)
FN:492,(anonymous_43)
FN:504,(anonymous_44)
FN:506,(anonymous_45)
FN:511,(anonymous_46)
FN:513,(anonymous_47)
FN:522,(anonymous_48)
FN:534,(anonymous_49)
FN:546,(anonymous_50)
FN:560,(anonymous_51)
FN:562,(anonymous_52)
FN:567,(anonymous_53)
FN:579,(anonymous_54)
FN:591,(anonymous_55)
FN:603,(anonymous_56)
FN:605,(anonymous_57)
FN:612,(anonymous_58)
FN:614,(anonymous_59)
FN:619,(anonymous_60)
FN:621,(anonymous_61)
FN:626,(anonymous_62)
FN:628,(anonymous_63)
FN:633,(anonymous_64)
FN:635,(anonymous_65)
FN:640,(anonymous_66)
FN:642,(anonymous_67)
FN:647,(anonymous_68)
FN:649,(anonymous_69)
FN:654,(anonymous_70)
FN:669,(anonymous_71)
FN:684,(anonymous_72)
FN:699,(anonymous_73)
FN:701,(anonymous_74)
FN:708,(anonymous_75)
FN:722,(anonymous_76)
FN:724,(anonymous_77)
FN:729,(anonymous_78)
FN:731,(anonymous_79)
FN:736,(anonymous_80)
FN:748,(anonymous_81)
FN:760,(anonymous_82)
FN:772,(anonymous_83)
FN:784,(anonymous_84)
FN:786,(anonymous_85)
FN:793,(anonymous_86)
FN:795,(anonymous_87)
FN:800,(anonymous_88)
FN:802,(anonymous_89)
FN:807,(anonymous_90)
FN:809,(anonymous_91)
FN:814,(anonymous_92)
FN:826,(anonymous_93)
FN:838,(anonymous_94)
FN:852,(anonymous_95)
FN:854,(anonymous_96)
FN:859,(anonymous_97)
FN:874,(anonymous_98)
FN:876,(anonymous_99)
FNF:100
FNH:11
FNDA:20,useIPCQuery
FNDA:20,(anonymous_1)
FNDA:10,(anonymous_2)
FNDA:0,(anonymous_3)
FNDA:20,(anonymous_4)
FNDA:0,(anonymous_5)
FNDA:20,(anonymous_6)
FNDA:10,(anonymous_7)
FNDA:10,(anonymous_8)
FNDA:20,useIPCMutation
FNDA:0,(anonymous_10)
FNDA:0,(anonymous_11)
FNDA:0,useUtils
FNDA:0,(anonymous_13)
FNDA:0,(anonymous_14)
FNDA:0,(anonymous_15)
FNDA:0,(anonymous_16)
FNDA:0,(anonymous_17)
FNDA:0,(anonymous_18)
FNDA:0,(anonymous_19)
FNDA:0,(anonymous_20)
FNDA:0,(anonymous_21)
FNDA:0,(anonymous_22)
FNDA:0,(anonymous_23)
FNDA:0,(anonymous_24)
FNDA:0,(anonymous_25)
FNDA:0,(anonymous_26)
FNDA:0,(anonymous_27)
FNDA:0,(anonymous_28)
FNDA:0,(anonymous_29)
FNDA:0,(anonymous_30)
FNDA:0,(anonymous_31)
FNDA:0,(anonymous_32)
FNDA:0,(anonymous_33)
FNDA:0,(anonymous_34)
FNDA:0,(anonymous_35)
FNDA:0,(anonymous_36)
FNDA:0,(anonymous_37)
FNDA:0,(anonymous_38)
FNDA:0,(anonymous_39)
FNDA:0,(anonymous_40)
FNDA:0,(anonymous_41)
FNDA:0,(anonymous_42)
FNDA:0,(anonymous_43)
FNDA:0,(anonymous_44)
FNDA:0,(anonymous_45)
FNDA:0,(anonymous_46)
FNDA:0,(anonymous_47)
FNDA:0,(anonymous_48)
FNDA:20,(anonymous_49)
FNDA:0,(anonymous_50)
FNDA:20,(anonymous_51)
FNDA:10,(anonymous_52)
FNDA:0,(anonymous_53)
FNDA:0,(anonymous_54)
FNDA:0,(anonymous_55)
FNDA:0,(anonymous_56)
FNDA:0,(anonymous_57)
FNDA:0,(anonymous_58)
FNDA:0,(anonymous_59)
FNDA:0,(anonymous_60)
FNDA:0,(anonymous_61)
FNDA:0,(anonymous_62)
FNDA:0,(anonymous_63)
FNDA:0,(anonymous_64)
FNDA:0,(anonymous_65)
FNDA:0,(anonymous_66)
FNDA:0,(anonymous_67)
FNDA:0,(anonymous_68)
FNDA:0,(anonymous_69)
FNDA:0,(anonymous_70)
FNDA:0,(anonymous_71)
FNDA:0,(anonymous_72)
FNDA:0,(anonymous_73)
FNDA:0,(anonymous_74)
FNDA:0,(anonymous_75)
FNDA:0,(anonymous_76)
FNDA:0,(anonymous_77)
FNDA:0,(anonymous_78)
FNDA:0,(anonymous_79)
FNDA:0,(anonymous_80)
FNDA:0,(anonymous_81)
FNDA:0,(anonymous_82)
FNDA:0,(anonymous_83)
FNDA:0,(anonymous_84)
FNDA:0,(anonymous_85)
FNDA:0,(anonymous_86)
FNDA:0,(anonymous_87)
FNDA:0,(anonymous_88)
FNDA:0,(anonymous_89)
FNDA:0,(anonymous_90)
FNDA:0,(anonymous_91)
FNDA:0,(anonymous_92)
FNDA:0,(anonymous_93)
FNDA:0,(anonymous_94)
FNDA:0,(anonymous_95)
FNDA:0,(anonymous_96)
FNDA:0,(anonymous_97)
FNDA:0,(anonymous_98)
FNDA:0,(anonymous_99)
DA:66,1
DA:78,20
DA:79,20
DA:80,20
DA:81,20
DA:83,20
DA:84,20
DA:88,20
DA:91,20
DA:92,20
DA:97,20
DA:98,20
DA:100,20
DA:101,10
DA:102,0
DA:103,0
DA:106,10
DA:107,10
DA:109,10
DA:110,10
DA:111,0
DA:112,0
DA:114,10
DA:116,10
DA:121,10
DA:122,10
DA:124,10
DA:128,20
DA:129,0
DA:131,0
DA:132,0
DA:134,0
DA:138,20
DA:139,20
DA:141,20
DA:142,0
DA:144,20
DA:145,20
DA:151,20
DA:154,20
DA:155,10
DA:158,20
DA:162,10
DA:163,10
DA:164,0
DA:165,0
DA:171,20
DA:187,20
DA:188,20
DA:189,20
DA:191,20
DA:193,0
DA:194,0
DA:196,0
DA:197,0
DA:198,0
DA:199,0
DA:200,0
DA:202,0
DA:204,0
DA:209,0
DA:210,0
DA:211,0
DA:213,0
DA:219,20
DA:221,0
DA:226,20
DA:237,0
DA:241,0
DA:242,0
DA:243,0
DA:245,0
DA:252,0
DA:253,0
DA:254,0
DA:256,0
DA:261,0
DA:262,0
DA:263,0
DA:265,0
DA:273,1
DA:278,0
DA:279,0
DA:285,0
DA:286,0
DA:297,0
DA:309,0
DA:321,0
DA:333,0
DA:345,0
DA:352,0
DA:353,0
DA:368,0
DA:380,0
DA:381,0
DA:387,0
DA:388,0
DA:399,0
DA:411,0
DA:423,0
DA:425,0
DA:440,0
DA:442,0
DA:457,0
DA:459,0
DA:474,0
DA:476,0
DA:491,0
DA:493,0
DA:505,0
DA:506,0
DA:512,0
DA:513,0
DA:528,0
DA:540,20
DA:552,0
DA:561,20
DA:562,10
DA:573,0
DA:585,0
DA:597,0
DA:604,0
DA:605,0
DA:613,0
DA:614,0
DA:620,0
DA:621,0
DA:627,0
DA:628,0
DA:634,0
DA:635,0
DA:641,0
DA:642,0
DA:648,0
DA:649,0
DA:660,0
DA:675,0
DA:690,0
DA:700,0
DA:701,0
DA:714,0
DA:723,0
DA:724,0
DA:730,0
DA:731,0
DA:742,0
DA:754,0
DA:766,0
DA:778,0
DA:785,0
DA:786,0
DA:794,0
DA:795,0
DA:801,0
DA:802,0
DA:808,0
DA:809,0
DA:820,0
DA:832,0
DA:844,0
DA:853,0
DA:854,0
DA:865,0
DA:875,0
DA:876,0
LF:165
LH:46
BRDA:97,0,0,20
BRDA:97,0,1,0
BRDA:101,1,0,0
BRDA:101,1,1,10
BRDA:114,2,0,10
BRDA:114,2,1,0
BRDA:129,3,0,0
BRDA:129,3,1,0
BRDA:139,4,0,20
BRDA:139,4,1,0
BRDA:151,5,0,20
BRDA:151,5,1,20
BRDA:162,6,0,10
BRDA:162,6,1,0
BRDA:162,7,0,10
BRDA:162,7,1,10
BRDA:162,7,2,0
BRDA:162,7,3,0
BRDA:164,8,0,0
BRDA:164,8,1,0
BRDA:199,9,0,0
BRDA:199,9,1,0
BRDA:202,10,0,0
BRDA:202,10,1,0
BRDA:207,11,0,0
BRDA:207,11,1,0
BRDA:210,12,0,0
BRDA:210,12,1,0
BRDA:242,13,0,0
BRDA:242,13,1,0
BRDA:253,14,0,0
BRDA:253,14,1,0
BRDA:262,15,0,0
BRDA:262,15,1,0
BRDA:357,16,0,0
BRDA:357,16,1,0
BRDA:732,17,0,0
BRDA:732,17,1,0
BRDA:796,18,0,0
BRDA:796,18,1,0
BRDA:803,19,0,0
BRDA:803,19,1,0
BRDA:810,20,0,0
BRDA:810,20,1,0
BRF:44
BRH:9
end_of_record
TN:
SF:src/hooks/useTimer.ts
FN:9,useTimer
FN:13,(anonymous_1)
FN:18,(anonymous_2)
FN:25,(anonymous_3)
FN:34,(anonymous_4)
FNF:5
FNH:5
FNDA:18,useTimer
FNDA:10,(anonymous_1)
FNDA:106,(anonymous_2)
FNDA:7,(anonymous_3)
FNDA:18,(anonymous_4)
DA:10,18
DA:11,18
DA:13,18
DA:14,10
DA:15,7
DA:16,7
DA:18,7
DA:19,106
DA:20,106
DA:21,106
DA:25,7
DA:26,7
DA:29,3
DA:30,3
DA:34,18
DA:35,18
DA:36,17
DA:38,1
DA:39,1
DA:40,1
DA:43,18
LF:21
LH:21
BRDA:14,0,0,7
BRDA:14,0,1,3
BRDA:19,1,0,106
BRDA:19,1,1,0
BRDA:35,2,0,17
BRDA:35,2,1,1
BRF:6
BRH:5
end_of_record
TN:
SF:src/lib/data-validation.ts
FN:33,validateConcept
FN:89,validateLink
FN:136,validateCapsule
FN:178,validateAnchor
FN:221,generateDataQualityReport
FN:231,(anonymous_5)
FN:236,(anonymous_6)
FN:247,(anonymous_7)
FN:252,(anonymous_8)
FN:256,(anonymous_9)
FN:257,(anonymous_10)
FN:258,(anonymous_11)
FNF:12
FNH:9
FNDA:6,validateConcept
FNDA:4,validateLink
FNDA:3,validateCapsule
FNDA:3,validateAnchor
FNDA:2,generateDataQualityReport
FNDA:2,(anonymous_5)
FNDA:0,(anonymous_6)
FNDA:0,(anonymous_7)
FNDA:0,(anonymous_8)
FNDA:4,(anonymous_9)
FNDA:4,(anonymous_10)
FNDA:4,(anonymous_11)
DA:34,6
DA:37,6
DA:38,2
DA:48,6
DA:49,2
DA:60,6
DA:61,3
DA:72,6
DA:73,1
DA:83,6
DA:94,4
DA:97,4
DA:98,1
DA:108,4
DA:109,1
DA:120,4
DA:121,1
DA:130,4
DA:137,3
DA:139,3
DA:140,1
DA:150,3
DA:151,1
DA:161,3
DA:162,0
DA:172,3
DA:179,3
DA:181,3
DA:182,1
DA:192,3
DA:193,1
DA:204,3
DA:205,1
DA:215,3
DA:228,2
DA:231,2
DA:232,2
DA:236,2
DA:237,0
DA:247,2
DA:248,0
DA:252,2
DA:253,0
DA:256,4
DA:257,4
DA:258,4
DA:260,2
LF:47
LH:43
BRDA:37,0,0,2
BRDA:37,0,1,4
BRDA:37,1,0,6
BRDA:37,1,1,4
BRDA:48,2,0,2
BRDA:48,2,1,4
BRDA:48,3,0,6
BRDA:48,3,1,4
BRDA:60,4,0,3
BRDA:60,4,1,3
BRDA:60,5,0,6
BRDA:60,5,1,4
BRDA:72,6,0,1
BRDA:72,6,1,5
BRDA:72,7,0,6
BRDA:72,7,1,5
BRDA:97,8,0,1
BRDA:97,8,1,3
BRDA:108,9,0,1
BRDA:108,9,1,3
BRDA:120,10,0,1
BRDA:120,10,1,3
BRDA:139,11,0,1
BRDA:139,11,1,2
BRDA:139,12,0,3
BRDA:139,12,1,2
BRDA:150,13,0,1
BRDA:150,13,1,2
BRDA:150,14,0,3
BRDA:150,14,1,2
BRDA:161,15,0,0
BRDA:161,15,1,3
BRDA:161,16,0,3
BRDA:161,16,1,3
BRDA:181,17,0,1
BRDA:181,17,1,2
BRDA:181,18,0,3
BRDA:181,18,1,2
BRDA:192,19,0,1
BRDA:192,19,1,2
BRDA:192,20,0,3
BRDA:192,20,1,2
BRDA:204,21,0,1
BRDA:204,21,1,2
BRDA:204,22,0,3
BRDA:204,22,1,2
BRF:46
BRH:45
end_of_record
TN:
SF:src/lib/error-messages.ts
FN:16,translateError
FN:80,getRecoverySuggestion
FNF:2
FNH:2
FNDA:15,translateError
FNDA:5,getRecoverySuggestion
DA:17,15
DA:18,15
DA:21,15
DA:22,2
DA:25,13
DA:26,2
DA:29,11
DA:30,1
DA:33,10
DA:34,1
DA:38,9
DA:39,1
DA:42,8
DA:43,1
DA:47,7
DA:48,1
DA:51,6
DA:52,1
DA:56,5
DA:57,1
DA:61,4
DA:62,1
DA:66,3
DA:67,1
DA:71,2
DA:72,1
DA:74,1
DA:81,5
DA:82,5
DA:84,5
DA:85,1
DA:88,4
DA:89,1
DA:92,3
DA:93,1
DA:96,2
DA:97,1
DA:100,1
LF:38
LH:38
BRDA:17,0,0,13
BRDA:17,0,1,2
BRDA:21,1,0,2
BRDA:21,1,1,13
BRDA:21,2,0,15
BRDA:21,2,1,14
BRDA:21,2,2,13
BRDA:25,3,0,2
BRDA:25,3,1,11
BRDA:25,4,0,13
BRDA:25,4,1,12
BRDA:25,4,2,11
BRDA:29,5,0,1
BRDA:29,5,1,10
BRDA:29,6,0,11
BRDA:29,6,1,10
BRDA:33,7,0,1
BRDA:33,7,1,9
BRDA:33,8,0,10
BRDA:33,8,1,10
BRDA:38,9,0,1
BRDA:38,9,1,8
BRDA:38,10,0,9
BRDA:38,10,1,2
BRDA:38,10,2,1
BRDA:42,11,0,1
BRDA:42,11,1,7
BRDA:42,12,0,8
BRDA:42,12,1,1
BRDA:47,13,0,1
BRDA:47,13,1,6
BRDA:47,14,0,7
BRDA:47,14,1,6
BRDA:51,15,0,1
BRDA:51,15,1,5
BRDA:51,16,0,6
BRDA:51,16,1,1
BRDA:56,17,0,1
BRDA:56,17,1,4
BRDA:56,18,0,5
BRDA:56,18,1,4
BRDA:61,19,0,1
BRDA:61,19,1,3
BRDA:61,20,0,4
BRDA:61,20,1,3
BRDA:61,20,2,3
BRDA:66,21,0,1
BRDA:66,21,1,2
BRDA:71,22,0,1
BRDA:71,22,1,1
BRDA:71,23,0,2
BRDA:71,23,1,2
BRDA:71,23,2,1
BRDA:81,24,0,5
BRDA:81,24,1,0
BRDA:84,25,0,1
BRDA:84,25,1,4
BRDA:84,26,0,5
BRDA:84,26,1,4
BRDA:88,27,0,1
BRDA:88,27,1,3
BRDA:88,28,0,4
BRDA:88,28,1,3
BRDA:92,29,0,1
BRDA:92,29,1,2
BRDA:92,30,0,3
BRDA:92,30,1,2
BRDA:96,31,0,1
BRDA:96,31,1,1
BRDA:96,32,0,2
BRDA:96,32,1,1
BRF:71
BRH:70
end_of_record
TN:
SF:src/lib/ipc-client.ts
FN:8,(anonymous_0)
FN:26,(anonymous_1)
FN:35,(anonymous_2)
FN:42,(anonymous_3)
FN:49,(anonymous_4)
FN:63,(anonymous_5)
FN:78,(anonymous_6)
FN:85,(anonymous_7)
FN:92,(anonymous_8)
FN:99,(anonymous_9)
FN:106,(anonymous_10)
FN:121,(anonymous_11)
FN:128,(anonymous_12)
FN:135,(anonymous_13)
FN:147,(anonymous_14)
FN:161,(anonymous_15)
FN:168,(anonymous_16)
FN:175,(anonymous_17)
FN:187,(anonymous_18)
FN:198,(anonymous_19)
FN:207,(anonymous_20)
FN:214,(anonymous_21)
FN:221,(anonymous_22)
FN:228,(anonymous_23)
FN:235,(anonymous_24)
FN:244,(anonymous_25)
FN:251,(anonymous_26)
FN:258,(anonymous_27)
FN:265,(anonymous_28)
FN:272,(anonymous_29)
FN:279,(anonymous_30)
FN:286,(anonymous_31)
FN:293,(anonymous_32)
FN:300,(anonymous_33)
FN:307,(anonymous_34)
FN:316,(anonymous_35)
FN:325,(anonymous_36)
FN:332,(anonymous_37)
FN:343,(anonymous_38)
FN:350,(anonymous_39)
FN:357,(anonymous_40)
FN:364,(anonymous_41)
FN:373,(anonymous_42)
FN:380,(anonymous_43)
FN:387,(anonymous_44)
FN:394,(anonymous_45)
FN:401,(anonymous_46)
FN:408,(anonymous_47)
FN:415,(anonymous_48)
FN:424,(anonymous_49)
FN:431,(anonymous_50)
FN:438,(anonymous_51)
FN:445,(anonymous_52)
FN:452,(anonymous_53)
FN:465,(anonymous_54)
FNF:55
FNH:3
FNDA:1,(anonymous_0)
FNDA:10,(anonymous_1)
FNDA:0,(anonymous_2)
FNDA:0,(anonymous_3)
FNDA:0,(anonymous_4)
FNDA:0,(anonymous_5)
FNDA:0,(anonymous_6)
FNDA:0,(anonymous_7)
FNDA:0,(anonymous_8)
FNDA:0,(anonymous_9)
FNDA:0,(anonymous_10)
FNDA:0,(anonymous_11)
FNDA:0,(anonymous_12)
FNDA:0,(anonymous_13)
FNDA:0,(anonymous_14)
FNDA:0,(anonymous_15)
FNDA:0,(anonymous_16)
FNDA:0,(anonymous_17)
FNDA:0,(anonymous_18)
FNDA:0,(anonymous_19)
FNDA:10,(anonymous_20)
FNDA:0,(anonymous_21)
FNDA:0,(anonymous_22)
FNDA:0,(anonymous_23)
FNDA:0,(anonymous_24)
FNDA:0,(anonymous_25)
FNDA:0,(anonymous_26)
FNDA:0,(anonymous_27)
FNDA:0,(anonymous_28)
FNDA:0,(anonymous_29)
FNDA:0,(anonymous_30)
FNDA:0,(anonymous_31)
FNDA:0,(anonymous_32)
FNDA:0,(anonymous_33)
FNDA:0,(anonymous_34)
FNDA:0,(anonymous_35)
FNDA:0,(anonymous_36)
FNDA:0,(anonymous_37)
FNDA:0,(anonymous_38)
FNDA:0,(anonymous_39)
FNDA:0,(anonymous_40)
FNDA:0,(anonymous_41)
FNDA:0,(anonymous_42)
FNDA:0,(anonymous_43)
FNDA:0,(anonymous_44)
FNDA:0,(anonymous_45)
FNDA:0,(anonymous_46)
FNDA:0,(anonymous_47)
FNDA:0,(anonymous_48)
FNDA:0,(anonymous_49)
FNDA:0,(anonymous_50)
FNDA:0,(anonymous_51)
FNDA:0,(anonymous_52)
FNDA:0,(anonymous_53)
FNDA:0,(anonymous_54)
DA:8,1
DA:9,1
DA:10,1
DA:12,0
DA:13,0
DA:15,0
DA:18,1
DA:19,1
DA:21,1
DA:22,1
DA:26,1
DA:27,10
DA:28,0
DA:29,0
DA:33,1
DA:36,0
DA:37,0
DA:38,0
DA:40,0
DA:43,0
DA:44,0
DA:45,0
DA:47,0
DA:57,0
DA:58,0
DA:59,0
DA:61,0
DA:72,0
DA:73,0
DA:74,0
DA:76,0
DA:79,0
DA:80,0
DA:81,0
DA:83,0
DA:86,0
DA:87,0
DA:88,0
DA:90,0
DA:93,0
DA:94,0
DA:95,0
DA:97,0
DA:100,0
DA:101,0
DA:102,0
DA:104,0
DA:113,0
DA:114,0
DA:115,0
DA:117,0
DA:122,0
DA:123,0
DA:124,0
DA:126,0
DA:129,0
DA:130,0
DA:131,0
DA:133,0
DA:141,0
DA:142,0
DA:143,0
DA:145,0
DA:153,0
DA:154,0
DA:155,0
DA:157,0
DA:162,0
DA:163,0
DA:164,0
DA:166,0
DA:169,0
DA:170,0
DA:171,0
DA:173,0
DA:181,0
DA:182,0
DA:183,0
DA:185,0
DA:192,0
DA:193,0
DA:194,0
DA:196,0
DA:199,0
DA:200,0
DA:201,0
DA:203,0
DA:208,10
DA:209,10
DA:210,10
DA:212,0
DA:215,0
DA:216,0
DA:217,0
DA:219,0
DA:222,0
DA:223,0
DA:224,0
DA:226,0
DA:229,0
DA:230,0
DA:231,0
DA:233,0
DA:236,0
DA:237,0
DA:238,0
DA:240,0
DA:245,0
DA:246,0
DA:247,0
DA:249,0
DA:252,0
DA:253,0
DA:254,0
DA:256,0
DA:259,0
DA:260,0
DA:261,0
DA:263,0
DA:266,0
DA:267,0
DA:268,0
DA:270,0
DA:273,0
DA:274,0
DA:275,0
DA:277,0
DA:280,0
DA:281,0
DA:282,0
DA:284,0
DA:287,0
DA:288,0
DA:289,0
DA:291,0
DA:294,0
DA:295,0
DA:296,0
DA:298,0
DA:301,0
DA:302,0
DA:303,0
DA:305,0
DA:308,0
DA:309,0
DA:310,0
DA:312,0
DA:317,0
DA:318,0
DA:319,0
DA:321,0
DA:326,0
DA:327,0
DA:328,0
DA:330,0
DA:337,0
DA:338,0
DA:339,0
DA:341,0
DA:344,0
DA:345,0
DA:346,0
DA:348,0
DA:351,0
DA:352,0
DA:353,0
DA:355,0
DA:358,0
DA:359,0
DA:360,0
DA:362,0
DA:365,0
DA:366,0
DA:367,0
DA:369,0
DA:374,0
DA:375,0
DA:376,0
DA:378,0
DA:381,0
DA:382,0
DA:383,0
DA:385,0
DA:388,0
DA:389,0
DA:390,0
DA:392,0
DA:395,0
DA:396,0
DA:397,0
DA:399,0
DA:402,0
DA:403,0
DA:404,0
DA:406,0
DA:409,0
DA:410,0
DA:411,0
DA:413,0
DA:416,0
DA:417,0
DA:418,0
DA:420,0
DA:425,0
DA:426,0
DA:427,0
DA:429,0
DA:432,0
DA:433,0
DA:434,0
DA:436,0
DA:439,0
DA:440,0
DA:441,0
DA:443,0
DA:446,0
DA:447,0
DA:448,0
DA:450,0
DA:459,0
DA:460,0
DA:461,0
DA:463,0
DA:466,0
DA:467,0
DA:468,0
DA:470,0
LF:227
LH:13
BRDA:9,0,0,1
BRDA:9,0,1,0
BRDA:12,1,0,0
BRDA:12,1,1,0
BRDA:12,2,0,0
BRDA:12,2,1,0
BRDA:19,3,0,1
BRDA:19,3,1,1
BRDA:21,4,0,1
BRDA:21,4,1,0
BRDA:27,5,0,10
BRDA:27,5,1,0
BRDA:28,6,0,0
BRDA:28,6,1,0
BRDA:28,7,0,0
BRDA:28,7,1,0
BRDA:37,8,0,0
BRDA:37,8,1,0
BRDA:37,9,0,0
BRDA:37,9,1,0
BRDA:44,10,0,0
BRDA:44,10,1,0
BRDA:44,11,0,0
BRDA:44,11,1,0
BRDA:58,12,0,0
BRDA:58,12,1,0
BRDA:58,13,0,0
BRDA:58,13,1,0
BRDA:73,14,0,0
BRDA:73,14,1,0
BRDA:73,15,0,0
BRDA:73,15,1,0
BRDA:80,16,0,0
BRDA:80,16,1,0
BRDA:80,17,0,0
BRDA:80,17,1,0
BRDA:87,18,0,0
BRDA:87,18,1,0
BRDA:87,19,0,0
BRDA:87,19,1,0
BRDA:94,20,0,0
BRDA:94,20,1,0
BRDA:94,21,0,0
BRDA:94,21,1,0
BRDA:101,22,0,0
BRDA:101,22,1,0
BRDA:101,23,0,0
BRDA:101,23,1,0
BRDA:114,24,0,0
BRDA:114,24,1,0
BRDA:114,25,0,0
BRDA:114,25,1,0
BRDA:123,26,0,0
BRDA:123,26,1,0
BRDA:123,27,0,0
BRDA:123,27,1,0
BRDA:130,28,0,0
BRDA:130,28,1,0
BRDA:130,29,0,0
BRDA:130,29,1,0
BRDA:142,30,0,0
BRDA:142,30,1,0
BRDA:142,31,0,0
BRDA:142,31,1,0
BRDA:154,32,0,0
BRDA:154,32,1,0
BRDA:154,33,0,0
BRDA:154,33,1,0
BRDA:163,34,0,0
BRDA:163,34,1,0
BRDA:163,35,0,0
BRDA:163,35,1,0
BRDA:170,36,0,0
BRDA:170,36,1,0
BRDA:170,37,0,0
BRDA:170,37,1,0
BRDA:182,38,0,0
BRDA:182,38,1,0
BRDA:182,39,0,0
BRDA:182,39,1,0
BRDA:193,40,0,0
BRDA:193,40,1,0
BRDA:193,41,0,0
[...]
BRDA:94,5,1,2
BRDA:117,6,0,0
BRDA:117,6,1,0
BRDA:128,7,0,0
BRDA:128,7,1,0
BRDA:141,8,0,0
BRDA:141,8,1,0
BRDA:152,9,0,0
BRDA:152,9,1,0
BRDA:153,10,0,0
BRDA:153,10,1,0
BRDA:181,11,0,0
BRDA:181,11,1,0
BRDA:203,12,0,0
BRDA:203,12,1,0
BRDA:204,13,0,0
BRDA:204,13,1,0
BRDA:241,14,0,2
BRDA:241,14,1,0
BRDA:245,15,0,0
BRDA:245,15,1,0
BRDA:249,16,0,0
BRDA:249,16,1,0
BRF:31
BRH:4
end_of_record
TN:
SF:src/server/services/linkProposer.ts
FN:26,proposeLinksForConcept
FN:100,(anonymous_1)
FN:156,(anonymous_2)
FN:204,(anonymous_3)
FN:217,proposeLinksWithLLM
FN:236,(anonymous_5)
FN:267,(anonymous_6)
FN:279,(anonymous_7)
FN:382,(anonymous_8)
FN:406,(anonymous_9)
FNF:10
FNH:0
FNDA:0,proposeLinksForConcept
FNDA:0,(anonymous_1)
FNDA:0,(anonymous_2)
FNDA:0,(anonymous_3)
FNDA:0,proposeLinksWithLLM
FNDA:0,(anonymous_5)
FNDA:0,(anonymous_6)
FNDA:0,(anonymous_7)
FNDA:0,(anonymous_8)
FNDA:0,(anonymous_9)
DA:33,0
DA:34,0
DA:35,0
DA:36,0
DA:39,0
DA:40,0
DA:42,0
DA:46,0
DA:49,0
DA:59,0
DA:63,0
DA:64,0
DA:72,0
DA:75,0
DA:86,0
DA:95,0
DA:100,0
DA:101,0
DA:103,0
DA:115,0
DA:121,0
DA:122,0
DA:123,0
DA:126,0
DA:127,0
DA:130,0
DA:133,0
DA:136,0
DA:143,0
DA:144,0
DA:152,0
DA:156,0
DA:157,0
DA:167,0
DA:177,0
DA:178,0
DA:186,0
DA:190,0
DA:198,0
DA:204,0
DA:214,0
DA:236,0
DA:243,0
DA:248,0
DA:265,0
DA:267,0
DA:271,0
DA:272,0
DA:277,0
DA:279,0
DA:286,0
DA:321,0
DA:324,0
DA:332,0
DA:333,0
DA:348,0
DA:349,0
DA:350,0
DA:352,0
DA:362,0
DA:369,0
DA:379,0
DA:381,0
DA:382,0
DA:384,0
DA:385,0
DA:396,0
DA:406,0
DA:408,0
DA:417,0
DA:423,0
LF:71
LH:0
BRDA:28,0,0,0
BRDA:34,1,0,0
BRDA:34,1,1,0
BRDA:35,2,0,0
BRDA:35,2,1,0
BRDA:36,3,0,0
BRDA:36,3,1,0
BRDA:63,4,0,0
BRDA:63,4,1,0
BRDA:121,5,0,0
BRDA:121,5,1,0
BRDA:127,6,0,0
BRDA:127,6,1,0
BRDA:143,7,0,0
BRDA:143,7,1,0
BRDA:177,8,0,0
BRDA:177,8,1,0
BRDA:326,9,0,0
BRDA:326,9,1,0
BRDA:362,10,0,0
BRDA:362,10,1,0
BRDA:384,11,0,0
BRDA:384,11,1,0
BRDA:384,12,0,0
BRDA:384,12,1,0
BRDA:413,13,0,0
BRDA:413,13,1,0
BRF:27
BRH:0
end_of_record
TN:
SF:src/server/services/pdfExtractor.ts
FN:28,extractPDFText
FNF:1
FNH:0
FNDA:0,extractPDFText
DA:32,0
DA:33,0
DA:34,0
DA:36,0
LF:4
LH:0
BRF:0
BRH:0
end_of_record
TN:
SF:src/server/services/promptUtils.ts
FN:13,escapeTemplateContent
FN:27,unescapeTemplateContent
FNF:2
FNH:2
FNDA:19,escapeTemplateContent
FNDA:4,unescapeTemplateContent
DA:16,19
DA:28,4
LF:2
LH:2
BRF:0
BRH:0
end_of_record
TN:
SF:src/server/services/repurposer.ts
FN:13,repurposeAnchorContent
FN:54,(anonymous_1)
FN:58,(anonymous_2)
FN:108,(anonymous_3)
FN:150,(anonymous_4)
FN:171,(anonymous_5)
FNF:6
FNH:6
FNDA:11,repurposeAnchorContent
FNDA:4,(anonymous_1)
FNDA:4,(anonymous_2)
FNDA:8,(anonymous_3)
FNDA:4,(anonymous_4)
FNDA:20,(anonymous_5)
DA:21,11
DA:23,11
DA:24,11
DA:27,11
DA:28,11
DA:30,0
DA:34,0
DA:37,11
DA:48,9
DA:49,9
DA:53,9
DA:54,4
DA:57,9
DA:58,4
DA:61,9
DA:83,9
DA:84,9
DA:93,9
DA:94,9
DA:95,8
DA:97,8
DA:104,8
DA:107,8
DA:108,6
DA:109,8
DA:115,6
DA:123,8
DA:124,5
DA:129,5
DA:136,8
DA:137,3
DA:142,3
DA:149,8
DA:150,3
DA:151,4
DA:157,3
DA:164,8
DA:165,8
DA:171,20
DA:174,8
DA:176,1
DA:177,1
DA:179,1
DA:185,1
DA:194,1
LF:45
LH:43
BRDA:23,0,0,11
BRDA:23,0,1,0
BRDA:24,1,0,11
BRDA:24,1,1,0
BRDA:43,2,0,9
BRDA:43,2,1,6
BRDA:45,3,0,9
BRDA:45,3,1,6
BRDA:53,4,0,3
BRDA:53,4,1,6
BRDA:57,5,0,3
BRDA:57,5,1,6
BRDA:107,6,0,6
BRDA:107,6,1,2
BRDA:107,7,0,8
BRDA:107,7,1,7
BRDA:123,8,0,5
BRDA:123,8,1,3
BRDA:136,9,0,3
BRDA:136,9,1,5
BRDA:149,10,0,3
BRDA:149,10,1,5
BRDA:149,11,0,8
BRDA:149,11,1,3
BRDA:177,12,0,1
BRDA:177,12,1,0
BRF:26
BRH:23
end_of_record
TN:
SF:src/server/services/vectorIndex.ts
FN:22,(anonymous_0)
FN:30,(anonymous_1)
FN:60,(anonymous_2)
FN:78,(anonymous_3)
FN:80,(anonymous_4)
FN:83,(anonymous_5)
FN:97,(anonymous_6)
FN:99,(anonymous_7)
FN:114,(anonymous_8)
FN:121,(anonymous_9)
FN:154,(anonymous_10)
FN:161,(anonymous_11)
FN:168,(anonymous_12)
FN:180,getVectorIndex
FN:191,initializeVectorIndex
FN:199,resetVectorIndex
FNF:16
FNH:16
FNDA:23,(anonymous_0)
FNDA:8,(anonymous_1)
FNDA:24,(anonymous_2)
FNDA:28,(anonymous_3)
FNDA:21,(anonymous_4)
FNDA:20805,(anonymous_5)
FNDA:2,(anonymous_6)
FNDA:1,(anonymous_7)
FNDA:14,(anonymous_8)
FNDA:7701,(anonymous_9)
FNDA:7,(anonymous_10)
FNDA:15,(anonymous_11)
FNDA:1,(anonymous_12)
FNDA:35,getVectorIndex
FNDA:4,initializeVectorIndex
FNDA:35,resetVectorIndex
DA:23,23
DA:24,23
DA:25,23
DA:31,8
DA:32,8
DA:39,8
DA:41,8
DA:42,4
DA:45,4
DA:47,4
DA:49,4
DA:50,4
DA:51,0
DA:53,0
DA:55,0
DA:56,0
DA:60,24
DA:62,4
DA:68,0
DA:72,8
DA:80,28
DA:83,20805
DA:85,28
DA:91,28
DA:98,2
DA:99,2
DA:101,2
DA:102,1
DA:121,7701
DA:123,14
DA:125,14
DA:127,23
DA:128,1
DA:132,22
DA:133,22
DA:134,78
DA:137,22
DA:138,22
DA:139,3
DA:142,19
DA:144,19
DA:145,13
DA:153,14
DA:154,7
DA:162,15
DA:169,1
DA:170,1
DA:175,4
DA:181,35
DA:182,23
DA:184,35
DA:192,4
DA:193,4
DA:200,35
LF:54
LH:49
BRDA:47,0,0,4
BRDA:47,0,1,0
BRDA:51,1,0,0
BRDA:51,1,1,0
BRDA:101,2,0,1
BRDA:101,2,1,1
BRDA:116,3,0,0
BRDA:117,4,0,5
BRDA:118,5,0,6
BRDA:127,6,0,1
BRDA:127,6,1,22
BRDA:133,7,0,100
BRDA:133,7,1,82
BRDA:138,8,0,3
BRDA:138,8,1,19
BRDA:144,9,0,13
BRDA:144,9,1,6
BRDA:181,10,0,23
BRDA:181,10,1,12
BRF:19
BRH:15
end_of_record
TN:
SF:src/server/services/vectorSearch.ts
FN:16,cosineSimilarity
FN:42,getOrCreateEmbedding
FN:126,findSimilarConcepts
FN:147,generateMissingEmbeddings
FNF:4
FNH:2
FNDA:0,cosineSimilarity
FNDA:4,getOrCreateEmbedding
FNDA:7,findSimilarConcepts
FNDA:0,generateMissingEmbeddings
DA:17,0
DA:18,0
DA:21,0
DA:22,0
DA:23,0
DA:25,0
DA:26,0
DA:27,0
DA:28,0
DA:31,0
DA:32,0
DA:33,0
DA:36,0
DA:47,4
DA:50,4
DA:56,4
DA:57,3
DA:58,3
DA:61,3
DA:63,3
DA:64,3
DA:65,0
DA:67,0
DA:69,0
DA:70,0
DA:71,0
DA:75,0
DA:77,0
DA:80,0
DA:86,1
DA:87,1
DA:90,1
DA:91,1
DA:94,1
DA:110,1
DA:111,1
DA:113,1
DA:133,7
DA:136,7
DA:139,7
DA:140,7
DA:148,0
DA:149,0
DA:150,0
DA:153,0
DA:165,0
DA:167,0
DA:168,0
DA:170,0
DA:172,0
DA:174,0
LF:51
LH:20
BRDA:17,0,0,0
BRDA:17,0,1,0
BRDA:32,1,0,0
BRDA:32,1,1,0
BRDA:45,2,0,0
BRDA:56,3,0,3
BRDA:56,3,1,1
BRDA:61,4,0,3
BRDA:61,4,1,0
BRDA:65,5,0,0
BRDA:65,5,1,0
BRDA:128,6,0,0
BRDA:129,7,0,0
BRDA:130,8,0,0
BRDA:136,9,0,7
BRDA:136,9,1,4
BRDA:147,10,0,0
BRDA:150,11,0,0
BRDA:150,11,1,0
BRDA:170,12,0,0
BRDA:170,12,1,0
BRF:21
BRH:5
end_of_record
TN:
SF:src/server/services/llm/client.ts
FN:15,(anonymous_0)
FN:42,(anonymous_1)
FN:56,(anonymous_2)
FN:65,(anonymous_3)
FN:72,(anonymous_4)
FN:79,(anonymous_5)
FN:100,(anonymous_6)
FN:104,(anonymous_7)
FN:108,(anonymous_8)
FN:112,(anonymous_9)
FN:121,(anonymous_10)
FN:128,(anonymous_11)
FN:136,getLLMClient
FN:146,resetLLMClient
FNF:14
FNH:7
FNDA:4,(anonymous_0)
FNDA:2,(anonymous_1)
FNDA:4,(anonymous_2)
FNDA:0,(anonymous_3)
FNDA:0,(anonymous_4)
FNDA:0,(anonymous_5)
FNDA:2,(anonymous_6)
FNDA:0,(anonymous_7)
FNDA:0,(anonymous_8)
FNDA:0,(anonymous_9)
FNDA:0,(anonymous_10)
FNDA:5,(anonymous_11)
FNDA:8,getLLMClient
FNDA:4,resetLLMClient
DA:16,4
DA:17,4
DA:18,4
DA:20,4
DA:21,4
DA:22,4
DA:25,4
DA:26,3
DA:27,0
DA:29,3
DA:32,1
DA:33,0
DA:35,1
DA:44,2
DA:45,2
DA:47,0
DA:48,0
DA:50,0
DA:57,4
DA:60,3
DA:62,1
DA:66,0
DA:67,0
DA:68,0
DA:73,0
DA:74,0
DA:75,0
DA:80,0
DA:81,0
DA:84,0
DA:85,0
DA:87,0
DA:88,0
DA:89,0
DA:91,0
DA:93,0
DA:94,0
DA:96,0
DA:101,2
DA:105,0
DA:109,0
DA:118,0
DA:125,0
DA:129,5
DA:134,10
DA:137,8
DA:138,2
DA:140,8
DA:147,4
LF:49
LH:23
BRDA:16,0,0,4
BRDA:16,0,1,2
BRDA:17,1,0,4
BRDA:17,1,1,4
BRDA:18,2,0,4
BRDA:18,2,1,4
BRDA:25,3,0,3
BRDA:25,3,1,1
BRDA:26,4,0,0
BRDA:26,4,1,3
BRDA:32,5,0,0
BRDA:32,5,1,1
BRDA:44,6,0,2
BRDA:44,6,1,0
BRDA:47,7,0,0
BRDA:47,7,1,0
BRDA:57,8,0,3
BRDA:57,8,1,1
BRDA:67,9,0,0
BRDA:67,9,1,0
BRDA:67,10,0,0
BRDA:67,10,1,0
BRDA:74,11,0,0
BRDA:74,11,1,0
BRDA:74,12,0,0
BRDA:74,12,1,0
BRDA:80,13,0,0
BRDA:80,13,1,0
BRDA:87,14,0,0
BRDA:87,14,1,0
BRDA:88,15,0,0
BRDA:88,15,1,0
BRDA:93,16,0,0
BRDA:93,16,1,0
BRDA:137,17,0,2
BRDA:137,17,1,6
BRF:36
BRH:15
end_of_record
TN:
SF:src/server/services/llm/providers/gemini.ts
FN:12,(anonymous_0)
FN:27,(anonymous_1)
FN:42,(anonymous_2)
FN:43,(anonymous_3)
FN:69,(anonymous_4)
FN:91,(anonymous_5)
FN:93,(anonymous_6)
FN:102,(anonymous_7)
FN:106,(anonymous_8)
FN:110,(anonymous_9)
FN:140,(anonymous_10)
FN:184,(anonymous_11)
FN:213,(anonymous_12)
FN:275,(anonymous_13)
FN:295,(anonymous_14)
FN:315,(anonymous_15)
FN:319,(anonymous_16)
FN:323,(anonymous_17)
FNF:18
FNH:2
FNDA:3,(anonymous_0)
FNDA:0,(anonymous_1)
FNDA:0,(anonymous_2)
FNDA:0,(anonymous_3)
FNDA:0,(anonymous_4)
FNDA:0,(anonymous_5)
FNDA:0,(anonymous_6)
FNDA:0,(anonymous_7)
FNDA:0,(anonymous_8)
FNDA:0,(anonymous_9)
FNDA:0,(anonymous_10)
FNDA:0,(anonymous_11)
FNDA:0,(anonymous_12)
FNDA:0,(anonymous_13)
FNDA:0,(anonymous_14)
FNDA:0,(anonymous_15)
FNDA:0,(anonymous_16)
FNDA:5,(anonymous_17)
DA:10,3
DA:13,3
DA:14,0
DA:17,3
DA:18,3
DA:19,3
DA:20,3
DA:28,0
DA:29,0
DA:32,0
DA:33,0
DA:36,0
DA:37,0
DA:39,0
DA:40,0
DA:41,0
DA:42,0
DA:43,0
DA:44,0
DA:48,0
DA:53,0
DA:62,0
DA:71,0
DA:81,0
DA:82,0
DA:83,0
DA:86,0
DA:90,0
DA:91,0
DA:93,0
DA:99,0
DA:103,0
DA:107,0
DA:117,0
DA:129,0
DA:140,0
DA:142,0
DA:144,0
DA:145,0
DA:146,0
DA:154,0
DA:155,0
DA:156,0
DA:159,0
DA:160,0
DA:161,0
DA:164,0
DA:166,0
DA:167,0
DA:170,0
DA:171,0
DA:172,0
DA:176,0
DA:181,0
DA:190,0
DA:202,0
DA:213,0
DA:215,0
DA:217,0
DA:219,0
DA:220,0
DA:221,0
DA:229,0
DA:230,0
DA:231,0
DA:234,0
DA:235,0
DA:236,0
DA:240,0
DA:241,0
DA:244,0
DA:245,0
DA:248,0
DA:250,0
DA:253,0
DA:255,0
DA:256,0
DA:263,0
DA:264,0
DA:268,0
DA:272,0
DA:275,0
DA:276,0
DA:279,0
DA:280,0
DA:283,0
DA:284,0
DA:285,0
DA:289,0
DA:290,0
DA:295,0
DA:296,0
DA:300,0
DA:301,0
DA:303,0
DA:309,0
DA:316,0
DA:320,0
DA:325,5
DA:327,5
DA:340,5
DA:341,0
DA:342,0
DA:345,5
DA:346,5
LF:105
LH:11
BRDA:12,0,0,0
BRDA:12,1,0,0
BRDA:13,2,0,0
BRDA:13,2,1,3
BRDA:28,3,0,0
BRDA:28,3,1,0
BRDA:36,4,0,0
BRDA:36,4,1,0
BRDA:40,5,0,0
BRDA:40,5,1,0
BRDA:91,6,0,0
BRDA:91,6,1,0
BRDA:92,7,0,0
BRDA:92,7,1,0
BRDA:99,8,0,0
BRDA:99,8,1,0
BRDA:117,9,0,0
BRDA:117,9,1,0
BRDA:149,10,0,0
BRDA:149,10,1,0
BRDA:156,11,0,0
BRDA:156,11,1,0
BRDA:159,12,0,0
BRDA:159,12,1,0
BRDA:166,13,0,0
BRDA:166,13,1,0
BRDA:167,14,0,0
BRDA:167,14,1,0
BRDA:170,15,0,0
BRDA:170,15,1,0
BRDA:170,16,0,0
BRDA:170,16,1,0
BRDA:170,16,2,0
BRDA:181,17,0,0
BRDA:181,17,1,0
BRDA:187,18,0,0
BRDA:190,19,0,0
BRDA:190,19,1,0
BRDA:231,20,0,0
BRDA:231,20,1,0
BRDA:234,21,0,0
BRDA:234,21,1,0
BRDA:244,22,0,0
BRDA:244,22,1,0
BRDA:244,23,0,0
BRDA:244,23,1,0
BRDA:244,23,2,0
BRDA:250,24,0,0
BRDA:250,24,1,0
BRDA:253,25,0,0
BRDA:253,25,1,0
BRDA:255,26,0,0
BRDA:255,26,1,0
BRDA:279,27,0,0
BRDA:279,27,1,0
BRDA:280,28,0,0
BRDA:280,28,1,0
BRDA:283,29,0,0
BRDA:283,29,1,0
BRDA:283,30,0,0
BRDA:283,30,1,0
BRDA:283,30,2,0
BRDA:289,31,0,0
BRDA:289,31,1,0
BRDA:289,32,0,0
BRDA:289,32,1,0
BRDA:289,32,2,0
BRDA:300,33,0,0
BRDA:300,33,1,0
BRDA:300,34,0,0
BRDA:300,34,1,0
BRDA:311,35,0,0
BRDA:311,35,1,0
BRDA:340,36,0,0
BRDA:340,36,1,5
BRDA:346,37,0,5
BRDA:346,37,1,0
BRF:77
BRH:3
end_of_record
TN:
SF:src/server/services/llm/providers/openai.ts
FN:9,(anonymous_0)
FN:19,(anonymous_1)
FN:23,(anonymous_2)
FN:27,(anonymous_3)
FN:51,(anonymous_4)
FN:106,(anonymous_5)
FN:127,(anonymous_6)
FN:137,(anonymous_7)
FN:141,(anonymous_8)
FN:145,(anonymous_9)
FNF:10
FNH:1
FNDA:1,(anonymous_0)
FNDA:0,(anonymous_1)
FNDA:0,(anonymous_2)
FNDA:0,(anonymous_3)
FNDA:0,(anonymous_4)
FNDA:0,(anonymous_5)
FNDA:0,(anonymous_6)
FNDA:0,(anonymous_7)
FNDA:0,(anonymous_8)
FNDA:0,(anonymous_9)
DA:10,1
DA:11,0
DA:14,1
DA:15,1
DA:16,1
DA:20,0
DA:24,0
DA:33,0
DA:35,0
DA:36,0
DA:39,0
DA:41,0
DA:48,0
DA:56,0
DA:58,0
DA:59,0
DA:62,0
DA:64,0
DA:66,0
DA:67,0
DA:68,0
DA:75,0
DA:78,0
DA:79,0
DA:82,0
DA:83,0
DA:86,0
DA:88,0
DA:91,0
DA:92,0
DA:100,0
DA:103,0
DA:106,0
DA:107,0
DA:110,0
DA:111,0
DA:114,0
DA:115,0
DA:119,0
DA:120,0
DA:127,0
DA:131,0
DA:138,0
DA:142,0
DA:146,0
DA:151,0
LF:46
LH:4
BRDA:9,0,0,0
BRDA:9,1,0,0
BRDA:10,2,0,0
BRDA:10,2,1,1
BRDA:35,3,0,0
BRDA:35,3,1,0
BRDA:44,4,0,0
BRDA:44,4,1,0
BRDA:48,5,0,0
BRDA:48,5,1,0
BRDA:54,6,0,0
BRDA:58,7,0,0
BRDA:58,7,1,0
BRDA:75,8,0,0
BRDA:75,8,1,0
BRDA:82,9,0,0
BRDA:82,9,1,0
BRDA:82,10,0,0
BRDA:82,10,1,0
BRDA:82,10,2,0
BRDA:88,11,0,0
BRDA:88,11,1,0
BRDA:91,12,0,0
BRDA:91,12,1,0
BRDA:110,13,0,0
BRDA:110,13,1,0
BRDA:114,14,0,0
BRDA:114,14,1,0
BRDA:114,15,0,0
BRDA:114,15,1,0
BRDA:119,16,0,0
BRDA:119,16,1,0
BRDA:133,17,0,0
BRDA:133,17,1,0
BRDA:151,18,0,0
BRDA:151,18,1,0
BRF:36
BRH:1
end_of_record
TN:
SF:src/test/polyfills.ts
FN:20,(anonymous_0)
FN:23,(anonymous_1)
FNF:2
FNH:0
FNDA:0,(anonymous_0)
FNDA:0,(anonymous_1)
DA:11,0
DA:12,0
DA:14,0
DA:15,0
DA:19,0
DA:20,0
DA:21,0
DA:23,0
DA:24,0
LF:9
LH:0
BRDA:11,0,0,0
BRDA:11,0,1,0
BRDA:14,1,0,0
BRDA:14,1,1,0
BRDA:19,2,0,0
BRDA:19,2,1,0
BRF:6
BRH:0
end_of_record
TN:
SF:src/test/setup.ts
FN:41,(anonymous_0)
FN:43,(anonymous_1)
FN:46,(anonymous_2)
FN:49,(anonymous_3)
FN:13,(anonymous_4)
FN:14,(anonymous_5)
FN:15,(anonymous_6)
FN:16,(anonymous_7)
FN:17,(anonymous_8)
FNF:9
FNH:0
FNDA:0,(anonymous_0)
FNDA:0,(anonymous_1)
FNDA:0,(anonymous_2)
FNDA:0,(anonymous_3)
FNDA:0,(anonymous_4)
FNDA:0,(anonymous_5)
FNDA:0,(anonymous_6)
FNDA:0,(anonymous_7)
FNDA:0,(anonymous_8)
DA:6,0
DA:7,0
DA:10,0
DA:12,0
DA:13,0
DA:24,0
DA:26,0
DA:28,0
DA:35,0
DA:36,0
DA:41,0
DA:47,0
DA:50,0
DA:53,0
DA:54,0
LF:15
LH:0
BRDA:10,0,0,0
BRDA:10,0,1,0
BRDA:35,1,0,0
BRDA:35,1,1,0
BRF:4
BRH:0
end_of_record
TN:
SF:src/test/mocks/config-loader.ts
FN:20,(anonymous_0)
FN:26,(anonymous_1)
FN:30,(anonymous_2)
FN:34,(anonymous_3)
FN:38,(anonymous_4)
FN:42,(anonymous_5)
FN:49,(anonymous_6)
FN:53,(anonymous_7)
FN:57,(anonymous_8)
FN:61,(anonymous_9)
FN:65,(anonymous_10)
FN:70,(anonymous_11)
FN:75,(anonymous_12)
FNF:13
FNH:5
FNDA:26,(anonymous_0)
FNDA:25,(anonymous_1)
FNDA:0,(anonymous_2)
FNDA:0,(anonymous_3)
FNDA:0,(anonymous_4)
FNDA:22,(anonymous_5)
FNDA:0,(anonymous_6)
FNDA:0,(anonymous_7)
FNDA:0,(anonymous_8)
FNDA:0,(anonymous_9)
FNDA:25,(anonymous_10)
FNDA:27,(anonymous_11)
FNDA:0,(anonymous_12)
DA:22,26
DA:23,26
DA:24,26
DA:27,25
DA:31,0
DA:35,0
DA:39,0
DA:43,22
DA:44,22
DA:46,0
DA:50,0
DA:54,0
DA:58,0
DA:72,27
DA:80,0
LF:15
LH:7
BRDA:43,0,0,22
BRDA:43,0,1,0
BRDA:44,1,0,22
BRDA:44,1,1,0
BRDA:46,2,0,0
BRDA:46,2,1,0
BRDA:72,3,0,27
BRDA:72,3,1,0
BRF:8
BRH:3
end_of_record
TN:
SF:src/test/mocks/llm-client.ts
FN:17,(anonymous_0)
FN:38,(anonymous_1)
FN:47,(anonymous_2)
FN:61,(anonymous_3)
FN:68,(anonymous_4)
FN:75,(anonymous_5)
FN:82,(anonymous_6)
FN:89,(anonymous_7)
FN:97,(anonymous_8)
FN:109,(anonymous_9)
FN:131,(anonymous_10)
FN:147,(anonymous_11)
FN:165,(anonymous_12)
FN:178,(anonymous_13)
FN:182,(anonymous_14)
FN:186,(anonymous_15)
FN:194,(anonymous_16)
FN:210,createMockLLMClient
FNF:18
FNH:7
FNDA:26,(anonymous_0)
FNDA:25,(anonymous_1)
FNDA:0,(anonymous_2)
FNDA:0,(anonymous_3)
FNDA:0,(anonymous_4)
FNDA:0,(anonymous_5)
FNDA:0,(anonymous_6)
FNDA:0,(anonymous_7)
FNDA:0,(anonymous_8)
FNDA:3,(anonymous_9)
FNDA:22,(anonymous_10)
FNDA:0,(anonymous_11)
FNDA:3,(anonymous_12)
FNDA:23,(anonymous_13)
FNDA:23,(anonymous_14)
FNDA:0,(anonymous_15)
FNDA:0,(anonymous_16)
FNDA:0,createMockLLMClient
DA:29,26
DA:30,26
DA:31,26
DA:32,26
DA:41,25
DA:55,0
DA:62,0
DA:69,0
DA:76,0
DA:83,0
DA:90,0
DA:91,0
DA:98,0
DA:99,0
DA:100,0
DA:101,0
DA:102,0
DA:111,3
DA:112,3
DA:113,86
DA:114,86
DA:115,86
DA:120,3
DA:121,3
DA:123,4608
DA:125,4608
DA:126,4608
DA:128,3
DA:135,22
DA:136,0
DA:139,22
DA:140,22
DA:144,0
DA:153,0
DA:154,0
DA:157,0
DA:158,0
DA:162,0
DA:166,3
DA:167,0
DA:170,3
DA:171,0
DA:175,3
DA:179,23
DA:183,23
DA:187,0
DA:195,0
DA:211,0
LF:48
LH:24
BRDA:135,0,0,0
BRDA:135,0,1,22
BRDA:136,1,0,0
BRDA:136,1,1,0
BRDA:139,2,0,22
BRDA:139,2,1,0
BRDA:153,3,0,0
BRDA:153,3,1,0
BRDA:154,4,0,0
BRDA:154,4,1,0
BRDA:157,5,0,0
BRDA:157,5,1,0
BRDA:166,6,0,0
BRDA:166,6,1,3
BRDA:167,7,0,0
BRDA:167,7,1,0
BRDA:170,8,0,0
BRDA:170,8,1,3
BRF:18
BRH:4
end_of_record
TN:
SF:src/test/utils/components.tsx
FN:45,(anonymous_0)
FN:50,(anonymous_1)
FN:66,(anonymous_2)
FN:78,(anonymous_3)
FN:89,(anonymous_4)
FN:102,(anonymous_5)
FN:111,(anonymous_6)
FN:120,(anonymous_7)
FN:135,createMockElectronAPI
FN:283,getMockElectronAPI
FN:294,resetMockElectronAPI
FN:309,ComponentTestWrapper
FNF:12
FNH:0
FNDA:0,(anonymous_0)
FNDA:0,(anonymous_1)
FNDA:0,(anonymous_2)
FNDA:0,(anonymous_3)
FNDA:0,(anonymous_4)
FNDA:0,(anonymous_5)
FNDA:0,(anonymous_6)
FNDA:0,(anonymous_7)
FNDA:0,createMockElectronAPI
FNDA:0,getMockElectronAPI
FNDA:0,resetMockElectronAPI
FNDA:0,ComponentTestWrapper
DA:45,0
DA:50,0
DA:66,0
DA:78,0
DA:89,0
DA:102,0
DA:111,0
DA:120,0
DA:136,0
DA:277,0
DA:284,0
DA:285,0
DA:287,0
DA:295,0
DA:298,0
DA:299,0
DA:301,0
DA:311,0
DA:312,0
DA:314,0
DA:317,0
DA:321,0
LF:22
LH:0
BRDA:284,0,0,0
BRDA:284,0,1,0
BRDA:298,1,0,0
BRDA:298,1,1,0
BRDA:311,2,0,0
BRDA:311,2,1,0
BRF:6
BRH:0
end_of_record
TN:
SF:src/test/utils/db.ts
FN:25,createTestDb
FN:46,migrateTestDb
FN:204,(anonymous_2)
FN:205,(anonymous_3)
FN:217,(anonymous_4)
FN:217,(anonymous_5)
FN:236,cleanupTestData
FN:265,getTableCount
FN:290,closeTestDb
FNF:9
FNH:6
FNDA:35,createTestDb
FNDA:35,migrateTestDb
FNDA:1120,(anonymous_2)
FNDA:1120,(anonymous_3)
FNDA:385,(anonymous_4)
FNDA:385,(anonymous_5)
FNDA:0,cleanupTestData
FNDA:0,getTableCount
FNDA:0,closeTestDb
DA:27,35
DA:28,35
DA:29,35
DA:48,35
DA:50,35
DA:51,0
DA:55,35
DA:202,35
DA:204,1120
DA:205,1120
DA:207,35
DA:208,1085
DA:209,1085
DA:211,0
DA:216,35
DA:217,385
DA:218,35
DA:219,0
DA:238,0
DA:239,0
DA:240,0
DA:241,0
DA:242,0
DA:243,0
DA:244,0
DA:245,0
DA:246,0
DA:247,0
DA:248,0
DA:269,0
DA:270,0
DA:271,0
DA:273,0
DA:274,0
DA:291,0
DA:292,0
DA:293,0
LF:37
LH:15
BRDA:50,0,0,0
BRDA:50,0,1,35
BRDA:218,1,0,0
BRDA:218,1,1,35
BRDA:270,2,0,0
BRDA:270,2,1,0
BRDA:292,3,0,0
BRDA:292,3,1,0
BRDA:292,4,0,0
BRDA:292,4,1,0
BRF:10
BRH:2
end_of_record
TN:
SF:src/test/utils/dependencies.ts
FN:28,createMockLLMClientForDeps
FN:45,createMockConfigLoaderForDeps
FN:68,createTestDependencies
FN:97,createTestDependenciesSync
FNF:4
FNH:0
FNDA:0,createMockLLMClientForDeps
FNDA:0,createMockConfigLoaderForDeps
FNDA:0,createTestDependencies
FNDA:0,createTestDependenciesSync
DA:29,0
DA:30,0
DA:46,0
DA:47,0
DA:72,0
DA:73,0
DA:75,0
DA:101,0
LF:8
LH:0
BRDA:76,0,0,0
BRDA:76,0,1,0
BRDA:77,1,0,0
BRDA:77,1,1,0
BRDA:78,2,0,0
BRDA:78,2,1,0
BRDA:102,3,0,0
BRDA:102,3,1,0
BRDA:103,4,0,0
BRDA:103,4,1,0
BRDA:104,5,0,0
BRDA:104,5,1,0
BRF:12
BRH:0
end_of_record
TN:
SF:src/test/utils/factories.ts
FN:44,createTestConcept
FN:68,createTestLinkName
FN:88,createTestLink
FN:107,createTestOffer
FN:125,createTestCapsule
FN:146,createTestAnchor
FN:169,createTestRepurposedContent
FN:189,createTestMRUConcept
FN:206,createTestChatSession
FN:225,createTestChatMessage
FN:246,createTestEmbedding
FN:267,createDeterministicEmbedding
FNF:12
FNH:3
FNDA:40,createTestConcept
FNDA:0,createTestLinkName
FNDA:0,createTestLink
FNDA:0,createTestOffer
FNDA:0,createTestCapsule
FNDA:0,createTestAnchor
FNDA:0,createTestRepurposedContent
FNDA:0,createTestMRUConcept
FNDA:0,createTestChatSession
FNDA:0,createTestChatMessage
FNDA:23,createTestEmbedding
FNDA:51,createDeterministicEmbedding
DA:45,40
DA:69,0
DA:89,0
DA:90,0
DA:108,0
DA:126,0
DA:147,0
DA:148,0
DA:170,0
DA:171,0
DA:190,0
DA:191,0
DA:207,0
DA:208,0
DA:226,0
DA:227,0
DA:247,23
DA:248,23
DA:269,51
DA:270,51
DA:271,448
DA:272,448
DA:273,448
DA:277,51
DA:278,51
DA:280,78336
DA:282,78336
DA:283,78336
DA:287,51
DA:288,51
LF:30
LH:15
BRDA:267,0,0,51
BRF:1
BRH:1
end_of_record
TN:
SF:src/test/utils/integration.ts
FN:34,setupIntegrationTest
FN:53,(anonymous_1)
FN:71,createTestApp
FN:73,(anonymous_3)
FN:81,(anonymous_4)
FNF:5
FNH:0
FNDA:0,setupIntegrationTest
FNDA:0,(anonymous_1)
FNDA:0,createTestApp
FNDA:0,(anonymous_3)
FNDA:0,(anonymous_4)
DA:40,0
DA:43,0
DA:46,0
DA:50,0
DA:54,0
DA:72,0
DA:74,0
DA:75,0
DA:77,0
DA:81,0
LF:10
LH:0
BRDA:74,0,0,0
BRDA:74,0,1,0
BRF:2
BRH:0
end_of_record
TN:
SF:src/test/utils/ipc.ts
FN:40,setupIPCTest
FN:52,(anonymous_1)
FN:72,createMockIpcEvent
FN:97,invokeHandler
FN:124,registerHandlersForTesting
FN:144,setGlobalTestDb
FNF:6
FNH:0
FNDA:0,setupIPCTest
FNDA:0,(anonymous_1)
FNDA:0,createMockIpcEvent
FNDA:0,invokeHandler
FNDA:0,registerHandlersForTesting
FNDA:0,setGlobalTestDb
DA:44,0
DA:45,0
DA:48,0
DA:50,0
DA:54,0
DA:73,0
DA:101,0
DA:104,0
DA:105,0
DA:106,0
DA:109,0
DA:110,0
DA:126,0
DA:127,0
DA:145,0
LF:15
LH:0
BRDA:105,0,0,0
BRDA:105,0,1,0
BRF:2
BRH:0
end_of_record
